[0.023s] Invoking command in '/home/dev/ros2_ws/build/turtlebot3_node': CMAKE_PREFIX_PATH=${CMAKE_PREFIX_PATH}:/home/dev/ros2_ws/install/turtlebot3_teleop:/home/dev/ros2_ws/install/turtlebot3_example:/home/dev/ros2_ws/install/f7_udp:/opt/ros/humble /usr/bin/cmake /home/dev/ros2_ws/src/turtlebot3/turtlebot3_node -DCMAKE_BUILD_TYPE=Release -DAMENT_CMAKE_SYMLINK_INSTALL=1 -DCMAKE_INSTALL_PREFIX=/home/dev/ros2_ws/install/turtlebot3_node
[0.286s] -- Found ament_cmake: 1.3.10 (/opt/ros/humble/share/ament_cmake/cmake)
[0.286s] -- Override CMake install command with custom implementation using symlinks instead of copying resources
[0.287s] -- Found dynamixel_sdk: 3.7.60 (/opt/ros/humble/share/dynamixel_sdk/cmake)
[0.287s] -- Found geometry_msgs: 4.2.4 (/opt/ros/humble/share/geometry_msgs/cmake)
[0.287s] -- Found rosidl_generator_c: 3.1.5 (/opt/ros/humble/share/rosidl_generator_c/cmake)
[0.287s] -- Found rosidl_adapter: 3.1.5 (/opt/ros/humble/share/rosidl_adapter/cmake)
[0.287s] -- Found rosidl_generator_cpp: 3.1.5 (/opt/ros/humble/share/rosidl_generator_cpp/cmake)
[0.287s] -- Using all available rosidl_typesupport_c: rosidl_typesupport_fastrtps_c;rosidl_typesupport_introspection_c
[0.287s] -- Using all available rosidl_typesupport_cpp: rosidl_typesupport_fastrtps_cpp;rosidl_typesupport_introspection_cpp
[0.287s] -- Found message_filters: 4.3.5 (/opt/ros/humble/share/message_filters/cmake)
[0.287s] -- Found rmw_implementation_cmake: 6.1.2 (/opt/ros/humble/share/rmw_implementation_cmake/cmake)
[0.287s] -- Found rmw_fastrtps_cpp: 6.2.7 (/opt/ros/humble/share/rmw_fastrtps_cpp/cmake)
[0.351s] -- Using RMW implementation 'rmw_fastrtps_cpp' as default
[0.397s] -- Found nav_msgs: 4.2.4 (/opt/ros/humble/share/nav_msgs/cmake)
[0.412s] -- Found sensor_msgs: 4.2.4 (/opt/ros/humble/share/sensor_msgs/cmake)
[0.433s] -- Found std_srvs: 4.2.4 (/opt/ros/humble/share/std_srvs/cmake)
[0.444s] -- Found tf2: 0.25.8 (/opt/ros/humble/share/tf2/cmake)
[0.448s] -- Found tf2_ros: 0.25.8 (/opt/ros/humble/share/tf2_ros/cmake)
[0.546s] -- Found turtlebot3_msgs: 2.2.3 (/opt/ros/humble/share/turtlebot3_msgs/cmake)
[0.654s] -- Configuring done
[0.672s] -- Generating done
[0.673s] -- Build files have been written to: /home/dev/ros2_ws/build/turtlebot3_node
[0.682s] Invoked command in '/home/dev/ros2_ws/build/turtlebot3_node' returned '0': CMAKE_PREFIX_PATH=${CMAKE_PREFIX_PATH}:/home/dev/ros2_ws/install/turtlebot3_teleop:/home/dev/ros2_ws/install/turtlebot3_example:/home/dev/ros2_ws/install/f7_udp:/opt/ros/humble /usr/bin/cmake /home/dev/ros2_ws/src/turtlebot3/turtlebot3_node -DCMAKE_BUILD_TYPE=Release -DAMENT_CMAKE_SYMLINK_INSTALL=1 -DCMAKE_INSTALL_PREFIX=/home/dev/ros2_ws/install/turtlebot3_node
[0.683s] Invoking command in '/home/dev/ros2_ws/build/turtlebot3_node': CMAKE_PREFIX_PATH=${CMAKE_PREFIX_PATH}:/home/dev/ros2_ws/install/turtlebot3_teleop:/home/dev/ros2_ws/install/turtlebot3_example:/home/dev/ros2_ws/install/f7_udp:/opt/ros/humble /usr/bin/cmake --build /home/dev/ros2_ws/build/turtlebot3_node -- -j12 -l12
[0.727s] [35m[1mConsolidate compiler generated dependencies of target turtlebot3_node_lib[0m
[0.753s] [  7%] [32mBuilding CXX object CMakeFiles/turtlebot3_node_lib.dir/src/devices/reset.cpp.o[0m
[0.753s] [ 14%] [32mBuilding CXX object CMakeFiles/turtlebot3_node_lib.dir/src/devices/motor_power.cpp.o[0m
[0.753s] [ 21%] [32mBuilding CXX object CMakeFiles/turtlebot3_node_lib.dir/src/devices/sound.cpp.o[0m
[0.753s] [ 28%] [32mBuilding CXX object CMakeFiles/turtlebot3_node_lib.dir/src/odometry.cpp.o[0m
[0.753s] [ 42%] [32mBuilding CXX object CMakeFiles/turtlebot3_node_lib.dir/src/dynamixel_sdk_wrapper.cpp.o[0m
[0.753s] [ 42%] [32mBuilding CXX object CMakeFiles/turtlebot3_node_lib.dir/src/diff_drive_controller.cpp.o[0m
[0.756s] [ 50%] [32mBuilding CXX object CMakeFiles/turtlebot3_node_lib.dir/src/sensors/battery_state.cpp.o[0m
[0.756s] [ 57%] [32mBuilding CXX object CMakeFiles/turtlebot3_node_lib.dir/src/turtlebot3.cpp.o[0m
[0.756s] [ 64%] [32mBuilding CXX object CMakeFiles/turtlebot3_node_lib.dir/src/sensors/imu.cpp.o[0m
[0.760s] [ 71%] [32mBuilding CXX object CMakeFiles/turtlebot3_node_lib.dir/src/sensors/joint_state.cpp.o[0m
[0.770s] [ 78%] [32mBuilding CXX object CMakeFiles/turtlebot3_node_lib.dir/src/sensors/sensor_state.cpp.o[0m
[20.113s] [ 85%] [32m[1mLinking CXX static library libturtlebot3_node_lib.a[0m
[20.191s] [ 85%] Built target turtlebot3_node_lib
[20.200s] [35m[1mConsolidate compiler generated dependencies of target turtlebot3_ros[0m
[20.221s] [ 92%] [32mBuilding CXX object CMakeFiles/turtlebot3_ros.dir/src/node_main.cpp.o[0m
[22.728s] [100%] [32m[1mLinking CXX executable turtlebot3_ros[0m
[22.977s] [100%] Built target turtlebot3_ros
[22.986s] Invoked command in '/home/dev/ros2_ws/build/turtlebot3_node' returned '0': CMAKE_PREFIX_PATH=${CMAKE_PREFIX_PATH}:/home/dev/ros2_ws/install/turtlebot3_teleop:/home/dev/ros2_ws/install/turtlebot3_example:/home/dev/ros2_ws/install/f7_udp:/opt/ros/humble /usr/bin/cmake --build /home/dev/ros2_ws/build/turtlebot3_node -- -j12 -l12
[23.031s] Invoking command in '/home/dev/ros2_ws/build/turtlebot3_node': CMAKE_PREFIX_PATH=${CMAKE_PREFIX_PATH}:/home/dev/ros2_ws/install/turtlebot3_teleop:/home/dev/ros2_ws/install/turtlebot3_example:/home/dev/ros2_ws/install/f7_udp:/opt/ros/humble /usr/bin/cmake --install /home/dev/ros2_ws/build/turtlebot3_node
[23.037s] -- Install configuration: "Release"
[23.038s] -- Execute custom install script
[23.039s] -- Up-to-date symlink: /home/dev/ros2_ws/install/turtlebot3_node/share/turtlebot3_node/param/burger.yaml
[23.039s] -- Up-to-date symlink: /home/dev/ros2_ws/install/turtlebot3_node/share/turtlebot3_node/param/waffle.yaml
[23.039s] -- Up-to-date symlink: /home/dev/ros2_ws/install/turtlebot3_node/share/turtlebot3_node/param/waffle_pi.yaml
[23.040s] -- Up-to-date symlink: /home/dev/ros2_ws/install/turtlebot3_node/lib/turtlebot3_node/turtlebot3_ros
[23.040s] -- Up-to-date symlink: /home/dev/ros2_ws/install/turtlebot3_node/share/ament_index/resource_index/package_run_dependencies/turtlebot3_node
[23.040s] -- Up-to-date symlink: /home/dev/ros2_ws/install/turtlebot3_node/share/ament_index/resource_index/parent_prefix_path/turtlebot3_node
[23.041s] -- Up-to-date symlink: /home/dev/ros2_ws/install/turtlebot3_node/share/turtlebot3_node/environment/ament_prefix_path.sh
[23.041s] -- Up-to-date symlink: /home/dev/ros2_ws/install/turtlebot3_node/share/turtlebot3_node/environment/ament_prefix_path.dsv
[23.041s] -- Up-to-date symlink: /home/dev/ros2_ws/install/turtlebot3_node/share/turtlebot3_node/environment/path.sh
[23.041s] -- Up-to-date symlink: /home/dev/ros2_ws/install/turtlebot3_node/share/turtlebot3_node/environment/path.dsv
[23.042s] -- Up-to-date symlink: /home/dev/ros2_ws/install/turtlebot3_node/share/turtlebot3_node/local_setup.bash
[23.042s] -- Up-to-date symlink: /home/dev/ros2_ws/install/turtlebot3_node/share/turtlebot3_node/local_setup.sh
[23.042s] -- Up-to-date symlink: /home/dev/ros2_ws/install/turtlebot3_node/share/turtlebot3_node/local_setup.zsh
[23.042s] -- Up-to-date symlink: /home/dev/ros2_ws/install/turtlebot3_node/share/turtlebot3_node/local_setup.dsv
[23.042s] -- Symlinking: /home/dev/ros2_ws/install/turtlebot3_node/share/turtlebot3_node/package.dsv
[23.050s] -- Up-to-date symlink: /home/dev/ros2_ws/install/turtlebot3_node/share/ament_index/resource_index/packages/turtlebot3_node
[23.050s] -- Up-to-date symlink: /home/dev/ros2_ws/install/turtlebot3_node/share/turtlebot3_node/cmake/ament_cmake_export_include_directories-extras.cmake
[23.050s] -- Up-to-date symlink: /home/dev/ros2_ws/install/turtlebot3_node/share/turtlebot3_node/cmake/turtlebot3_nodeConfig.cmake
[23.050s] -- Up-to-date symlink: /home/dev/ros2_ws/install/turtlebot3_node/share/turtlebot3_node/cmake/turtlebot3_nodeConfig-version.cmake
[23.050s] -- Up-to-date symlink: /home/dev/ros2_ws/install/turtlebot3_node/share/turtlebot3_node/package.xml
[23.052s] Invoked command in '/home/dev/ros2_ws/build/turtlebot3_node' returned '0': CMAKE_PREFIX_PATH=${CMAKE_PREFIX_PATH}:/home/dev/ros2_ws/install/turtlebot3_teleop:/home/dev/ros2_ws/install/turtlebot3_example:/home/dev/ros2_ws/install/f7_udp:/opt/ros/humble /usr/bin/cmake --install /home/dev/ros2_ws/build/turtlebot3_node
