[1.233s] Invoking command in '/home/dev/ros2_ws/build/f7_udp': PYTHONPATH=/home/dev/ros2_ws/build/f7_udp/prefix_override:/usr/lib/python3/dist-packages/colcon_core/task/python/colcon_distutils_commands:/home/dev/ros2_ws/install/f7_udp/lib/python3.10/site-packages:${PYTHONPATH} /usr/bin/python3 -W ignore:setup.py install is deprecated setup.py develop --editable --build-directory /home/dev/ros2_ws/build/f7_udp/build --no-deps symlink_data --force
[1.753s] running develop
[2.229s] running egg_info
[2.229s] writing f7_udp.egg-info/PKG-INFO
[2.229s] writing dependency_links to f7_udp.egg-info/dependency_links.txt
[2.230s] writing entry points to f7_udp.egg-info/entry_points.txt
[2.230s] writing requirements to f7_udp.egg-info/requires.txt
[2.230s] writing top-level names to f7_udp.egg-info/top_level.txt
[2.237s] reading manifest file 'f7_udp.egg-info/SOURCES.txt'
[2.239s] writing manifest file 'f7_udp.egg-info/SOURCES.txt'
[2.250s] running build_ext
[2.250s] Creating /home/dev/ros2_ws/install/f7_udp/lib/python3.10/site-packages/f7-udp.egg-link (link to .)
[2.251s] Installing 4_omni script to /home/dev/ros2_ws/install/f7_udp/lib/f7_udp
[2.252s] Installing cr24_gui script to /home/dev/ros2_ws/install/f7_udp/lib/f7_udp
[2.252s] Installing cr24_main script to /home/dev/ros2_ws/install/f7_udp/lib/f7_udp
[2.252s] Installing cr24_main_apk script to /home/dev/ros2_ws/install/f7_udp/lib/f7_udp
[2.261s] Installing cr24_main_manual script to /home/dev/ros2_ws/install/f7_udp/lib/f7_udp
[2.261s] Installing cr24_main_manual2 script to /home/dev/ros2_ws/install/f7_udp/lib/f7_udp
[2.262s] Installing cr24_manual2_apk script to /home/dev/ros2_ws/install/f7_udp/lib/f7_udp
[2.262s] Installing cr24_pos script to /home/dev/ros2_ws/install/f7_udp/lib/f7_udp
[2.262s] Installing cr24_test script to /home/dev/ros2_ws/install/f7_udp/lib/f7_udp
[2.262s] Installing cr24_wlcam script to /home/dev/ros2_ws/install/f7_udp/lib/f7_udp
[2.262s] Installing listener script to /home/dev/ros2_ws/install/f7_udp/lib/f7_udp
[2.262s] Installing nr25_omni script to /home/dev/ros2_ws/install/f7_udp/lib/f7_udp
[2.262s] Installing setoshio script to /home/dev/ros2_ws/install/f7_udp/lib/f7_udp
[2.262s] Installing setoshio_gui script to /home/dev/ros2_ws/install/f7_udp/lib/f7_udp
[2.262s] 
[2.262s] Installed /home/dev/ros2_ws/build/f7_udp
[2.267s] running symlink_data
[2.267s] symbolically linking /home/dev/ros2_ws/build/f7_udp/resource/f7_udp -> /home/dev/ros2_ws/install/f7_udp/share/ament_index/resource_index/packages
[2.267s] symbolically linking /home/dev/ros2_ws/build/f7_udp/package.xml -> /home/dev/ros2_ws/install/f7_udp/share/f7_udp
[2.363s] Invoked command in '/home/dev/ros2_ws/build/f7_udp' returned '0': PYTHONPATH=/home/dev/ros2_ws/build/f7_udp/prefix_override:/usr/lib/python3/dist-packages/colcon_core/task/python/colcon_distutils_commands:/home/dev/ros2_ws/install/f7_udp/lib/python3.10/site-packages:${PYTHONPATH} /usr/bin/python3 -W ignore:setup.py install is deprecated setup.py develop --editable --build-directory /home/dev/ros2_ws/build/f7_udp/build --no-deps symlink_data --force
