[0.015s] Invoking command in '/home/dev/ros2_ws/build/ldlidar': CMAKE_PREFIX_PATH=/home/dev/ros2_ws/install/ldlidar_node:/home/dev/ros2_ws/install/ldlidar_component:/home/dev/ros2_ws/install/turtlebot3:/home/dev/ros2_ws/install/turtlebot3_bringup:/home/dev/ros2_ws/install/turtlebot3_node:/home/dev/ros2_ws/install/turtlebot3_navigation2:/home/dev/ros2_ws/install/turtlebot3_description:/home/dev/ros2_ws/install/turtlebot3_cartographer:/home/dev/ros2_ws/install/ldlidar:/home/dev/ros2_ws/install/turtlebot3_teleop:/home/dev/ros2_ws/install/turtlebot3_example:/opt/ros/humble /usr/bin/cmake /home/dev/ros2_ws/src/ldrobot-lidar-ros2/ldlidar -DCMAKE_INSTALL_PREFIX=/home/dev/ros2_ws/install/ldlidar
[0.026s] -- Found ament_cmake: 1.3.10 (/opt/ros/humble/share/ament_cmake/cmake)
[0.165s] -- Override CMake install command with custom implementation using symlinks instead of copying resources
[0.230s] -- Configuring done
[0.232s] -- Generating done
[0.233s] -- Build files have been written to: /home/dev/ros2_ws/build/ldlidar
[0.237s] Invoked command in '/home/dev/ros2_ws/build/ldlidar' returned '0': CMAKE_PREFIX_PATH=/home/dev/ros2_ws/install/ldlidar_node:/home/dev/ros2_ws/install/ldlidar_component:/home/dev/ros2_ws/install/turtlebot3:/home/dev/ros2_ws/install/turtlebot3_bringup:/home/dev/ros2_ws/install/turtlebot3_node:/home/dev/ros2_ws/install/turtlebot3_navigation2:/home/dev/ros2_ws/install/turtlebot3_description:/home/dev/ros2_ws/install/turtlebot3_cartographer:/home/dev/ros2_ws/install/ldlidar:/home/dev/ros2_ws/install/turtlebot3_teleop:/home/dev/ros2_ws/install/turtlebot3_example:/opt/ros/humble /usr/bin/cmake /home/dev/ros2_ws/src/ldrobot-lidar-ros2/ldlidar -DCMAKE_INSTALL_PREFIX=/home/dev/ros2_ws/install/ldlidar
[0.238s] Invoking command in '/home/dev/ros2_ws/build/ldlidar': CMAKE_PREFIX_PATH=/home/dev/ros2_ws/install/ldlidar_node:/home/dev/ros2_ws/install/ldlidar_component:/home/dev/ros2_ws/install/turtlebot3:/home/dev/ros2_ws/install/turtlebot3_bringup:/home/dev/ros2_ws/install/turtlebot3_node:/home/dev/ros2_ws/install/turtlebot3_navigation2:/home/dev/ros2_ws/install/turtlebot3_description:/home/dev/ros2_ws/install/turtlebot3_cartographer:/home/dev/ros2_ws/install/ldlidar:/home/dev/ros2_ws/install/turtlebot3_teleop:/home/dev/ros2_ws/install/turtlebot3_example:/opt/ros/humble /usr/bin/cmake --build /home/dev/ros2_ws/build/ldlidar -- -j12 -l12
[0.275s] Invoked command in '/home/dev/ros2_ws/build/ldlidar' returned '0': CMAKE_PREFIX_PATH=/home/dev/ros2_ws/install/ldlidar_node:/home/dev/ros2_ws/install/ldlidar_component:/home/dev/ros2_ws/install/turtlebot3:/home/dev/ros2_ws/install/turtlebot3_bringup:/home/dev/ros2_ws/install/turtlebot3_node:/home/dev/ros2_ws/install/turtlebot3_navigation2:/home/dev/ros2_ws/install/turtlebot3_description:/home/dev/ros2_ws/install/turtlebot3_cartographer:/home/dev/ros2_ws/install/ldlidar:/home/dev/ros2_ws/install/turtlebot3_teleop:/home/dev/ros2_ws/install/turtlebot3_example:/opt/ros/humble /usr/bin/cmake --build /home/dev/ros2_ws/build/ldlidar -- -j12 -l12
[0.300s] Invoking command in '/home/dev/ros2_ws/build/ldlidar': CMAKE_PREFIX_PATH=/home/dev/ros2_ws/install/ldlidar_node:/home/dev/ros2_ws/install/ldlidar_component:/home/dev/ros2_ws/install/turtlebot3:/home/dev/ros2_ws/install/turtlebot3_bringup:/home/dev/ros2_ws/install/turtlebot3_node:/home/dev/ros2_ws/install/turtlebot3_navigation2:/home/dev/ros2_ws/install/turtlebot3_description:/home/dev/ros2_ws/install/turtlebot3_cartographer:/home/dev/ros2_ws/install/ldlidar:/home/dev/ros2_ws/install/turtlebot3_teleop:/home/dev/ros2_ws/install/turtlebot3_example:/opt/ros/humble /usr/bin/cmake --install /home/dev/ros2_ws/build/ldlidar
[0.307s] -- Install configuration: "Release"
[0.308s] -- Execute custom install script
[0.308s] -- Up-to-date symlink: /home/dev/ros2_ws/install/ldlidar/share/ament_index/resource_index/package_run_dependencies/ldlidar
[0.308s] -- Up-to-date symlink: /home/dev/ros2_ws/install/ldlidar/share/ament_index/resource_index/parent_prefix_path/ldlidar
[0.308s] -- Up-to-date symlink: /home/dev/ros2_ws/install/ldlidar/share/ldlidar/environment/ament_prefix_path.sh
[0.308s] -- Up-to-date symlink: /home/dev/ros2_ws/install/ldlidar/share/ldlidar/environment/ament_prefix_path.dsv
[0.308s] -- Up-to-date symlink: /home/dev/ros2_ws/install/ldlidar/share/ldlidar/environment/path.sh
[0.309s] -- Up-to-date symlink: /home/dev/ros2_ws/install/ldlidar/share/ldlidar/environment/path.dsv
[0.309s] -- Up-to-date symlink: /home/dev/ros2_ws/install/ldlidar/share/ldlidar/local_setup.bash
[0.309s] -- Up-to-date symlink: /home/dev/ros2_ws/install/ldlidar/share/ldlidar/local_setup.sh
[0.309s] -- Up-to-date symlink: /home/dev/ros2_ws/install/ldlidar/share/ldlidar/local_setup.zsh
[0.309s] -- Up-to-date symlink: /home/dev/ros2_ws/install/ldlidar/share/ldlidar/local_setup.dsv
[0.309s] -- Symlinking: /home/dev/ros2_ws/install/ldlidar/share/ldlidar/package.dsv
[0.318s] -- Up-to-date symlink: /home/dev/ros2_ws/install/ldlidar/share/ament_index/resource_index/packages/ldlidar
[0.318s] -- Up-to-date symlink: /home/dev/ros2_ws/install/ldlidar/share/ldlidar/cmake/ldlidarConfig.cmake
[0.318s] -- Up-to-date symlink: /home/dev/ros2_ws/install/ldlidar/share/ldlidar/cmake/ldlidarConfig-version.cmake
[0.318s] -- Up-to-date symlink: /home/dev/ros2_ws/install/ldlidar/share/ldlidar/package.xml
[0.320s] Invoked command in '/home/dev/ros2_ws/build/ldlidar' returned '0': CMAKE_PREFIX_PATH=/home/dev/ros2_ws/install/ldlidar_node:/home/dev/ros2_ws/install/ldlidar_component:/home/dev/ros2_ws/install/turtlebot3:/home/dev/ros2_ws/install/turtlebot3_bringup:/home/dev/ros2_ws/install/turtlebot3_node:/home/dev/ros2_ws/install/turtlebot3_navigation2:/home/dev/ros2_ws/install/turtlebot3_description:/home/dev/ros2_ws/install/turtlebot3_cartographer:/home/dev/ros2_ws/install/ldlidar:/home/dev/ros2_ws/install/turtlebot3_teleop:/home/dev/ros2_ws/install/turtlebot3_example:/opt/ros/humble /usr/bin/cmake --install /home/dev/ros2_ws/build/ldlidar
