[1.125s] Invoking command in '/home/dev/ros2_ws/build/turtlebot3_teleop': PYTHONPATH=/home/dev/ros2_ws/build/turtlebot3_teleop/prefix_override:/usr/lib/python3/dist-packages/colcon_core/task/python/colcon_distutils_commands:/home/dev/ros2_ws/install/turtlebot3_teleop/lib/python3.10/site-packages:${PYTHONPATH} /usr/bin/python3 -W ignore:setup.py install is deprecated setup.py develop --uninstall --editable --build-directory /home/dev/ros2_ws/build/turtlebot3_teleop/build
[1.469s] running develop
[1.615s] Removing /home/dev/ros2_ws/install/turtlebot3_teleop/lib/python3.10/site-packages/turtlebot3-teleop.egg-link (link to .)
[1.644s] Invoked command in '/home/dev/ros2_ws/build/turtlebot3_teleop' returned '0': PYTHONPATH=/home/dev/ros2_ws/build/turtlebot3_teleop/prefix_override:/usr/lib/python3/dist-packages/colcon_core/task/python/colcon_distutils_commands:/home/dev/ros2_ws/install/turtlebot3_teleop/lib/python3.10/site-packages:${PYTHONPATH} /usr/bin/python3 -W ignore:setup.py install is deprecated setup.py develop --uninstall --editable --build-directory /home/dev/ros2_ws/build/turtlebot3_teleop/build
[1.644s] Invoking command in '/home/dev/ros2_ws/src/turtlebot3/turtlebot3_teleop': PYTHONPATH=/home/dev/ros2_ws/build/turtlebot3_teleop/prefix_override:/usr/lib/python3/dist-packages/colcon_core/task/python/colcon_distutils_commands:/home/dev/ros2_ws/install/turtlebot3_teleop/lib/python3.10/site-packages:${PYTHONPATH} /usr/bin/python3 -W ignore:setup.py install is deprecated setup.py egg_info --egg-base ../../../build/turtlebot3_teleop build --build-base /home/dev/ros2_ws/build/turtlebot3_teleop/build install --record /home/dev/ros2_ws/build/turtlebot3_teleop/install.log --single-version-externally-managed install_data --force
[1.833s] running egg_info
[1.833s] writing ../../../build/turtlebot3_teleop/turtlebot3_teleop.egg-info/PKG-INFO
[1.833s] writing dependency_links to ../../../build/turtlebot3_teleop/turtlebot3_teleop.egg-info/dependency_links.txt
[1.834s] writing entry points to ../../../build/turtlebot3_teleop/turtlebot3_teleop.egg-info/entry_points.txt
[1.834s] writing requirements to ../../../build/turtlebot3_teleop/turtlebot3_teleop.egg-info/requires.txt
[1.834s] writing top-level names to ../../../build/turtlebot3_teleop/turtlebot3_teleop.egg-info/top_level.txt
[1.835s] reading manifest file '../../../build/turtlebot3_teleop/turtlebot3_teleop.egg-info/SOURCES.txt'
[1.836s] writing manifest file '../../../build/turtlebot3_teleop/turtlebot3_teleop.egg-info/SOURCES.txt'
[1.837s] running build
[1.837s] running build_py
[1.837s] creating /home/dev/ros2_ws/build/turtlebot3_teleop/build
[1.837s] creating /home/dev/ros2_ws/build/turtlebot3_teleop/build/lib
[1.837s] creating /home/dev/ros2_ws/build/turtlebot3_teleop/build/lib/turtlebot3_teleop
[1.838s] copying turtlebot3_teleop/__init__.py -> /home/dev/ros2_ws/build/turtlebot3_teleop/build/lib/turtlebot3_teleop
[1.838s] creating /home/dev/ros2_ws/build/turtlebot3_teleop/build/lib/turtlebot3_teleop/script
[1.838s] copying turtlebot3_teleop/script/__init__.py -> /home/dev/ros2_ws/build/turtlebot3_teleop/build/lib/turtlebot3_teleop/script
[1.838s] copying turtlebot3_teleop/script/teleop_keyboard.py -> /home/dev/ros2_ws/build/turtlebot3_teleop/build/lib/turtlebot3_teleop/script
[1.838s] running install
[1.838s] running install_lib
[1.839s] creating /home/dev/ros2_ws/install/turtlebot3_teleop/lib/python3.10/site-packages/turtlebot3_teleop
[1.839s] creating /home/dev/ros2_ws/install/turtlebot3_teleop/lib/python3.10/site-packages/turtlebot3_teleop/script
[1.839s] copying /home/dev/ros2_ws/build/turtlebot3_teleop/build/lib/turtlebot3_teleop/script/__init__.py -> /home/dev/ros2_ws/install/turtlebot3_teleop/lib/python3.10/site-packages/turtlebot3_teleop/script
[1.839s] copying /home/dev/ros2_ws/build/turtlebot3_teleop/build/lib/turtlebot3_teleop/script/teleop_keyboard.py -> /home/dev/ros2_ws/install/turtlebot3_teleop/lib/python3.10/site-packages/turtlebot3_teleop/script
[1.839s] copying /home/dev/ros2_ws/build/turtlebot3_teleop/build/lib/turtlebot3_teleop/__init__.py -> /home/dev/ros2_ws/install/turtlebot3_teleop/lib/python3.10/site-packages/turtlebot3_teleop
[1.839s] byte-compiling /home/dev/ros2_ws/install/turtlebot3_teleop/lib/python3.10/site-packages/turtlebot3_teleop/script/__init__.py to __init__.cpython-310.pyc
[1.839s] byte-compiling /home/dev/ros2_ws/install/turtlebot3_teleop/lib/python3.10/site-packages/turtlebot3_teleop/script/teleop_keyboard.py to teleop_keyboard.cpython-310.pyc
[1.839s] byte-compiling /home/dev/ros2_ws/install/turtlebot3_teleop/lib/python3.10/site-packages/turtlebot3_teleop/__init__.py to __init__.cpython-310.pyc
[1.840s] running install_data
[1.840s] copying resource/turtlebot3_teleop -> /home/dev/ros2_ws/install/turtlebot3_teleop/share/ament_index/resource_index/packages
[1.840s] copying package.xml -> /home/dev/ros2_ws/install/turtlebot3_teleop/share/turtlebot3_teleop
[1.840s] running install_egg_info
[1.842s] Copying ../../../build/turtlebot3_teleop/turtlebot3_teleop.egg-info to /home/dev/ros2_ws/install/turtlebot3_teleop/lib/python3.10/site-packages/turtlebot3_teleop-2.1.5-py3.10.egg-info
[1.842s] running install_scripts
[1.859s] Installing teleop_keyboard script to /home/dev/ros2_ws/install/turtlebot3_teleop/lib/turtlebot3_teleop
[1.859s] writing list of installed files to '/home/dev/ros2_ws/build/turtlebot3_teleop/install.log'
[1.883s] Invoked command in '/home/dev/ros2_ws/src/turtlebot3/turtlebot3_teleop' returned '0': PYTHONPATH=/home/dev/ros2_ws/build/turtlebot3_teleop/prefix_override:/usr/lib/python3/dist-packages/colcon_core/task/python/colcon_distutils_commands:/home/dev/ros2_ws/install/turtlebot3_teleop/lib/python3.10/site-packages:${PYTHONPATH} /usr/bin/python3 -W ignore:setup.py install is deprecated setup.py egg_info --egg-base ../../../build/turtlebot3_teleop build --build-base /home/dev/ros2_ws/build/turtlebot3_teleop/build install --record /home/dev/ros2_ws/build/turtlebot3_teleop/install.log --single-version-externally-managed install_data --force
