[0.049s] Invoking command in '/home/dev/ros2_ws/build/turtlebot3_node': CMAKE_PREFIX_PATH=${CMAKE_PREFIX_PATH}:/home/dev/ros2_ws/install/turtlebot3_teleop:/home/dev/ros2_ws/install/turtlebot3_example:/home/dev/ros2_ws/install/f7_udp:/opt/ros/humble /usr/bin/cmake --build /home/dev/ros2_ws/build/turtlebot3_node -- -j12 -l12
[0.579s] [ 85%] Built target turtlebot3_node_lib
[0.579s] [100%] Built target turtlebot3_ros
[0.587s] Invoked command in '/home/dev/ros2_ws/build/turtlebot3_node' returned '0': CMAKE_PREFIX_PATH=${CMAKE_PREFIX_PATH}:/home/dev/ros2_ws/install/turtlebot3_teleop:/home/dev/ros2_ws/install/turtlebot3_example:/home/dev/ros2_ws/install/f7_udp:/opt/ros/humble /usr/bin/cmake --build /home/dev/ros2_ws/build/turtlebot3_node -- -j12 -l12
[0.659s] Invoking command in '/home/dev/ros2_ws/build/turtlebot3_node': CMAKE_PREFIX_PATH=${CMAKE_PREFIX_PATH}:/home/dev/ros2_ws/install/turtlebot3_teleop:/home/dev/ros2_ws/install/turtlebot3_example:/home/dev/ros2_ws/install/f7_udp:/opt/ros/humble /usr/bin/cmake --install /home/dev/ros2_ws/build/turtlebot3_node
[0.663s] -- Install configuration: "Release"
[0.663s] -- Execute custom install script
[0.663s] -- Up-to-date symlink: /home/dev/ros2_ws/install/turtlebot3_node/share/turtlebot3_node/param/burger.yaml
[0.663s] -- Up-to-date symlink: /home/dev/ros2_ws/install/turtlebot3_node/share/turtlebot3_node/param/waffle.yaml
[0.663s] -- Up-to-date symlink: /home/dev/ros2_ws/install/turtlebot3_node/share/turtlebot3_node/param/waffle_pi.yaml
[0.663s] -- Up-to-date symlink: /home/dev/ros2_ws/install/turtlebot3_node/lib/turtlebot3_node/turtlebot3_ros
[0.664s] -- Up-to-date symlink: /home/dev/ros2_ws/install/turtlebot3_node/share/ament_index/resource_index/package_run_dependencies/turtlebot3_node
[0.664s] -- Up-to-date symlink: /home/dev/ros2_ws/install/turtlebot3_node/share/ament_index/resource_index/parent_prefix_path/turtlebot3_node
[0.664s] -- Up-to-date symlink: /home/dev/ros2_ws/install/turtlebot3_node/share/turtlebot3_node/environment/ament_prefix_path.sh
[0.664s] -- Up-to-date symlink: /home/dev/ros2_ws/install/turtlebot3_node/share/turtlebot3_node/environment/ament_prefix_path.dsv
[0.664s] -- Up-to-date symlink: /home/dev/ros2_ws/install/turtlebot3_node/share/turtlebot3_node/environment/path.sh
[0.664s] -- Up-to-date symlink: /home/dev/ros2_ws/install/turtlebot3_node/share/turtlebot3_node/environment/path.dsv
[0.664s] -- Up-to-date symlink: /home/dev/ros2_ws/install/turtlebot3_node/share/turtlebot3_node/local_setup.bash
[0.664s] -- Up-to-date symlink: /home/dev/ros2_ws/install/turtlebot3_node/share/turtlebot3_node/local_setup.sh
[0.664s] -- Up-to-date symlink: /home/dev/ros2_ws/install/turtlebot3_node/share/turtlebot3_node/local_setup.zsh
[0.664s] -- Up-to-date symlink: /home/dev/ros2_ws/install/turtlebot3_node/share/turtlebot3_node/local_setup.dsv
[0.664s] -- Symlinking: /home/dev/ros2_ws/install/turtlebot3_node/share/turtlebot3_node/package.dsv
[0.665s] -- Up-to-date symlink: /home/dev/ros2_ws/install/turtlebot3_node/share/ament_index/resource_index/packages/turtlebot3_node
[0.665s] -- Up-to-date symlink: /home/dev/ros2_ws/install/turtlebot3_node/share/turtlebot3_node/cmake/ament_cmake_export_include_directories-extras.cmake
[0.665s] -- Up-to-date symlink: /home/dev/ros2_ws/install/turtlebot3_node/share/turtlebot3_node/cmake/turtlebot3_nodeConfig.cmake
[0.666s] -- Up-to-date symlink: /home/dev/ros2_ws/install/turtlebot3_node/share/turtlebot3_node/cmake/turtlebot3_nodeConfig-version.cmake
[0.666s] -- Up-to-date symlink: /home/dev/ros2_ws/install/turtlebot3_node/share/turtlebot3_node/package.xml
[0.715s] Invoked command in '/home/dev/ros2_ws/build/turtlebot3_node' returned '0': CMAKE_PREFIX_PATH=${CMAKE_PREFIX_PATH}:/home/dev/ros2_ws/install/turtlebot3_teleop:/home/dev/ros2_ws/install/turtlebot3_example:/home/dev/ros2_ws/install/f7_udp:/opt/ros/humble /usr/bin/cmake --install /home/dev/ros2_ws/build/turtlebot3_node
