[0.014s] Invoking command in '/home/dev/ros2_ws/build/wit_node': CMAKE_PREFIX_PATH=/home/dev/ros2_ws/install/wit_msgs:/home/dev/ros2_ws/install/wit_driver:/home/dev/ros2_ws/install/wit_node:/home/dev/ros2_ws/install/wit_imu_driver:/home/dev/ros2_ws/install/turtlebot3:/home/dev/ros2_ws/install/turtlebot3_bringup:/home/dev/ros2_ws/install/turtlebot3_node:/home/dev/ros2_ws/install/turtlebot3_navigation2:/home/dev/ros2_ws/install/turtlebot3_description:/home/dev/ros2_ws/install/turtlebot3_cartographer:/home/dev/ros2_ws/install/ldlidar:/home/dev/ros2_ws/install/ldlidar_node:/home/dev/ros2_ws/install/ldlidar_component:/home/dev/ros2_ws/install/turtlebot3_teleop:/home/dev/ros2_ws/install/turtlebot3_example:/home/dev/ros2_ws/install/f7_udp:/opt/ros/humble LD_LIBRARY_PATH=/home/dev/ros2_ws/install/wit_msgs/lib:/home/dev/ros2_ws/install/wit_driver/lib:/home/dev/ros2_ws/install/wit_node/lib:/home/dev/ros2_ws/install/ldlidar_component/lib:/usr/lib/x86_64-linux-gnu/gazebo-11/plugins:/opt/ros/humble/opt/rviz_ogre_vendor/lib:/opt/ros/humble/lib/x86_64-linux-gnu:/opt/ros/humble/lib /usr/bin/cmake --build /home/dev/ros2_ws/build/wit_node -- -j12 -l12
[0.067s] [ 50%] Built target wit_node
[0.074s] [100%] Built target wit
[0.086s] Invoked command in '/home/dev/ros2_ws/build/wit_node' returned '0': CMAKE_PREFIX_PATH=/home/dev/ros2_ws/install/wit_msgs:/home/dev/ros2_ws/install/wit_driver:/home/dev/ros2_ws/install/wit_node:/home/dev/ros2_ws/install/wit_imu_driver:/home/dev/ros2_ws/install/turtlebot3:/home/dev/ros2_ws/install/turtlebot3_bringup:/home/dev/ros2_ws/install/turtlebot3_node:/home/dev/ros2_ws/install/turtlebot3_navigation2:/home/dev/ros2_ws/install/turtlebot3_description:/home/dev/ros2_ws/install/turtlebot3_cartographer:/home/dev/ros2_ws/install/ldlidar:/home/dev/ros2_ws/install/ldlidar_node:/home/dev/ros2_ws/install/ldlidar_component:/home/dev/ros2_ws/install/turtlebot3_teleop:/home/dev/ros2_ws/install/turtlebot3_example:/home/dev/ros2_ws/install/f7_udp:/opt/ros/humble LD_LIBRARY_PATH=/home/dev/ros2_ws/install/wit_msgs/lib:/home/dev/ros2_ws/install/wit_driver/lib:/home/dev/ros2_ws/install/wit_node/lib:/home/dev/ros2_ws/install/ldlidar_component/lib:/usr/lib/x86_64-linux-gnu/gazebo-11/plugins:/opt/ros/humble/opt/rviz_ogre_vendor/lib:/opt/ros/humble/lib/x86_64-linux-gnu:/opt/ros/humble/lib /usr/bin/cmake --build /home/dev/ros2_ws/build/wit_node -- -j12 -l12
[0.115s] Invoking command in '/home/dev/ros2_ws/build/wit_node': CMAKE_PREFIX_PATH=/home/dev/ros2_ws/install/wit_msgs:/home/dev/ros2_ws/install/wit_driver:/home/dev/ros2_ws/install/wit_node:/home/dev/ros2_ws/install/wit_imu_driver:/home/dev/ros2_ws/install/turtlebot3:/home/dev/ros2_ws/install/turtlebot3_bringup:/home/dev/ros2_ws/install/turtlebot3_node:/home/dev/ros2_ws/install/turtlebot3_navigation2:/home/dev/ros2_ws/install/turtlebot3_description:/home/dev/ros2_ws/install/turtlebot3_cartographer:/home/dev/ros2_ws/install/ldlidar:/home/dev/ros2_ws/install/ldlidar_node:/home/dev/ros2_ws/install/ldlidar_component:/home/dev/ros2_ws/install/turtlebot3_teleop:/home/dev/ros2_ws/install/turtlebot3_example:/home/dev/ros2_ws/install/f7_udp:/opt/ros/humble LD_LIBRARY_PATH=/home/dev/ros2_ws/install/wit_msgs/lib:/home/dev/ros2_ws/install/wit_driver/lib:/home/dev/ros2_ws/install/wit_node/lib:/home/dev/ros2_ws/install/ldlidar_component/lib:/usr/lib/x86_64-linux-gnu/gazebo-11/plugins:/opt/ros/humble/opt/rviz_ogre_vendor/lib:/opt/ros/humble/lib/x86_64-linux-gnu:/opt/ros/humble/lib /usr/bin/cmake --install /home/dev/ros2_ws/build/wit_node
[0.123s] -- Install configuration: ""
[0.123s] -- Execute custom install script
[0.124s] -- Up-to-date symlink: /home/dev/ros2_ws/install/wit_node/lib/wit_node/wit_node
[0.124s] -- Up-to-date symlink: /home/dev/ros2_ws/install/wit_node/include/wit_node/wit_node.hpp
[0.124s] -- Up-to-date symlink: /home/dev/ros2_ws/install/wit_node/share/wit_node/environment/library_path.sh
[0.124s] -- Up-to-date symlink: /home/dev/ros2_ws/install/wit_node/share/wit_node/environment/library_path.dsv
[0.124s] -- Up-to-date symlink: /home/dev/ros2_ws/install/wit_node/lib/libwit.so
[0.124s] -- Up-to-date symlink: /home/dev/ros2_ws/install/wit_node/share/wit_node/launch/__pycache__/wit_visualize.launch.cpython-310.pyc
[0.125s] -- Up-to-date symlink: /home/dev/ros2_ws/install/wit_node/share/wit_node/launch/wit.launch.py
[0.125s] -- Up-to-date symlink: /home/dev/ros2_ws/install/wit_node/share/wit_node/launch/wit_visualize.launch.py
[0.125s] -- Up-to-date symlink: /home/dev/ros2_ws/install/wit_node/share/wit_node/rviz2/wit.rviz
[0.125s] -- Up-to-date symlink: /home/dev/ros2_ws/install/wit_node/share/ament_index/resource_index/package_run_dependencies/wit_node
[0.125s] -- Up-to-date symlink: /home/dev/ros2_ws/install/wit_node/share/ament_index/resource_index/parent_prefix_path/wit_node
[0.125s] -- Up-to-date symlink: /home/dev/ros2_ws/install/wit_node/share/wit_node/environment/ament_prefix_path.sh
[0.125s] -- Up-to-date symlink: /home/dev/ros2_ws/install/wit_node/share/wit_node/environment/ament_prefix_path.dsv
[0.125s] -- Up-to-date symlink: /home/dev/ros2_ws/install/wit_node/share/wit_node/environment/path.sh
[0.125s] -- Up-to-date symlink: /home/dev/ros2_ws/install/wit_node/share/wit_node/environment/path.dsv
[0.125s] -- Up-to-date symlink: /home/dev/ros2_ws/install/wit_node/share/wit_node/local_setup.bash
[0.126s] -- Up-to-date symlink: /home/dev/ros2_ws/install/wit_node/share/wit_node/local_setup.sh
[0.126s] -- Up-to-date symlink: /home/dev/ros2_ws/install/wit_node/share/wit_node/local_setup.zsh
[0.126s] -- Up-to-date symlink: /home/dev/ros2_ws/install/wit_node/share/wit_node/local_setup.dsv
[0.126s] -- Symlinking: /home/dev/ros2_ws/install/wit_node/share/wit_node/package.dsv
[0.131s] -- Up-to-date symlink: /home/dev/ros2_ws/install/wit_node/share/ament_index/resource_index/packages/wit_node
[0.132s] -- Up-to-date symlink: /home/dev/ros2_ws/install/wit_node/share/ament_index/resource_index/rclcpp_components/wit_node
[0.132s] -- Up-to-date symlink: /home/dev/ros2_ws/install/wit_node/share/wit_node/cmake/ament_cmake_export_dependencies-extras.cmake
[0.132s] -- Up-to-date symlink: /home/dev/ros2_ws/install/wit_node/share/wit_node/cmake/ament_cmake_export_include_directories-extras.cmake
[0.132s] -- Up-to-date symlink: /home/dev/ros2_ws/install/wit_node/share/wit_node/cmake/ament_cmake_export_libraries-extras.cmake
[0.132s] -- Up-to-date symlink: /home/dev/ros2_ws/install/wit_node/share/wit_node/cmake/wit_nodeConfig.cmake
[0.132s] -- Up-to-date symlink: /home/dev/ros2_ws/install/wit_node/share/wit_node/cmake/wit_nodeConfig-version.cmake
[0.132s] -- Up-to-date symlink: /home/dev/ros2_ws/install/wit_node/share/wit_node/package.xml
[0.134s] Invoked command in '/home/dev/ros2_ws/build/wit_node' returned '0': CMAKE_PREFIX_PATH=/home/dev/ros2_ws/install/wit_msgs:/home/dev/ros2_ws/install/wit_driver:/home/dev/ros2_ws/install/wit_node:/home/dev/ros2_ws/install/wit_imu_driver:/home/dev/ros2_ws/install/turtlebot3:/home/dev/ros2_ws/install/turtlebot3_bringup:/home/dev/ros2_ws/install/turtlebot3_node:/home/dev/ros2_ws/install/turtlebot3_navigation2:/home/dev/ros2_ws/install/turtlebot3_description:/home/dev/ros2_ws/install/turtlebot3_cartographer:/home/dev/ros2_ws/install/ldlidar:/home/dev/ros2_ws/install/ldlidar_node:/home/dev/ros2_ws/install/ldlidar_component:/home/dev/ros2_ws/install/turtlebot3_teleop:/home/dev/ros2_ws/install/turtlebot3_example:/home/dev/ros2_ws/install/f7_udp:/opt/ros/humble LD_LIBRARY_PATH=/home/dev/ros2_ws/install/wit_msgs/lib:/home/dev/ros2_ws/install/wit_driver/lib:/home/dev/ros2_ws/install/wit_node/lib:/home/dev/ros2_ws/install/ldlidar_component/lib:/usr/lib/x86_64-linux-gnu/gazebo-11/plugins:/opt/ros/humble/opt/rviz_ogre_vendor/lib:/opt/ros/humble/lib/x86_64-linux-gnu:/opt/ros/humble/lib /usr/bin/cmake --install /home/dev/ros2_ws/build/wit_node
