[1.163s] Invoking command in '/home/dev/ros2_ws/build/f7_udp': PYTHONPATH=/home/dev/ros2_ws/build/f7_udp/prefix_override:/usr/lib/python3/dist-packages/colcon_core/task/python/colcon_distutils_commands:/home/dev/ros2_ws/install/f7_udp/lib/python3.10/site-packages:${PYTHONPATH} /usr/bin/python3 -W ignore:setup.py install is deprecated setup.py develop --uninstall --editable --build-directory /home/dev/ros2_ws/build/f7_udp/build
[1.400s] running develop
[1.523s] Removing /home/dev/ros2_ws/install/f7_udp/lib/python3.10/site-packages/f7-udp.egg-link (link to .)
[1.552s] Invoked command in '/home/dev/ros2_ws/build/f7_udp' returned '0': PYTHONPATH=/home/dev/ros2_ws/build/f7_udp/prefix_override:/usr/lib/python3/dist-packages/colcon_core/task/python/colcon_distutils_commands:/home/dev/ros2_ws/install/f7_udp/lib/python3.10/site-packages:${PYTHONPATH} /usr/bin/python3 -W ignore:setup.py install is deprecated setup.py develop --uninstall --editable --build-directory /home/dev/ros2_ws/build/f7_udp/build
[1.554s] Invoking command in '/home/dev/ros2_ws/src/f7_udp': PYTHONPATH=/home/dev/ros2_ws/build/f7_udp/prefix_override:/usr/lib/python3/dist-packages/colcon_core/task/python/colcon_distutils_commands:/home/dev/ros2_ws/install/f7_udp/lib/python3.10/site-packages:${PYTHONPATH} /usr/bin/python3 -W ignore:setup.py install is deprecated setup.py egg_info --egg-base ../../build/f7_udp build --build-base /home/dev/ros2_ws/build/f7_udp/build install --record /home/dev/ros2_ws/build/f7_udp/install.log --single-version-externally-managed install_data --force
[1.803s] running egg_info
[1.804s] writing ../../build/f7_udp/f7_udp.egg-info/PKG-INFO
[1.804s] writing dependency_links to ../../build/f7_udp/f7_udp.egg-info/dependency_links.txt
[1.804s] writing entry points to ../../build/f7_udp/f7_udp.egg-info/entry_points.txt
[1.804s] writing requirements to ../../build/f7_udp/f7_udp.egg-info/requires.txt
[1.805s] writing top-level names to ../../build/f7_udp/f7_udp.egg-info/top_level.txt
[1.807s] reading manifest file '../../build/f7_udp/f7_udp.egg-info/SOURCES.txt'
[1.807s] adding license file 'LICENSE'
[1.808s] writing manifest file '../../build/f7_udp/f7_udp.egg-info/SOURCES.txt'
[1.808s] running build
[1.808s] running build_py
[1.810s] running install
[1.811s] running install_lib
[1.811s] creating /home/dev/ros2_ws/install/f7_udp/lib/python3.10/site-packages/f7_udp
[1.812s] copying /home/dev/ros2_ws/build/f7_udp/build/lib/f7_udp/cr24_gui.py -> /home/dev/ros2_ws/install/f7_udp/lib/python3.10/site-packages/f7_udp
[1.812s] copying /home/dev/ros2_ws/build/f7_udp/build/lib/f7_udp/W4_Omni_Driver.py -> /home/dev/ros2_ws/install/f7_udp/lib/python3.10/site-packages/f7_udp
[1.812s] copying /home/dev/ros2_ws/build/f7_udp/build/lib/f7_udp/cr24_test.py -> /home/dev/ros2_ws/install/f7_udp/lib/python3.10/site-packages/f7_udp
[1.812s] copying /home/dev/ros2_ws/build/f7_udp/build/lib/f7_udp/cr24_manual.py -> /home/dev/ros2_ws/install/f7_udp/lib/python3.10/site-packages/f7_udp
[1.813s] copying /home/dev/ros2_ws/build/f7_udp/build/lib/f7_udp/cr24_manual2_unity.py -> /home/dev/ros2_ws/install/f7_udp/lib/python3.10/site-packages/f7_udp
[1.813s] copying /home/dev/ros2_ws/build/f7_udp/build/lib/f7_udp/f7_eth.py -> /home/dev/ros2_ws/install/f7_udp/lib/python3.10/site-packages/f7_udp
[1.813s] copying /home/dev/ros2_ws/build/f7_udp/build/lib/f7_udp/__init__.py -> /home/dev/ros2_ws/install/f7_udp/lib/python3.10/site-packages/f7_udp
[1.813s] copying /home/dev/ros2_ws/build/f7_udp/build/lib/f7_udp/cr24_pos.py -> /home/dev/ros2_ws/install/f7_udp/lib/python3.10/site-packages/f7_udp
[1.813s] copying /home/dev/ros2_ws/build/f7_udp/build/lib/f7_udp/PS4_listener.py -> /home/dev/ros2_ws/install/f7_udp/lib/python3.10/site-packages/f7_udp
[1.814s] copying /home/dev/ros2_ws/build/f7_udp/build/lib/f7_udp/cr24_main_unity.py -> /home/dev/ros2_ws/install/f7_udp/lib/python3.10/site-packages/f7_udp
[1.814s] copying /home/dev/ros2_ws/build/f7_udp/build/lib/f7_udp/cr24_yolo_wireless.py -> /home/dev/ros2_ws/install/f7_udp/lib/python3.10/site-packages/f7_udp
[1.814s] copying /home/dev/ros2_ws/build/f7_udp/build/lib/f7_udp/NHK2025_Omni_Driver.py -> /home/dev/ros2_ws/install/f7_udp/lib/python3.10/site-packages/f7_udp
[1.814s] copying /home/dev/ros2_ws/build/f7_udp/build/lib/f7_udp/setoshio_gui_standalone.py -> /home/dev/ros2_ws/install/f7_udp/lib/python3.10/site-packages/f7_udp
[1.814s] copying /home/dev/ros2_ws/build/f7_udp/build/lib/f7_udp/cr24_manual2.py -> /home/dev/ros2_ws/install/f7_udp/lib/python3.10/site-packages/f7_udp
[1.815s] copying /home/dev/ros2_ws/build/f7_udp/build/lib/f7_udp/yolov8_setoshio_pub.py -> /home/dev/ros2_ws/install/f7_udp/lib/python3.10/site-packages/f7_udp
[1.815s] copying /home/dev/ros2_ws/build/f7_udp/build/lib/f7_udp/Omni_Driver.py -> /home/dev/ros2_ws/install/f7_udp/lib/python3.10/site-packages/f7_udp
[1.815s] copying /home/dev/ros2_ws/build/f7_udp/build/lib/f7_udp/cr24_main.py -> /home/dev/ros2_ws/install/f7_udp/lib/python3.10/site-packages/f7_udp
[1.815s] copying /home/dev/ros2_ws/build/f7_udp/build/lib/f7_udp/yolo_setoshio_gui.py -> /home/dev/ros2_ws/install/f7_udp/lib/python3.10/site-packages/f7_udp
[1.816s] byte-compiling /home/dev/ros2_ws/install/f7_udp/lib/python3.10/site-packages/f7_udp/cr24_gui.py to cr24_gui.cpython-310.pyc
[1.818s] byte-compiling /home/dev/ros2_ws/install/f7_udp/lib/python3.10/site-packages/f7_udp/W4_Omni_Driver.py to W4_Omni_Driver.cpython-310.pyc
[1.819s] byte-compiling /home/dev/ros2_ws/install/f7_udp/lib/python3.10/site-packages/f7_udp/cr24_test.py to cr24_test.cpython-310.pyc
[1.820s] byte-compiling /home/dev/ros2_ws/install/f7_udp/lib/python3.10/site-packages/f7_udp/cr24_manual.py to cr24_manual.cpython-310.pyc
[1.820s] byte-compiling /home/dev/ros2_ws/install/f7_udp/lib/python3.10/site-packages/f7_udp/cr24_manual2_unity.py to cr24_manual2_unity.cpython-310.pyc
[1.822s] byte-compiling /home/dev/ros2_ws/install/f7_udp/lib/python3.10/site-packages/f7_udp/f7_eth.py to f7_eth.cpython-310.pyc
[1.822s] byte-compiling /home/dev/ros2_ws/install/f7_udp/lib/python3.10/site-packages/f7_udp/__init__.py to __init__.cpython-310.pyc
[1.822s] byte-compiling /home/dev/ros2_ws/install/f7_udp/lib/python3.10/site-packages/f7_udp/cr24_pos.py to cr24_pos.cpython-310.pyc
[1.822s] byte-compiling /home/dev/ros2_ws/install/f7_udp/lib/python3.10/site-packages/f7_udp/PS4_listener.py to PS4_listener.cpython-310.pyc
[1.823s] byte-compiling /home/dev/ros2_ws/install/f7_udp/lib/python3.10/site-packages/f7_udp/cr24_main_unity.py to cr24_main_unity.cpython-310.pyc
[1.824s] byte-compiling /home/dev/ros2_ws/install/f7_udp/lib/python3.10/site-packages/f7_udp/cr24_yolo_wireless.py to cr24_yolo_wireless.cpython-310.pyc
[1.825s] byte-compiling /home/dev/ros2_ws/install/f7_udp/lib/python3.10/site-packages/f7_udp/NHK2025_Omni_Driver.py to NHK2025_Omni_Driver.cpython-310.pyc
[1.826s] byte-compiling /home/dev/ros2_ws/install/f7_udp/lib/python3.10/site-packages/f7_udp/setoshio_gui_standalone.py to setoshio_gui_standalone.cpython-310.pyc
[1.826s] byte-compiling /home/dev/ros2_ws/install/f7_udp/lib/python3.10/site-packages/f7_udp/cr24_manual2.py to cr24_manual2.cpython-310.pyc
[1.826s] byte-compiling /home/dev/ros2_ws/install/f7_udp/lib/python3.10/site-packages/f7_udp/yolov8_setoshio_pub.py to yolov8_setoshio_pub.cpython-310.pyc
[1.827s] byte-compiling /home/dev/ros2_ws/install/f7_udp/lib/python3.10/site-packages/f7_udp/Omni_Driver.py to Omni_Driver.cpython-310.pyc
[1.827s] byte-compiling /home/dev/ros2_ws/install/f7_udp/lib/python3.10/site-packages/f7_udp/cr24_main.py to cr24_main.cpython-310.pyc
[1.829s] byte-compiling /home/dev/ros2_ws/install/f7_udp/lib/python3.10/site-packages/f7_udp/yolo_setoshio_gui.py to yolo_setoshio_gui.cpython-310.pyc
[1.829s] running install_data
[1.829s] copying resource/f7_udp -> /home/dev/ros2_ws/install/f7_udp/share/ament_index/resource_index/packages
[1.829s] copying package.xml -> /home/dev/ros2_ws/install/f7_udp/share/f7_udp
[1.829s] running install_egg_info
[1.831s] Copying ../../build/f7_udp/f7_udp.egg-info to /home/dev/ros2_ws/install/f7_udp/lib/python3.10/site-packages/f7_udp-0.0.0-py3.10.egg-info
[1.832s] running install_scripts
[1.853s] Installing 4_omni script to /home/dev/ros2_ws/install/f7_udp/lib/f7_udp
[1.853s] Installing cr24_gui script to /home/dev/ros2_ws/install/f7_udp/lib/f7_udp
[1.853s] Installing cr24_main script to /home/dev/ros2_ws/install/f7_udp/lib/f7_udp
[1.853s] Installing cr24_main_apk script to /home/dev/ros2_ws/install/f7_udp/lib/f7_udp
[1.854s] Installing cr24_main_manual script to /home/dev/ros2_ws/install/f7_udp/lib/f7_udp
[1.854s] Installing cr24_main_manual2 script to /home/dev/ros2_ws/install/f7_udp/lib/f7_udp
[1.854s] Installing cr24_manual2_apk script to /home/dev/ros2_ws/install/f7_udp/lib/f7_udp
[1.854s] Installing cr24_pos script to /home/dev/ros2_ws/install/f7_udp/lib/f7_udp
[1.854s] Installing cr24_test script to /home/dev/ros2_ws/install/f7_udp/lib/f7_udp
[1.854s] Installing cr24_wlcam script to /home/dev/ros2_ws/install/f7_udp/lib/f7_udp
[1.854s] Installing listener script to /home/dev/ros2_ws/install/f7_udp/lib/f7_udp
[1.854s] Installing nr25_omni script to /home/dev/ros2_ws/install/f7_udp/lib/f7_udp
[1.854s] Installing setoshio script to /home/dev/ros2_ws/install/f7_udp/lib/f7_udp
[1.854s] Installing setoshio_gui script to /home/dev/ros2_ws/install/f7_udp/lib/f7_udp
[1.855s] writing list of installed files to '/home/dev/ros2_ws/build/f7_udp/install.log'
[1.887s] Invoked command in '/home/dev/ros2_ws/src/f7_udp' returned '0': PYTHONPATH=/home/dev/ros2_ws/build/f7_udp/prefix_override:/usr/lib/python3/dist-packages/colcon_core/task/python/colcon_distutils_commands:/home/dev/ros2_ws/install/f7_udp/lib/python3.10/site-packages:${PYTHONPATH} /usr/bin/python3 -W ignore:setup.py install is deprecated setup.py egg_info --egg-base ../../build/f7_udp build --build-base /home/dev/ros2_ws/build/f7_udp/build install --record /home/dev/ros2_ws/build/f7_udp/install.log --single-version-externally-managed install_data --force
