[0.503s] Invoking command in '/home/dev/ros2_ws/build/wit_msgs': CMAKE_PREFIX_PATH=${CMAKE_PREFIX_PATH}:/home/dev/ros2_ws/install/turtlebot3_teleop:/home/dev/ros2_ws/install/turtlebot3_example:/home/dev/ros2_ws/install/f7_udp:/opt/ros/humble /usr/bin/cmake /home/dev/ros2_ws/src/wit_node/wit_msgs -DAMENT_CMAKE_SYMLINK_INSTALL=1 -DCMAKE_INSTALL_PREFIX=/home/dev/ros2_ws/install/wit_msgs
[0.510s] -- Found ament_cmake: 1.3.10 (/opt/ros/humble/share/ament_cmake/cmake)
[0.611s] -- Override CMake install command with custom implementation using symlinks instead of copying resources
[0.618s] -- Found builtin_interfaces: 1.2.1 (/opt/ros/humble/share/builtin_interfaces/cmake)
[0.635s] -- Found rosidl_generator_c: 3.1.5 (/opt/ros/humble/share/rosidl_generator_c/cmake)
[0.637s] -- Found rosidl_adapter: 3.1.5 (/opt/ros/humble/share/rosidl_adapter/cmake)
[0.640s] -- Found rosidl_generator_cpp: 3.1.5 (/opt/ros/humble/share/rosidl_generator_cpp/cmake)
[0.647s] -- Using all available rosidl_typesupport_c: rosidl_typesupport_fastrtps_c;rosidl_typesupport_introspection_c
[0.655s] -- Using all available rosidl_typesupport_cpp: rosidl_typesupport_fastrtps_cpp;rosidl_typesupport_introspection_cpp
[0.662s] -- Found std_msgs: 4.2.4 (/opt/ros/humble/share/std_msgs/cmake)
[0.669s] -- Found rosidl_default_generators: 1.2.0 (/opt/ros/humble/share/rosidl_default_generators/cmake)
[1.023s] -- Found ament_cmake_ros: 0.10.0 (/opt/ros/humble/share/ament_cmake_ros/cmake)
[1.731s] -- Using all available rosidl_typesupport_c: rosidl_typesupport_fastrtps_c;rosidl_typesupport_introspection_c
[2.009s] -- Using all available rosidl_typesupport_cpp: rosidl_typesupport_fastrtps_cpp;rosidl_typesupport_introspection_cpp
[2.042s] -- Found python_cmake_module: 0.10.0 (/opt/ros/humble/share/python_cmake_module/cmake)
[2.079s] -- Using PYTHON_EXECUTABLE: /usr/bin/python3
[2.079s] -- Using PYTHON_INCLUDE_DIRS: /usr/include/python3.10
[2.079s] -- Using PYTHON_LIBRARIES: /usr/lib/x86_64-linux-gnu/libpython3.10.so
[2.176s] -- Configuring done
[2.295s] -- Generating done
[2.300s] -- Build files have been written to: /home/dev/ros2_ws/build/wit_msgs
[2.334s] Invoked command in '/home/dev/ros2_ws/build/wit_msgs' returned '0': CMAKE_PREFIX_PATH=${CMAKE_PREFIX_PATH}:/home/dev/ros2_ws/install/turtlebot3_teleop:/home/dev/ros2_ws/install/turtlebot3_example:/home/dev/ros2_ws/install/f7_udp:/opt/ros/humble /usr/bin/cmake /home/dev/ros2_ws/src/wit_node/wit_msgs -DAMENT_CMAKE_SYMLINK_INSTALL=1 -DCMAKE_INSTALL_PREFIX=/home/dev/ros2_ws/install/wit_msgs
[2.335s] Invoking command in '/home/dev/ros2_ws/build/wit_msgs': CMAKE_PREFIX_PATH=${CMAKE_PREFIX_PATH}:/home/dev/ros2_ws/install/turtlebot3_teleop:/home/dev/ros2_ws/install/turtlebot3_example:/home/dev/ros2_ws/install/f7_udp:/opt/ros/humble /usr/bin/cmake --build /home/dev/ros2_ws/build/wit_msgs -- -j12 -l12
[2.414s] [35m[1mConsolidate compiler generated dependencies of target wit_msgs__rosidl_generator_c[0m
[2.434s] [  9%] Built target wit_msgs__rosidl_generator_c
[2.437s] [ 12%] Built target wit_msgs__cpp
[2.439s] [ 12%] Built target ament_cmake_python_symlink_wit_msgs
[2.466s] [35m[1mConsolidate compiler generated dependencies of target wit_msgs__rosidl_typesupport_c[0m
[2.485s] [35m[1mConsolidate compiler generated dependencies of target wit_msgs__rosidl_typesupport_introspection_c[0m
[2.488s] [35m[1mConsolidate compiler generated dependencies of target wit_msgs__rosidl_typesupport_introspection_cpp[0m
[2.490s] [35m[1mConsolidate compiler generated dependencies of target wit_msgs__rosidl_typesupport_fastrtps_c[0m
[2.507s] [ 22%] Built target wit_msgs__rosidl_typesupport_c
[2.510s] [ 32%] Built target wit_msgs__rosidl_typesupport_introspection_c
[2.520s] [ 41%] Built target wit_msgs__rosidl_typesupport_introspection_cpp
[2.526s] [ 51%] Built target wit_msgs__rosidl_typesupport_fastrtps_c
[2.536s] [35m[1mConsolidate compiler generated dependencies of target wit_msgs__rosidl_typesupport_cpp[0m
[2.539s] [35m[1mConsolidate compiler generated dependencies of target wit_msgs__rosidl_typesupport_fastrtps_cpp[0m
[2.567s] [ 61%] Built target wit_msgs__rosidl_typesupport_fastrtps_cpp
[2.573s] [ 70%] Built target wit_msgs__rosidl_typesupport_cpp
[2.632s] [ 70%] Built target wit_msgs
[2.685s] [ 74%] Built target wit_msgs__py
[2.717s] [35m[1mConsolidate compiler generated dependencies of target wit_msgs__rosidl_generator_py[0m
[2.747s] [ 80%] Built target wit_msgs__rosidl_generator_py
[2.780s] [35m[1mConsolidate compiler generated dependencies of target wit_msgs__rosidl_typesupport_fastrtps_c__pyext[0m
[2.780s] [35m[1mConsolidate compiler generated dependencies of target wit_msgs__rosidl_typesupport_introspection_c__pyext[0m
[2.780s] [35m[1mConsolidate compiler generated dependencies of target wit_msgs__rosidl_typesupport_c__pyext[0m
[2.809s] [ 87%] Built target wit_msgs__rosidl_typesupport_introspection_c__pyext
[2.810s] [ 93%] Built target wit_msgs__rosidl_typesupport_fastrtps_c__pyext
[2.811s] [100%] Built target wit_msgs__rosidl_typesupport_c__pyext
[2.852s] running egg_info
[2.853s] writing wit_msgs.egg-info/PKG-INFO
[2.853s] writing dependency_links to wit_msgs.egg-info/dependency_links.txt
[2.854s] writing top-level names to wit_msgs.egg-info/top_level.txt
[2.857s] reading manifest file 'wit_msgs.egg-info/SOURCES.txt'
[2.858s] writing manifest file 'wit_msgs.egg-info/SOURCES.txt'
[2.900s] [100%] Built target ament_cmake_python_build_wit_msgs_egg
[2.918s] Invoked command in '/home/dev/ros2_ws/build/wit_msgs' returned '0': CMAKE_PREFIX_PATH=${CMAKE_PREFIX_PATH}:/home/dev/ros2_ws/install/turtlebot3_teleop:/home/dev/ros2_ws/install/turtlebot3_example:/home/dev/ros2_ws/install/f7_udp:/opt/ros/humble /usr/bin/cmake --build /home/dev/ros2_ws/build/wit_msgs -- -j12 -l12
[3.008s] Invoking command in '/home/dev/ros2_ws/build/wit_msgs': CMAKE_PREFIX_PATH=${CMAKE_PREFIX_PATH}:/home/dev/ros2_ws/install/turtlebot3_teleop:/home/dev/ros2_ws/install/turtlebot3_example:/home/dev/ros2_ws/install/f7_udp:/opt/ros/humble /usr/bin/cmake --install /home/dev/ros2_ws/build/wit_msgs
[3.017s] -- Install configuration: ""
[3.018s] -- Execute custom install script
[3.019s] -- Up-to-date symlink: /home/dev/ros2_ws/install/wit_msgs/share/ament_index/resource_index/rosidl_interfaces/wit_msgs
[3.019s] -- Up-to-date symlink: /home/dev/ros2_ws/install/wit_msgs/include/wit_msgs/wit_msgs/msg/detail/imu_gps_raw__functions.h
[3.019s] -- Up-to-date symlink: /home/dev/ros2_ws/install/wit_msgs/include/wit_msgs/wit_msgs/msg/detail/imu_gps_raw__struct.h
[3.019s] -- Up-to-date symlink: /home/dev/ros2_ws/install/wit_msgs/include/wit_msgs/wit_msgs/msg/detail/imu_gps_raw__type_support.h
[3.019s] -- Up-to-date symlink: /home/dev/ros2_ws/install/wit_msgs/include/wit_msgs/wit_msgs/msg/imu_gps_raw.h
[3.019s] -- Up-to-date symlink: /home/dev/ros2_ws/install/wit_msgs/include/wit_msgs/wit_msgs/msg/rosidl_generator_c__visibility_control.h
[3.019s] -- Up-to-date symlink: /home/dev/ros2_ws/install/wit_msgs/share/wit_msgs/environment/library_path.sh
[3.019s] -- Up-to-date symlink: /home/dev/ros2_ws/install/wit_msgs/share/wit_msgs/environment/library_path.dsv
[3.019s] -- Up-to-date symlink: /home/dev/ros2_ws/install/wit_msgs/include/wit_msgs/wit_msgs/msg/detail/imu_gps_raw__rosidl_typesupport_fastrtps_c.h
[3.019s] -- Up-to-date symlink: /home/dev/ros2_ws/install/wit_msgs/include/wit_msgs/wit_msgs/msg/rosidl_typesupport_fastrtps_c__visibility_control.h
[3.020s] -- Up-to-date symlink: /home/dev/ros2_ws/install/wit_msgs/include/wit_msgs/wit_msgs/msg/detail/imu_gps_raw__builder.hpp
[3.020s] -- Up-to-date symlink: /home/dev/ros2_ws/install/wit_msgs/include/wit_msgs/wit_msgs/msg/detail/imu_gps_raw__struct.hpp
[3.021s] -- Up-to-date symlink: /home/dev/ros2_ws/install/wit_msgs/include/wit_msgs/wit_msgs/msg/detail/imu_gps_raw__traits.hpp
[3.022s] -- Up-to-date symlink: /home/dev/ros2_ws/install/wit_msgs/include/wit_msgs/wit_msgs/msg/imu_gps_raw.hpp
[3.023s] -- Up-to-date symlink: /home/dev/ros2_ws/install/wit_msgs/include/wit_msgs/wit_msgs/msg/detail/imu_gps_raw__rosidl_typesupport_fastrtps_cpp.hpp
[3.023s] -- Up-to-date symlink: /home/dev/ros2_ws/install/wit_msgs/include/wit_msgs/wit_msgs/msg/rosidl_typesupport_fastrtps_cpp__visibility_control.h
[3.024s] -- Up-to-date symlink: /home/dev/ros2_ws/install/wit_msgs/include/wit_msgs/wit_msgs/msg/detail/imu_gps_raw__rosidl_typesupport_introspection_c.h
[3.024s] -- Up-to-date symlink: /home/dev/ros2_ws/install/wit_msgs/include/wit_msgs/wit_msgs/msg/rosidl_typesupport_introspection_c__visibility_control.h
[3.024s] -- Up-to-date symlink: /home/dev/ros2_ws/install/wit_msgs/include/wit_msgs/wit_msgs/msg/detail/imu_gps_raw__rosidl_typesupport_introspection_cpp.hpp
[3.025s] -- Up-to-date symlink: /home/dev/ros2_ws/install/wit_msgs/share/wit_msgs/environment/pythonpath.sh
[3.025s] -- Up-to-date symlink: /home/dev/ros2_ws/install/wit_msgs/share/wit_msgs/environment/pythonpath.dsv
[3.025s] -- Up-to-date symlink: /home/dev/ros2_ws/install/wit_msgs/local/lib/python3.10/dist-packages/wit_msgs-0.1.0-py3.10.egg-info/PKG-INFO
[3.026s] -- Up-to-date symlink: /home/dev/ros2_ws/install/wit_msgs/local/lib/python3.10/dist-packages/wit_msgs-0.1.0-py3.10.egg-info/SOURCES.txt
[3.026s] -- Up-to-date symlink: /home/dev/ros2_ws/install/wit_msgs/local/lib/python3.10/dist-packages/wit_msgs-0.1.0-py3.10.egg-info/dependency_links.txt
[3.026s] -- Up-to-date symlink: /home/dev/ros2_ws/install/wit_msgs/local/lib/python3.10/dist-packages/wit_msgs-0.1.0-py3.10.egg-info/top_level.txt
[3.027s] -- Up-to-date symlink: /home/dev/ros2_ws/install/wit_msgs/local/lib/python3.10/dist-packages/wit_msgs/__init__.py
[3.027s] -- Up-to-date symlink: /home/dev/ros2_ws/install/wit_msgs/local/lib/python3.10/dist-packages/wit_msgs/_wit_msgs_s.ep.rosidl_typesupport_c.c
[3.027s] -- Up-to-date symlink: /home/dev/ros2_ws/install/wit_msgs/local/lib/python3.10/dist-packages/wit_msgs/_wit_msgs_s.ep.rosidl_typesupport_fastrtps_c.c
[3.027s] -- Up-to-date symlink: /home/dev/ros2_ws/install/wit_msgs/local/lib/python3.10/dist-packages/wit_msgs/_wit_msgs_s.ep.rosidl_typesupport_introspection_c.c
[3.027s] -- Up-to-date symlink: /home/dev/ros2_ws/install/wit_msgs/local/lib/python3.10/dist-packages/wit_msgs/libwit_msgs__rosidl_generator_py.so
[3.028s] -- Up-to-date symlink: /home/dev/ros2_ws/install/wit_msgs/local/lib/python3.10/dist-packages/wit_msgs/msg/__init__.py
[3.028s] -- Up-to-date symlink: /home/dev/ros2_ws/install/wit_msgs/local/lib/python3.10/dist-packages/wit_msgs/msg/_imu_gps_raw.py
[3.028s] -- Up-to-date symlink: /home/dev/ros2_ws/install/wit_msgs/local/lib/python3.10/dist-packages/wit_msgs/msg/_imu_gps_raw_s.c
[3.028s] -- Up-to-date symlink: /home/dev/ros2_ws/install/wit_msgs/local/lib/python3.10/dist-packages/wit_msgs/wit_msgs_s__rosidl_typesupport_c.cpython-310-x86_64-linux-gnu.so
[3.028s] -- Up-to-date symlink: /home/dev/ros2_ws/install/wit_msgs/local/lib/python3.10/dist-packages/wit_msgs/wit_msgs_s__rosidl_typesupport_fastrtps_c.cpython-310-x86_64-linux-gnu.so
[3.029s] -- Up-to-date symlink: /home/dev/ros2_ws/install/wit_msgs/local/lib/python3.10/dist-packages/wit_msgs/wit_msgs_s__rosidl_typesupport_introspection_c.cpython-310-x86_64-linux-gnu.so
[3.029s] -- Up-to-date symlink: /home/dev/ros2_ws/install/wit_msgs/local/lib/python3.10/dist-packages/wit_msgs/wit_msgs_s__rosidl_typesupport_fastrtps_c.cpython-310-x86_64-linux-gnu.so
[3.029s] -- Up-to-date symlink: /home/dev/ros2_ws/install/wit_msgs/local/lib/python3.10/dist-packages/wit_msgs/wit_msgs_s__rosidl_typesupport_introspection_c.cpython-310-x86_64-linux-gnu.so
[3.029s] -- Up-to-date symlink: /home/dev/ros2_ws/install/wit_msgs/local/lib/python3.10/dist-packages/wit_msgs/wit_msgs_s__rosidl_typesupport_c.cpython-310-x86_64-linux-gnu.so
[3.029s] -- Up-to-date symlink: /home/dev/ros2_ws/install/wit_msgs/share/wit_msgs/msg/ImuGpsRaw.idl
[3.029s] -- Up-to-date symlink: /home/dev/ros2_ws/install/wit_msgs/share/wit_msgs/msg/ImuGpsRaw.msg
[3.030s] -- Up-to-date symlink: /home/dev/ros2_ws/install/wit_msgs/share/ament_index/resource_index/package_run_dependencies/wit_msgs
[3.030s] -- Up-to-date symlink: /home/dev/ros2_ws/install/wit_msgs/share/ament_index/resource_index/parent_prefix_path/wit_msgs
[3.030s] -- Up-to-date symlink: /home/dev/ros2_ws/install/wit_msgs/share/wit_msgs/environment/ament_prefix_path.sh
[3.030s] -- Up-to-date symlink: /home/dev/ros2_ws/install/wit_msgs/share/wit_msgs/environment/ament_prefix_path.dsv
[3.030s] -- Up-to-date symlink: /home/dev/ros2_ws/install/wit_msgs/share/wit_msgs/environment/path.sh
[3.031s] -- Up-to-date symlink: /home/dev/ros2_ws/install/wit_msgs/share/wit_msgs/environment/path.dsv
[3.031s] -- Up-to-date symlink: /home/dev/ros2_ws/install/wit_msgs/share/wit_msgs/local_setup.bash
[3.031s] -- Up-to-date symlink: /home/dev/ros2_ws/install/wit_msgs/share/wit_msgs/local_setup.sh
[3.031s] -- Up-to-date symlink: /home/dev/ros2_ws/install/wit_msgs/share/wit_msgs/local_setup.zsh
[3.032s] -- Up-to-date symlink: /home/dev/ros2_ws/install/wit_msgs/share/wit_msgs/local_setup.dsv
[3.032s] -- Symlinking: /home/dev/ros2_ws/install/wit_msgs/share/wit_msgs/package.dsv
[3.043s] -- Up-to-date symlink: /home/dev/ros2_ws/install/wit_msgs/share/ament_index/resource_index/packages/wit_msgs
[3.043s] -- Up-to-date symlink: /home/dev/ros2_ws/install/wit_msgs/share/wit_msgs/cmake/rosidl_cmake-extras.cmake
[3.044s] -- Up-to-date symlink: /home/dev/ros2_ws/install/wit_msgs/share/wit_msgs/cmake/ament_cmake_export_dependencies-extras.cmake
[3.044s] -- Up-to-date symlink: /home/dev/ros2_ws/install/wit_msgs/share/wit_msgs/cmake/ament_cmake_export_include_directories-extras.cmake
[3.044s] -- Up-to-date symlink: /home/dev/ros2_ws/install/wit_msgs/share/wit_msgs/cmake/ament_cmake_export_libraries-extras.cmake
[3.045s] -- Up-to-date symlink: /home/dev/ros2_ws/install/wit_msgs/share/wit_msgs/cmake/ament_cmake_export_targets-extras.cmake
[3.045s] -- Up-to-date symlink: /home/dev/ros2_ws/install/wit_msgs/share/wit_msgs/cmake/rosidl_cmake_export_typesupport_targets-extras.cmake
[3.045s] -- Up-to-date symlink: /home/dev/ros2_ws/install/wit_msgs/share/wit_msgs/cmake/rosidl_cmake_export_typesupport_libraries-extras.cmake
[3.046s] -- Up-to-date symlink: /home/dev/ros2_ws/install/wit_msgs/share/wit_msgs/cmake/wit_msgsConfig.cmake
[3.046s] -- Up-to-date symlink: /home/dev/ros2_ws/install/wit_msgs/share/wit_msgs/cmake/wit_msgsConfig-version.cmake
[3.046s] -- Up-to-date symlink: /home/dev/ros2_ws/install/wit_msgs/share/wit_msgs/package.xml
[3.046s] -- Up-to-date: /home/dev/ros2_ws/install/wit_msgs/lib/libwit_msgs__rosidl_generator_c.so
[3.047s] -- Up-to-date: /home/dev/ros2_ws/install/wit_msgs/lib/libwit_msgs__rosidl_typesupport_fastrtps_c.so
[3.047s] -- Up-to-date: /home/dev/ros2_ws/install/wit_msgs/lib/libwit_msgs__rosidl_typesupport_fastrtps_cpp.so
[3.047s] -- Up-to-date: /home/dev/ros2_ws/install/wit_msgs/lib/libwit_msgs__rosidl_typesupport_introspection_c.so
[3.047s] -- Up-to-date: /home/dev/ros2_ws/install/wit_msgs/lib/libwit_msgs__rosidl_typesupport_c.so
[3.051s] -- Up-to-date: /home/dev/ros2_ws/install/wit_msgs/lib/libwit_msgs__rosidl_typesupport_introspection_cpp.so
[3.051s] -- Up-to-date: /home/dev/ros2_ws/install/wit_msgs/lib/libwit_msgs__rosidl_typesupport_cpp.so
[3.100s] Listing '/home/dev/ros2_ws/install/wit_msgs/local/lib/python3.10/dist-packages/wit_msgs'...
[3.100s] Compiling '/home/dev/ros2_ws/install/wit_msgs/local/lib/python3.10/dist-packages/wit_msgs/__init__.py'...
[3.101s] Listing '/home/dev/ros2_ws/install/wit_msgs/local/lib/python3.10/dist-packages/wit_msgs/msg'...
[3.106s] -- Up-to-date: /home/dev/ros2_ws/install/wit_msgs/lib/libwit_msgs__rosidl_generator_py.so
[3.106s] -- Up-to-date: /home/dev/ros2_ws/install/wit_msgs/share/wit_msgs/cmake/export_wit_msgs__rosidl_generator_cExport.cmake
[3.106s] -- Up-to-date: /home/dev/ros2_ws/install/wit_msgs/share/wit_msgs/cmake/export_wit_msgs__rosidl_generator_cExport-noconfig.cmake
[3.107s] -- Up-to-date: /home/dev/ros2_ws/install/wit_msgs/share/wit_msgs/cmake/export_wit_msgs__rosidl_typesupport_fastrtps_cExport.cmake
[3.107s] -- Up-to-date: /home/dev/ros2_ws/install/wit_msgs/share/wit_msgs/cmake/export_wit_msgs__rosidl_typesupport_fastrtps_cExport-noconfig.cmake
[3.107s] -- Up-to-date: /home/dev/ros2_ws/install/wit_msgs/share/wit_msgs/cmake/export_wit_msgs__rosidl_generator_cppExport.cmake
[3.107s] -- Up-to-date: /home/dev/ros2_ws/install/wit_msgs/share/wit_msgs/cmake/export_wit_msgs__rosidl_typesupport_fastrtps_cppExport.cmake
[3.107s] -- Up-to-date: /home/dev/ros2_ws/install/wit_msgs/share/wit_msgs/cmake/export_wit_msgs__rosidl_typesupport_fastrtps_cppExport-noconfig.cmake
[3.107s] -- Up-to-date: /home/dev/ros2_ws/install/wit_msgs/share/wit_msgs/cmake/wit_msgs__rosidl_typesupport_introspection_cExport.cmake
[3.107s] -- Up-to-date: /home/dev/ros2_ws/install/wit_msgs/share/wit_msgs/cmake/wit_msgs__rosidl_typesupport_introspection_cExport-noconfig.cmake
[3.108s] -- Up-to-date: /home/dev/ros2_ws/install/wit_msgs/share/wit_msgs/cmake/wit_msgs__rosidl_typesupport_cExport.cmake
[3.108s] -- Up-to-date: /home/dev/ros2_ws/install/wit_msgs/share/wit_msgs/cmake/wit_msgs__rosidl_typesupport_cExport-noconfig.cmake
[3.108s] -- Up-to-date: /home/dev/ros2_ws/install/wit_msgs/share/wit_msgs/cmake/wit_msgs__rosidl_typesupport_introspection_cppExport.cmake
[3.108s] -- Up-to-date: /home/dev/ros2_ws/install/wit_msgs/share/wit_msgs/cmake/wit_msgs__rosidl_typesupport_introspection_cppExport-noconfig.cmake
[3.111s] -- Up-to-date: /home/dev/ros2_ws/install/wit_msgs/share/wit_msgs/cmake/wit_msgs__rosidl_typesupport_cppExport.cmake
[3.111s] -- Up-to-date: /home/dev/ros2_ws/install/wit_msgs/share/wit_msgs/cmake/wit_msgs__rosidl_typesupport_cppExport-noconfig.cmake
[3.111s] -- Up-to-date: /home/dev/ros2_ws/install/wit_msgs/share/wit_msgs/cmake/export_wit_msgs__rosidl_generator_pyExport.cmake
[3.112s] -- Up-to-date: /home/dev/ros2_ws/install/wit_msgs/share/wit_msgs/cmake/export_wit_msgs__rosidl_generator_pyExport-noconfig.cmake
[3.121s] Invoked command in '/home/dev/ros2_ws/build/wit_msgs' returned '0': CMAKE_PREFIX_PATH=${CMAKE_PREFIX_PATH}:/home/dev/ros2_ws/install/turtlebot3_teleop:/home/dev/ros2_ws/install/turtlebot3_example:/home/dev/ros2_ws/install/f7_udp:/opt/ros/humble /usr/bin/cmake --install /home/dev/ros2_ws/build/wit_msgs
