-- The C compiler identification is GNU 11.4.0
-- The CXX compiler identification is GNU 11.4.0
-- Detecting C compiler ABI info
-- Detecting C compiler ABI info - done
-- Check for working C compiler: /usr/bin/cc - skipped
-- Detecting C compile features
-- Detecting C compile features - done
-- Detecting CXX compiler ABI info
-- Detecting CXX compiler ABI info - done
-- Check for working CXX compiler: /usr/bin/c++ - skipped
-- Detecting CXX compile features
-- Detecting CXX compile features - done
-- Found ament_cmake_auto: 1.3.10 (/opt/ros/humble/share/ament_cmake_auto/cmake)
-- Found Python3: /usr/bin/python3 (found version "3.10.12") found components: Interpreter 
-- Override CMake install command with custom implementation using symlinks instead of copying resources
-- Found rosidl_generator_c: 3.1.5 (/opt/ros/humble/share/rosidl_generator_c/cmake)
-- Found rosidl_adapter: 3.1.5 (/opt/ros/humble/share/rosidl_adapter/cmake)
-- Found rosidl_generator_cpp: 3.1.5 (/opt/ros/humble/share/rosidl_generator_cpp/cmake)
-- Using all available rosidl_typesupport_c: rosidl_typesupport_fastrtps_c;rosidl_typesupport_introspection_c
-- Using all available rosidl_typesupport_cpp: rosidl_typesupport_fastrtps_cpp;rosidl_typesupport_introspection_cpp
-- Found rmw_implementation_cmake: 6.1.2 (/opt/ros/humble/share/rmw_implementation_cmake/cmake)
-- Found rmw_fastrtps_cpp: 6.2.7 (/opt/ros/humble/share/rmw_fastrtps_cpp/cmake)
-- Found OpenSSL: /usr/lib/x86_64-linux-gnu/libcrypto.so (found version "3.0.2")  
-- Found FastRTPS: /opt/ros/humble/include  
-- Using RMW implementation 'rmw_fastrtps_cpp' as default
-- Looking for pthread.h
-- Looking for pthread.h - found
-- Performing Test CMAKE_HAVE_LIBC_PTHREAD
-- Performing Test CMAKE_HAVE_LIBC_PTHREAD - Success
-- Found Threads: TRUE  
-- Found eigen3_cmake_module: 0.1.1 (/opt/ros/humble/share/eigen3_cmake_module/cmake)
-- Found Eigen3: TRUE (found version "3.4.0") 
-- Ensuring Eigen3 include directory is part of orocos-kdl CMake target
-- Found ecl_build: 1.0.3 (/opt/ros/humble/share/ecl_build/cmake)
[33mCMake Warning (dev) at /usr/share/cmake-3.22/Modules/FindPackageHandleStandardArgs.cmake:438 (message):
  The package name passed to `find_package_handle_standard_args` (Threads)
  does not match the name of the calling package (ecl_threads).  This can
  lead to problems in calling code that expects `find_package` result
  variables (e.g., `_FOUND`) to follow a certain pattern.
Call Stack (most recent call first):
  /usr/share/cmake-3.22/Modules/FindThreads.cmake:238 (FIND_PACKAGE_HANDLE_STANDARD_ARGS)
  /opt/ros/humble/share/ecl_build/cmake/ecl_platform_detection.cmake:225 (include)
  /opt/ros/humble/share/ecl_threads/cmake/ecl_threads-extras.cmake:4 (ecl_detect_threads)
  /opt/ros/humble/share/ecl_threads/cmake/ecl_threadsConfig.cmake:41 (include)
  /opt/ros/humble/share/ecl_devices/cmake/ament_cmake_export_dependencies-extras.cmake:21 (find_package)
  /opt/ros/humble/share/ecl_devices/cmake/ecl_devicesConfig.cmake:41 (include)
  /home/dev/ros2_ws/install/wit_driver/share/wit_driver/cmake/ament_cmake_export_dependencies-extras.cmake:21 (find_package)
  /home/dev/ros2_ws/install/wit_driver/share/wit_driver/cmake/wit_driverConfig.cmake:41 (include)
  /opt/ros/humble/share/ament_cmake_auto/cmake/ament_auto_find_build_dependencies.cmake:67 (find_package)
  CMakeLists.txt:22 (ament_auto_find_build_dependencies)
This warning is for project developers.  Use -Wno-dev to suppress it.
[0m
-- Found ament_lint_auto: 0.12.11 (/opt/ros/humble/share/ament_lint_auto/cmake)
-- Added test 'copyright' to check source files copyright and LICENSE
-- Added test 'cppcheck' to perform static code analysis on C / C++ code
-- Configured cppcheck include dirs: /home/dev/ros2_ws/src/wit_node/wit_node/include
-- Configured cppcheck exclude dirs and/or files: 
-- Added test 'cpplint' to check C / C++ code against the Google style
-- Configured cpplint exclude dirs and/or files: 
-- Added test 'flake8' to check Python code syntax and style conventions
-- Added test 'lint_cmake' to check CMake code style
-- Added test 'pep257' to check Python code against some of the docstring style conventions in PEP 257
-- Added test 'uncrustify' to check C / C++ code style
-- Configured uncrustify additional arguments: 
-- Added test 'xmllint' to check XML markup files
-- Configuring done
-- Generating done
-- Build files have been written to: /home/dev/ros2_ws/build/wit_node
[ 25%] [32mBuilding CXX object CMakeFiles/wit.dir/src/wit_node.cpp.o[0m
[ 50%] [32mBuilding CXX object CMakeFiles/wit_node.dir/rclcpp_components/node_main_wit_node.cpp.o[0m
[ 75%] [32m[1mLinking CXX executable wit_node[0m
[ 75%] Built target wit_node
[100%] [32m[1mLinking CXX shared library libwit.so[0m
[100%] Built target wit
-- Install configuration: ""
-- Execute custom install script
-- Symlinking: /home/dev/ros2_ws/install/wit_node/lib/wit_node/wit_node
-- Symlinking: /home/dev/ros2_ws/install/wit_node/include/wit_node/wit_node.hpp
-- Symlinking: /home/dev/ros2_ws/install/wit_node/share/wit_node/environment/library_path.sh
-- Symlinking: /home/dev/ros2_ws/install/wit_node/share/wit_node/environment/library_path.dsv
-- Symlinking: /home/dev/ros2_ws/install/wit_node/lib/libwit.so
-- Symlinking: /home/dev/ros2_ws/install/wit_node/share/wit_node/launch/wit.launch.py
-- Symlinking: /home/dev/ros2_ws/install/wit_node/share/wit_node/launch/wit_visualize.launch.py
-- Symlinking: /home/dev/ros2_ws/install/wit_node/share/wit_node/rviz2/wit.rviz
-- Symlinking: /home/dev/ros2_ws/install/wit_node/share/ament_index/resource_index/package_run_dependencies/wit_node
-- Symlinking: /home/dev/ros2_ws/install/wit_node/share/ament_index/resource_index/parent_prefix_path/wit_node
-- Symlinking: /home/dev/ros2_ws/install/wit_node/share/wit_node/environment/ament_prefix_path.sh
-- Symlinking: /home/dev/ros2_ws/install/wit_node/share/wit_node/environment/ament_prefix_path.dsv
-- Symlinking: /home/dev/ros2_ws/install/wit_node/share/wit_node/environment/path.sh
-- Symlinking: /home/dev/ros2_ws/install/wit_node/share/wit_node/environment/path.dsv
-- Symlinking: /home/dev/ros2_ws/install/wit_node/share/wit_node/local_setup.bash
-- Symlinking: /home/dev/ros2_ws/install/wit_node/share/wit_node/local_setup.sh
-- Symlinking: /home/dev/ros2_ws/install/wit_node/share/wit_node/local_setup.zsh
-- Symlinking: /home/dev/ros2_ws/install/wit_node/share/wit_node/local_setup.dsv
-- Symlinking: /home/dev/ros2_ws/install/wit_node/share/wit_node/package.dsv
-- Symlinking: /home/dev/ros2_ws/install/wit_node/share/ament_index/resource_index/packages/wit_node
-- Symlinking: /home/dev/ros2_ws/install/wit_node/share/ament_index/resource_index/rclcpp_components/wit_node
-- Symlinking: /home/dev/ros2_ws/install/wit_node/share/wit_node/cmake/ament_cmake_export_dependencies-extras.cmake
-- Symlinking: /home/dev/ros2_ws/install/wit_node/share/wit_node/cmake/ament_cmake_export_include_directories-extras.cmake
-- Symlinking: /home/dev/ros2_ws/install/wit_node/share/wit_node/cmake/ament_cmake_export_libraries-extras.cmake
-- Symlinking: /home/dev/ros2_ws/install/wit_node/share/wit_node/cmake/wit_nodeConfig.cmake
-- Symlinking: /home/dev/ros2_ws/install/wit_node/share/wit_node/cmake/wit_nodeConfig-version.cmake
-- Symlinking: /home/dev/ros2_ws/install/wit_node/share/wit_node/package.xml
