[0.013s] Invoking command in '/home/dev/ros2_ws/build/wit_node': AMENT_PREFIX_PATH=/home/dev/ros2_ws/install/wit_msgs:/home/dev/ros2_ws/install/wit_driver:${AMENT_PREFIX_PATH} CMAKE_PREFIX_PATH=/home/dev/ros2_ws/install/wit_msgs:/home/dev/ros2_ws/install/wit_driver:/home/dev/ros2_ws/install/turtlebot3:/home/dev/ros2_ws/install/turtlebot3_bringup:/home/dev/ros2_ws/install/turtlebot3_node:/home/dev/ros2_ws/install/turtlebot3_navigation2:/home/dev/ros2_ws/install/turtlebot3_description:/home/dev/ros2_ws/install/turtlebot3_cartographer:/home/dev/ros2_ws/install/ldlidar:/home/dev/ros2_ws/install/ldlidar_node:/home/dev/ros2_ws/install/ldlidar_component:/home/dev/ros2_ws/install/turtlebot3_teleop:/home/dev/ros2_ws/install/turtlebot3_example:/home/dev/ros2_ws/install/f7_udp:/opt/ros/humble LD_LIBRARY_PATH=/home/dev/ros2_ws/install/wit_msgs/lib:/home/dev/ros2_ws/install/wit_driver/lib:${LD_LIBRARY_PATH} PYTHONPATH=/home/dev/ros2_ws/install/wit_msgs/local/lib/python3.10/dist-packages:${PYTHONPATH} /usr/bin/cmake /home/dev/ros2_ws/src/wit_node/wit_node -DAMENT_CMAKE_SYMLINK_INSTALL=1 -DCMAKE_INSTALL_PREFIX=/home/dev/ros2_ws/install/wit_node
[0.061s] -- The C compiler identification is GNU 11.4.0
[0.104s] -- The CXX compiler identification is GNU 11.4.0
[0.110s] -- Detecting C compiler ABI info
[0.161s] -- Detecting C compiler ABI info - done
[0.166s] -- Check for working C compiler: /usr/bin/cc - skipped
[0.166s] -- Detecting C compile features
[0.166s] -- Detecting C compile features - done
[0.168s] -- Detecting CXX compiler ABI info
[0.225s] -- Detecting CXX compiler ABI info - done
[0.233s] -- Check for working CXX compiler: /usr/bin/c++ - skipped
[0.233s] -- Detecting CXX compile features
[0.233s] -- Detecting CXX compile features - done
[0.236s] -- Found ament_cmake_auto: 1.3.10 (/opt/ros/humble/share/ament_cmake_auto/cmake)
[0.351s] -- Found Python3: /usr/bin/python3 (found version "3.10.12") found components: Interpreter 
[0.390s] -- Override CMake install command with custom implementation using symlinks instead of copying resources
[0.482s] -- Found rosidl_generator_c: 3.1.5 (/opt/ros/humble/share/rosidl_generator_c/cmake)
[0.486s] -- Found rosidl_adapter: 3.1.5 (/opt/ros/humble/share/rosidl_adapter/cmake)
[0.491s] -- Found rosidl_generator_cpp: 3.1.5 (/opt/ros/humble/share/rosidl_generator_cpp/cmake)
[0.499s] -- Using all available rosidl_typesupport_c: rosidl_typesupport_fastrtps_c;rosidl_typesupport_introspection_c
[0.510s] -- Using all available rosidl_typesupport_cpp: rosidl_typesupport_fastrtps_cpp;rosidl_typesupport_introspection_cpp
[0.539s] -- Found rmw_implementation_cmake: 6.1.2 (/opt/ros/humble/share/rmw_implementation_cmake/cmake)
[0.541s] -- Found rmw_fastrtps_cpp: 6.2.7 (/opt/ros/humble/share/rmw_fastrtps_cpp/cmake)
[0.611s] -- Found OpenSSL: /usr/lib/x86_64-linux-gnu/libcrypto.so (found version "3.0.2")  
[0.628s] -- Found FastRTPS: /opt/ros/humble/include  
[0.659s] -- Using RMW implementation 'rmw_fastrtps_cpp' as default
[0.666s] -- Looking for pthread.h
[0.725s] -- Looking for pthread.h - found
[0.725s] -- Performing Test CMAKE_HAVE_LIBC_PTHREAD
[0.784s] -- Performing Test CMAKE_HAVE_LIBC_PTHREAD - Success
[0.785s] -- Found Threads: TRUE  
[0.870s] -- Found eigen3_cmake_module: 0.1.1 (/opt/ros/humble/share/eigen3_cmake_module/cmake)
[0.871s] -- Found Eigen3: TRUE (found version "3.4.0") 
[0.871s] -- Ensuring Eigen3 include directory is part of orocos-kdl CMake target
[0.950s] -- Found ecl_build: 1.0.3 (/opt/ros/humble/share/ecl_build/cmake)
[0.954s] [33mCMake Warning (dev) at /usr/share/cmake-3.22/Modules/FindPackageHandleStandardArgs.cmake:438 (message):
[0.954s]   The package name passed to `find_package_handle_standard_args` (Threads)
[0.954s]   does not match the name of the calling package (ecl_threads).  This can
[0.954s]   lead to problems in calling code that expects `find_package` result
[0.954s]   variables (e.g., `_FOUND`) to follow a certain pattern.
[0.954s] Call Stack (most recent call first):
[0.954s]   /usr/share/cmake-3.22/Modules/FindThreads.cmake:238 (FIND_PACKAGE_HANDLE_STANDARD_ARGS)
[0.955s]   /opt/ros/humble/share/ecl_build/cmake/ecl_platform_detection.cmake:225 (include)
[0.955s]   /opt/ros/humble/share/ecl_threads/cmake/ecl_threads-extras.cmake:4 (ecl_detect_threads)
[0.955s]   /opt/ros/humble/share/ecl_threads/cmake/ecl_threadsConfig.cmake:41 (include)
[0.955s]   /opt/ros/humble/share/ecl_devices/cmake/ament_cmake_export_dependencies-extras.cmake:21 (find_package)
[0.955s]   /opt/ros/humble/share/ecl_devices/cmake/ecl_devicesConfig.cmake:41 (include)
[0.955s]   /home/dev/ros2_ws/install/wit_driver/share/wit_driver/cmake/ament_cmake_export_dependencies-extras.cmake:21 (find_package)
[0.955s]   /home/dev/ros2_ws/install/wit_driver/share/wit_driver/cmake/wit_driverConfig.cmake:41 (include)
[0.955s]   /opt/ros/humble/share/ament_cmake_auto/cmake/ament_auto_find_build_dependencies.cmake:67 (find_package)
[0.955s]   CMakeLists.txt:22 (ament_auto_find_build_dependencies)
[0.955s] This warning is for project developers.  Use -Wno-dev to suppress it.
[0.955s] [0m
[0.993s] -- Found ament_lint_auto: 0.12.11 (/opt/ros/humble/share/ament_lint_auto/cmake)
[1.009s] -- Added test 'copyright' to check source files copyright and LICENSE
[1.010s] -- Added test 'cppcheck' to perform static code analysis on C / C++ code
[1.010s] -- Configured cppcheck include dirs: /home/dev/ros2_ws/src/wit_node/wit_node/include
[1.010s] -- Configured cppcheck exclude dirs and/or files: 
[1.011s] -- Added test 'cpplint' to check C / C++ code against the Google style
[1.011s] -- Configured cpplint exclude dirs and/or files: 
[1.011s] -- Added test 'flake8' to check Python code syntax and style conventions
[1.012s] -- Added test 'lint_cmake' to check CMake code style
[1.012s] -- Added test 'pep257' to check Python code against some of the docstring style conventions in PEP 257
[1.012s] -- Added test 'uncrustify' to check C / C++ code style
[1.013s] -- Configured uncrustify additional arguments: 
[1.013s] -- Added test 'xmllint' to check XML markup files
[1.014s] -- Configuring done
[1.025s] -- Generating done
[1.026s] -- Build files have been written to: /home/dev/ros2_ws/build/wit_node
[1.034s] Invoked command in '/home/dev/ros2_ws/build/wit_node' returned '0': AMENT_PREFIX_PATH=/home/dev/ros2_ws/install/wit_msgs:/home/dev/ros2_ws/install/wit_driver:${AMENT_PREFIX_PATH} CMAKE_PREFIX_PATH=/home/dev/ros2_ws/install/wit_msgs:/home/dev/ros2_ws/install/wit_driver:/home/dev/ros2_ws/install/turtlebot3:/home/dev/ros2_ws/install/turtlebot3_bringup:/home/dev/ros2_ws/install/turtlebot3_node:/home/dev/ros2_ws/install/turtlebot3_navigation2:/home/dev/ros2_ws/install/turtlebot3_description:/home/dev/ros2_ws/install/turtlebot3_cartographer:/home/dev/ros2_ws/install/ldlidar:/home/dev/ros2_ws/install/ldlidar_node:/home/dev/ros2_ws/install/ldlidar_component:/home/dev/ros2_ws/install/turtlebot3_teleop:/home/dev/ros2_ws/install/turtlebot3_example:/home/dev/ros2_ws/install/f7_udp:/opt/ros/humble LD_LIBRARY_PATH=/home/dev/ros2_ws/install/wit_msgs/lib:/home/dev/ros2_ws/install/wit_driver/lib:${LD_LIBRARY_PATH} PYTHONPATH=/home/dev/ros2_ws/install/wit_msgs/local/lib/python3.10/dist-packages:${PYTHONPATH} /usr/bin/cmake /home/dev/ros2_ws/src/wit_node/wit_node -DAMENT_CMAKE_SYMLINK_INSTALL=1 -DCMAKE_INSTALL_PREFIX=/home/dev/ros2_ws/install/wit_node
[1.036s] Invoking command in '/home/dev/ros2_ws/build/wit_node': AMENT_PREFIX_PATH=/home/dev/ros2_ws/install/wit_msgs:/home/dev/ros2_ws/install/wit_driver:${AMENT_PREFIX_PATH} CMAKE_PREFIX_PATH=/home/dev/ros2_ws/install/wit_msgs:/home/dev/ros2_ws/install/wit_driver:/home/dev/ros2_ws/install/turtlebot3:/home/dev/ros2_ws/install/turtlebot3_bringup:/home/dev/ros2_ws/install/turtlebot3_node:/home/dev/ros2_ws/install/turtlebot3_navigation2:/home/dev/ros2_ws/install/turtlebot3_description:/home/dev/ros2_ws/install/turtlebot3_cartographer:/home/dev/ros2_ws/install/ldlidar:/home/dev/ros2_ws/install/ldlidar_node:/home/dev/ros2_ws/install/ldlidar_component:/home/dev/ros2_ws/install/turtlebot3_teleop:/home/dev/ros2_ws/install/turtlebot3_example:/home/dev/ros2_ws/install/f7_udp:/opt/ros/humble LD_LIBRARY_PATH=/home/dev/ros2_ws/install/wit_msgs/lib:/home/dev/ros2_ws/install/wit_driver/lib:${LD_LIBRARY_PATH} PYTHONPATH=/home/dev/ros2_ws/install/wit_msgs/local/lib/python3.10/dist-packages:${PYTHONPATH} /usr/bin/cmake --build /home/dev/ros2_ws/build/wit_node -- -j12 -l12
[1.073s] [ 25%] [32mBuilding CXX object CMakeFiles/wit.dir/src/wit_node.cpp.o[0m
[1.074s] [ 50%] [32mBuilding CXX object CMakeFiles/wit_node.dir/rclcpp_components/node_main_wit_node.cpp.o[0m
[3.078s] [ 75%] [32m[1mLinking CXX executable wit_node[0m
[3.181s] [ 75%] Built target wit_node
[7.932s] [100%] [32m[1mLinking CXX shared library libwit.so[0m
[8.325s] [100%] Built target wit
[8.333s] Invoked command in '/home/dev/ros2_ws/build/wit_node' returned '0': AMENT_PREFIX_PATH=/home/dev/ros2_ws/install/wit_msgs:/home/dev/ros2_ws/install/wit_driver:${AMENT_PREFIX_PATH} CMAKE_PREFIX_PATH=/home/dev/ros2_ws/install/wit_msgs:/home/dev/ros2_ws/install/wit_driver:/home/dev/ros2_ws/install/turtlebot3:/home/dev/ros2_ws/install/turtlebot3_bringup:/home/dev/ros2_ws/install/turtlebot3_node:/home/dev/ros2_ws/install/turtlebot3_navigation2:/home/dev/ros2_ws/install/turtlebot3_description:/home/dev/ros2_ws/install/turtlebot3_cartographer:/home/dev/ros2_ws/install/ldlidar:/home/dev/ros2_ws/install/ldlidar_node:/home/dev/ros2_ws/install/ldlidar_component:/home/dev/ros2_ws/install/turtlebot3_teleop:/home/dev/ros2_ws/install/turtlebot3_example:/home/dev/ros2_ws/install/f7_udp:/opt/ros/humble LD_LIBRARY_PATH=/home/dev/ros2_ws/install/wit_msgs/lib:/home/dev/ros2_ws/install/wit_driver/lib:${LD_LIBRARY_PATH} PYTHONPATH=/home/dev/ros2_ws/install/wit_msgs/local/lib/python3.10/dist-packages:${PYTHONPATH} /usr/bin/cmake --build /home/dev/ros2_ws/build/wit_node -- -j12 -l12
[8.360s] Invoking command in '/home/dev/ros2_ws/build/wit_node': AMENT_PREFIX_PATH=/home/dev/ros2_ws/install/wit_msgs:/home/dev/ros2_ws/install/wit_driver:${AMENT_PREFIX_PATH} CMAKE_PREFIX_PATH=/home/dev/ros2_ws/install/wit_msgs:/home/dev/ros2_ws/install/wit_driver:/home/dev/ros2_ws/install/turtlebot3:/home/dev/ros2_ws/install/turtlebot3_bringup:/home/dev/ros2_ws/install/turtlebot3_node:/home/dev/ros2_ws/install/turtlebot3_navigation2:/home/dev/ros2_ws/install/turtlebot3_description:/home/dev/ros2_ws/install/turtlebot3_cartographer:/home/dev/ros2_ws/install/ldlidar:/home/dev/ros2_ws/install/ldlidar_node:/home/dev/ros2_ws/install/ldlidar_component:/home/dev/ros2_ws/install/turtlebot3_teleop:/home/dev/ros2_ws/install/turtlebot3_example:/home/dev/ros2_ws/install/f7_udp:/opt/ros/humble LD_LIBRARY_PATH=/home/dev/ros2_ws/install/wit_msgs/lib:/home/dev/ros2_ws/install/wit_driver/lib:${LD_LIBRARY_PATH} PYTHONPATH=/home/dev/ros2_ws/install/wit_msgs/local/lib/python3.10/dist-packages:${PYTHONPATH} /usr/bin/cmake --install /home/dev/ros2_ws/build/wit_node
[8.366s] -- Install configuration: ""
[8.366s] -- Execute custom install script
[8.366s] -- Symlinking: /home/dev/ros2_ws/install/wit_node/lib/wit_node/wit_node
[8.373s] -- Symlinking: /home/dev/ros2_ws/install/wit_node/include/wit_node/wit_node.hpp
[8.382s] -- Symlinking: /home/dev/ros2_ws/install/wit_node/share/wit_node/environment/library_path.sh
[8.390s] -- Symlinking: /home/dev/ros2_ws/install/wit_node/share/wit_node/environment/library_path.dsv
[8.396s] -- Symlinking: /home/dev/ros2_ws/install/wit_node/lib/libwit.so
[8.404s] -- Symlinking: /home/dev/ros2_ws/install/wit_node/share/wit_node/launch/wit.launch.py
[8.412s] -- Symlinking: /home/dev/ros2_ws/install/wit_node/share/wit_node/launch/wit_visualize.launch.py
[8.420s] -- Symlinking: /home/dev/ros2_ws/install/wit_node/share/wit_node/rviz2/wit.rviz
[8.426s] -- Symlinking: /home/dev/ros2_ws/install/wit_node/share/ament_index/resource_index/package_run_dependencies/wit_node
[8.432s] -- Symlinking: /home/dev/ros2_ws/install/wit_node/share/ament_index/resource_index/parent_prefix_path/wit_node
[8.439s] -- Symlinking: /home/dev/ros2_ws/install/wit_node/share/wit_node/environment/ament_prefix_path.sh
[8.445s] -- Symlinking: /home/dev/ros2_ws/install/wit_node/share/wit_node/environment/ament_prefix_path.dsv
[8.453s] -- Symlinking: /home/dev/ros2_ws/install/wit_node/share/wit_node/environment/path.sh
[8.458s] -- Symlinking: /home/dev/ros2_ws/install/wit_node/share/wit_node/environment/path.dsv
[8.464s] -- Symlinking: /home/dev/ros2_ws/install/wit_node/share/wit_node/local_setup.bash
[8.471s] -- Symlinking: /home/dev/ros2_ws/install/wit_node/share/wit_node/local_setup.sh
[8.477s] -- Symlinking: /home/dev/ros2_ws/install/wit_node/share/wit_node/local_setup.zsh
[8.484s] -- Symlinking: /home/dev/ros2_ws/install/wit_node/share/wit_node/local_setup.dsv
[8.491s] -- Symlinking: /home/dev/ros2_ws/install/wit_node/share/wit_node/package.dsv
[8.498s] -- Symlinking: /home/dev/ros2_ws/install/wit_node/share/ament_index/resource_index/packages/wit_node
[8.504s] -- Symlinking: /home/dev/ros2_ws/install/wit_node/share/ament_index/resource_index/rclcpp_components/wit_node
[8.511s] -- Symlinking: /home/dev/ros2_ws/install/wit_node/share/wit_node/cmake/ament_cmake_export_dependencies-extras.cmake
[8.517s] -- Symlinking: /home/dev/ros2_ws/install/wit_node/share/wit_node/cmake/ament_cmake_export_include_directories-extras.cmake
[8.525s] -- Symlinking: /home/dev/ros2_ws/install/wit_node/share/wit_node/cmake/ament_cmake_export_libraries-extras.cmake
[8.533s] -- Symlinking: /home/dev/ros2_ws/install/wit_node/share/wit_node/cmake/wit_nodeConfig.cmake
[8.539s] -- Symlinking: /home/dev/ros2_ws/install/wit_node/share/wit_node/cmake/wit_nodeConfig-version.cmake
[8.545s] -- Symlinking: /home/dev/ros2_ws/install/wit_node/share/wit_node/package.xml
[8.554s] Invoked command in '/home/dev/ros2_ws/build/wit_node' returned '0': AMENT_PREFIX_PATH=/home/dev/ros2_ws/install/wit_msgs:/home/dev/ros2_ws/install/wit_driver:${AMENT_PREFIX_PATH} CMAKE_PREFIX_PATH=/home/dev/ros2_ws/install/wit_msgs:/home/dev/ros2_ws/install/wit_driver:/home/dev/ros2_ws/install/turtlebot3:/home/dev/ros2_ws/install/turtlebot3_bringup:/home/dev/ros2_ws/install/turtlebot3_node:/home/dev/ros2_ws/install/turtlebot3_navigation2:/home/dev/ros2_ws/install/turtlebot3_description:/home/dev/ros2_ws/install/turtlebot3_cartographer:/home/dev/ros2_ws/install/ldlidar:/home/dev/ros2_ws/install/ldlidar_node:/home/dev/ros2_ws/install/ldlidar_component:/home/dev/ros2_ws/install/turtlebot3_teleop:/home/dev/ros2_ws/install/turtlebot3_example:/home/dev/ros2_ws/install/f7_udp:/opt/ros/humble LD_LIBRARY_PATH=/home/dev/ros2_ws/install/wit_msgs/lib:/home/dev/ros2_ws/install/wit_driver/lib:${LD_LIBRARY_PATH} PYTHONPATH=/home/dev/ros2_ws/install/wit_msgs/local/lib/python3.10/dist-packages:${PYTHONPATH} /usr/bin/cmake --install /home/dev/ros2_ws/build/wit_node
