[1.027s] Invoking command in '/home/dev/ros2_ws/build/turtlebot3_example': PYTHONPATH=/home/dev/ros2_ws/build/turtlebot3_example/prefix_override:/usr/lib/python3/dist-packages/colcon_core/task/python/colcon_distutils_commands:/home/dev/ros2_ws/install/turtlebot3_example/lib/python3.10/site-packages:${PYTHONPATH} /usr/bin/python3 -W ignore:setup.py install is deprecated setup.py develop --editable --build-directory /home/dev/ros2_ws/build/turtlebot3_example/build --no-deps symlink_data
[1.244s] running develop
[1.435s] running egg_info
[1.436s] writing turtlebot3_example.egg-info/PKG-INFO
[1.436s] writing dependency_links to turtlebot3_example.egg-info/dependency_links.txt
[1.436s] writing entry points to turtlebot3_example.egg-info/entry_points.txt
[1.436s] writing requirements to turtlebot3_example.egg-info/requires.txt
[1.436s] writing top-level names to turtlebot3_example.egg-info/top_level.txt
[1.439s] reading manifest file 'turtlebot3_example.egg-info/SOURCES.txt'
[1.440s] writing manifest file 'turtlebot3_example.egg-info/SOURCES.txt'
[1.442s] running build_ext
[1.442s] Creating /home/dev/ros2_ws/install/turtlebot3_example/lib/python3.10/site-packages/turtlebot3-example.egg-link (link to .)
[1.443s] Installing turtlebot3_obstacle_detection script to /home/dev/ros2_ws/install/turtlebot3_example/lib/turtlebot3_example
[1.443s] Installing turtlebot3_patrol_client script to /home/dev/ros2_ws/install/turtlebot3_example/lib/turtlebot3_example
[1.444s] Installing turtlebot3_patrol_server script to /home/dev/ros2_ws/install/turtlebot3_example/lib/turtlebot3_example
[1.444s] Installing turtlebot3_position_control script to /home/dev/ros2_ws/install/turtlebot3_example/lib/turtlebot3_example
[1.445s] 
[1.445s] Installed /home/dev/ros2_ws/build/turtlebot3_example
[1.445s] running symlink_data
[1.490s] Invoked command in '/home/dev/ros2_ws/build/turtlebot3_example' returned '0': PYTHONPATH=/home/dev/ros2_ws/build/turtlebot3_example/prefix_override:/usr/lib/python3/dist-packages/colcon_core/task/python/colcon_distutils_commands:/home/dev/ros2_ws/install/turtlebot3_example/lib/python3.10/site-packages:${PYTHONPATH} /usr/bin/python3 -W ignore:setup.py install is deprecated setup.py develop --editable --build-directory /home/dev/ros2_ws/build/turtlebot3_example/build --no-deps symlink_data
