[0.049s] Invoking command in '/home/dev/ros2_ws/build/ldlidar_component': CMAKE_PREFIX_PATH=${CMAKE_PREFIX_PATH}:/home/dev/ros2_ws/install/turtlebot3_teleop:/home/dev/ros2_ws/install/turtlebot3_example:/home/dev/ros2_ws/install/f7_udp:/opt/ros/humble /usr/bin/cmake --build /home/dev/ros2_ws/build/ldlidar_component -- -j12 -l12
[0.435s] [ 70%] Built target ldlidar
[0.435s] [100%] Built target ldlidar_component
[0.637s] Invoked command in '/home/dev/ros2_ws/build/ldlidar_component' returned '0': CMAKE_PREFIX_PATH=${CMAKE_PREFIX_PATH}:/home/dev/ros2_ws/install/turtlebot3_teleop:/home/dev/ros2_ws/install/turtlebot3_example:/home/dev/ros2_ws/install/f7_udp:/opt/ros/humble /usr/bin/cmake --build /home/dev/ros2_ws/build/ldlidar_component -- -j12 -l12
[0.674s] Invoking command in '/home/dev/ros2_ws/build/ldlidar_component': CMAKE_PREFIX_PATH=${CMAKE_PREFIX_PATH}:/home/dev/ros2_ws/install/turtlebot3_teleop:/home/dev/ros2_ws/install/turtlebot3_example:/home/dev/ros2_ws/install/f7_udp:/opt/ros/humble /usr/bin/cmake --install /home/dev/ros2_ws/build/ldlidar_component
[0.692s] -- Install configuration: "Release"
[0.692s] -- Execute custom install script
[0.692s] -- Up-to-date symlink: /home/dev/ros2_ws/install/ldlidar_component/lib/libldlidar_component.so
[0.692s] -- Up-to-date symlink: /home/dev/ros2_ws/install/ldlidar_component/include/ldlidar_component//defines.hpp
[0.693s] -- Up-to-date symlink: /home/dev/ros2_ws/install/ldlidar_component/include/ldlidar_component//ldlidar_component.hpp
[0.693s] -- Up-to-date symlink: /home/dev/ros2_ws/install/ldlidar_component/include/ldlidar_component//ldlidar_tools.hpp
[0.693s] -- Up-to-date symlink: /home/dev/ros2_ws/install/ldlidar_component/include/ldlidar_component//visibility_control.hpp
[0.693s] -- Up-to-date symlink: /home/dev/ros2_ws/install/ldlidar_component/include/ldlidar_component//ldlidar_datatype.h
[0.693s] -- Up-to-date symlink: /home/dev/ros2_ws/install/ldlidar_component/include/ldlidar_component//ldlidar_driver.h
[0.693s] -- Up-to-date symlink: /home/dev/ros2_ws/install/ldlidar_component/include/ldlidar_component//lipkg.h
[0.693s] -- Up-to-date symlink: /home/dev/ros2_ws/install/ldlidar_component/include/ldlidar_component//tofbf.h
[0.693s] -- Up-to-date symlink: /home/dev/ros2_ws/install/ldlidar_component/include/ldlidar_component//log_module.h
[0.693s] -- Up-to-date symlink: /home/dev/ros2_ws/install/ldlidar_component/include/ldlidar_component//network_socket_interface_linux.h
[0.694s] -- Up-to-date symlink: /home/dev/ros2_ws/install/ldlidar_component/include/ldlidar_component//serial_interface_linux.h
[0.694s] -- Up-to-date symlink: /home/dev/ros2_ws/install/ldlidar_component/share/ldlidar_component/environment/library_path.sh
[0.695s] -- Up-to-date symlink: /home/dev/ros2_ws/install/ldlidar_component/share/ldlidar_component/environment/library_path.dsv
[0.695s] -- Up-to-date symlink: /home/dev/ros2_ws/install/ldlidar_component/share/ament_index/resource_index/package_run_dependencies/ldlidar_component
[0.695s] -- Up-to-date symlink: /home/dev/ros2_ws/install/ldlidar_component/share/ament_index/resource_index/parent_prefix_path/ldlidar_component
[0.695s] -- Up-to-date symlink: /home/dev/ros2_ws/install/ldlidar_component/share/ldlidar_component/environment/ament_prefix_path.sh
[0.695s] -- Up-to-date symlink: /home/dev/ros2_ws/install/ldlidar_component/share/ldlidar_component/environment/ament_prefix_path.dsv
[0.695s] -- Up-to-date symlink: /home/dev/ros2_ws/install/ldlidar_component/share/ldlidar_component/environment/path.sh
[0.695s] -- Up-to-date symlink: /home/dev/ros2_ws/install/ldlidar_component/share/ldlidar_component/environment/path.dsv
[0.695s] -- Up-to-date symlink: /home/dev/ros2_ws/install/ldlidar_component/share/ldlidar_component/local_setup.bash
[0.695s] -- Up-to-date symlink: /home/dev/ros2_ws/install/ldlidar_component/share/ldlidar_component/local_setup.sh
[0.695s] -- Up-to-date symlink: /home/dev/ros2_ws/install/ldlidar_component/share/ldlidar_component/local_setup.zsh
[0.696s] -- Up-to-date symlink: /home/dev/ros2_ws/install/ldlidar_component/share/ldlidar_component/local_setup.dsv
[0.696s] -- Symlinking: /home/dev/ros2_ws/install/ldlidar_component/share/ldlidar_component/package.dsv
[0.711s] -- Up-to-date symlink: /home/dev/ros2_ws/install/ldlidar_component/share/ament_index/resource_index/packages/ldlidar_component
[0.711s] -- Up-to-date symlink: /home/dev/ros2_ws/install/ldlidar_component/share/ament_index/resource_index/rclcpp_components/ldlidar_component
[0.712s] -- Up-to-date symlink: /home/dev/ros2_ws/install/ldlidar_component/share/ldlidar_component/cmake/ament_cmake_export_include_directories-extras.cmake
[0.712s] -- Up-to-date symlink: /home/dev/ros2_ws/install/ldlidar_component/share/ldlidar_component/cmake/ament_cmake_export_libraries-extras.cmake
[0.712s] -- Up-to-date symlink: /home/dev/ros2_ws/install/ldlidar_component/share/ldlidar_component/cmake/ament_cmake_export_dependencies-extras.cmake
[0.713s] -- Up-to-date symlink: /home/dev/ros2_ws/install/ldlidar_component/share/ldlidar_component/cmake/ldlidar_componentConfig.cmake
[0.713s] -- Up-to-date symlink: /home/dev/ros2_ws/install/ldlidar_component/share/ldlidar_component/cmake/ldlidar_componentConfig-version.cmake
[0.713s] -- Up-to-date symlink: /home/dev/ros2_ws/install/ldlidar_component/share/ldlidar_component/package.xml
[0.745s] Invoked command in '/home/dev/ros2_ws/build/ldlidar_component' returned '0': CMAKE_PREFIX_PATH=${CMAKE_PREFIX_PATH}:/home/dev/ros2_ws/install/turtlebot3_teleop:/home/dev/ros2_ws/install/turtlebot3_example:/home/dev/ros2_ws/install/f7_udp:/opt/ros/humble /usr/bin/cmake --install /home/dev/ros2_ws/build/ldlidar_component
