[0.088s] Invoking command in '/home/dev/ros2_ws/build/ldlidar_node': CMAKE_PREFIX_PATH=/home/dev/ros2_ws/install/ldlidar_component:/home/dev/ros2_ws/install/wit_node:/home/dev/ros2_ws/install/wit_msgs:/home/dev/ros2_ws/install/wit_imu_driver:/home/dev/ros2_ws/install/wit_driver:/home/dev/ros2_ws/install/turtlebot3:/home/dev/ros2_ws/install/turtlebot3_bringup:/home/dev/ros2_ws/install/turtlebot3_node:/home/dev/ros2_ws/install/turtlebot3_navigation2:/home/dev/ros2_ws/install/turtlebot3_description:/home/dev/ros2_ws/install/turtlebot3_cartographer:/home/dev/ros2_ws/install/ldlidar:/home/dev/ros2_ws/install/ldlidar_node:/home/dev/ros2_ws/install/turtlebot3_teleop:/home/dev/ros2_ws/install/turtlebot3_example:/home/dev/ros2_ws/install/f7_udp:/opt/ros/humble LD_LIBRARY_PATH=/home/dev/ros2_ws/install/ldlidar_component/lib:/home/dev/ros2_ws/install/wit_node/lib:/home/dev/ros2_ws/install/wit_msgs/lib:/home/dev/ros2_ws/install/wit_driver/lib:/usr/lib/x86_64-linux-gnu/gazebo-11/plugins:/opt/ros/humble/opt/rviz_ogre_vendor/lib:/opt/ros/humble/lib/x86_64-linux-gnu:/opt/ros/humble/lib /usr/bin/cmake /home/dev/ros2_ws/src/ldrobot-lidar-ros2/ldlidar_node -DAMENT_CMAKE_SYMLINK_INSTALL=1 -DCMAKE_INSTALL_PREFIX=/home/dev/ros2_ws/install/ldlidar_node
[0.127s] --  * Release Mode
[0.127s] -- * Found ROS2 humble
[0.127s] -- * ROS2 humble is officially supported by this package.
[0.127s] -- Found ament_cmake: 1.3.10 (/opt/ros/humble/share/ament_cmake/cmake)
[0.386s] -- Override CMake install command with custom implementation using symlinks instead of copying resources
[0.399s] -- Found rclcpp: 16.0.10 (/opt/ros/humble/share/rclcpp/cmake)
[0.438s] -- Found rosidl_generator_c: 3.1.5 (/opt/ros/humble/share/rosidl_generator_c/cmake)
[0.446s] -- Found rosidl_adapter: 3.1.5 (/opt/ros/humble/share/rosidl_adapter/cmake)
[0.450s] -- Found rosidl_generator_cpp: 3.1.5 (/opt/ros/humble/share/rosidl_generator_cpp/cmake)
[0.465s] -- Using all available rosidl_typesupport_c: rosidl_typesupport_fastrtps_c;rosidl_typesupport_introspection_c
[0.490s] -- Using all available rosidl_typesupport_cpp: rosidl_typesupport_fastrtps_cpp;rosidl_typesupport_introspection_cpp
[0.596s] -- Found rmw_implementation_cmake: 6.1.2 (/opt/ros/humble/share/rmw_implementation_cmake/cmake)
[0.598s] -- Found rmw_fastrtps_cpp: 6.2.7 (/opt/ros/humble/share/rmw_fastrtps_cpp/cmake)
[0.875s] -- Using RMW implementation 'rmw_fastrtps_cpp' as default
[1.024s] -- Found rclcpp_components: 16.0.10 (/opt/ros/humble/share/rclcpp_components/cmake)
[1.058s] -- Found rclcpp_lifecycle: 16.0.10 (/opt/ros/humble/share/rclcpp_lifecycle/cmake)
[1.083s] -- Found ldlidar_component: 0.2.0 (/home/dev/ros2_ws/install/ldlidar_component/share/ldlidar_component/cmake)
[1.317s] -- Found eigen3_cmake_module: 0.1.1 (/opt/ros/humble/share/eigen3_cmake_module/cmake)
[1.319s] -- Ensuring Eigen3 include directory is part of orocos-kdl CMake target
[1.399s] -- Found ament_lint_auto: 0.12.11 (/opt/ros/humble/share/ament_lint_auto/cmake)
[1.545s] -- Found python_cmake_module: 0.10.0 (/opt/ros/humble/share/python_cmake_module/cmake)
[1.580s] -- Using PYTHON_EXECUTABLE: /usr/bin/python3
[1.580s] -- Using PYTHON_INCLUDE_DIRS: /usr/include/python3.10
[1.580s] -- Using PYTHON_LIBRARIES: /usr/lib/x86_64-linux-gnu/libpython3.10.so
[1.590s] -- Added test 'copyright' to check source files copyright and LICENSE
[1.596s] -- Added test 'cppcheck' to perform static code analysis on C / C++ code
[1.597s] -- Configured cppcheck include dirs: 
[1.597s] -- Configured cppcheck exclude dirs and/or files: 
[1.597s] -- Added test 'cpplint' to check C / C++ code against the Google style
[1.597s] -- Configured cpplint exclude dirs and/or files: 
[1.597s] -- Added test 'flake8' to check Python code syntax and style conventions
[1.599s] -- Added test 'lint_cmake' to check CMake code style
[1.599s] -- Added test 'pep257' to check Python code against some of the docstring style conventions in PEP 257
[1.601s] -- Added test 'uncrustify' to check C / C++ code style
[1.601s] -- Configured uncrustify additional arguments: 
[1.601s] -- Added test 'xmllint' to check XML markup files
[1.607s] -- Configuring done
[1.688s] -- Generating done
[1.694s] -- Build files have been written to: /home/dev/ros2_ws/build/ldlidar_node
[1.723s] Invoked command in '/home/dev/ros2_ws/build/ldlidar_node' returned '0': CMAKE_PREFIX_PATH=/home/dev/ros2_ws/install/ldlidar_component:/home/dev/ros2_ws/install/wit_node:/home/dev/ros2_ws/install/wit_msgs:/home/dev/ros2_ws/install/wit_imu_driver:/home/dev/ros2_ws/install/wit_driver:/home/dev/ros2_ws/install/turtlebot3:/home/dev/ros2_ws/install/turtlebot3_bringup:/home/dev/ros2_ws/install/turtlebot3_node:/home/dev/ros2_ws/install/turtlebot3_navigation2:/home/dev/ros2_ws/install/turtlebot3_description:/home/dev/ros2_ws/install/turtlebot3_cartographer:/home/dev/ros2_ws/install/ldlidar:/home/dev/ros2_ws/install/ldlidar_node:/home/dev/ros2_ws/install/turtlebot3_teleop:/home/dev/ros2_ws/install/turtlebot3_example:/home/dev/ros2_ws/install/f7_udp:/opt/ros/humble LD_LIBRARY_PATH=/home/dev/ros2_ws/install/ldlidar_component/lib:/home/dev/ros2_ws/install/wit_node/lib:/home/dev/ros2_ws/install/wit_msgs/lib:/home/dev/ros2_ws/install/wit_driver/lib:/usr/lib/x86_64-linux-gnu/gazebo-11/plugins:/opt/ros/humble/opt/rviz_ogre_vendor/lib:/opt/ros/humble/lib/x86_64-linux-gnu:/opt/ros/humble/lib /usr/bin/cmake /home/dev/ros2_ws/src/ldrobot-lidar-ros2/ldlidar_node -DAMENT_CMAKE_SYMLINK_INSTALL=1 -DCMAKE_INSTALL_PREFIX=/home/dev/ros2_ws/install/ldlidar_node
[1.724s] Invoking command in '/home/dev/ros2_ws/build/ldlidar_node': CMAKE_PREFIX_PATH=/home/dev/ros2_ws/install/ldlidar_component:/home/dev/ros2_ws/install/wit_node:/home/dev/ros2_ws/install/wit_msgs:/home/dev/ros2_ws/install/wit_imu_driver:/home/dev/ros2_ws/install/wit_driver:/home/dev/ros2_ws/install/turtlebot3:/home/dev/ros2_ws/install/turtlebot3_bringup:/home/dev/ros2_ws/install/turtlebot3_node:/home/dev/ros2_ws/install/turtlebot3_navigation2:/home/dev/ros2_ws/install/turtlebot3_description:/home/dev/ros2_ws/install/turtlebot3_cartographer:/home/dev/ros2_ws/install/ldlidar:/home/dev/ros2_ws/install/ldlidar_node:/home/dev/ros2_ws/install/turtlebot3_teleop:/home/dev/ros2_ws/install/turtlebot3_example:/home/dev/ros2_ws/install/f7_udp:/opt/ros/humble LD_LIBRARY_PATH=/home/dev/ros2_ws/install/ldlidar_component/lib:/home/dev/ros2_ws/install/wit_node/lib:/home/dev/ros2_ws/install/wit_msgs/lib:/home/dev/ros2_ws/install/wit_driver/lib:/usr/lib/x86_64-linux-gnu/gazebo-11/plugins:/opt/ros/humble/opt/rviz_ogre_vendor/lib:/opt/ros/humble/lib/x86_64-linux-gnu:/opt/ros/humble/lib /usr/bin/cmake --build /home/dev/ros2_ws/build/ldlidar_node -- -j12 -l12
[1.781s] [35m[1mConsolidate compiler generated dependencies of target ldlidar_node[0m
[1.801s] [100%] Built target ldlidar_node
[1.824s] Invoked command in '/home/dev/ros2_ws/build/ldlidar_node' returned '0': CMAKE_PREFIX_PATH=/home/dev/ros2_ws/install/ldlidar_component:/home/dev/ros2_ws/install/wit_node:/home/dev/ros2_ws/install/wit_msgs:/home/dev/ros2_ws/install/wit_imu_driver:/home/dev/ros2_ws/install/wit_driver:/home/dev/ros2_ws/install/turtlebot3:/home/dev/ros2_ws/install/turtlebot3_bringup:/home/dev/ros2_ws/install/turtlebot3_node:/home/dev/ros2_ws/install/turtlebot3_navigation2:/home/dev/ros2_ws/install/turtlebot3_description:/home/dev/ros2_ws/install/turtlebot3_cartographer:/home/dev/ros2_ws/install/ldlidar:/home/dev/ros2_ws/install/ldlidar_node:/home/dev/ros2_ws/install/turtlebot3_teleop:/home/dev/ros2_ws/install/turtlebot3_example:/home/dev/ros2_ws/install/f7_udp:/opt/ros/humble LD_LIBRARY_PATH=/home/dev/ros2_ws/install/ldlidar_component/lib:/home/dev/ros2_ws/install/wit_node/lib:/home/dev/ros2_ws/install/wit_msgs/lib:/home/dev/ros2_ws/install/wit_driver/lib:/usr/lib/x86_64-linux-gnu/gazebo-11/plugins:/opt/ros/humble/opt/rviz_ogre_vendor/lib:/opt/ros/humble/lib/x86_64-linux-gnu:/opt/ros/humble/lib /usr/bin/cmake --build /home/dev/ros2_ws/build/ldlidar_node -- -j12 -l12
[1.867s] Invoking command in '/home/dev/ros2_ws/build/ldlidar_node': CMAKE_PREFIX_PATH=/home/dev/ros2_ws/install/ldlidar_component:/home/dev/ros2_ws/install/wit_node:/home/dev/ros2_ws/install/wit_msgs:/home/dev/ros2_ws/install/wit_imu_driver:/home/dev/ros2_ws/install/wit_driver:/home/dev/ros2_ws/install/turtlebot3:/home/dev/ros2_ws/install/turtlebot3_bringup:/home/dev/ros2_ws/install/turtlebot3_node:/home/dev/ros2_ws/install/turtlebot3_navigation2:/home/dev/ros2_ws/install/turtlebot3_description:/home/dev/ros2_ws/install/turtlebot3_cartographer:/home/dev/ros2_ws/install/ldlidar:/home/dev/ros2_ws/install/ldlidar_node:/home/dev/ros2_ws/install/turtlebot3_teleop:/home/dev/ros2_ws/install/turtlebot3_example:/home/dev/ros2_ws/install/f7_udp:/opt/ros/humble LD_LIBRARY_PATH=/home/dev/ros2_ws/install/ldlidar_component/lib:/home/dev/ros2_ws/install/wit_node/lib:/home/dev/ros2_ws/install/wit_msgs/lib:/home/dev/ros2_ws/install/wit_driver/lib:/usr/lib/x86_64-linux-gnu/gazebo-11/plugins:/opt/ros/humble/opt/rviz_ogre_vendor/lib:/opt/ros/humble/lib/x86_64-linux-gnu:/opt/ros/humble/lib /usr/bin/cmake --install /home/dev/ros2_ws/build/ldlidar_node
[1.874s] -- Install configuration: "Release"
[1.875s] -- Execute custom install script
[1.875s] -- Up-to-date symlink: /home/dev/ros2_ws/install/ldlidar_node/lib/ldlidar_node/ldlidar_node
[1.876s] -- Up-to-date symlink: /home/dev/ros2_ws/install/ldlidar_node/share/ldlidar_node/params/ldlidar.yaml
[1.876s] -- Up-to-date symlink: /home/dev/ros2_ws/install/ldlidar_node/share/ldlidar_node/params/lifecycle_mgr.yaml
[1.876s] -- Up-to-date symlink: /home/dev/ros2_ws/install/ldlidar_node/share/ldlidar_node/params/lifecycle_mgr_slam.yaml
[1.876s] -- Up-to-date symlink: /home/dev/ros2_ws/install/ldlidar_node/share/ldlidar_node/params/slam_toolbox.yaml
[1.877s] -- Up-to-date symlink: /home/dev/ros2_ws/install/ldlidar_node/share/ldlidar_node/params/slam_toolbox_imu.yaml
[1.878s] -- Up-to-date symlink: /home/dev/ros2_ws/install/ldlidar_node/share/ldlidar_node/config/ldlidar.rviz
[1.878s] -- Up-to-date symlink: /home/dev/ros2_ws/install/ldlidar_node/share/ldlidar_node/config/ldlidar_slam.rviz
[1.879s] -- Up-to-date symlink: /home/dev/ros2_ws/install/ldlidar_node/share/ldlidar_node/urdf/ldlidar_descr.urdf.xml
[1.880s] -- Up-to-date symlink: /home/dev/ros2_ws/install/ldlidar_node/share/ldlidar_node/urdf/model/LD19.stl
[1.880s] -- Up-to-date symlink: /home/dev/ros2_ws/install/ldlidar_node/share/ldlidar_node/launch/__pycache__/ld_slam_imu.launch.cpython-310.pyc
[1.880s] -- Up-to-date symlink: /home/dev/ros2_ws/install/ldlidar_node/share/ldlidar_node/launch/__pycache__/ldlidar.launch.cpython-310.pyc
[1.880s] -- Up-to-date symlink: /home/dev/ros2_ws/install/ldlidar_node/share/ldlidar_node/launch/__pycache__/ldlidar_rviz2.launch.cpython-310.pyc
[1.881s] -- Up-to-date symlink: /home/dev/ros2_ws/install/ldlidar_node/share/ldlidar_node/launch/ld_slam_imu.launch.py
[1.881s] -- Up-to-date symlink: /home/dev/ros2_ws/install/ldlidar_node/share/ldlidar_node/launch/ldlidar.launch.py
[1.881s] -- Up-to-date symlink: /home/dev/ros2_ws/install/ldlidar_node/share/ldlidar_node/launch/ldlidar_rviz2.launch.py
[1.881s] -- Up-to-date symlink: /home/dev/ros2_ws/install/ldlidar_node/share/ldlidar_node/launch/ldlidar_slam.launch.py
[1.881s] -- Up-to-date symlink: /home/dev/ros2_ws/install/ldlidar_node/share/ldlidar_node/launch/ldlidar_with_mgr.launch.py
[1.882s] -- Up-to-date symlink: /home/dev/ros2_ws/install/ldlidar_node/share/ament_index/resource_index/package_run_dependencies/ldlidar_node
[1.883s] -- Up-to-date symlink: /home/dev/ros2_ws/install/ldlidar_node/share/ament_index/resource_index/parent_prefix_path/ldlidar_node
[1.883s] -- Up-to-date symlink: /home/dev/ros2_ws/install/ldlidar_node/share/ldlidar_node/environment/ament_prefix_path.sh
[1.883s] -- Up-to-date symlink: /home/dev/ros2_ws/install/ldlidar_node/share/ldlidar_node/environment/ament_prefix_path.dsv
[1.883s] -- Up-to-date symlink: /home/dev/ros2_ws/install/ldlidar_node/share/ldlidar_node/environment/path.sh
[1.883s] -- Up-to-date symlink: /home/dev/ros2_ws/install/ldlidar_node/share/ldlidar_node/environment/path.dsv
[1.884s] -- Up-to-date symlink: /home/dev/ros2_ws/install/ldlidar_node/share/ldlidar_node/local_setup.bash
[1.884s] -- Up-to-date symlink: /home/dev/ros2_ws/install/ldlidar_node/share/ldlidar_node/local_setup.sh
[1.886s] -- Up-to-date symlink: /home/dev/ros2_ws/install/ldlidar_node/share/ldlidar_node/local_setup.zsh
[1.886s] -- Up-to-date symlink: /home/dev/ros2_ws/install/ldlidar_node/share/ldlidar_node/local_setup.dsv
[1.886s] -- Symlinking: /home/dev/ros2_ws/install/ldlidar_node/share/ldlidar_node/package.dsv
[1.896s] -- Up-to-date symlink: /home/dev/ros2_ws/install/ldlidar_node/share/ament_index/resource_index/packages/ldlidar_node
[1.897s] -- Up-to-date symlink: /home/dev/ros2_ws/install/ldlidar_node/share/ldlidar_node/cmake/ldlidar_nodeConfig.cmake
[1.898s] -- Up-to-date symlink: /home/dev/ros2_ws/install/ldlidar_node/share/ldlidar_node/cmake/ldlidar_nodeConfig-version.cmake
[1.900s] -- Up-to-date symlink: /home/dev/ros2_ws/install/ldlidar_node/share/ldlidar_node/package.xml
[1.904s] Invoked command in '/home/dev/ros2_ws/build/ldlidar_node' returned '0': CMAKE_PREFIX_PATH=/home/dev/ros2_ws/install/ldlidar_component:/home/dev/ros2_ws/install/wit_node:/home/dev/ros2_ws/install/wit_msgs:/home/dev/ros2_ws/install/wit_imu_driver:/home/dev/ros2_ws/install/wit_driver:/home/dev/ros2_ws/install/turtlebot3:/home/dev/ros2_ws/install/turtlebot3_bringup:/home/dev/ros2_ws/install/turtlebot3_node:/home/dev/ros2_ws/install/turtlebot3_navigation2:/home/dev/ros2_ws/install/turtlebot3_description:/home/dev/ros2_ws/install/turtlebot3_cartographer:/home/dev/ros2_ws/install/ldlidar:/home/dev/ros2_ws/install/ldlidar_node:/home/dev/ros2_ws/install/turtlebot3_teleop:/home/dev/ros2_ws/install/turtlebot3_example:/home/dev/ros2_ws/install/f7_udp:/opt/ros/humble LD_LIBRARY_PATH=/home/dev/ros2_ws/install/ldlidar_component/lib:/home/dev/ros2_ws/install/wit_node/lib:/home/dev/ros2_ws/install/wit_msgs/lib:/home/dev/ros2_ws/install/wit_driver/lib:/usr/lib/x86_64-linux-gnu/gazebo-11/plugins:/opt/ros/humble/opt/rviz_ogre_vendor/lib:/opt/ros/humble/lib/x86_64-linux-gnu:/opt/ros/humble/lib /usr/bin/cmake --install /home/dev/ros2_ws/build/ldlidar_node
