[0.245s] Invoking command in '/home/dev/ros2_ws/build/turtlebot3_navigation2': CMAKE_PREFIX_PATH=${CMAKE_PREFIX_PATH}:/home/dev/ros2_ws/install/turtlebot3_teleop:/home/dev/ros2_ws/install/turtlebot3_example:/home/dev/ros2_ws/install/f7_udp:/opt/ros/humble /usr/bin/cmake --build /home/dev/ros2_ws/build/turtlebot3_navigation2 -- -j12 -l12
[0.618s] Invoked command in '/home/dev/ros2_ws/build/turtlebot3_navigation2' returned '0': CMAKE_PREFIX_PATH=${CMAKE_PREFIX_PATH}:/home/dev/ros2_ws/install/turtlebot3_teleop:/home/dev/ros2_ws/install/turtlebot3_example:/home/dev/ros2_ws/install/f7_udp:/opt/ros/humble /usr/bin/cmake --build /home/dev/ros2_ws/build/turtlebot3_navigation2 -- -j12 -l12
[0.660s] Invoking command in '/home/dev/ros2_ws/build/turtlebot3_navigation2': CMAKE_PREFIX_PATH=${CMAKE_PREFIX_PATH}:/home/dev/ros2_ws/install/turtlebot3_teleop:/home/dev/ros2_ws/install/turtlebot3_example:/home/dev/ros2_ws/install/f7_udp:/opt/ros/humble /usr/bin/cmake --install /home/dev/ros2_ws/build/turtlebot3_navigation2
[0.670s] -- Install configuration: "Release"
[0.671s] -- Execute custom install script
[0.672s] -- Up-to-date symlink: /home/dev/ros2_ws/install/turtlebot3_navigation2/share/turtlebot3_navigation2/launch/navigation2.launch.py
[0.672s] -- Up-to-date symlink: /home/dev/ros2_ws/install/turtlebot3_navigation2/share/turtlebot3_navigation2/map/map.pgm
[0.672s] -- Up-to-date symlink: /home/dev/ros2_ws/install/turtlebot3_navigation2/share/turtlebot3_navigation2/map/map.yaml
[0.672s] -- Up-to-date symlink: /home/dev/ros2_ws/install/turtlebot3_navigation2/share/turtlebot3_navigation2/param/burger.yaml
[0.673s] -- Up-to-date symlink: /home/dev/ros2_ws/install/turtlebot3_navigation2/share/turtlebot3_navigation2/param/waffle.yaml
[0.673s] -- Up-to-date symlink: /home/dev/ros2_ws/install/turtlebot3_navigation2/share/turtlebot3_navigation2/param/waffle_pi.yaml
[0.673s] -- Up-to-date symlink: /home/dev/ros2_ws/install/turtlebot3_navigation2/share/turtlebot3_navigation2/rviz/tb3_navigation2.rviz
[0.673s] -- Up-to-date symlink: /home/dev/ros2_ws/install/turtlebot3_navigation2/share/ament_index/resource_index/package_run_dependencies/turtlebot3_navigation2
[0.675s] -- Up-to-date symlink: /home/dev/ros2_ws/install/turtlebot3_navigation2/share/ament_index/resource_index/parent_prefix_path/turtlebot3_navigation2
[0.675s] -- Up-to-date symlink: /home/dev/ros2_ws/install/turtlebot3_navigation2/share/turtlebot3_navigation2/environment/ament_prefix_path.sh
[0.675s] -- Up-to-date symlink: /home/dev/ros2_ws/install/turtlebot3_navigation2/share/turtlebot3_navigation2/environment/ament_prefix_path.dsv
[0.675s] -- Up-to-date symlink: /home/dev/ros2_ws/install/turtlebot3_navigation2/share/turtlebot3_navigation2/environment/path.sh
[0.675s] -- Up-to-date symlink: /home/dev/ros2_ws/install/turtlebot3_navigation2/share/turtlebot3_navigation2/environment/path.dsv
[0.675s] -- Up-to-date symlink: /home/dev/ros2_ws/install/turtlebot3_navigation2/share/turtlebot3_navigation2/local_setup.bash
[0.675s] -- Up-to-date symlink: /home/dev/ros2_ws/install/turtlebot3_navigation2/share/turtlebot3_navigation2/local_setup.sh
[0.676s] -- Up-to-date symlink: /home/dev/ros2_ws/install/turtlebot3_navigation2/share/turtlebot3_navigation2/local_setup.zsh
[0.676s] -- Up-to-date symlink: /home/dev/ros2_ws/install/turtlebot3_navigation2/share/turtlebot3_navigation2/local_setup.dsv
[0.676s] -- Symlinking: /home/dev/ros2_ws/install/turtlebot3_navigation2/share/turtlebot3_navigation2/package.dsv
[0.709s] -- Up-to-date symlink: /home/dev/ros2_ws/install/turtlebot3_navigation2/share/ament_index/resource_index/packages/turtlebot3_navigation2
[0.709s] -- Up-to-date symlink: /home/dev/ros2_ws/install/turtlebot3_navigation2/share/turtlebot3_navigation2/cmake/turtlebot3_navigation2Config.cmake
[0.709s] -- Up-to-date symlink: /home/dev/ros2_ws/install/turtlebot3_navigation2/share/turtlebot3_navigation2/cmake/turtlebot3_navigation2Config-version.cmake
[0.710s] -- Up-to-date symlink: /home/dev/ros2_ws/install/turtlebot3_navigation2/share/turtlebot3_navigation2/package.xml
[0.747s] Invoked command in '/home/dev/ros2_ws/build/turtlebot3_navigation2' returned '0': CMAKE_PREFIX_PATH=${CMAKE_PREFIX_PATH}:/home/dev/ros2_ws/install/turtlebot3_teleop:/home/dev/ros2_ws/install/turtlebot3_example:/home/dev/ros2_ws/install/f7_udp:/opt/ros/humble /usr/bin/cmake --install /home/dev/ros2_ws/build/turtlebot3_navigation2
