running develop
Removing /home/dev/ros2_ws/install/f7_udp/lib/python3.10/site-packages/f7-udp.egg-link (link to .)
running egg_info
writing ../../build/f7_udp/f7_udp.egg-info/PKG-INFO
writing dependency_links to ../../build/f7_udp/f7_udp.egg-info/dependency_links.txt
writing entry points to ../../build/f7_udp/f7_udp.egg-info/entry_points.txt
writing requirements to ../../build/f7_udp/f7_udp.egg-info/requires.txt
writing top-level names to ../../build/f7_udp/f7_udp.egg-info/top_level.txt
reading manifest file '../../build/f7_udp/f7_udp.egg-info/SOURCES.txt'
adding license file 'LICENSE'
writing manifest file '../../build/f7_udp/f7_udp.egg-info/SOURCES.txt'
running build
running build_py
copying f7_udp/NHK2025_Omni_Driver.py -> /home/dev/ros2_ws/build/f7_udp/build/lib/f7_udp
running install
running install_lib
creating /home/dev/ros2_ws/install/f7_udp/lib/python3.10/site-packages/f7_udp
copying /home/dev/ros2_ws/build/f7_udp/build/lib/f7_udp/cr24_gui.py -> /home/dev/ros2_ws/install/f7_udp/lib/python3.10/site-packages/f7_udp
copying /home/dev/ros2_ws/build/f7_udp/build/lib/f7_udp/W4_Omni_Driver.py -> /home/dev/ros2_ws/install/f7_udp/lib/python3.10/site-packages/f7_udp
copying /home/dev/ros2_ws/build/f7_udp/build/lib/f7_udp/cr24_test.py -> /home/dev/ros2_ws/install/f7_udp/lib/python3.10/site-packages/f7_udp
copying /home/dev/ros2_ws/build/f7_udp/build/lib/f7_udp/cr24_manual.py -> /home/dev/ros2_ws/install/f7_udp/lib/python3.10/site-packages/f7_udp
copying /home/dev/ros2_ws/build/f7_udp/build/lib/f7_udp/cr24_manual2_unity.py -> /home/dev/ros2_ws/install/f7_udp/lib/python3.10/site-packages/f7_udp
copying /home/dev/ros2_ws/build/f7_udp/build/lib/f7_udp/f7_eth.py -> /home/dev/ros2_ws/install/f7_udp/lib/python3.10/site-packages/f7_udp
copying /home/dev/ros2_ws/build/f7_udp/build/lib/f7_udp/__init__.py -> /home/dev/ros2_ws/install/f7_udp/lib/python3.10/site-packages/f7_udp
copying /home/dev/ros2_ws/build/f7_udp/build/lib/f7_udp/cr24_pos.py -> /home/dev/ros2_ws/install/f7_udp/lib/python3.10/site-packages/f7_udp
copying /home/dev/ros2_ws/build/f7_udp/build/lib/f7_udp/PS4_listener.py -> /home/dev/ros2_ws/install/f7_udp/lib/python3.10/site-packages/f7_udp
copying /home/dev/ros2_ws/build/f7_udp/build/lib/f7_udp/cr24_main_unity.py -> /home/dev/ros2_ws/install/f7_udp/lib/python3.10/site-packages/f7_udp
copying /home/dev/ros2_ws/build/f7_udp/build/lib/f7_udp/cr24_yolo_wireless.py -> /home/dev/ros2_ws/install/f7_udp/lib/python3.10/site-packages/f7_udp
copying /home/dev/ros2_ws/build/f7_udp/build/lib/f7_udp/NHK2025_Omni_Driver.py -> /home/dev/ros2_ws/install/f7_udp/lib/python3.10/site-packages/f7_udp
copying /home/dev/ros2_ws/build/f7_udp/build/lib/f7_udp/setoshio_gui_standalone.py -> /home/dev/ros2_ws/install/f7_udp/lib/python3.10/site-packages/f7_udp
copying /home/dev/ros2_ws/build/f7_udp/build/lib/f7_udp/cr24_manual2.py -> /home/dev/ros2_ws/install/f7_udp/lib/python3.10/site-packages/f7_udp
copying /home/dev/ros2_ws/build/f7_udp/build/lib/f7_udp/yolov8_setoshio_pub.py -> /home/dev/ros2_ws/install/f7_udp/lib/python3.10/site-packages/f7_udp
copying /home/dev/ros2_ws/build/f7_udp/build/lib/f7_udp/Omni_Driver.py -> /home/dev/ros2_ws/install/f7_udp/lib/python3.10/site-packages/f7_udp
copying /home/dev/ros2_ws/build/f7_udp/build/lib/f7_udp/cr24_main.py -> /home/dev/ros2_ws/install/f7_udp/lib/python3.10/site-packages/f7_udp
copying /home/dev/ros2_ws/build/f7_udp/build/lib/f7_udp/yolo_setoshio_gui.py -> /home/dev/ros2_ws/install/f7_udp/lib/python3.10/site-packages/f7_udp
byte-compiling /home/dev/ros2_ws/install/f7_udp/lib/python3.10/site-packages/f7_udp/cr24_gui.py to cr24_gui.cpython-310.pyc
byte-compiling /home/dev/ros2_ws/install/f7_udp/lib/python3.10/site-packages/f7_udp/W4_Omni_Driver.py to W4_Omni_Driver.cpython-310.pyc
byte-compiling /home/dev/ros2_ws/install/f7_udp/lib/python3.10/site-packages/f7_udp/cr24_test.py to cr24_test.cpython-310.pyc
byte-compiling /home/dev/ros2_ws/install/f7_udp/lib/python3.10/site-packages/f7_udp/cr24_manual.py to cr24_manual.cpython-310.pyc
byte-compiling /home/dev/ros2_ws/install/f7_udp/lib/python3.10/site-packages/f7_udp/cr24_manual2_unity.py to cr24_manual2_unity.cpython-310.pyc
byte-compiling /home/dev/ros2_ws/install/f7_udp/lib/python3.10/site-packages/f7_udp/f7_eth.py to f7_eth.cpython-310.pyc
byte-compiling /home/dev/ros2_ws/install/f7_udp/lib/python3.10/site-packages/f7_udp/__init__.py to __init__.cpython-310.pyc
byte-compiling /home/dev/ros2_ws/install/f7_udp/lib/python3.10/site-packages/f7_udp/cr24_pos.py to cr24_pos.cpython-310.pyc
byte-compiling /home/dev/ros2_ws/install/f7_udp/lib/python3.10/site-packages/f7_udp/PS4_listener.py to PS4_listener.cpython-310.pyc
byte-compiling /home/dev/ros2_ws/install/f7_udp/lib/python3.10/site-packages/f7_udp/cr24_main_unity.py to cr24_main_unity.cpython-310.pyc
byte-compiling /home/dev/ros2_ws/install/f7_udp/lib/python3.10/site-packages/f7_udp/cr24_yolo_wireless.py to cr24_yolo_wireless.cpython-310.pyc
byte-compiling /home/dev/ros2_ws/install/f7_udp/lib/python3.10/site-packages/f7_udp/NHK2025_Omni_Driver.py to NHK2025_Omni_Driver.cpython-310.pyc
byte-compiling /home/dev/ros2_ws/install/f7_udp/lib/python3.10/site-packages/f7_udp/setoshio_gui_standalone.py to setoshio_gui_standalone.cpython-310.pyc
byte-compiling /home/dev/ros2_ws/install/f7_udp/lib/python3.10/site-packages/f7_udp/cr24_manual2.py to cr24_manual2.cpython-310.pyc
byte-compiling /home/dev/ros2_ws/install/f7_udp/lib/python3.10/site-packages/f7_udp/yolov8_setoshio_pub.py to yolov8_setoshio_pub.cpython-310.pyc
byte-compiling /home/dev/ros2_ws/install/f7_udp/lib/python3.10/site-packages/f7_udp/Omni_Driver.py to Omni_Driver.cpython-310.pyc
byte-compiling /home/dev/ros2_ws/install/f7_udp/lib/python3.10/site-packages/f7_udp/cr24_main.py to cr24_main.cpython-310.pyc
byte-compiling /home/dev/ros2_ws/install/f7_udp/lib/python3.10/site-packages/f7_udp/yolo_setoshio_gui.py to yolo_setoshio_gui.cpython-310.pyc
running install_data
copying resource/f7_udp -> /home/dev/ros2_ws/install/f7_udp/share/ament_index/resource_index/packages
copying package.xml -> /home/dev/ros2_ws/install/f7_udp/share/f7_udp
running install_egg_info
Copying ../../build/f7_udp/f7_udp.egg-info to /home/dev/ros2_ws/install/f7_udp/lib/python3.10/site-packages/f7_udp-0.0.0-py3.10.egg-info
running install_scripts
Installing 4_omni script to /home/dev/ros2_ws/install/f7_udp/lib/f7_udp
Installing cr24_gui script to /home/dev/ros2_ws/install/f7_udp/lib/f7_udp
Installing cr24_main script to /home/dev/ros2_ws/install/f7_udp/lib/f7_udp
Installing cr24_main_apk script to /home/dev/ros2_ws/install/f7_udp/lib/f7_udp
Installing cr24_main_manual script to /home/dev/ros2_ws/install/f7_udp/lib/f7_udp
Installing cr24_main_manual2 script to /home/dev/ros2_ws/install/f7_udp/lib/f7_udp
Installing cr24_manual2_apk script to /home/dev/ros2_ws/install/f7_udp/lib/f7_udp
Installing cr24_pos script to /home/dev/ros2_ws/install/f7_udp/lib/f7_udp
Installing cr24_test script to /home/dev/ros2_ws/install/f7_udp/lib/f7_udp
Installing cr24_wlcam script to /home/dev/ros2_ws/install/f7_udp/lib/f7_udp
Installing listener script to /home/dev/ros2_ws/install/f7_udp/lib/f7_udp
Installing nr25_omni script to /home/dev/ros2_ws/install/f7_udp/lib/f7_udp
Installing setoshio script to /home/dev/ros2_ws/install/f7_udp/lib/f7_udp
Installing setoshio_gui script to /home/dev/ros2_ws/install/f7_udp/lib/f7_udp
writing list of installed files to '/home/dev/ros2_ws/build/f7_udp/install.log'
