[0.010s] Invoking command in '/home/dev/ros2_ws/build/turtlebot3': AMENT_PREFIX_PATH=/home/dev/ros2_ws/install/turtlebot3_teleop:/home/dev/ros2_ws/install/turtlebot3_example:/home/dev/ros2_ws/install/turtlebot3:/home/dev/ros2_ws/install/turtlebot3_bringup:/home/dev/ros2_ws/install/turtlebot3_node:/home/dev/ros2_ws/install/turtlebot3_navigation2:/home/dev/ros2_ws/install/turtlebot3_description:/home/dev/ros2_ws/install/turtlebot3_cartographer:/home/dev/ros2_ws/install/scanmatcher:/home/dev/ros2_ws/install/ndt_omp_ros2:/home/dev/ros2_ws/install/lidarslam_msgs:/home/dev/ros2_ws/install/ldlidar:/home/dev/ros2_ws/install/ldlidar_node:/home/dev/ros2_ws/install/ldlidar_component:/home/dev/ros2_ws/install/f7_udp:/opt/ros/humble CMAKE_PREFIX_PATH=/home/dev/ros2_ws/install/turtlebot3_bringup:/home/dev/ros2_ws/install/turtlebot3_node:/home/dev/ros2_ws/install/turtlebot3_navigation2:/home/dev/ros2_ws/install/turtlebot3_description:/home/dev/ros2_ws/install/turtlebot3_cartographer:/home/dev/ros2_ws/install/turtlebot3:/home/dev/ros2_ws/install/scanmatcher:/home/dev/ros2_ws/install/ndt_omp_ros2:/home/dev/ros2_ws/install/lidarslam_msgs:/home/dev/ros2_ws/install/ldlidar:/home/dev/ros2_ws/install/ldlidar_node:/home/dev/ros2_ws/install/ldlidar_component:/home/dev/ros2_ws/install/turtlebot3_teleop:/home/dev/ros2_ws/install/turtlebot3_example:/home/dev/ros2_ws/install/f7_udp:/opt/ros/humble /usr/bin/cmake /home/dev/ros2_ws/src/turtlebot3/turtlebot3 -DAMENT_CMAKE_SYMLINK_INSTALL=1 -DCMAKE_INSTALL_PREFIX=/home/dev/ros2_ws/install/turtlebot3
[0.050s] -- The C compiler identification is GNU 11.4.0
[0.092s] -- The CXX compiler identification is GNU 11.4.0
[0.097s] -- Detecting C compiler ABI info
[0.146s] -- Detecting C compiler ABI info - done
[0.150s] -- Check for working C compiler: /usr/bin/cc - skipped
[0.150s] -- Detecting C compile features
[0.150s] -- Detecting C compile features - done
[0.152s] -- Detecting CXX compiler ABI info
[0.208s] -- Detecting CXX compiler ABI info - done
[0.216s] -- Check for working CXX compiler: /usr/bin/c++ - skipped
[0.216s] -- Detecting CXX compile features
[0.216s] -- Detecting CXX compile features - done
[0.218s] -- Found ament_cmake: 1.3.10 (/opt/ros/humble/share/ament_cmake/cmake)
[0.333s] -- Found Python3: /usr/bin/python3 (found version "3.10.12") found components: Interpreter 
[0.375s] -- Override CMake install command with custom implementation using symlinks instead of copying resources
[0.435s] -- Configuring done
[0.436s] -- Generating done
[0.436s] -- Build files have been written to: /home/dev/ros2_ws/build/turtlebot3
[0.440s] Invoked command in '/home/dev/ros2_ws/build/turtlebot3' returned '0': AMENT_PREFIX_PATH=/home/dev/ros2_ws/install/turtlebot3_teleop:/home/dev/ros2_ws/install/turtlebot3_example:/home/dev/ros2_ws/install/turtlebot3:/home/dev/ros2_ws/install/turtlebot3_bringup:/home/dev/ros2_ws/install/turtlebot3_node:/home/dev/ros2_ws/install/turtlebot3_navigation2:/home/dev/ros2_ws/install/turtlebot3_description:/home/dev/ros2_ws/install/turtlebot3_cartographer:/home/dev/ros2_ws/install/scanmatcher:/home/dev/ros2_ws/install/ndt_omp_ros2:/home/dev/ros2_ws/install/lidarslam_msgs:/home/dev/ros2_ws/install/ldlidar:/home/dev/ros2_ws/install/ldlidar_node:/home/dev/ros2_ws/install/ldlidar_component:/home/dev/ros2_ws/install/f7_udp:/opt/ros/humble CMAKE_PREFIX_PATH=/home/dev/ros2_ws/install/turtlebot3_bringup:/home/dev/ros2_ws/install/turtlebot3_node:/home/dev/ros2_ws/install/turtlebot3_navigation2:/home/dev/ros2_ws/install/turtlebot3_description:/home/dev/ros2_ws/install/turtlebot3_cartographer:/home/dev/ros2_ws/install/turtlebot3:/home/dev/ros2_ws/install/scanmatcher:/home/dev/ros2_ws/install/ndt_omp_ros2:/home/dev/ros2_ws/install/lidarslam_msgs:/home/dev/ros2_ws/install/ldlidar:/home/dev/ros2_ws/install/ldlidar_node:/home/dev/ros2_ws/install/ldlidar_component:/home/dev/ros2_ws/install/turtlebot3_teleop:/home/dev/ros2_ws/install/turtlebot3_example:/home/dev/ros2_ws/install/f7_udp:/opt/ros/humble /usr/bin/cmake /home/dev/ros2_ws/src/turtlebot3/turtlebot3 -DAMENT_CMAKE_SYMLINK_INSTALL=1 -DCMAKE_INSTALL_PREFIX=/home/dev/ros2_ws/install/turtlebot3
[0.441s] Invoking command in '/home/dev/ros2_ws/build/turtlebot3': AMENT_PREFIX_PATH=/home/dev/ros2_ws/install/turtlebot3_teleop:/home/dev/ros2_ws/install/turtlebot3_example:/home/dev/ros2_ws/install/turtlebot3:/home/dev/ros2_ws/install/turtlebot3_bringup:/home/dev/ros2_ws/install/turtlebot3_node:/home/dev/ros2_ws/install/turtlebot3_navigation2:/home/dev/ros2_ws/install/turtlebot3_description:/home/dev/ros2_ws/install/turtlebot3_cartographer:/home/dev/ros2_ws/install/scanmatcher:/home/dev/ros2_ws/install/ndt_omp_ros2:/home/dev/ros2_ws/install/lidarslam_msgs:/home/dev/ros2_ws/install/ldlidar:/home/dev/ros2_ws/install/ldlidar_node:/home/dev/ros2_ws/install/ldlidar_component:/home/dev/ros2_ws/install/f7_udp:/opt/ros/humble CMAKE_PREFIX_PATH=/home/dev/ros2_ws/install/turtlebot3_bringup:/home/dev/ros2_ws/install/turtlebot3_node:/home/dev/ros2_ws/install/turtlebot3_navigation2:/home/dev/ros2_ws/install/turtlebot3_description:/home/dev/ros2_ws/install/turtlebot3_cartographer:/home/dev/ros2_ws/install/turtlebot3:/home/dev/ros2_ws/install/scanmatcher:/home/dev/ros2_ws/install/ndt_omp_ros2:/home/dev/ros2_ws/install/lidarslam_msgs:/home/dev/ros2_ws/install/ldlidar:/home/dev/ros2_ws/install/ldlidar_node:/home/dev/ros2_ws/install/ldlidar_component:/home/dev/ros2_ws/install/turtlebot3_teleop:/home/dev/ros2_ws/install/turtlebot3_example:/home/dev/ros2_ws/install/f7_udp:/opt/ros/humble /usr/bin/cmake --build /home/dev/ros2_ws/build/turtlebot3 -- -j12 -l12
[0.469s] Invoked command in '/home/dev/ros2_ws/build/turtlebot3' returned '0': AMENT_PREFIX_PATH=/home/dev/ros2_ws/install/turtlebot3_teleop:/home/dev/ros2_ws/install/turtlebot3_example:/home/dev/ros2_ws/install/turtlebot3:/home/dev/ros2_ws/install/turtlebot3_bringup:/home/dev/ros2_ws/install/turtlebot3_node:/home/dev/ros2_ws/install/turtlebot3_navigation2:/home/dev/ros2_ws/install/turtlebot3_description:/home/dev/ros2_ws/install/turtlebot3_cartographer:/home/dev/ros2_ws/install/scanmatcher:/home/dev/ros2_ws/install/ndt_omp_ros2:/home/dev/ros2_ws/install/lidarslam_msgs:/home/dev/ros2_ws/install/ldlidar:/home/dev/ros2_ws/install/ldlidar_node:/home/dev/ros2_ws/install/ldlidar_component:/home/dev/ros2_ws/install/f7_udp:/opt/ros/humble CMAKE_PREFIX_PATH=/home/dev/ros2_ws/install/turtlebot3_bringup:/home/dev/ros2_ws/install/turtlebot3_node:/home/dev/ros2_ws/install/turtlebot3_navigation2:/home/dev/ros2_ws/install/turtlebot3_description:/home/dev/ros2_ws/install/turtlebot3_cartographer:/home/dev/ros2_ws/install/turtlebot3:/home/dev/ros2_ws/install/scanmatcher:/home/dev/ros2_ws/install/ndt_omp_ros2:/home/dev/ros2_ws/install/lidarslam_msgs:/home/dev/ros2_ws/install/ldlidar:/home/dev/ros2_ws/install/ldlidar_node:/home/dev/ros2_ws/install/ldlidar_component:/home/dev/ros2_ws/install/turtlebot3_teleop:/home/dev/ros2_ws/install/turtlebot3_example:/home/dev/ros2_ws/install/f7_udp:/opt/ros/humble /usr/bin/cmake --build /home/dev/ros2_ws/build/turtlebot3 -- -j12 -l12
[0.486s] Invoking command in '/home/dev/ros2_ws/build/turtlebot3': AMENT_PREFIX_PATH=/home/dev/ros2_ws/install/turtlebot3_teleop:/home/dev/ros2_ws/install/turtlebot3_example:/home/dev/ros2_ws/install/turtlebot3:/home/dev/ros2_ws/install/turtlebot3_bringup:/home/dev/ros2_ws/install/turtlebot3_node:/home/dev/ros2_ws/install/turtlebot3_navigation2:/home/dev/ros2_ws/install/turtlebot3_description:/home/dev/ros2_ws/install/turtlebot3_cartographer:/home/dev/ros2_ws/install/scanmatcher:/home/dev/ros2_ws/install/ndt_omp_ros2:/home/dev/ros2_ws/install/lidarslam_msgs:/home/dev/ros2_ws/install/ldlidar:/home/dev/ros2_ws/install/ldlidar_node:/home/dev/ros2_ws/install/ldlidar_component:/home/dev/ros2_ws/install/f7_udp:/opt/ros/humble CMAKE_PREFIX_PATH=/home/dev/ros2_ws/install/turtlebot3_bringup:/home/dev/ros2_ws/install/turtlebot3_node:/home/dev/ros2_ws/install/turtlebot3_navigation2:/home/dev/ros2_ws/install/turtlebot3_description:/home/dev/ros2_ws/install/turtlebot3_cartographer:/home/dev/ros2_ws/install/turtlebot3:/home/dev/ros2_ws/install/scanmatcher:/home/dev/ros2_ws/install/ndt_omp_ros2:/home/dev/ros2_ws/install/lidarslam_msgs:/home/dev/ros2_ws/install/ldlidar:/home/dev/ros2_ws/install/ldlidar_node:/home/dev/ros2_ws/install/ldlidar_component:/home/dev/ros2_ws/install/turtlebot3_teleop:/home/dev/ros2_ws/install/turtlebot3_example:/home/dev/ros2_ws/install/f7_udp:/opt/ros/humble /usr/bin/cmake --install /home/dev/ros2_ws/build/turtlebot3
[0.490s] -- Install configuration: ""
[0.491s] -- Execute custom install script
[0.491s] -- Symlinking: /home/dev/ros2_ws/install/turtlebot3/share/ament_index/resource_index/package_run_dependencies/turtlebot3
[0.496s] -- Symlinking: /home/dev/ros2_ws/install/turtlebot3/share/ament_index/resource_index/parent_prefix_path/turtlebot3
[0.503s] -- Symlinking: /home/dev/ros2_ws/install/turtlebot3/share/turtlebot3/environment/ament_prefix_path.sh
[0.508s] -- Symlinking: /home/dev/ros2_ws/install/turtlebot3/share/turtlebot3/environment/ament_prefix_path.dsv
[0.514s] -- Symlinking: /home/dev/ros2_ws/install/turtlebot3/share/turtlebot3/environment/path.sh
[0.520s] -- Symlinking: /home/dev/ros2_ws/install/turtlebot3/share/turtlebot3/environment/path.dsv
[0.527s] -- Symlinking: /home/dev/ros2_ws/install/turtlebot3/share/turtlebot3/local_setup.bash
[0.533s] -- Symlinking: /home/dev/ros2_ws/install/turtlebot3/share/turtlebot3/local_setup.sh
[0.541s] -- Symlinking: /home/dev/ros2_ws/install/turtlebot3/share/turtlebot3/local_setup.zsh
[0.547s] -- Symlinking: /home/dev/ros2_ws/install/turtlebot3/share/turtlebot3/local_setup.dsv
[0.553s] -- Symlinking: /home/dev/ros2_ws/install/turtlebot3/share/turtlebot3/package.dsv
[0.558s] -- Symlinking: /home/dev/ros2_ws/install/turtlebot3/share/ament_index/resource_index/packages/turtlebot3
[0.563s] -- Symlinking: /home/dev/ros2_ws/install/turtlebot3/share/turtlebot3/cmake/turtlebot3Config.cmake
[0.570s] -- Symlinking: /home/dev/ros2_ws/install/turtlebot3/share/turtlebot3/cmake/turtlebot3Config-version.cmake
[0.577s] -- Symlinking: /home/dev/ros2_ws/install/turtlebot3/share/turtlebot3/package.xml
[0.585s] Invoked command in '/home/dev/ros2_ws/build/turtlebot3' returned '0': AMENT_PREFIX_PATH=/home/dev/ros2_ws/install/turtlebot3_teleop:/home/dev/ros2_ws/install/turtlebot3_example:/home/dev/ros2_ws/install/turtlebot3:/home/dev/ros2_ws/install/turtlebot3_bringup:/home/dev/ros2_ws/install/turtlebot3_node:/home/dev/ros2_ws/install/turtlebot3_navigation2:/home/dev/ros2_ws/install/turtlebot3_description:/home/dev/ros2_ws/install/turtlebot3_cartographer:/home/dev/ros2_ws/install/scanmatcher:/home/dev/ros2_ws/install/ndt_omp_ros2:/home/dev/ros2_ws/install/lidarslam_msgs:/home/dev/ros2_ws/install/ldlidar:/home/dev/ros2_ws/install/ldlidar_node:/home/dev/ros2_ws/install/ldlidar_component:/home/dev/ros2_ws/install/f7_udp:/opt/ros/humble CMAKE_PREFIX_PATH=/home/dev/ros2_ws/install/turtlebot3_bringup:/home/dev/ros2_ws/install/turtlebot3_node:/home/dev/ros2_ws/install/turtlebot3_navigation2:/home/dev/ros2_ws/install/turtlebot3_description:/home/dev/ros2_ws/install/turtlebot3_cartographer:/home/dev/ros2_ws/install/turtlebot3:/home/dev/ros2_ws/install/scanmatcher:/home/dev/ros2_ws/install/ndt_omp_ros2:/home/dev/ros2_ws/install/lidarslam_msgs:/home/dev/ros2_ws/install/ldlidar:/home/dev/ros2_ws/install/ldlidar_node:/home/dev/ros2_ws/install/ldlidar_component:/home/dev/ros2_ws/install/turtlebot3_teleop:/home/dev/ros2_ws/install/turtlebot3_example:/home/dev/ros2_ws/install/f7_udp:/opt/ros/humble /usr/bin/cmake --install /home/dev/ros2_ws/build/turtlebot3
