[0.019s] Invoking command in '/home/dev/ros2_ws/build/turtlebot3_description': CMAKE_PREFIX_PATH=${CMAKE_PREFIX_PATH}:/home/dev/ros2_ws/install/turtlebot3_teleop:/home/dev/ros2_ws/install/turtlebot3_example:/home/dev/ros2_ws/install/f7_udp:/opt/ros/humble /usr/bin/cmake /home/dev/ros2_ws/src/turtlebot3/turtlebot3_description -DAMENT_CMAKE_SYMLINK_INSTALL=1 -DCMAKE_INSTALL_PREFIX=/home/dev/ros2_ws/install/turtlebot3_description
[0.193s] -- The C compiler identification is GNU 11.4.0
[0.194s] -- The CXX compiler identification is GNU 11.4.0
[0.194s] -- Detecting C compiler ABI info
[0.194s] -- Detecting C compiler ABI info - done
[0.194s] -- Check for working C compiler: /usr/bin/cc - skipped
[0.194s] -- Detecting C compile features
[0.194s] -- Detecting C compile features - done
[0.194s] -- Detecting CXX compiler ABI info
[0.246s] -- Detecting CXX compiler ABI info - done
[0.254s] -- Check for working CXX compiler: /usr/bin/c++ - skipped
[0.254s] -- Detecting CXX compile features
[0.255s] -- Detecting CXX compile features - done
[0.257s] -- Found ament_cmake: 1.3.10 (/opt/ros/humble/share/ament_cmake/cmake)
[0.384s] -- Found Python3: /usr/bin/python3 (found version "3.10.12") found components: Interpreter 
[0.450s] -- Override CMake install command with custom implementation using symlinks instead of copying resources
[0.475s] -- Found urdf: 2.6.1 (/opt/ros/humble/share/urdf/cmake)
[0.580s] -- Configuring done
[0.582s] -- Generating done
[0.582s] -- Build files have been written to: /home/dev/ros2_ws/build/turtlebot3_description
[0.587s] Invoked command in '/home/dev/ros2_ws/build/turtlebot3_description' returned '0': CMAKE_PREFIX_PATH=${CMAKE_PREFIX_PATH}:/home/dev/ros2_ws/install/turtlebot3_teleop:/home/dev/ros2_ws/install/turtlebot3_example:/home/dev/ros2_ws/install/f7_udp:/opt/ros/humble /usr/bin/cmake /home/dev/ros2_ws/src/turtlebot3/turtlebot3_description -DAMENT_CMAKE_SYMLINK_INSTALL=1 -DCMAKE_INSTALL_PREFIX=/home/dev/ros2_ws/install/turtlebot3_description
[0.589s] Invoking command in '/home/dev/ros2_ws/build/turtlebot3_description': CMAKE_PREFIX_PATH=${CMAKE_PREFIX_PATH}:/home/dev/ros2_ws/install/turtlebot3_teleop:/home/dev/ros2_ws/install/turtlebot3_example:/home/dev/ros2_ws/install/f7_udp:/opt/ros/humble /usr/bin/cmake --build /home/dev/ros2_ws/build/turtlebot3_description -- -j12 -l12
[0.628s] Invoked command in '/home/dev/ros2_ws/build/turtlebot3_description' returned '0': CMAKE_PREFIX_PATH=${CMAKE_PREFIX_PATH}:/home/dev/ros2_ws/install/turtlebot3_teleop:/home/dev/ros2_ws/install/turtlebot3_example:/home/dev/ros2_ws/install/f7_udp:/opt/ros/humble /usr/bin/cmake --build /home/dev/ros2_ws/build/turtlebot3_description -- -j12 -l12
[0.649s] Invoking command in '/home/dev/ros2_ws/build/turtlebot3_description': CMAKE_PREFIX_PATH=${CMAKE_PREFIX_PATH}:/home/dev/ros2_ws/install/turtlebot3_teleop:/home/dev/ros2_ws/install/turtlebot3_example:/home/dev/ros2_ws/install/f7_udp:/opt/ros/humble /usr/bin/cmake --install /home/dev/ros2_ws/build/turtlebot3_description
[0.656s] -- Install configuration: ""
[0.657s] -- Execute custom install script
[0.657s] -- Symlinking: /home/dev/ros2_ws/install/turtlebot3_description/share/turtlebot3_description/meshes/bases/burger_base.stl
[0.665s] -- Symlinking: /home/dev/ros2_ws/install/turtlebot3_description/share/turtlebot3_description/meshes/bases/waffle_base.stl
[0.673s] -- Symlinking: /home/dev/ros2_ws/install/turtlebot3_description/share/turtlebot3_description/meshes/bases/waffle_pi_base.stl
[0.681s] -- Symlinking: /home/dev/ros2_ws/install/turtlebot3_description/share/turtlebot3_description/meshes/sensors/astra.dae
[0.689s] -- Symlinking: /home/dev/ros2_ws/install/turtlebot3_description/share/turtlebot3_description/meshes/sensors/astra.jpg
[0.697s] -- Symlinking: /home/dev/ros2_ws/install/turtlebot3_description/share/turtlebot3_description/meshes/sensors/lds.stl
[0.705s] -- Symlinking: /home/dev/ros2_ws/install/turtlebot3_description/share/turtlebot3_description/meshes/sensors/r200.dae
[0.713s] -- Symlinking: /home/dev/ros2_ws/install/turtlebot3_description/share/turtlebot3_description/meshes/sensors/r200.jpg
[0.721s] -- Symlinking: /home/dev/ros2_ws/install/turtlebot3_description/share/turtlebot3_description/meshes/wheels/left_tire.stl
[0.729s] -- Symlinking: /home/dev/ros2_ws/install/turtlebot3_description/share/turtlebot3_description/meshes/wheels/right_tire.stl
[0.737s] -- Symlinking: /home/dev/ros2_ws/install/turtlebot3_description/share/turtlebot3_description/rviz/model.rviz
[0.745s] -- Symlinking: /home/dev/ros2_ws/install/turtlebot3_description/share/turtlebot3_description/urdf/common_properties.urdf
[0.751s] -- Symlinking: /home/dev/ros2_ws/install/turtlebot3_description/share/turtlebot3_description/urdf/turtlebot3_burger.urdf
[0.759s] -- Symlinking: /home/dev/ros2_ws/install/turtlebot3_description/share/turtlebot3_description/urdf/turtlebot3_waffle.urdf
[0.766s] -- Symlinking: /home/dev/ros2_ws/install/turtlebot3_description/share/turtlebot3_description/urdf/turtlebot3_waffle_pi.urdf
[0.774s] -- Symlinking: /home/dev/ros2_ws/install/turtlebot3_description/share/ament_index/resource_index/package_run_dependencies/turtlebot3_description
[0.780s] -- Symlinking: /home/dev/ros2_ws/install/turtlebot3_description/share/ament_index/resource_index/parent_prefix_path/turtlebot3_description
[0.787s] -- Symlinking: /home/dev/ros2_ws/install/turtlebot3_description/share/turtlebot3_description/environment/ament_prefix_path.sh
[0.795s] -- Symlinking: /home/dev/ros2_ws/install/turtlebot3_description/share/turtlebot3_description/environment/ament_prefix_path.dsv
[0.798s] -- Symlinking: /home/dev/ros2_ws/install/turtlebot3_description/share/turtlebot3_description/environment/path.sh
[0.804s] -- Symlinking: /home/dev/ros2_ws/install/turtlebot3_description/share/turtlebot3_description/environment/path.dsv
[0.811s] -- Symlinking: /home/dev/ros2_ws/install/turtlebot3_description/share/turtlebot3_description/local_setup.bash
[0.818s] -- Symlinking: /home/dev/ros2_ws/install/turtlebot3_description/share/turtlebot3_description/local_setup.sh
[0.826s] -- Symlinking: /home/dev/ros2_ws/install/turtlebot3_description/share/turtlebot3_description/local_setup.zsh
[0.832s] -- Symlinking: /home/dev/ros2_ws/install/turtlebot3_description/share/turtlebot3_description/local_setup.dsv
[0.839s] -- Symlinking: /home/dev/ros2_ws/install/turtlebot3_description/share/turtlebot3_description/package.dsv
[0.848s] -- Symlinking: /home/dev/ros2_ws/install/turtlebot3_description/share/ament_index/resource_index/packages/turtlebot3_description
[0.856s] -- Symlinking: /home/dev/ros2_ws/install/turtlebot3_description/share/turtlebot3_description/cmake/turtlebot3_descriptionConfig.cmake
[0.865s] -- Symlinking: /home/dev/ros2_ws/install/turtlebot3_description/share/turtlebot3_description/cmake/turtlebot3_descriptionConfig-version.cmake
[0.873s] -- Symlinking: /home/dev/ros2_ws/install/turtlebot3_description/share/turtlebot3_description/package.xml
[0.881s] Invoked command in '/home/dev/ros2_ws/build/turtlebot3_description' returned '0': CMAKE_PREFIX_PATH=${CMAKE_PREFIX_PATH}:/home/dev/ros2_ws/install/turtlebot3_teleop:/home/dev/ros2_ws/install/turtlebot3_example:/home/dev/ros2_ws/install/f7_udp:/opt/ros/humble /usr/bin/cmake --install /home/dev/ros2_ws/build/turtlebot3_description
