[0.756s] Invoking command in '/home/dev/ros2_ws/src/f7_udp': PYTHONPATH=/home/dev/ros2_ws/build/f7_udp/prefix_override:/usr/lib/python3/dist-packages/colcon_core/task/python/colcon_distutils_commands:/home/dev/ros2_ws/install/f7_udp/lib/python3.10/site-packages:${PYTHONPATH} /usr/bin/python3 -W ignore:setup.py install is deprecated setup.py egg_info --egg-base ../../build/f7_udp build --build-base /home/dev/ros2_ws/build/f7_udp/build install --record /home/dev/ros2_ws/build/f7_udp/install.log --single-version-externally-managed install_data
[0.978s] running egg_info
[0.978s] writing ../../build/f7_udp/f7_udp.egg-info/PKG-INFO
[0.979s] writing dependency_links to ../../build/f7_udp/f7_udp.egg-info/dependency_links.txt
[0.979s] writing entry points to ../../build/f7_udp/f7_udp.egg-info/entry_points.txt
[0.979s] writing requirements to ../../build/f7_udp/f7_udp.egg-info/requires.txt
[0.979s] writing top-level names to ../../build/f7_udp/f7_udp.egg-info/top_level.txt
[0.980s] reading manifest file '../../build/f7_udp/f7_udp.egg-info/SOURCES.txt'
[0.980s] adding license file 'LICENSE'
[0.981s] writing manifest file '../../build/f7_udp/f7_udp.egg-info/SOURCES.txt'
[0.981s] running build
[0.981s] running build_py
[0.982s] running install
[0.982s] running install_lib
[0.984s] running install_data
[0.984s] running install_egg_info
[0.986s] removing '/home/dev/ros2_ws/install/f7_udp/lib/python3.10/site-packages/f7_udp-0.0.0-py3.10.egg-info' (and everything under it)
[0.986s] Copying ../../build/f7_udp/f7_udp.egg-info to /home/dev/ros2_ws/install/f7_udp/lib/python3.10/site-packages/f7_udp-0.0.0-py3.10.egg-info
[0.986s] running install_scripts
[1.006s] Installing 4_omni script to /home/dev/ros2_ws/install/f7_udp/lib/f7_udp
[1.007s] Installing cr24_gui script to /home/dev/ros2_ws/install/f7_udp/lib/f7_udp
[1.007s] Installing cr24_main script to /home/dev/ros2_ws/install/f7_udp/lib/f7_udp
[1.007s] Installing cr24_main_apk script to /home/dev/ros2_ws/install/f7_udp/lib/f7_udp
[1.007s] Installing cr24_main_manual script to /home/dev/ros2_ws/install/f7_udp/lib/f7_udp
[1.007s] Installing cr24_main_manual2 script to /home/dev/ros2_ws/install/f7_udp/lib/f7_udp
[1.007s] Installing cr24_manual2_apk script to /home/dev/ros2_ws/install/f7_udp/lib/f7_udp
[1.007s] Installing cr24_pos script to /home/dev/ros2_ws/install/f7_udp/lib/f7_udp
[1.008s] Installing cr24_test script to /home/dev/ros2_ws/install/f7_udp/lib/f7_udp
[1.008s] Installing cr24_wlcam script to /home/dev/ros2_ws/install/f7_udp/lib/f7_udp
[1.008s] Installing listener script to /home/dev/ros2_ws/install/f7_udp/lib/f7_udp
[1.008s] Installing nr25_omni script to /home/dev/ros2_ws/install/f7_udp/lib/f7_udp
[1.008s] Installing setoshio script to /home/dev/ros2_ws/install/f7_udp/lib/f7_udp
[1.008s] Installing setoshio_gui script to /home/dev/ros2_ws/install/f7_udp/lib/f7_udp
[1.008s] writing list of installed files to '/home/dev/ros2_ws/build/f7_udp/install.log'
[1.030s] Invoked command in '/home/dev/ros2_ws/src/f7_udp' returned '0': PYTHONPATH=/home/dev/ros2_ws/build/f7_udp/prefix_override:/usr/lib/python3/dist-packages/colcon_core/task/python/colcon_distutils_commands:/home/dev/ros2_ws/install/f7_udp/lib/python3.10/site-packages:${PYTHONPATH} /usr/bin/python3 -W ignore:setup.py install is deprecated setup.py egg_info --egg-base ../../build/f7_udp build --build-base /home/dev/ros2_ws/build/f7_udp/build install --record /home/dev/ros2_ws/build/f7_udp/install.log --single-version-externally-managed install_data
