[0.015s] Invoking command in '/home/dev/ros2_ws/build/ldlidar_node': CMAKE_PREFIX_PATH=/home/dev/ros2_ws/install/ldlidar_component:/home/dev/ros2_ws/install/turtlebot3:/home/dev/ros2_ws/install/turtlebot3_bringup:/home/dev/ros2_ws/install/turtlebot3_node:/home/dev/ros2_ws/install/turtlebot3_navigation2:/home/dev/ros2_ws/install/turtlebot3_description:/home/dev/ros2_ws/install/turtlebot3_cartographer:/home/dev/ros2_ws/install/scanmatcher:/home/dev/ros2_ws/install/ndt_omp_ros2:/home/dev/ros2_ws/install/lidarslam_msgs:/home/dev/ros2_ws/install/ldlidar:/home/dev/ros2_ws/install/ldlidar_node:/home/dev/ros2_ws/install/turtlebot3_teleop:/home/dev/ros2_ws/install/turtlebot3_example:/home/dev/ros2_ws/install/f7_udp:/opt/ros/humble LD_LIBRARY_PATH=/home/dev/ros2_ws/install/ldlidar_component/lib:/usr/lib/x86_64-linux-gnu/gazebo-11/plugins:/home/dev/ros2_ws/install/scanmatcher/lib:/home/dev/ros2_ws/install/lidarslam_msgs/lib:/opt/ros/humble/opt/rviz_ogre_vendor/lib:/opt/ros/humble/lib/x86_64-linux-gnu:/opt/ros/humble/lib /usr/bin/cmake /home/dev/ros2_ws/src/ldrobot-lidar-ros2/ldlidar_node -DCMAKE_BUILD_TYPE=Release -DAMENT_CMAKE_SYMLINK_INSTALL=1 -DCMAKE_INSTALL_PREFIX=/home/dev/ros2_ws/install/ldlidar_node
[0.081s] -- The C compiler identification is GNU 11.4.0
[0.142s] -- The CXX compiler identification is GNU 11.4.0
[0.151s] -- Detecting C compiler ABI info
[0.224s] -- Detecting C compiler ABI info - done
[0.231s] -- Check for working C compiler: /usr/bin/cc - skipped
[0.231s] -- Detecting C compile features
[0.232s] -- Detecting C compile features - done
[0.235s] -- Detecting CXX compiler ABI info
[0.313s] -- Detecting CXX compiler ABI info - done
[0.321s] -- Check for working CXX compiler: /usr/bin/c++ - skipped
[0.322s] -- Detecting CXX compile features
[0.322s] -- Detecting CXX compile features - done
[0.323s] --  * Release Mode
[0.323s] -- * Found ROS2 humble
[0.323s] -- * ROS2 humble is officially supported by this package.
[0.332s] -- Found ament_cmake: 1.3.10 (/opt/ros/humble/share/ament_cmake/cmake)
[0.524s] -- Found Python3: /usr/bin/python3 (found version "3.10.12") found components: Interpreter 
[0.607s] -- Override CMake install command with custom implementation using symlinks instead of copying resources
[0.653s] -- Found rclcpp: 16.0.10 (/opt/ros/humble/share/rclcpp/cmake)
[0.718s] -- Found rosidl_generator_c: 3.1.5 (/opt/ros/humble/share/rosidl_generator_c/cmake)
[0.726s] -- Found rosidl_adapter: 3.1.5 (/opt/ros/humble/share/rosidl_adapter/cmake)
[0.739s] -- Found rosidl_generator_cpp: 3.1.5 (/opt/ros/humble/share/rosidl_generator_cpp/cmake)
[0.760s] -- Using all available rosidl_typesupport_c: rosidl_typesupport_fastrtps_c;rosidl_typesupport_introspection_c
[0.785s] -- Using all available rosidl_typesupport_cpp: rosidl_typesupport_fastrtps_cpp;rosidl_typesupport_introspection_cpp
[0.853s] -- Found rmw_implementation_cmake: 6.1.2 (/opt/ros/humble/share/rmw_implementation_cmake/cmake)
[0.858s] -- Found rmw_fastrtps_cpp: 6.2.7 (/opt/ros/humble/share/rmw_fastrtps_cpp/cmake)
[0.965s] -- Found OpenSSL: /usr/lib/x86_64-linux-gnu/libcrypto.so (found version "3.0.2")  
[0.995s] -- Found FastRTPS: /opt/ros/humble/include  
[1.041s] -- Using RMW implementation 'rmw_fastrtps_cpp' as default
[1.055s] -- Looking for pthread.h
[1.131s] -- Looking for pthread.h - found
[1.131s] -- Performing Test CMAKE_HAVE_LIBC_PTHREAD
[1.206s] -- Performing Test CMAKE_HAVE_LIBC_PTHREAD - Success
[1.207s] -- Found Threads: TRUE  
[1.281s] -- Found rclcpp_components: 16.0.10 (/opt/ros/humble/share/rclcpp_components/cmake)
[1.321s] -- Found rclcpp_lifecycle: 16.0.10 (/opt/ros/humble/share/rclcpp_lifecycle/cmake)
[1.350s] -- Found ldlidar_component: 0.2.0 (/home/dev/ros2_ws/install/ldlidar_component/share/ldlidar_component/cmake)
[1.617s] -- Found eigen3_cmake_module: 0.1.1 (/opt/ros/humble/share/eigen3_cmake_module/cmake)
[1.618s] -- Found Eigen3: TRUE (found version "3.4.0") 
[1.618s] -- Ensuring Eigen3 include directory is part of orocos-kdl CMake target
[1.691s] -- Found ament_lint_auto: 0.12.11 (/opt/ros/humble/share/ament_lint_auto/cmake)
[1.840s] -- Found python_cmake_module: 0.10.0 (/opt/ros/humble/share/python_cmake_module/cmake)
[1.865s] -- Found PythonInterp: /usr/bin/python3 (found suitable version "3.10.12", minimum required is "3.6") 
[1.873s] -- Found PythonLibs: /usr/lib/x86_64-linux-gnu/libpython3.10.so (found suitable version "3.10.12", minimum required is "3.5") 
[1.873s] -- Using PYTHON_EXECUTABLE: /usr/bin/python3
[1.873s] -- Using PYTHON_INCLUDE_DIRS: /usr/include/python3.10
[1.873s] -- Using PYTHON_LIBRARIES: /usr/lib/x86_64-linux-gnu/libpython3.10.so
[1.897s] -- Found PythonExtra: .so  
[1.904s] -- Added test 'copyright' to check source files copyright and LICENSE
[1.906s] -- Added test 'cppcheck' to perform static code analysis on C / C++ code
[1.906s] -- Configured cppcheck include dirs: 
[1.906s] -- Configured cppcheck exclude dirs and/or files: 
[1.908s] -- Added test 'cpplint' to check C / C++ code against the Google style
[1.908s] -- Configured cpplint exclude dirs and/or files: 
[1.909s] -- Added test 'flake8' to check Python code syntax and style conventions
[1.910s] -- Added test 'lint_cmake' to check CMake code style
[1.911s] -- Added test 'pep257' to check Python code against some of the docstring style conventions in PEP 257
[1.914s] -- Added test 'uncrustify' to check C / C++ code style
[1.914s] -- Configured uncrustify additional arguments: 
[1.915s] -- Added test 'xmllint' to check XML markup files
[1.917s] -- Configuring done
[1.954s] -- Generating done
[1.956s] -- Build files have been written to: /home/dev/ros2_ws/build/ldlidar_node
[1.968s] Invoked command in '/home/dev/ros2_ws/build/ldlidar_node' returned '0': CMAKE_PREFIX_PATH=/home/dev/ros2_ws/install/ldlidar_component:/home/dev/ros2_ws/install/turtlebot3:/home/dev/ros2_ws/install/turtlebot3_bringup:/home/dev/ros2_ws/install/turtlebot3_node:/home/dev/ros2_ws/install/turtlebot3_navigation2:/home/dev/ros2_ws/install/turtlebot3_description:/home/dev/ros2_ws/install/turtlebot3_cartographer:/home/dev/ros2_ws/install/scanmatcher:/home/dev/ros2_ws/install/ndt_omp_ros2:/home/dev/ros2_ws/install/lidarslam_msgs:/home/dev/ros2_ws/install/ldlidar:/home/dev/ros2_ws/install/ldlidar_node:/home/dev/ros2_ws/install/turtlebot3_teleop:/home/dev/ros2_ws/install/turtlebot3_example:/home/dev/ros2_ws/install/f7_udp:/opt/ros/humble LD_LIBRARY_PATH=/home/dev/ros2_ws/install/ldlidar_component/lib:/usr/lib/x86_64-linux-gnu/gazebo-11/plugins:/home/dev/ros2_ws/install/scanmatcher/lib:/home/dev/ros2_ws/install/lidarslam_msgs/lib:/opt/ros/humble/opt/rviz_ogre_vendor/lib:/opt/ros/humble/lib/x86_64-linux-gnu:/opt/ros/humble/lib /usr/bin/cmake /home/dev/ros2_ws/src/ldrobot-lidar-ros2/ldlidar_node -DCMAKE_BUILD_TYPE=Release -DAMENT_CMAKE_SYMLINK_INSTALL=1 -DCMAKE_INSTALL_PREFIX=/home/dev/ros2_ws/install/ldlidar_node
[1.971s] Invoking command in '/home/dev/ros2_ws/build/ldlidar_node': CMAKE_PREFIX_PATH=/home/dev/ros2_ws/install/ldlidar_component:/home/dev/ros2_ws/install/turtlebot3:/home/dev/ros2_ws/install/turtlebot3_bringup:/home/dev/ros2_ws/install/turtlebot3_node:/home/dev/ros2_ws/install/turtlebot3_navigation2:/home/dev/ros2_ws/install/turtlebot3_description:/home/dev/ros2_ws/install/turtlebot3_cartographer:/home/dev/ros2_ws/install/scanmatcher:/home/dev/ros2_ws/install/ndt_omp_ros2:/home/dev/ros2_ws/install/lidarslam_msgs:/home/dev/ros2_ws/install/ldlidar:/home/dev/ros2_ws/install/ldlidar_node:/home/dev/ros2_ws/install/turtlebot3_teleop:/home/dev/ros2_ws/install/turtlebot3_example:/home/dev/ros2_ws/install/f7_udp:/opt/ros/humble LD_LIBRARY_PATH=/home/dev/ros2_ws/install/ldlidar_component/lib:/usr/lib/x86_64-linux-gnu/gazebo-11/plugins:/home/dev/ros2_ws/install/scanmatcher/lib:/home/dev/ros2_ws/install/lidarslam_msgs/lib:/opt/ros/humble/opt/rviz_ogre_vendor/lib:/opt/ros/humble/lib/x86_64-linux-gnu:/opt/ros/humble/lib /usr/bin/cmake --build /home/dev/ros2_ws/build/ldlidar_node -- -j12 -l12
[2.024s] [ 50%] [32mBuilding CXX object CMakeFiles/ldlidar_node.dir/src/ldlidar_container_node.cpp.o[0m
[5.051s] [100%] [32m[1mLinking CXX executable ldlidar_node[0m
[5.197s] [100%] Built target ldlidar_node
[5.207s] Invoked command in '/home/dev/ros2_ws/build/ldlidar_node' returned '0': CMAKE_PREFIX_PATH=/home/dev/ros2_ws/install/ldlidar_component:/home/dev/ros2_ws/install/turtlebot3:/home/dev/ros2_ws/install/turtlebot3_bringup:/home/dev/ros2_ws/install/turtlebot3_node:/home/dev/ros2_ws/install/turtlebot3_navigation2:/home/dev/ros2_ws/install/turtlebot3_description:/home/dev/ros2_ws/install/turtlebot3_cartographer:/home/dev/ros2_ws/install/scanmatcher:/home/dev/ros2_ws/install/ndt_omp_ros2:/home/dev/ros2_ws/install/lidarslam_msgs:/home/dev/ros2_ws/install/ldlidar:/home/dev/ros2_ws/install/ldlidar_node:/home/dev/ros2_ws/install/turtlebot3_teleop:/home/dev/ros2_ws/install/turtlebot3_example:/home/dev/ros2_ws/install/f7_udp:/opt/ros/humble LD_LIBRARY_PATH=/home/dev/ros2_ws/install/ldlidar_component/lib:/usr/lib/x86_64-linux-gnu/gazebo-11/plugins:/home/dev/ros2_ws/install/scanmatcher/lib:/home/dev/ros2_ws/install/lidarslam_msgs/lib:/opt/ros/humble/opt/rviz_ogre_vendor/lib:/opt/ros/humble/lib/x86_64-linux-gnu:/opt/ros/humble/lib /usr/bin/cmake --build /home/dev/ros2_ws/build/ldlidar_node -- -j12 -l12
[5.233s] Invoking command in '/home/dev/ros2_ws/build/ldlidar_node': CMAKE_PREFIX_PATH=/home/dev/ros2_ws/install/ldlidar_component:/home/dev/ros2_ws/install/turtlebot3:/home/dev/ros2_ws/install/turtlebot3_bringup:/home/dev/ros2_ws/install/turtlebot3_node:/home/dev/ros2_ws/install/turtlebot3_navigation2:/home/dev/ros2_ws/install/turtlebot3_description:/home/dev/ros2_ws/install/turtlebot3_cartographer:/home/dev/ros2_ws/install/scanmatcher:/home/dev/ros2_ws/install/ndt_omp_ros2:/home/dev/ros2_ws/install/lidarslam_msgs:/home/dev/ros2_ws/install/ldlidar:/home/dev/ros2_ws/install/ldlidar_node:/home/dev/ros2_ws/install/turtlebot3_teleop:/home/dev/ros2_ws/install/turtlebot3_example:/home/dev/ros2_ws/install/f7_udp:/opt/ros/humble LD_LIBRARY_PATH=/home/dev/ros2_ws/install/ldlidar_component/lib:/usr/lib/x86_64-linux-gnu/gazebo-11/plugins:/home/dev/ros2_ws/install/scanmatcher/lib:/home/dev/ros2_ws/install/lidarslam_msgs/lib:/opt/ros/humble/opt/rviz_ogre_vendor/lib:/opt/ros/humble/lib/x86_64-linux-gnu:/opt/ros/humble/lib /usr/bin/cmake --install /home/dev/ros2_ws/build/ldlidar_node
[5.240s] -- Install configuration: "Release"
[5.241s] -- Execute custom install script
[5.241s] -- Symlinking: /home/dev/ros2_ws/install/ldlidar_node/lib/ldlidar_node/ldlidar_node
[5.250s] -- Symlinking: /home/dev/ros2_ws/install/ldlidar_node/share/ldlidar_node/params/ldlidar.yaml
[5.257s] -- Symlinking: /home/dev/ros2_ws/install/ldlidar_node/share/ldlidar_node/params/lifecycle_mgr.yaml
[5.265s] -- Symlinking: /home/dev/ros2_ws/install/ldlidar_node/share/ldlidar_node/params/lifecycle_mgr_slam.yaml
[5.273s] -- Symlinking: /home/dev/ros2_ws/install/ldlidar_node/share/ldlidar_node/params/slam_toolbox.yaml
[5.280s] -- Symlinking: /home/dev/ros2_ws/install/ldlidar_node/share/ldlidar_node/config/ldlidar.rviz
[5.288s] -- Symlinking: /home/dev/ros2_ws/install/ldlidar_node/share/ldlidar_node/config/ldlidar_slam.rviz
[5.296s] -- Symlinking: /home/dev/ros2_ws/install/ldlidar_node/share/ldlidar_node/urdf/ldlidar_descr.urdf.xml
[5.304s] -- Symlinking: /home/dev/ros2_ws/install/ldlidar_node/share/ldlidar_node/urdf/model/LD19.stl
[5.313s] -- Symlinking: /home/dev/ros2_ws/install/ldlidar_node/share/ldlidar_node/launch/ldlidar.launch.py
[5.321s] -- Symlinking: /home/dev/ros2_ws/install/ldlidar_node/share/ldlidar_node/launch/ldlidar_rviz2.launch.py
[5.328s] -- Symlinking: /home/dev/ros2_ws/install/ldlidar_node/share/ldlidar_node/launch/ldlidar_slam.launch.py
[5.337s] -- Symlinking: /home/dev/ros2_ws/install/ldlidar_node/share/ldlidar_node/launch/ldlidar_with_mgr.launch.py
[5.344s] -- Symlinking: /home/dev/ros2_ws/install/ldlidar_node/share/ament_index/resource_index/package_run_dependencies/ldlidar_node
[5.352s] -- Symlinking: /home/dev/ros2_ws/install/ldlidar_node/share/ament_index/resource_index/parent_prefix_path/ldlidar_node
[5.360s] -- Symlinking: /home/dev/ros2_ws/install/ldlidar_node/share/ldlidar_node/environment/ament_prefix_path.sh
[5.368s] -- Symlinking: /home/dev/ros2_ws/install/ldlidar_node/share/ldlidar_node/environment/ament_prefix_path.dsv
[5.376s] -- Symlinking: /home/dev/ros2_ws/install/ldlidar_node/share/ldlidar_node/environment/path.sh
[5.384s] -- Symlinking: /home/dev/ros2_ws/install/ldlidar_node/share/ldlidar_node/environment/path.dsv
[5.392s] -- Symlinking: /home/dev/ros2_ws/install/ldlidar_node/share/ldlidar_node/local_setup.bash
[5.400s] -- Symlinking: /home/dev/ros2_ws/install/ldlidar_node/share/ldlidar_node/local_setup.sh
[5.408s] -- Symlinking: /home/dev/ros2_ws/install/ldlidar_node/share/ldlidar_node/local_setup.zsh
[5.416s] -- Symlinking: /home/dev/ros2_ws/install/ldlidar_node/share/ldlidar_node/local_setup.dsv
[5.423s] -- Symlinking: /home/dev/ros2_ws/install/ldlidar_node/share/ldlidar_node/package.dsv
[5.432s] -- Symlinking: /home/dev/ros2_ws/install/ldlidar_node/share/ament_index/resource_index/packages/ldlidar_node
[5.440s] -- Symlinking: /home/dev/ros2_ws/install/ldlidar_node/share/ldlidar_node/cmake/ldlidar_nodeConfig.cmake
[5.447s] -- Symlinking: /home/dev/ros2_ws/install/ldlidar_node/share/ldlidar_node/cmake/ldlidar_nodeConfig-version.cmake
[5.455s] -- Symlinking: /home/dev/ros2_ws/install/ldlidar_node/share/ldlidar_node/package.xml
[5.465s] Invoked command in '/home/dev/ros2_ws/build/ldlidar_node' returned '0': CMAKE_PREFIX_PATH=/home/dev/ros2_ws/install/ldlidar_component:/home/dev/ros2_ws/install/turtlebot3:/home/dev/ros2_ws/install/turtlebot3_bringup:/home/dev/ros2_ws/install/turtlebot3_node:/home/dev/ros2_ws/install/turtlebot3_navigation2:/home/dev/ros2_ws/install/turtlebot3_description:/home/dev/ros2_ws/install/turtlebot3_cartographer:/home/dev/ros2_ws/install/scanmatcher:/home/dev/ros2_ws/install/ndt_omp_ros2:/home/dev/ros2_ws/install/lidarslam_msgs:/home/dev/ros2_ws/install/ldlidar:/home/dev/ros2_ws/install/ldlidar_node:/home/dev/ros2_ws/install/turtlebot3_teleop:/home/dev/ros2_ws/install/turtlebot3_example:/home/dev/ros2_ws/install/f7_udp:/opt/ros/humble LD_LIBRARY_PATH=/home/dev/ros2_ws/install/ldlidar_component/lib:/usr/lib/x86_64-linux-gnu/gazebo-11/plugins:/home/dev/ros2_ws/install/scanmatcher/lib:/home/dev/ros2_ws/install/lidarslam_msgs/lib:/opt/ros/humble/opt/rviz_ogre_vendor/lib:/opt/ros/humble/lib/x86_64-linux-gnu:/opt/ros/humble/lib /usr/bin/cmake --install /home/dev/ros2_ws/build/ldlidar_node
