[0.011s] Invoking command in '/home/dev/ros2_ws/build/ldlidar_node': CMAKE_PREFIX_PATH=/home/dev/ros2_ws/install/ldlidar_component:/home/dev/ros2_ws/install/wit_node:/home/dev/ros2_ws/install/wit_msgs:/home/dev/ros2_ws/install/wit_imu_driver:/home/dev/ros2_ws/install/wit_driver:/home/dev/ros2_ws/install/turtlebot3:/home/dev/ros2_ws/install/turtlebot3_bringup:/home/dev/ros2_ws/install/turtlebot3_node:/home/dev/ros2_ws/install/turtlebot3_navigation2:/home/dev/ros2_ws/install/turtlebot3_description:/home/dev/ros2_ws/install/turtlebot3_cartographer:/home/dev/ros2_ws/install/ldlidar:/home/dev/ros2_ws/install/ldlidar_node:/home/dev/ros2_ws/install/turtlebot3_teleop:/home/dev/ros2_ws/install/turtlebot3_example:/home/dev/ros2_ws/install/f7_udp:/opt/ros/humble LD_LIBRARY_PATH=/home/dev/ros2_ws/install/ldlidar_component/lib:/home/dev/ros2_ws/install/wit_node/lib:/home/dev/ros2_ws/install/wit_msgs/lib:/home/dev/ros2_ws/install/wit_driver/lib:/usr/lib/x86_64-linux-gnu/gazebo-11/plugins:/opt/ros/humble/opt/rviz_ogre_vendor/lib:/opt/ros/humble/lib/x86_64-linux-gnu:/opt/ros/humble/lib /usr/bin/cmake --build /home/dev/ros2_ws/build/ldlidar_node -- -j12 -l12
[0.062s] [100%] Built target ldlidar_node
[0.072s] Invoked command in '/home/dev/ros2_ws/build/ldlidar_node' returned '0': CMAKE_PREFIX_PATH=/home/dev/ros2_ws/install/ldlidar_component:/home/dev/ros2_ws/install/wit_node:/home/dev/ros2_ws/install/wit_msgs:/home/dev/ros2_ws/install/wit_imu_driver:/home/dev/ros2_ws/install/wit_driver:/home/dev/ros2_ws/install/turtlebot3:/home/dev/ros2_ws/install/turtlebot3_bringup:/home/dev/ros2_ws/install/turtlebot3_node:/home/dev/ros2_ws/install/turtlebot3_navigation2:/home/dev/ros2_ws/install/turtlebot3_description:/home/dev/ros2_ws/install/turtlebot3_cartographer:/home/dev/ros2_ws/install/ldlidar:/home/dev/ros2_ws/install/ldlidar_node:/home/dev/ros2_ws/install/turtlebot3_teleop:/home/dev/ros2_ws/install/turtlebot3_example:/home/dev/ros2_ws/install/f7_udp:/opt/ros/humble LD_LIBRARY_PATH=/home/dev/ros2_ws/install/ldlidar_component/lib:/home/dev/ros2_ws/install/wit_node/lib:/home/dev/ros2_ws/install/wit_msgs/lib:/home/dev/ros2_ws/install/wit_driver/lib:/usr/lib/x86_64-linux-gnu/gazebo-11/plugins:/opt/ros/humble/opt/rviz_ogre_vendor/lib:/opt/ros/humble/lib/x86_64-linux-gnu:/opt/ros/humble/lib /usr/bin/cmake --build /home/dev/ros2_ws/build/ldlidar_node -- -j12 -l12
[0.097s] Invoking command in '/home/dev/ros2_ws/build/ldlidar_node': CMAKE_PREFIX_PATH=/home/dev/ros2_ws/install/ldlidar_component:/home/dev/ros2_ws/install/wit_node:/home/dev/ros2_ws/install/wit_msgs:/home/dev/ros2_ws/install/wit_imu_driver:/home/dev/ros2_ws/install/wit_driver:/home/dev/ros2_ws/install/turtlebot3:/home/dev/ros2_ws/install/turtlebot3_bringup:/home/dev/ros2_ws/install/turtlebot3_node:/home/dev/ros2_ws/install/turtlebot3_navigation2:/home/dev/ros2_ws/install/turtlebot3_description:/home/dev/ros2_ws/install/turtlebot3_cartographer:/home/dev/ros2_ws/install/ldlidar:/home/dev/ros2_ws/install/ldlidar_node:/home/dev/ros2_ws/install/turtlebot3_teleop:/home/dev/ros2_ws/install/turtlebot3_example:/home/dev/ros2_ws/install/f7_udp:/opt/ros/humble LD_LIBRARY_PATH=/home/dev/ros2_ws/install/ldlidar_component/lib:/home/dev/ros2_ws/install/wit_node/lib:/home/dev/ros2_ws/install/wit_msgs/lib:/home/dev/ros2_ws/install/wit_driver/lib:/usr/lib/x86_64-linux-gnu/gazebo-11/plugins:/opt/ros/humble/opt/rviz_ogre_vendor/lib:/opt/ros/humble/lib/x86_64-linux-gnu:/opt/ros/humble/lib /usr/bin/cmake --install /home/dev/ros2_ws/build/ldlidar_node
[0.104s] -- Install configuration: "Release"
[0.104s] -- Execute custom install script
[0.104s] -- Up-to-date symlink: /home/dev/ros2_ws/install/ldlidar_node/lib/ldlidar_node/ldlidar_node
[0.104s] -- Up-to-date symlink: /home/dev/ros2_ws/install/ldlidar_node/share/ldlidar_node/params/ldlidar.yaml
[0.105s] -- Up-to-date symlink: /home/dev/ros2_ws/install/ldlidar_node/share/ldlidar_node/params/lifecycle_mgr.yaml
[0.105s] -- Up-to-date symlink: /home/dev/ros2_ws/install/ldlidar_node/share/ldlidar_node/params/lifecycle_mgr_slam.yaml
[0.105s] -- Up-to-date symlink: /home/dev/ros2_ws/install/ldlidar_node/share/ldlidar_node/params/slam_toolbox.yaml
[0.105s] -- Up-to-date symlink: /home/dev/ros2_ws/install/ldlidar_node/share/ldlidar_node/params/slam_toolbox_imu.yaml
[0.105s] -- Up-to-date symlink: /home/dev/ros2_ws/install/ldlidar_node/share/ldlidar_node/config/ldlidar.rviz
[0.105s] -- Up-to-date symlink: /home/dev/ros2_ws/install/ldlidar_node/share/ldlidar_node/config/ldlidar_slam.rviz
[0.105s] -- Up-to-date symlink: /home/dev/ros2_ws/install/ldlidar_node/share/ldlidar_node/urdf/ldlidar_descr.urdf.xml
[0.106s] -- Up-to-date symlink: /home/dev/ros2_ws/install/ldlidar_node/share/ldlidar_node/urdf/model/LD19.stl
[0.106s] -- Up-to-date symlink: /home/dev/ros2_ws/install/ldlidar_node/share/ldlidar_node/launch/__pycache__/ld_slam_imu.launch.cpython-310.pyc
[0.106s] -- Up-to-date symlink: /home/dev/ros2_ws/install/ldlidar_node/share/ldlidar_node/launch/__pycache__/ldlidar.launch.cpython-310.pyc
[0.106s] -- Up-to-date symlink: /home/dev/ros2_ws/install/ldlidar_node/share/ldlidar_node/launch/__pycache__/ldlidar_rviz2.launch.cpython-310.pyc
[0.106s] -- Up-to-date symlink: /home/dev/ros2_ws/install/ldlidar_node/share/ldlidar_node/launch/ld_slam_imu.launch.py
[0.106s] -- Up-to-date symlink: /home/dev/ros2_ws/install/ldlidar_node/share/ldlidar_node/launch/ldlidar.launch.py
[0.106s] -- Up-to-date symlink: /home/dev/ros2_ws/install/ldlidar_node/share/ldlidar_node/launch/ldlidar_rviz2.launch.py
[0.106s] -- Up-to-date symlink: /home/dev/ros2_ws/install/ldlidar_node/share/ldlidar_node/launch/ldlidar_slam.launch.py
[0.106s] -- Up-to-date symlink: /home/dev/ros2_ws/install/ldlidar_node/share/ldlidar_node/launch/ldlidar_with_mgr.launch.py
[0.107s] -- Up-to-date symlink: /home/dev/ros2_ws/install/ldlidar_node/share/ament_index/resource_index/package_run_dependencies/ldlidar_node
[0.107s] -- Up-to-date symlink: /home/dev/ros2_ws/install/ldlidar_node/share/ament_index/resource_index/parent_prefix_path/ldlidar_node
[0.107s] -- Up-to-date symlink: /home/dev/ros2_ws/install/ldlidar_node/share/ldlidar_node/environment/ament_prefix_path.sh
[0.107s] -- Up-to-date symlink: /home/dev/ros2_ws/install/ldlidar_node/share/ldlidar_node/environment/ament_prefix_path.dsv
[0.107s] -- Up-to-date symlink: /home/dev/ros2_ws/install/ldlidar_node/share/ldlidar_node/environment/path.sh
[0.107s] -- Up-to-date symlink: /home/dev/ros2_ws/install/ldlidar_node/share/ldlidar_node/environment/path.dsv
[0.107s] -- Up-to-date symlink: /home/dev/ros2_ws/install/ldlidar_node/share/ldlidar_node/local_setup.bash
[0.108s] -- Up-to-date symlink: /home/dev/ros2_ws/install/ldlidar_node/share/ldlidar_node/local_setup.sh
[0.108s] -- Up-to-date symlink: /home/dev/ros2_ws/install/ldlidar_node/share/ldlidar_node/local_setup.zsh
[0.108s] -- Up-to-date symlink: /home/dev/ros2_ws/install/ldlidar_node/share/ldlidar_node/local_setup.dsv
[0.108s] -- Symlinking: /home/dev/ros2_ws/install/ldlidar_node/share/ldlidar_node/package.dsv
[0.116s] -- Up-to-date symlink: /home/dev/ros2_ws/install/ldlidar_node/share/ament_index/resource_index/packages/ldlidar_node
[0.117s] -- Up-to-date symlink: /home/dev/ros2_ws/install/ldlidar_node/share/ldlidar_node/cmake/ldlidar_nodeConfig.cmake
[0.117s] -- Up-to-date symlink: /home/dev/ros2_ws/install/ldlidar_node/share/ldlidar_node/cmake/ldlidar_nodeConfig-version.cmake
[0.117s] -- Up-to-date symlink: /home/dev/ros2_ws/install/ldlidar_node/share/ldlidar_node/package.xml
[0.119s] Invoked command in '/home/dev/ros2_ws/build/ldlidar_node' returned '0': CMAKE_PREFIX_PATH=/home/dev/ros2_ws/install/ldlidar_component:/home/dev/ros2_ws/install/wit_node:/home/dev/ros2_ws/install/wit_msgs:/home/dev/ros2_ws/install/wit_imu_driver:/home/dev/ros2_ws/install/wit_driver:/home/dev/ros2_ws/install/turtlebot3:/home/dev/ros2_ws/install/turtlebot3_bringup:/home/dev/ros2_ws/install/turtlebot3_node:/home/dev/ros2_ws/install/turtlebot3_navigation2:/home/dev/ros2_ws/install/turtlebot3_description:/home/dev/ros2_ws/install/turtlebot3_cartographer:/home/dev/ros2_ws/install/ldlidar:/home/dev/ros2_ws/install/ldlidar_node:/home/dev/ros2_ws/install/turtlebot3_teleop:/home/dev/ros2_ws/install/turtlebot3_example:/home/dev/ros2_ws/install/f7_udp:/opt/ros/humble LD_LIBRARY_PATH=/home/dev/ros2_ws/install/ldlidar_component/lib:/home/dev/ros2_ws/install/wit_node/lib:/home/dev/ros2_ws/install/wit_msgs/lib:/home/dev/ros2_ws/install/wit_driver/lib:/usr/lib/x86_64-linux-gnu/gazebo-11/plugins:/opt/ros/humble/opt/rviz_ogre_vendor/lib:/opt/ros/humble/lib/x86_64-linux-gnu:/opt/ros/humble/lib /usr/bin/cmake --install /home/dev/ros2_ws/build/ldlidar_node
