[0.412s] Invoking command in '/home/dev/ros2_ws/build/wit_msgs': CMAKE_PREFIX_PATH=${CMAKE_PREFIX_PATH}:/home/dev/ros2_ws/install/turtlebot3_teleop:/home/dev/ros2_ws/install/turtlebot3_example:/home/dev/ros2_ws/install/f7_udp:/opt/ros/humble /usr/bin/cmake --build /home/dev/ros2_ws/build/wit_msgs -- -j12 -l12
[0.622s] [  3%] Built target wit_msgs__cpp
[0.622s] [ 12%] Built target wit_msgs__rosidl_generator_c
[0.622s] [ 12%] Built target ament_cmake_python_symlink_wit_msgs
[0.622s] [ 22%] Built target wit_msgs__rosidl_typesupport_cpp
[0.622s] [ 32%] Built target wit_msgs__rosidl_typesupport_fastrtps_cpp
[0.623s] [ 41%] Built target wit_msgs__rosidl_typesupport_introspection_cpp
[0.623s] [ 51%] Built target wit_msgs__rosidl_typesupport_introspection_c
[0.623s] [ 61%] Built target wit_msgs__rosidl_typesupport_c
[0.623s] [ 70%] Built target wit_msgs__rosidl_typesupport_fastrtps_c
[0.623s] [ 70%] Built target wit_msgs
[0.623s] [ 74%] Built target wit_msgs__py
[0.623s] [ 80%] Built target wit_msgs__rosidl_generator_py
[0.623s] [100%] Built target wit_msgs__rosidl_typesupport_introspection_c__pyext
[0.623s] [100%] Built target wit_msgs__rosidl_typesupport_fastrtps_c__pyext
[0.623s] [100%] Built target wit_msgs__rosidl_typesupport_c__pyext
[0.640s] running egg_info
[0.640s] writing wit_msgs.egg-info/PKG-INFO
[0.640s] writing dependency_links to wit_msgs.egg-info/dependency_links.txt
[0.641s] writing top-level names to wit_msgs.egg-info/top_level.txt
[0.645s] reading manifest file 'wit_msgs.egg-info/SOURCES.txt'
[0.645s] writing manifest file 'wit_msgs.egg-info/SOURCES.txt'
[0.723s] [100%] Built target ament_cmake_python_build_wit_msgs_egg
[0.752s] Invoked command in '/home/dev/ros2_ws/build/wit_msgs' returned '0': CMAKE_PREFIX_PATH=${CMAKE_PREFIX_PATH}:/home/dev/ros2_ws/install/turtlebot3_teleop:/home/dev/ros2_ws/install/turtlebot3_example:/home/dev/ros2_ws/install/f7_udp:/opt/ros/humble /usr/bin/cmake --build /home/dev/ros2_ws/build/wit_msgs -- -j12 -l12
[0.856s] Invoking command in '/home/dev/ros2_ws/build/wit_msgs': CMAKE_PREFIX_PATH=${CMAKE_PREFIX_PATH}:/home/dev/ros2_ws/install/turtlebot3_teleop:/home/dev/ros2_ws/install/turtlebot3_example:/home/dev/ros2_ws/install/f7_udp:/opt/ros/humble /usr/bin/cmake --install /home/dev/ros2_ws/build/wit_msgs
[0.868s] -- Install configuration: ""
[0.868s] -- Execute custom install script
[0.868s] -- Up-to-date symlink: /home/dev/ros2_ws/install/wit_msgs/share/ament_index/resource_index/rosidl_interfaces/wit_msgs
[0.868s] -- Up-to-date symlink: /home/dev/ros2_ws/install/wit_msgs/include/wit_msgs/wit_msgs/msg/detail/imu_gps_raw__functions.h
[0.868s] -- Up-to-date symlink: /home/dev/ros2_ws/install/wit_msgs/include/wit_msgs/wit_msgs/msg/detail/imu_gps_raw__struct.h
[0.868s] -- Up-to-date symlink: /home/dev/ros2_ws/install/wit_msgs/include/wit_msgs/wit_msgs/msg/detail/imu_gps_raw__type_support.h
[0.868s] -- Up-to-date symlink: /home/dev/ros2_ws/install/wit_msgs/include/wit_msgs/wit_msgs/msg/imu_gps_raw.h
[0.868s] -- Up-to-date symlink: /home/dev/ros2_ws/install/wit_msgs/include/wit_msgs/wit_msgs/msg/rosidl_generator_c__visibility_control.h
[0.868s] -- Up-to-date symlink: /home/dev/ros2_ws/install/wit_msgs/share/wit_msgs/environment/library_path.sh
[0.868s] -- Up-to-date symlink: /home/dev/ros2_ws/install/wit_msgs/share/wit_msgs/environment/library_path.dsv
[0.869s] -- Up-to-date symlink: /home/dev/ros2_ws/install/wit_msgs/include/wit_msgs/wit_msgs/msg/detail/imu_gps_raw__rosidl_typesupport_fastrtps_c.h
[0.869s] -- Up-to-date symlink: /home/dev/ros2_ws/install/wit_msgs/include/wit_msgs/wit_msgs/msg/rosidl_typesupport_fastrtps_c__visibility_control.h
[0.870s] -- Up-to-date symlink: /home/dev/ros2_ws/install/wit_msgs/include/wit_msgs/wit_msgs/msg/detail/imu_gps_raw__builder.hpp
[0.870s] -- Up-to-date symlink: /home/dev/ros2_ws/install/wit_msgs/include/wit_msgs/wit_msgs/msg/detail/imu_gps_raw__struct.hpp
[0.870s] -- Up-to-date symlink: /home/dev/ros2_ws/install/wit_msgs/include/wit_msgs/wit_msgs/msg/detail/imu_gps_raw__traits.hpp
[0.870s] -- Up-to-date symlink: /home/dev/ros2_ws/install/wit_msgs/include/wit_msgs/wit_msgs/msg/imu_gps_raw.hpp
[0.871s] -- Up-to-date symlink: /home/dev/ros2_ws/install/wit_msgs/include/wit_msgs/wit_msgs/msg/detail/imu_gps_raw__rosidl_typesupport_fastrtps_cpp.hpp
[0.871s] -- Up-to-date symlink: /home/dev/ros2_ws/install/wit_msgs/include/wit_msgs/wit_msgs/msg/rosidl_typesupport_fastrtps_cpp__visibility_control.h
[0.871s] -- Up-to-date symlink: /home/dev/ros2_ws/install/wit_msgs/include/wit_msgs/wit_msgs/msg/detail/imu_gps_raw__rosidl_typesupport_introspection_c.h
[0.872s] -- Up-to-date symlink: /home/dev/ros2_ws/install/wit_msgs/include/wit_msgs/wit_msgs/msg/rosidl_typesupport_introspection_c__visibility_control.h
[0.872s] -- Up-to-date symlink: /home/dev/ros2_ws/install/wit_msgs/include/wit_msgs/wit_msgs/msg/detail/imu_gps_raw__rosidl_typesupport_introspection_cpp.hpp
[0.872s] -- Up-to-date symlink: /home/dev/ros2_ws/install/wit_msgs/share/wit_msgs/environment/pythonpath.sh
[0.872s] -- Up-to-date symlink: /home/dev/ros2_ws/install/wit_msgs/share/wit_msgs/environment/pythonpath.dsv
[0.873s] -- Up-to-date symlink: /home/dev/ros2_ws/install/wit_msgs/local/lib/python3.10/dist-packages/wit_msgs-0.1.0-py3.10.egg-info/PKG-INFO
[0.873s] -- Up-to-date symlink: /home/dev/ros2_ws/install/wit_msgs/local/lib/python3.10/dist-packages/wit_msgs-0.1.0-py3.10.egg-info/SOURCES.txt
[0.874s] -- Up-to-date symlink: /home/dev/ros2_ws/install/wit_msgs/local/lib/python3.10/dist-packages/wit_msgs-0.1.0-py3.10.egg-info/dependency_links.txt
[0.874s] -- Up-to-date symlink: /home/dev/ros2_ws/install/wit_msgs/local/lib/python3.10/dist-packages/wit_msgs-0.1.0-py3.10.egg-info/top_level.txt
[0.874s] -- Up-to-date symlink: /home/dev/ros2_ws/install/wit_msgs/local/lib/python3.10/dist-packages/wit_msgs/__init__.py
[0.874s] -- Up-to-date symlink: /home/dev/ros2_ws/install/wit_msgs/local/lib/python3.10/dist-packages/wit_msgs/_wit_msgs_s.ep.rosidl_typesupport_c.c
[0.874s] -- Up-to-date symlink: /home/dev/ros2_ws/install/wit_msgs/local/lib/python3.10/dist-packages/wit_msgs/_wit_msgs_s.ep.rosidl_typesupport_fastrtps_c.c
[0.874s] -- Up-to-date symlink: /home/dev/ros2_ws/install/wit_msgs/local/lib/python3.10/dist-packages/wit_msgs/_wit_msgs_s.ep.rosidl_typesupport_introspection_c.c
[0.875s] -- Up-to-date symlink: /home/dev/ros2_ws/install/wit_msgs/local/lib/python3.10/dist-packages/wit_msgs/libwit_msgs__rosidl_generator_py.so
[0.875s] -- Up-to-date symlink: /home/dev/ros2_ws/install/wit_msgs/local/lib/python3.10/dist-packages/wit_msgs/msg/__init__.py
[0.875s] -- Up-to-date symlink: /home/dev/ros2_ws/install/wit_msgs/local/lib/python3.10/dist-packages/wit_msgs/msg/_imu_gps_raw.py
[0.876s] -- Up-to-date symlink: /home/dev/ros2_ws/install/wit_msgs/local/lib/python3.10/dist-packages/wit_msgs/msg/_imu_gps_raw_s.c
[0.876s] -- Up-to-date symlink: /home/dev/ros2_ws/install/wit_msgs/local/lib/python3.10/dist-packages/wit_msgs/wit_msgs_s__rosidl_typesupport_c.cpython-310-x86_64-linux-gnu.so
[0.876s] -- Up-to-date symlink: /home/dev/ros2_ws/install/wit_msgs/local/lib/python3.10/dist-packages/wit_msgs/wit_msgs_s__rosidl_typesupport_fastrtps_c.cpython-310-x86_64-linux-gnu.so
[0.876s] -- Up-to-date symlink: /home/dev/ros2_ws/install/wit_msgs/local/lib/python3.10/dist-packages/wit_msgs/wit_msgs_s__rosidl_typesupport_introspection_c.cpython-310-x86_64-linux-gnu.so
[0.876s] -- Up-to-date symlink: /home/dev/ros2_ws/install/wit_msgs/local/lib/python3.10/dist-packages/wit_msgs/wit_msgs_s__rosidl_typesupport_fastrtps_c.cpython-310-x86_64-linux-gnu.so
[0.877s] -- Up-to-date symlink: /home/dev/ros2_ws/install/wit_msgs/local/lib/python3.10/dist-packages/wit_msgs/wit_msgs_s__rosidl_typesupport_introspection_c.cpython-310-x86_64-linux-gnu.so
[0.877s] -- Up-to-date symlink: /home/dev/ros2_ws/install/wit_msgs/local/lib/python3.10/dist-packages/wit_msgs/wit_msgs_s__rosidl_typesupport_c.cpython-310-x86_64-linux-gnu.so
[0.877s] -- Up-to-date symlink: /home/dev/ros2_ws/install/wit_msgs/share/wit_msgs/msg/ImuGpsRaw.idl
[0.878s] -- Up-to-date symlink: /home/dev/ros2_ws/install/wit_msgs/share/wit_msgs/msg/ImuGpsRaw.msg
[0.878s] -- Up-to-date symlink: /home/dev/ros2_ws/install/wit_msgs/share/ament_index/resource_index/package_run_dependencies/wit_msgs
[0.878s] -- Up-to-date symlink: /home/dev/ros2_ws/install/wit_msgs/share/ament_index/resource_index/parent_prefix_path/wit_msgs
[0.878s] -- Up-to-date symlink: /home/dev/ros2_ws/install/wit_msgs/share/wit_msgs/environment/ament_prefix_path.sh
[0.878s] -- Up-to-date symlink: /home/dev/ros2_ws/install/wit_msgs/share/wit_msgs/environment/ament_prefix_path.dsv
[0.879s] -- Up-to-date symlink: /home/dev/ros2_ws/install/wit_msgs/share/wit_msgs/environment/path.sh
[0.879s] -- Up-to-date symlink: /home/dev/ros2_ws/install/wit_msgs/share/wit_msgs/environment/path.dsv
[0.879s] -- Up-to-date symlink: /home/dev/ros2_ws/install/wit_msgs/share/wit_msgs/local_setup.bash
[0.879s] -- Up-to-date symlink: /home/dev/ros2_ws/install/wit_msgs/share/wit_msgs/local_setup.sh
[0.881s] -- Up-to-date symlink: /home/dev/ros2_ws/install/wit_msgs/share/wit_msgs/local_setup.zsh
[0.882s] -- Up-to-date symlink: /home/dev/ros2_ws/install/wit_msgs/share/wit_msgs/local_setup.dsv
[0.882s] -- Symlinking: /home/dev/ros2_ws/install/wit_msgs/share/wit_msgs/package.dsv
[0.888s] -- Up-to-date symlink: /home/dev/ros2_ws/install/wit_msgs/share/ament_index/resource_index/packages/wit_msgs
[0.888s] -- Up-to-date symlink: /home/dev/ros2_ws/install/wit_msgs/share/wit_msgs/cmake/rosidl_cmake-extras.cmake
[0.889s] -- Up-to-date symlink: /home/dev/ros2_ws/install/wit_msgs/share/wit_msgs/cmake/ament_cmake_export_dependencies-extras.cmake
[0.889s] -- Up-to-date symlink: /home/dev/ros2_ws/install/wit_msgs/share/wit_msgs/cmake/ament_cmake_export_include_directories-extras.cmake
[0.889s] -- Up-to-date symlink: /home/dev/ros2_ws/install/wit_msgs/share/wit_msgs/cmake/ament_cmake_export_libraries-extras.cmake
[0.890s] -- Up-to-date symlink: /home/dev/ros2_ws/install/wit_msgs/share/wit_msgs/cmake/ament_cmake_export_targets-extras.cmake
[0.890s] -- Up-to-date symlink: /home/dev/ros2_ws/install/wit_msgs/share/wit_msgs/cmake/rosidl_cmake_export_typesupport_targets-extras.cmake
[0.891s] -- Up-to-date symlink: /home/dev/ros2_ws/install/wit_msgs/share/wit_msgs/cmake/rosidl_cmake_export_typesupport_libraries-extras.cmake
[0.891s] -- Up-to-date symlink: /home/dev/ros2_ws/install/wit_msgs/share/wit_msgs/cmake/wit_msgsConfig.cmake
[0.891s] -- Up-to-date symlink: /home/dev/ros2_ws/install/wit_msgs/share/wit_msgs/cmake/wit_msgsConfig-version.cmake
[0.891s] -- Up-to-date symlink: /home/dev/ros2_ws/install/wit_msgs/share/wit_msgs/package.xml
[0.891s] -- Up-to-date: /home/dev/ros2_ws/install/wit_msgs/lib/libwit_msgs__rosidl_generator_c.so
[0.891s] -- Up-to-date: /home/dev/ros2_ws/install/wit_msgs/lib/libwit_msgs__rosidl_typesupport_fastrtps_c.so
[0.891s] -- Up-to-date: /home/dev/ros2_ws/install/wit_msgs/lib/libwit_msgs__rosidl_typesupport_fastrtps_cpp.so
[0.892s] -- Up-to-date: /home/dev/ros2_ws/install/wit_msgs/lib/libwit_msgs__rosidl_typesupport_introspection_c.so
[0.892s] -- Up-to-date: /home/dev/ros2_ws/install/wit_msgs/lib/libwit_msgs__rosidl_typesupport_c.so
[0.892s] -- Up-to-date: /home/dev/ros2_ws/install/wit_msgs/lib/libwit_msgs__rosidl_typesupport_introspection_cpp.so
[0.893s] -- Up-to-date: /home/dev/ros2_ws/install/wit_msgs/lib/libwit_msgs__rosidl_typesupport_cpp.so
[0.925s] Listing '/home/dev/ros2_ws/install/wit_msgs/local/lib/python3.10/dist-packages/wit_msgs'...
[0.925s] Listing '/home/dev/ros2_ws/install/wit_msgs/local/lib/python3.10/dist-packages/wit_msgs/msg'...
[0.929s] -- Up-to-date: /home/dev/ros2_ws/install/wit_msgs/lib/libwit_msgs__rosidl_generator_py.so
[0.930s] -- Up-to-date: /home/dev/ros2_ws/install/wit_msgs/share/wit_msgs/cmake/export_wit_msgs__rosidl_generator_cExport.cmake
[0.930s] -- Up-to-date: /home/dev/ros2_ws/install/wit_msgs/share/wit_msgs/cmake/export_wit_msgs__rosidl_generator_cExport-noconfig.cmake
[0.930s] -- Up-to-date: /home/dev/ros2_ws/install/wit_msgs/share/wit_msgs/cmake/export_wit_msgs__rosidl_typesupport_fastrtps_cExport.cmake
[0.931s] -- Up-to-date: /home/dev/ros2_ws/install/wit_msgs/share/wit_msgs/cmake/export_wit_msgs__rosidl_typesupport_fastrtps_cExport-noconfig.cmake
[0.933s] -- Up-to-date: /home/dev/ros2_ws/install/wit_msgs/share/wit_msgs/cmake/export_wit_msgs__rosidl_generator_cppExport.cmake
[0.933s] -- Up-to-date: /home/dev/ros2_ws/install/wit_msgs/share/wit_msgs/cmake/export_wit_msgs__rosidl_typesupport_fastrtps_cppExport.cmake
[0.933s] -- Up-to-date: /home/dev/ros2_ws/install/wit_msgs/share/wit_msgs/cmake/export_wit_msgs__rosidl_typesupport_fastrtps_cppExport-noconfig.cmake
[0.933s] -- Up-to-date: /home/dev/ros2_ws/install/wit_msgs/share/wit_msgs/cmake/wit_msgs__rosidl_typesupport_introspection_cExport.cmake
[0.933s] -- Up-to-date: /home/dev/ros2_ws/install/wit_msgs/share/wit_msgs/cmake/wit_msgs__rosidl_typesupport_introspection_cExport-noconfig.cmake
[0.933s] -- Up-to-date: /home/dev/ros2_ws/install/wit_msgs/share/wit_msgs/cmake/wit_msgs__rosidl_typesupport_cExport.cmake
[0.933s] -- Up-to-date: /home/dev/ros2_ws/install/wit_msgs/share/wit_msgs/cmake/wit_msgs__rosidl_typesupport_cExport-noconfig.cmake
[0.933s] -- Up-to-date: /home/dev/ros2_ws/install/wit_msgs/share/wit_msgs/cmake/wit_msgs__rosidl_typesupport_introspection_cppExport.cmake
[0.933s] -- Up-to-date: /home/dev/ros2_ws/install/wit_msgs/share/wit_msgs/cmake/wit_msgs__rosidl_typesupport_introspection_cppExport-noconfig.cmake
[0.933s] -- Up-to-date: /home/dev/ros2_ws/install/wit_msgs/share/wit_msgs/cmake/wit_msgs__rosidl_typesupport_cppExport.cmake
[0.933s] -- Up-to-date: /home/dev/ros2_ws/install/wit_msgs/share/wit_msgs/cmake/wit_msgs__rosidl_typesupport_cppExport-noconfig.cmake
[0.933s] -- Up-to-date: /home/dev/ros2_ws/install/wit_msgs/share/wit_msgs/cmake/export_wit_msgs__rosidl_generator_pyExport.cmake
[0.934s] -- Up-to-date: /home/dev/ros2_ws/install/wit_msgs/share/wit_msgs/cmake/export_wit_msgs__rosidl_generator_pyExport-noconfig.cmake
[0.935s] Invoked command in '/home/dev/ros2_ws/build/wit_msgs' returned '0': CMAKE_PREFIX_PATH=${CMAKE_PREFIX_PATH}:/home/dev/ros2_ws/install/turtlebot3_teleop:/home/dev/ros2_ws/install/turtlebot3_example:/home/dev/ros2_ws/install/f7_udp:/opt/ros/humble /usr/bin/cmake --install /home/dev/ros2_ws/build/wit_msgs
