[1.338s] Invoking command in '/home/dev/ros2_ws/build/turtlebot3_example': PYTHONPATH=/home/dev/ros2_ws/build/turtlebot3_example/prefix_override:/usr/lib/python3/dist-packages/colcon_core/task/python/colcon_distutils_commands:/home/dev/ros2_ws/install/turtlebot3_example/lib/python3.10/site-packages:${PYTHONPATH} /usr/bin/python3 -W ignore:setup.py install is deprecated setup.py develop --editable --build-directory /home/dev/ros2_ws/build/turtlebot3_example/build --no-deps symlink_data --force
[1.952s] running develop
[2.217s] running egg_info
[2.217s] writing turtlebot3_example.egg-info/PKG-INFO
[2.217s] writing dependency_links to turtlebot3_example.egg-info/dependency_links.txt
[2.217s] writing entry points to turtlebot3_example.egg-info/entry_points.txt
[2.217s] writing requirements to turtlebot3_example.egg-info/requires.txt
[2.217s] writing top-level names to turtlebot3_example.egg-info/top_level.txt
[2.224s] reading manifest file 'turtlebot3_example.egg-info/SOURCES.txt'
[2.224s] writing manifest file 'turtlebot3_example.egg-info/SOURCES.txt'
[2.224s] running build_ext
[2.224s] Creating /home/dev/ros2_ws/install/turtlebot3_example/lib/python3.10/site-packages/turtlebot3-example.egg-link (link to .)
[2.226s] Installing turtlebot3_obstacle_detection script to /home/dev/ros2_ws/install/turtlebot3_example/lib/turtlebot3_example
[2.226s] Installing turtlebot3_patrol_client script to /home/dev/ros2_ws/install/turtlebot3_example/lib/turtlebot3_example
[2.226s] Installing turtlebot3_patrol_server script to /home/dev/ros2_ws/install/turtlebot3_example/lib/turtlebot3_example
[2.226s] Installing turtlebot3_position_control script to /home/dev/ros2_ws/install/turtlebot3_example/lib/turtlebot3_example
[2.226s] 
[2.227s] Installed /home/dev/ros2_ws/build/turtlebot3_example
[2.227s] running symlink_data
[2.227s] symbolically linking /home/dev/ros2_ws/build/turtlebot3_example/resource/turtlebot3_example -> /home/dev/ros2_ws/install/turtlebot3_example/share/ament_index/resource_index/packages
[2.227s] symbolically linking /home/dev/ros2_ws/build/turtlebot3_example/package.xml -> /home/dev/ros2_ws/install/turtlebot3_example/share/turtlebot3_example
[2.285s] Invoked command in '/home/dev/ros2_ws/build/turtlebot3_example' returned '0': PYTHONPATH=/home/dev/ros2_ws/build/turtlebot3_example/prefix_override:/usr/lib/python3/dist-packages/colcon_core/task/python/colcon_distutils_commands:/home/dev/ros2_ws/install/turtlebot3_example/lib/python3.10/site-packages:${PYTHONPATH} /usr/bin/python3 -W ignore:setup.py install is deprecated setup.py develop --editable --build-directory /home/dev/ros2_ws/build/turtlebot3_example/build --no-deps symlink_data --force
