[0.008s] Invoking command in '/home/dev/ros2_ws/build/ldlidar': CMAKE_PREFIX_PATH=/home/dev/ros2_ws/install/ldlidar_node:/home/dev/ros2_ws/install/ldlidar_component:/home/dev/ros2_ws/install/turtlebot3:/home/dev/ros2_ws/install/turtlebot3_bringup:/home/dev/ros2_ws/install/turtlebot3_node:/home/dev/ros2_ws/install/turtlebot3_navigation2:/home/dev/ros2_ws/install/turtlebot3_description:/home/dev/ros2_ws/install/turtlebot3_cartographer:/home/dev/ros2_ws/install/ldlidar:/home/dev/ros2_ws/install/turtlebot3_teleop:/home/dev/ros2_ws/install/turtlebot3_example:/home/dev/ros2_ws/install/f7_udp:/opt/ros/humble /usr/bin/cmake /home/dev/ros2_ws/src/ldrobot-lidar-ros2/ldlidar -DAMENT_CMAKE_SYMLINK_INSTALL=1 -DCMAKE_INSTALL_PREFIX=/home/dev/ros2_ws/install/ldlidar
[0.014s] -- Found ament_cmake: 1.3.10 (/opt/ros/humble/share/ament_cmake/cmake)
[0.130s] -- Override CMake install command with custom implementation using symlinks instead of copying resources
[0.214s] -- Configuring done
[0.219s] -- Generating done
[0.220s] -- Build files have been written to: /home/dev/ros2_ws/build/ldlidar
[0.222s] Invoked command in '/home/dev/ros2_ws/build/ldlidar' returned '0': CMAKE_PREFIX_PATH=/home/dev/ros2_ws/install/ldlidar_node:/home/dev/ros2_ws/install/ldlidar_component:/home/dev/ros2_ws/install/turtlebot3:/home/dev/ros2_ws/install/turtlebot3_bringup:/home/dev/ros2_ws/install/turtlebot3_node:/home/dev/ros2_ws/install/turtlebot3_navigation2:/home/dev/ros2_ws/install/turtlebot3_description:/home/dev/ros2_ws/install/turtlebot3_cartographer:/home/dev/ros2_ws/install/ldlidar:/home/dev/ros2_ws/install/turtlebot3_teleop:/home/dev/ros2_ws/install/turtlebot3_example:/home/dev/ros2_ws/install/f7_udp:/opt/ros/humble /usr/bin/cmake /home/dev/ros2_ws/src/ldrobot-lidar-ros2/ldlidar -DAMENT_CMAKE_SYMLINK_INSTALL=1 -DCMAKE_INSTALL_PREFIX=/home/dev/ros2_ws/install/ldlidar
[0.223s] Invoking command in '/home/dev/ros2_ws/build/ldlidar': CMAKE_PREFIX_PATH=/home/dev/ros2_ws/install/ldlidar_node:/home/dev/ros2_ws/install/ldlidar_component:/home/dev/ros2_ws/install/turtlebot3:/home/dev/ros2_ws/install/turtlebot3_bringup:/home/dev/ros2_ws/install/turtlebot3_node:/home/dev/ros2_ws/install/turtlebot3_navigation2:/home/dev/ros2_ws/install/turtlebot3_description:/home/dev/ros2_ws/install/turtlebot3_cartographer:/home/dev/ros2_ws/install/ldlidar:/home/dev/ros2_ws/install/turtlebot3_teleop:/home/dev/ros2_ws/install/turtlebot3_example:/home/dev/ros2_ws/install/f7_udp:/opt/ros/humble /usr/bin/cmake --build /home/dev/ros2_ws/build/ldlidar -- -j12 -l12
[0.262s] Invoked command in '/home/dev/ros2_ws/build/ldlidar' returned '0': CMAKE_PREFIX_PATH=/home/dev/ros2_ws/install/ldlidar_node:/home/dev/ros2_ws/install/ldlidar_component:/home/dev/ros2_ws/install/turtlebot3:/home/dev/ros2_ws/install/turtlebot3_bringup:/home/dev/ros2_ws/install/turtlebot3_node:/home/dev/ros2_ws/install/turtlebot3_navigation2:/home/dev/ros2_ws/install/turtlebot3_description:/home/dev/ros2_ws/install/turtlebot3_cartographer:/home/dev/ros2_ws/install/ldlidar:/home/dev/ros2_ws/install/turtlebot3_teleop:/home/dev/ros2_ws/install/turtlebot3_example:/home/dev/ros2_ws/install/f7_udp:/opt/ros/humble /usr/bin/cmake --build /home/dev/ros2_ws/build/ldlidar -- -j12 -l12
[0.286s] Invoking command in '/home/dev/ros2_ws/build/ldlidar': CMAKE_PREFIX_PATH=/home/dev/ros2_ws/install/ldlidar_node:/home/dev/ros2_ws/install/ldlidar_component:/home/dev/ros2_ws/install/turtlebot3:/home/dev/ros2_ws/install/turtlebot3_bringup:/home/dev/ros2_ws/install/turtlebot3_node:/home/dev/ros2_ws/install/turtlebot3_navigation2:/home/dev/ros2_ws/install/turtlebot3_description:/home/dev/ros2_ws/install/turtlebot3_cartographer:/home/dev/ros2_ws/install/ldlidar:/home/dev/ros2_ws/install/turtlebot3_teleop:/home/dev/ros2_ws/install/turtlebot3_example:/home/dev/ros2_ws/install/f7_udp:/opt/ros/humble /usr/bin/cmake --install /home/dev/ros2_ws/build/ldlidar
[0.294s] -- Install configuration: "Release"
[0.294s] -- Execute custom install script
[0.294s] -- Up-to-date symlink: /home/dev/ros2_ws/install/ldlidar/share/ament_index/resource_index/package_run_dependencies/ldlidar
[0.295s] -- Up-to-date symlink: /home/dev/ros2_ws/install/ldlidar/share/ament_index/resource_index/parent_prefix_path/ldlidar
[0.295s] -- Up-to-date symlink: /home/dev/ros2_ws/install/ldlidar/share/ldlidar/environment/ament_prefix_path.sh
[0.295s] -- Up-to-date symlink: /home/dev/ros2_ws/install/ldlidar/share/ldlidar/environment/ament_prefix_path.dsv
[0.296s] -- Up-to-date symlink: /home/dev/ros2_ws/install/ldlidar/share/ldlidar/environment/path.sh
[0.296s] -- Up-to-date symlink: /home/dev/ros2_ws/install/ldlidar/share/ldlidar/environment/path.dsv
[0.296s] -- Up-to-date symlink: /home/dev/ros2_ws/install/ldlidar/share/ldlidar/local_setup.bash
[0.296s] -- Up-to-date symlink: /home/dev/ros2_ws/install/ldlidar/share/ldlidar/local_setup.sh
[0.296s] -- Up-to-date symlink: /home/dev/ros2_ws/install/ldlidar/share/ldlidar/local_setup.zsh
[0.297s] -- Up-to-date symlink: /home/dev/ros2_ws/install/ldlidar/share/ldlidar/local_setup.dsv
[0.297s] -- Symlinking: /home/dev/ros2_ws/install/ldlidar/share/ldlidar/package.dsv
[0.307s] -- Up-to-date symlink: /home/dev/ros2_ws/install/ldlidar/share/ament_index/resource_index/packages/ldlidar
[0.307s] -- Up-to-date symlink: /home/dev/ros2_ws/install/ldlidar/share/ldlidar/cmake/ldlidarConfig.cmake
[0.307s] -- Up-to-date symlink: /home/dev/ros2_ws/install/ldlidar/share/ldlidar/cmake/ldlidarConfig-version.cmake
[0.308s] -- Up-to-date symlink: /home/dev/ros2_ws/install/ldlidar/share/ldlidar/package.xml
[0.311s] Invoked command in '/home/dev/ros2_ws/build/ldlidar' returned '0': CMAKE_PREFIX_PATH=/home/dev/ros2_ws/install/ldlidar_node:/home/dev/ros2_ws/install/ldlidar_component:/home/dev/ros2_ws/install/turtlebot3:/home/dev/ros2_ws/install/turtlebot3_bringup:/home/dev/ros2_ws/install/turtlebot3_node:/home/dev/ros2_ws/install/turtlebot3_navigation2:/home/dev/ros2_ws/install/turtlebot3_description:/home/dev/ros2_ws/install/turtlebot3_cartographer:/home/dev/ros2_ws/install/ldlidar:/home/dev/ros2_ws/install/turtlebot3_teleop:/home/dev/ros2_ws/install/turtlebot3_example:/home/dev/ros2_ws/install/f7_udp:/opt/ros/humble /usr/bin/cmake --install /home/dev/ros2_ws/build/ldlidar
