[0.679s] Invoking command in '/home/dev/ros2_ws/build/turtlebot3_teleop': PYTHONPATH=/home/dev/ros2_ws/build/turtlebot3_teleop/prefix_override:/usr/lib/python3/dist-packages/colcon_core/task/python/colcon_distutils_commands:/home/dev/ros2_ws/install/turtlebot3_teleop/lib/python3.10/site-packages:${PYTHONPATH} /usr/bin/python3 -W ignore:setup.py install is deprecated setup.py develop --editable --build-directory /home/dev/ros2_ws/build/turtlebot3_teleop/build --no-deps symlink_data
[0.857s] running develop
[0.946s] running egg_info
[0.947s] creating turtlebot3_teleop.egg-info
[0.947s] writing turtlebot3_teleop.egg-info/PKG-INFO
[0.947s] writing dependency_links to turtlebot3_teleop.egg-info/dependency_links.txt
[0.947s] writing entry points to turtlebot3_teleop.egg-info/entry_points.txt
[0.947s] writing requirements to turtlebot3_teleop.egg-info/requires.txt
[0.947s] writing top-level names to turtlebot3_teleop.egg-info/top_level.txt
[0.947s] writing manifest file 'turtlebot3_teleop.egg-info/SOURCES.txt'
[0.948s] reading manifest file 'turtlebot3_teleop.egg-info/SOURCES.txt'
[0.948s] writing manifest file 'turtlebot3_teleop.egg-info/SOURCES.txt'
[0.949s] running build_ext
[0.949s] Creating /home/dev/ros2_ws/install/turtlebot3_teleop/lib/python3.10/site-packages/turtlebot3-teleop.egg-link (link to .)
[0.950s] Installing teleop_keyboard script to /home/dev/ros2_ws/install/turtlebot3_teleop/lib/turtlebot3_teleop
[0.950s] 
[0.950s] Installed /home/dev/ros2_ws/build/turtlebot3_teleop
[0.950s] running symlink_data
[0.950s] creating /home/dev/ros2_ws/install/turtlebot3_teleop/share/ament_index
[0.950s] creating /home/dev/ros2_ws/install/turtlebot3_teleop/share/ament_index/resource_index
[0.950s] creating /home/dev/ros2_ws/install/turtlebot3_teleop/share/ament_index/resource_index/packages
[0.950s] symbolically linking /home/dev/ros2_ws/build/turtlebot3_teleop/resource/turtlebot3_teleop -> /home/dev/ros2_ws/install/turtlebot3_teleop/share/ament_index/resource_index/packages
[0.951s] symbolically linking /home/dev/ros2_ws/build/turtlebot3_teleop/package.xml -> /home/dev/ros2_ws/install/turtlebot3_teleop/share/turtlebot3_teleop
[0.976s] Invoked command in '/home/dev/ros2_ws/build/turtlebot3_teleop' returned '0': PYTHONPATH=/home/dev/ros2_ws/build/turtlebot3_teleop/prefix_override:/usr/lib/python3/dist-packages/colcon_core/task/python/colcon_distutils_commands:/home/dev/ros2_ws/install/turtlebot3_teleop/lib/python3.10/site-packages:${PYTHONPATH} /usr/bin/python3 -W ignore:setup.py install is deprecated setup.py develop --editable --build-directory /home/dev/ros2_ws/build/turtlebot3_teleop/build --no-deps symlink_data
