[1.073s] Invoking command in '/home/dev/ros2_ws/src/f7_udp': PYTHONPATH=/home/dev/ros2_ws/build/f7_udp/prefix_override:/usr/lib/python3/dist-packages/colcon_core/task/python/colcon_distutils_commands:/home/dev/ros2_ws/install/f7_udp/lib/python3.10/site-packages:${PYTHONPATH} /usr/bin/python3 -W ignore:setup.py install is deprecated setup.py egg_info --egg-base ../../build/f7_udp build --build-base /home/dev/ros2_ws/build/f7_udp/build install --record /home/dev/ros2_ws/build/f7_udp/install.log --single-version-externally-managed install_data
[1.310s] running egg_info
[1.310s] writing ../../build/f7_udp/f7_udp.egg-info/PKG-INFO
[1.311s] writing dependency_links to ../../build/f7_udp/f7_udp.egg-info/dependency_links.txt
[1.311s] writing entry points to ../../build/f7_udp/f7_udp.egg-info/entry_points.txt
[1.311s] writing requirements to ../../build/f7_udp/f7_udp.egg-info/requires.txt
[1.311s] writing top-level names to ../../build/f7_udp/f7_udp.egg-info/top_level.txt
[1.312s] reading manifest file '../../build/f7_udp/f7_udp.egg-info/SOURCES.txt'
[1.312s] adding license file 'LICENSE'
[1.312s] writing manifest file '../../build/f7_udp/f7_udp.egg-info/SOURCES.txt'
[1.313s] running build
[1.313s] running build_py
[1.313s] copying f7_udp/NHK2025_Omni_Driver.py -> /home/dev/ros2_ws/build/f7_udp/build/lib/f7_udp
[1.313s] running install
[1.314s] running install_lib
[1.314s] copying /home/dev/ros2_ws/build/f7_udp/build/lib/f7_udp/NHK2025_Omni_Driver.py -> /home/dev/ros2_ws/install/f7_udp/lib/python3.10/site-packages/f7_udp
[1.315s] byte-compiling /home/dev/ros2_ws/install/f7_udp/lib/python3.10/site-packages/f7_udp/NHK2025_Omni_Driver.py to NHK2025_Omni_Driver.cpython-310.pyc
[1.317s] running install_data
[1.317s] running install_egg_info
[1.317s] removing '/home/dev/ros2_ws/install/f7_udp/lib/python3.10/site-packages/f7_udp-0.0.0-py3.10.egg-info' (and everything under it)
[1.317s] Copying ../../build/f7_udp/f7_udp.egg-info to /home/dev/ros2_ws/install/f7_udp/lib/python3.10/site-packages/f7_udp-0.0.0-py3.10.egg-info
[1.318s] running install_scripts
[1.333s] Installing 4_omni script to /home/dev/ros2_ws/install/f7_udp/lib/f7_udp
[1.333s] Installing cr24_gui script to /home/dev/ros2_ws/install/f7_udp/lib/f7_udp
[1.333s] Installing cr24_main script to /home/dev/ros2_ws/install/f7_udp/lib/f7_udp
[1.333s] Installing cr24_main_apk script to /home/dev/ros2_ws/install/f7_udp/lib/f7_udp
[1.334s] Installing cr24_main_manual script to /home/dev/ros2_ws/install/f7_udp/lib/f7_udp
[1.334s] Installing cr24_main_manual2 script to /home/dev/ros2_ws/install/f7_udp/lib/f7_udp
[1.334s] Installing cr24_manual2_apk script to /home/dev/ros2_ws/install/f7_udp/lib/f7_udp
[1.334s] Installing cr24_pos script to /home/dev/ros2_ws/install/f7_udp/lib/f7_udp
[1.334s] Installing cr24_test script to /home/dev/ros2_ws/install/f7_udp/lib/f7_udp
[1.334s] Installing cr24_wlcam script to /home/dev/ros2_ws/install/f7_udp/lib/f7_udp
[1.334s] Installing imu_to_odom script to /home/dev/ros2_ws/install/f7_udp/lib/f7_udp
[1.334s] Installing listener script to /home/dev/ros2_ws/install/f7_udp/lib/f7_udp
[1.334s] Installing nr25_omni script to /home/dev/ros2_ws/install/f7_udp/lib/f7_udp
[1.335s] Installing nr25_omni_imu script to /home/dev/ros2_ws/install/f7_udp/lib/f7_udp
[1.335s] Installing setoshio script to /home/dev/ros2_ws/install/f7_udp/lib/f7_udp
[1.335s] Installing setoshio_gui script to /home/dev/ros2_ws/install/f7_udp/lib/f7_udp
[1.335s] writing list of installed files to '/home/dev/ros2_ws/build/f7_udp/install.log'
[1.361s] Invoked command in '/home/dev/ros2_ws/src/f7_udp' returned '0': PYTHONPATH=/home/dev/ros2_ws/build/f7_udp/prefix_override:/usr/lib/python3/dist-packages/colcon_core/task/python/colcon_distutils_commands:/home/dev/ros2_ws/install/f7_udp/lib/python3.10/site-packages:${PYTHONPATH} /usr/bin/python3 -W ignore:setup.py install is deprecated setup.py egg_info --egg-base ../../build/f7_udp build --build-base /home/dev/ros2_ws/build/f7_udp/build install --record /home/dev/ros2_ws/build/f7_udp/install.log --single-version-externally-managed install_data
