[0.009s] Invoking command in '/home/dev/ros2_ws/build/ldlidar': CMAKE_PREFIX_PATH=/home/dev/ros2_ws/install/ldlidar_node:/home/dev/ros2_ws/install/ldlidar_component:/home/dev/ros2_ws/install/wit_node:/home/dev/ros2_ws/install/wit_msgs:/home/dev/ros2_ws/install/wit_imu_driver:/home/dev/ros2_ws/install/wit_driver:/home/dev/ros2_ws/install/turtlebot3:/home/dev/ros2_ws/install/turtlebot3_bringup:/home/dev/ros2_ws/install/turtlebot3_node:/home/dev/ros2_ws/install/turtlebot3_navigation2:/home/dev/ros2_ws/install/turtlebot3_description:/home/dev/ros2_ws/install/turtlebot3_cartographer:/home/dev/ros2_ws/install/ldlidar:/home/dev/ros2_ws/install/turtlebot3_teleop:/home/dev/ros2_ws/install/turtlebot3_example:/home/dev/ros2_ws/install/f7_udp:/opt/ros/humble LD_LIBRARY_PATH=/home/dev/ros2_ws/install/ldlidar_component/lib:/home/dev/ros2_ws/install/wit_node/lib:/home/dev/ros2_ws/install/wit_msgs/lib:/home/dev/ros2_ws/install/wit_driver/lib:/usr/lib/x86_64-linux-gnu/gazebo-11/plugins:/opt/ros/humble/opt/rviz_ogre_vendor/lib:/opt/ros/humble/lib/x86_64-linux-gnu:/opt/ros/humble/lib /usr/bin/cmake --build /home/dev/ros2_ws/build/ldlidar -- -j12 -l12
[0.045s] Invoked command in '/home/dev/ros2_ws/build/ldlidar' returned '0': CMAKE_PREFIX_PATH=/home/dev/ros2_ws/install/ldlidar_node:/home/dev/ros2_ws/install/ldlidar_component:/home/dev/ros2_ws/install/wit_node:/home/dev/ros2_ws/install/wit_msgs:/home/dev/ros2_ws/install/wit_imu_driver:/home/dev/ros2_ws/install/wit_driver:/home/dev/ros2_ws/install/turtlebot3:/home/dev/ros2_ws/install/turtlebot3_bringup:/home/dev/ros2_ws/install/turtlebot3_node:/home/dev/ros2_ws/install/turtlebot3_navigation2:/home/dev/ros2_ws/install/turtlebot3_description:/home/dev/ros2_ws/install/turtlebot3_cartographer:/home/dev/ros2_ws/install/ldlidar:/home/dev/ros2_ws/install/turtlebot3_teleop:/home/dev/ros2_ws/install/turtlebot3_example:/home/dev/ros2_ws/install/f7_udp:/opt/ros/humble LD_LIBRARY_PATH=/home/dev/ros2_ws/install/ldlidar_component/lib:/home/dev/ros2_ws/install/wit_node/lib:/home/dev/ros2_ws/install/wit_msgs/lib:/home/dev/ros2_ws/install/wit_driver/lib:/usr/lib/x86_64-linux-gnu/gazebo-11/plugins:/opt/ros/humble/opt/rviz_ogre_vendor/lib:/opt/ros/humble/lib/x86_64-linux-gnu:/opt/ros/humble/lib /usr/bin/cmake --build /home/dev/ros2_ws/build/ldlidar -- -j12 -l12
[0.066s] Invoking command in '/home/dev/ros2_ws/build/ldlidar': CMAKE_PREFIX_PATH=/home/dev/ros2_ws/install/ldlidar_node:/home/dev/ros2_ws/install/ldlidar_component:/home/dev/ros2_ws/install/wit_node:/home/dev/ros2_ws/install/wit_msgs:/home/dev/ros2_ws/install/wit_imu_driver:/home/dev/ros2_ws/install/wit_driver:/home/dev/ros2_ws/install/turtlebot3:/home/dev/ros2_ws/install/turtlebot3_bringup:/home/dev/ros2_ws/install/turtlebot3_node:/home/dev/ros2_ws/install/turtlebot3_navigation2:/home/dev/ros2_ws/install/turtlebot3_description:/home/dev/ros2_ws/install/turtlebot3_cartographer:/home/dev/ros2_ws/install/ldlidar:/home/dev/ros2_ws/install/turtlebot3_teleop:/home/dev/ros2_ws/install/turtlebot3_example:/home/dev/ros2_ws/install/f7_udp:/opt/ros/humble LD_LIBRARY_PATH=/home/dev/ros2_ws/install/ldlidar_component/lib:/home/dev/ros2_ws/install/wit_node/lib:/home/dev/ros2_ws/install/wit_msgs/lib:/home/dev/ros2_ws/install/wit_driver/lib:/usr/lib/x86_64-linux-gnu/gazebo-11/plugins:/opt/ros/humble/opt/rviz_ogre_vendor/lib:/opt/ros/humble/lib/x86_64-linux-gnu:/opt/ros/humble/lib /usr/bin/cmake --install /home/dev/ros2_ws/build/ldlidar
[0.073s] -- Install configuration: "Release"
[0.074s] -- Execute custom install script
[0.074s] -- Up-to-date symlink: /home/dev/ros2_ws/install/ldlidar/share/ament_index/resource_index/package_run_dependencies/ldlidar
[0.074s] -- Up-to-date symlink: /home/dev/ros2_ws/install/ldlidar/share/ament_index/resource_index/parent_prefix_path/ldlidar
[0.074s] -- Up-to-date symlink: /home/dev/ros2_ws/install/ldlidar/share/ldlidar/environment/ament_prefix_path.sh
[0.075s] -- Up-to-date symlink: /home/dev/ros2_ws/install/ldlidar/share/ldlidar/environment/ament_prefix_path.dsv
[0.075s] -- Up-to-date symlink: /home/dev/ros2_ws/install/ldlidar/share/ldlidar/environment/path.sh
[0.075s] -- Up-to-date symlink: /home/dev/ros2_ws/install/ldlidar/share/ldlidar/environment/path.dsv
[0.075s] -- Up-to-date symlink: /home/dev/ros2_ws/install/ldlidar/share/ldlidar/local_setup.bash
[0.075s] -- Up-to-date symlink: /home/dev/ros2_ws/install/ldlidar/share/ldlidar/local_setup.sh
[0.076s] -- Up-to-date symlink: /home/dev/ros2_ws/install/ldlidar/share/ldlidar/local_setup.zsh
[0.076s] -- Up-to-date symlink: /home/dev/ros2_ws/install/ldlidar/share/ldlidar/local_setup.dsv
[0.076s] -- Symlinking: /home/dev/ros2_ws/install/ldlidar/share/ldlidar/package.dsv
[0.084s] -- Up-to-date symlink: /home/dev/ros2_ws/install/ldlidar/share/ament_index/resource_index/packages/ldlidar
[0.084s] -- Up-to-date symlink: /home/dev/ros2_ws/install/ldlidar/share/ldlidar/cmake/ldlidarConfig.cmake
[0.084s] -- Up-to-date symlink: /home/dev/ros2_ws/install/ldlidar/share/ldlidar/cmake/ldlidarConfig-version.cmake
[0.084s] -- Up-to-date symlink: /home/dev/ros2_ws/install/ldlidar/share/ldlidar/package.xml
[0.086s] Invoked command in '/home/dev/ros2_ws/build/ldlidar' returned '0': CMAKE_PREFIX_PATH=/home/dev/ros2_ws/install/ldlidar_node:/home/dev/ros2_ws/install/ldlidar_component:/home/dev/ros2_ws/install/wit_node:/home/dev/ros2_ws/install/wit_msgs:/home/dev/ros2_ws/install/wit_imu_driver:/home/dev/ros2_ws/install/wit_driver:/home/dev/ros2_ws/install/turtlebot3:/home/dev/ros2_ws/install/turtlebot3_bringup:/home/dev/ros2_ws/install/turtlebot3_node:/home/dev/ros2_ws/install/turtlebot3_navigation2:/home/dev/ros2_ws/install/turtlebot3_description:/home/dev/ros2_ws/install/turtlebot3_cartographer:/home/dev/ros2_ws/install/ldlidar:/home/dev/ros2_ws/install/turtlebot3_teleop:/home/dev/ros2_ws/install/turtlebot3_example:/home/dev/ros2_ws/install/f7_udp:/opt/ros/humble LD_LIBRARY_PATH=/home/dev/ros2_ws/install/ldlidar_component/lib:/home/dev/ros2_ws/install/wit_node/lib:/home/dev/ros2_ws/install/wit_msgs/lib:/home/dev/ros2_ws/install/wit_driver/lib:/usr/lib/x86_64-linux-gnu/gazebo-11/plugins:/opt/ros/humble/opt/rviz_ogre_vendor/lib:/opt/ros/humble/lib/x86_64-linux-gnu:/opt/ros/humble/lib /usr/bin/cmake --install /home/dev/ros2_ws/build/ldlidar
