[0.504s] Invoking command in '/home/dev/ros2_ws/build/wit_driver': CMAKE_PREFIX_PATH=${CMAKE_PREFIX_PATH}:/home/dev/ros2_ws/install/turtlebot3_teleop:/home/dev/ros2_ws/install/turtlebot3_example:/home/dev/ros2_ws/install/f7_udp:/opt/ros/humble /usr/bin/cmake /home/dev/ros2_ws/src/wit_node/wit_driver -DAMENT_CMAKE_SYMLINK_INSTALL=1 -DCMAKE_INSTALL_PREFIX=/home/dev/ros2_ws/install/wit_driver
[0.515s] -- Found ament_cmake_auto: 1.3.10 (/opt/ros/humble/share/ament_cmake_auto/cmake)
[0.634s] -- Override CMake install command with custom implementation using symlinks instead of copying resources
[0.730s] -- Found ecl_build: 1.0.3 (/opt/ros/humble/share/ecl_build/cmake)
[0.781s] -- Found ament_lint_auto: 0.12.11 (/opt/ros/humble/share/ament_lint_auto/cmake)
[0.795s] -- Added test 'copyright' to check source files copyright and LICENSE
[0.797s] -- Added test 'cppcheck' to perform static code analysis on C / C++ code
[0.797s] -- Configured cppcheck include dirs: /home/dev/ros2_ws/src/wit_node/wit_driver/include;$<BUILD_INTERFACE:/home/dev/ros2_ws/src/wit_node/wit_driver/include>
[0.797s] -- Configured cppcheck exclude dirs and/or files: 
[0.797s] -- Added test 'cpplint' to check C / C++ code against the Google style
[0.797s] -- Configured cpplint exclude dirs and/or files: 
[0.797s] -- Added test 'lint_cmake' to check CMake code style
[0.799s] -- Added test 'uncrustify' to check C / C++ code style
[0.799s] -- Configured uncrustify additional arguments: 
[0.799s] -- Added test 'xmllint' to check XML markup files
[0.803s] -- Configuring done
[0.811s] -- Generating done
[0.812s] -- Build files have been written to: /home/dev/ros2_ws/build/wit_driver
[0.856s] Invoked command in '/home/dev/ros2_ws/build/wit_driver' returned '0': CMAKE_PREFIX_PATH=${CMAKE_PREFIX_PATH}:/home/dev/ros2_ws/install/turtlebot3_teleop:/home/dev/ros2_ws/install/turtlebot3_example:/home/dev/ros2_ws/install/f7_udp:/opt/ros/humble /usr/bin/cmake /home/dev/ros2_ws/src/wit_node/wit_driver -DAMENT_CMAKE_SYMLINK_INSTALL=1 -DCMAKE_INSTALL_PREFIX=/home/dev/ros2_ws/install/wit_driver
[0.856s] Invoking command in '/home/dev/ros2_ws/build/wit_driver': CMAKE_PREFIX_PATH=${CMAKE_PREFIX_PATH}:/home/dev/ros2_ws/install/turtlebot3_teleop:/home/dev/ros2_ws/install/turtlebot3_example:/home/dev/ros2_ws/install/f7_udp:/opt/ros/humble /usr/bin/cmake --build /home/dev/ros2_ws/build/wit_driver -- -j12 -l12
[0.921s] [35m[1mConsolidate compiler generated dependencies of target wit_driver[0m
[0.971s] [100%] Built target wit_driver
[1.000s] Invoked command in '/home/dev/ros2_ws/build/wit_driver' returned '0': CMAKE_PREFIX_PATH=${CMAKE_PREFIX_PATH}:/home/dev/ros2_ws/install/turtlebot3_teleop:/home/dev/ros2_ws/install/turtlebot3_example:/home/dev/ros2_ws/install/f7_udp:/opt/ros/humble /usr/bin/cmake --build /home/dev/ros2_ws/build/wit_driver -- -j12 -l12
[1.092s] Invoking command in '/home/dev/ros2_ws/build/wit_driver': CMAKE_PREFIX_PATH=${CMAKE_PREFIX_PATH}:/home/dev/ros2_ws/install/turtlebot3_teleop:/home/dev/ros2_ws/install/turtlebot3_example:/home/dev/ros2_ws/install/f7_udp:/opt/ros/humble /usr/bin/cmake --install /home/dev/ros2_ws/build/wit_driver
[1.107s] -- Install configuration: ""
[1.107s] -- Execute custom install script
[1.112s] -- Up-to-date symlink: /home/dev/ros2_ws/install/wit_driver/include/wit_driver/data.hpp
[1.113s] -- Up-to-date symlink: /home/dev/ros2_ws/install/wit_driver/include/wit_driver/packet_handler/packet_finder.hpp
[1.115s] -- Up-to-date symlink: /home/dev/ros2_ws/install/wit_driver/include/wit_driver/packet_handler/payload_base.hpp
[1.115s] -- Up-to-date symlink: /home/dev/ros2_ws/install/wit_driver/include/wit_driver/packet_handler/payload_headers.hpp
[1.115s] -- Up-to-date symlink: /home/dev/ros2_ws/install/wit_driver/include/wit_driver/parameter.hpp
[1.115s] -- Up-to-date symlink: /home/dev/ros2_ws/install/wit_driver/include/wit_driver/wit_driver.hpp
[1.116s] -- Up-to-date symlink: /home/dev/ros2_ws/install/wit_driver/share/wit_driver/environment/library_path.sh
[1.116s] -- Up-to-date symlink: /home/dev/ros2_ws/install/wit_driver/share/wit_driver/environment/library_path.dsv
[1.116s] -- Up-to-date symlink: /home/dev/ros2_ws/install/wit_driver/lib/libwit_driver.so
[1.116s] -- Up-to-date symlink: /home/dev/ros2_ws/install/wit_driver/share/ament_index/resource_index/package_run_dependencies/wit_driver
[1.116s] -- Up-to-date symlink: /home/dev/ros2_ws/install/wit_driver/share/ament_index/resource_index/parent_prefix_path/wit_driver
[1.116s] -- Up-to-date symlink: /home/dev/ros2_ws/install/wit_driver/share/wit_driver/environment/ament_prefix_path.sh
[1.116s] -- Up-to-date symlink: /home/dev/ros2_ws/install/wit_driver/share/wit_driver/environment/ament_prefix_path.dsv
[1.117s] -- Up-to-date symlink: /home/dev/ros2_ws/install/wit_driver/share/wit_driver/environment/path.sh
[1.117s] -- Up-to-date symlink: /home/dev/ros2_ws/install/wit_driver/share/wit_driver/environment/path.dsv
[1.117s] -- Up-to-date symlink: /home/dev/ros2_ws/install/wit_driver/share/wit_driver/local_setup.bash
[1.117s] -- Up-to-date symlink: /home/dev/ros2_ws/install/wit_driver/share/wit_driver/local_setup.sh
[1.117s] -- Up-to-date symlink: /home/dev/ros2_ws/install/wit_driver/share/wit_driver/local_setup.zsh
[1.117s] -- Up-to-date symlink: /home/dev/ros2_ws/install/wit_driver/share/wit_driver/local_setup.dsv
[1.118s] -- Symlinking: /home/dev/ros2_ws/install/wit_driver/share/wit_driver/package.dsv
[1.130s] -- Up-to-date symlink: /home/dev/ros2_ws/install/wit_driver/share/ament_index/resource_index/packages/wit_driver
[1.131s] -- Up-to-date symlink: /home/dev/ros2_ws/install/wit_driver/share/wit_driver/cmake/ament_cmake_export_dependencies-extras.cmake
[1.131s] -- Up-to-date symlink: /home/dev/ros2_ws/install/wit_driver/share/wit_driver/cmake/ament_cmake_export_include_directories-extras.cmake
[1.132s] -- Up-to-date symlink: /home/dev/ros2_ws/install/wit_driver/share/wit_driver/cmake/ament_cmake_export_libraries-extras.cmake
[1.133s] -- Up-to-date symlink: /home/dev/ros2_ws/install/wit_driver/share/wit_driver/cmake/wit_driverConfig.cmake
[1.134s] -- Up-to-date symlink: /home/dev/ros2_ws/install/wit_driver/share/wit_driver/cmake/wit_driverConfig-version.cmake
[1.134s] -- Up-to-date symlink: /home/dev/ros2_ws/install/wit_driver/share/wit_driver/package.xml
[1.138s] Invoked command in '/home/dev/ros2_ws/build/wit_driver' returned '0': CMAKE_PREFIX_PATH=${CMAKE_PREFIX_PATH}:/home/dev/ros2_ws/install/turtlebot3_teleop:/home/dev/ros2_ws/install/turtlebot3_example:/home/dev/ros2_ws/install/f7_udp:/opt/ros/humble /usr/bin/cmake --install /home/dev/ros2_ws/build/wit_driver
