[0.042s] Invoking command in '/home/dev/ros2_ws/build/ldlidar_component': CMAKE_PREFIX_PATH=${CMAKE_PREFIX_PATH}:/home/dev/ros2_ws/install/turtlebot3_teleop:/home/dev/ros2_ws/install/turtlebot3_example:/opt/ros/humble /usr/bin/cmake /home/dev/ros2_ws/src/ldrobot-lidar-ros2/ldlidar_component -DCMAKE_INSTALL_PREFIX=/home/dev/ros2_ws/install/ldlidar_component
[0.482s] --  * Release Mode
[0.483s] -- * Found ROS2 humble
[0.483s] -- * ROS2 humble is officially supported by this package.
[0.483s] -- Found ament_cmake: 1.3.10 (/opt/ros/humble/share/ament_cmake/cmake)
[0.483s] -- Override CMake install command with custom implementation using symlinks instead of copying resources
[0.483s] -- Found rclcpp_lifecycle: 16.0.10 (/opt/ros/humble/share/rclcpp_lifecycle/cmake)
[0.483s] -- Found rosidl_generator_c: 3.1.5 (/opt/ros/humble/share/rosidl_generator_c/cmake)
[0.483s] -- Found rosidl_adapter: 3.1.5 (/opt/ros/humble/share/rosidl_adapter/cmake)
[0.484s] -- Found rosidl_generator_cpp: 3.1.5 (/opt/ros/humble/share/rosidl_generator_cpp/cmake)
[0.484s] -- Using all available rosidl_typesupport_c: rosidl_typesupport_fastrtps_c;rosidl_typesupport_introspection_c
[0.484s] -- Using all available rosidl_typesupport_cpp: rosidl_typesupport_fastrtps_cpp;rosidl_typesupport_introspection_cpp
[0.484s] -- Found rmw_implementation_cmake: 6.1.2 (/opt/ros/humble/share/rmw_implementation_cmake/cmake)
[0.484s] -- Found rmw_fastrtps_cpp: 6.2.7 (/opt/ros/humble/share/rmw_fastrtps_cpp/cmake)
[0.484s] -- Using RMW implementation 'rmw_fastrtps_cpp' as default
[0.544s] -- Found rclcpp_components: 16.0.10 (/opt/ros/humble/share/rclcpp_components/cmake)
[0.560s] -- Found nav2_util: 1.1.16 (/opt/ros/humble/share/nav2_util/cmake)
[0.656s] -- Found eigen3_cmake_module: 0.1.1 (/opt/ros/humble/share/eigen3_cmake_module/cmake)
[0.657s] -- Ensuring Eigen3 include directory is part of orocos-kdl CMake target
[0.681s] -- Found sensor_msgs: 4.2.4 (/opt/ros/humble/share/sensor_msgs/cmake)
[0.693s] -- Found diagnostic_msgs: 4.2.4 (/opt/ros/humble/share/diagnostic_msgs/cmake)
[0.706s] -- Found diagnostic_updater: 4.0.0 (/opt/ros/humble/share/diagnostic_updater/cmake)
[0.754s] -- Found ament_lint_auto: 0.12.11 (/opt/ros/humble/share/ament_lint_auto/cmake)
[0.853s] -- Added test 'copyright' to check source files copyright and LICENSE
[0.857s] -- Added test 'cppcheck' to perform static code analysis on C / C++ code
[0.858s] -- Configured cppcheck include dirs: /home/dev/ros2_ws/src/ldrobot-lidar-ros2/ldlidar_component/include;/home/dev/ros2_ws/src/ldrobot-lidar-ros2/ldlidar_component/tools/include;/home/dev/ros2_ws/src/ldrobot-lidar-ros2/ldlidar_component/component/include;/home/dev/ros2_ws/src/ldrobot-lidar-ros2/ldlidar_component/ldlidar_driver/include/core;/home/dev/ros2_ws/src/ldrobot-lidar-ros2/ldlidar_component/ldlidar_driver/include/dataprocess;/home/dev/ros2_ws/src/ldrobot-lidar-ros2/ldlidar_component/ldlidar_driver/include/filter;/home/dev/ros2_ws/src/ldrobot-lidar-ros2/ldlidar_component/ldlidar_driver/include/logger;/home/dev/ros2_ws/src/ldrobot-lidar-ros2/ldlidar_component/ldlidar_driver/include/networkcom;/home/dev/ros2_ws/src/ldrobot-lidar-ros2/ldlidar_component/ldlidar_driver/include/serialcom
[0.858s] -- Configured cppcheck exclude dirs and/or files: 
[0.861s] -- Added test 'cpplint' to check C / C++ code against the Google style
[0.862s] -- Configured cpplint exclude dirs and/or files: 
[0.863s] -- Added test 'lint_cmake' to check CMake code style
[0.867s] -- Added test 'uncrustify' to check C / C++ code style
[0.868s] -- Configured uncrustify additional arguments: 
[0.871s] -- Added test 'xmllint' to check XML markup files
[0.875s] -- Added test 'clang_format' to check C / C++ code style
[0.880s] -- Configuring done
[0.948s] -- Generating done
[0.952s] -- Build files have been written to: /home/dev/ros2_ws/build/ldlidar_component
[0.965s] Invoked command in '/home/dev/ros2_ws/build/ldlidar_component' returned '0': CMAKE_PREFIX_PATH=${CMAKE_PREFIX_PATH}:/home/dev/ros2_ws/install/turtlebot3_teleop:/home/dev/ros2_ws/install/turtlebot3_example:/opt/ros/humble /usr/bin/cmake /home/dev/ros2_ws/src/ldrobot-lidar-ros2/ldlidar_component -DCMAKE_INSTALL_PREFIX=/home/dev/ros2_ws/install/ldlidar_component
[0.966s] Invoking command in '/home/dev/ros2_ws/build/ldlidar_component': CMAKE_PREFIX_PATH=${CMAKE_PREFIX_PATH}:/home/dev/ros2_ws/install/turtlebot3_teleop:/home/dev/ros2_ws/install/turtlebot3_example:/opt/ros/humble /usr/bin/cmake --build /home/dev/ros2_ws/build/ldlidar_component -- -j12 -l12
[1.022s] [35m[1mConsolidate compiler generated dependencies of target ldlidar[0m
[1.043s] [ 70%] Built target ldlidar
[1.054s] [35m[1mConsolidate compiler generated dependencies of target ldlidar_component[0m
[1.079s] [100%] Built target ldlidar_component
[1.093s] Invoked command in '/home/dev/ros2_ws/build/ldlidar_component' returned '0': CMAKE_PREFIX_PATH=${CMAKE_PREFIX_PATH}:/home/dev/ros2_ws/install/turtlebot3_teleop:/home/dev/ros2_ws/install/turtlebot3_example:/opt/ros/humble /usr/bin/cmake --build /home/dev/ros2_ws/build/ldlidar_component -- -j12 -l12
[1.128s] Invoking command in '/home/dev/ros2_ws/build/ldlidar_component': CMAKE_PREFIX_PATH=${CMAKE_PREFIX_PATH}:/home/dev/ros2_ws/install/turtlebot3_teleop:/home/dev/ros2_ws/install/turtlebot3_example:/opt/ros/humble /usr/bin/cmake --install /home/dev/ros2_ws/build/ldlidar_component
[1.135s] -- Install configuration: "Release"
[1.135s] -- Execute custom install script
[1.136s] -- Up-to-date symlink: /home/dev/ros2_ws/install/ldlidar_component/lib/libldlidar_component.so
[1.136s] -- Up-to-date symlink: /home/dev/ros2_ws/install/ldlidar_component/include/ldlidar_component//defines.hpp
[1.136s] -- Up-to-date symlink: /home/dev/ros2_ws/install/ldlidar_component/include/ldlidar_component//ldlidar_component.hpp
[1.136s] -- Up-to-date symlink: /home/dev/ros2_ws/install/ldlidar_component/include/ldlidar_component//ldlidar_tools.hpp
[1.137s] -- Up-to-date symlink: /home/dev/ros2_ws/install/ldlidar_component/include/ldlidar_component//visibility_control.hpp
[1.137s] -- Up-to-date symlink: /home/dev/ros2_ws/install/ldlidar_component/include/ldlidar_component//ldlidar_datatype.h
[1.137s] -- Up-to-date symlink: /home/dev/ros2_ws/install/ldlidar_component/include/ldlidar_component//ldlidar_driver.h
[1.137s] -- Up-to-date symlink: /home/dev/ros2_ws/install/ldlidar_component/include/ldlidar_component//lipkg.h
[1.137s] -- Up-to-date symlink: /home/dev/ros2_ws/install/ldlidar_component/include/ldlidar_component//tofbf.h
[1.137s] -- Up-to-date symlink: /home/dev/ros2_ws/install/ldlidar_component/include/ldlidar_component//log_module.h
[1.137s] -- Up-to-date symlink: /home/dev/ros2_ws/install/ldlidar_component/include/ldlidar_component//network_socket_interface_linux.h
[1.137s] -- Up-to-date symlink: /home/dev/ros2_ws/install/ldlidar_component/include/ldlidar_component//serial_interface_linux.h
[1.138s] -- Up-to-date symlink: /home/dev/ros2_ws/install/ldlidar_component/share/ldlidar_component/environment/library_path.sh
[1.138s] -- Up-to-date symlink: /home/dev/ros2_ws/install/ldlidar_component/share/ldlidar_component/environment/library_path.dsv
[1.138s] -- Up-to-date symlink: /home/dev/ros2_ws/install/ldlidar_component/share/ament_index/resource_index/package_run_dependencies/ldlidar_component
[1.138s] -- Up-to-date symlink: /home/dev/ros2_ws/install/ldlidar_component/share/ament_index/resource_index/parent_prefix_path/ldlidar_component
[1.139s] -- Up-to-date symlink: /home/dev/ros2_ws/install/ldlidar_component/share/ldlidar_component/environment/ament_prefix_path.sh
[1.139s] -- Up-to-date symlink: /home/dev/ros2_ws/install/ldlidar_component/share/ldlidar_component/environment/ament_prefix_path.dsv
[1.139s] -- Up-to-date symlink: /home/dev/ros2_ws/install/ldlidar_component/share/ldlidar_component/environment/path.sh
[1.139s] -- Up-to-date symlink: /home/dev/ros2_ws/install/ldlidar_component/share/ldlidar_component/environment/path.dsv
[1.139s] -- Up-to-date symlink: /home/dev/ros2_ws/install/ldlidar_component/share/ldlidar_component/local_setup.bash
[1.139s] -- Up-to-date symlink: /home/dev/ros2_ws/install/ldlidar_component/share/ldlidar_component/local_setup.sh
[1.139s] -- Up-to-date symlink: /home/dev/ros2_ws/install/ldlidar_component/share/ldlidar_component/local_setup.zsh
[1.140s] -- Up-to-date symlink: /home/dev/ros2_ws/install/ldlidar_component/share/ldlidar_component/local_setup.dsv
[1.140s] -- Symlinking: /home/dev/ros2_ws/install/ldlidar_component/share/ldlidar_component/package.dsv
[1.152s] -- Up-to-date symlink: /home/dev/ros2_ws/install/ldlidar_component/share/ament_index/resource_index/packages/ldlidar_component
[1.152s] -- Up-to-date symlink: /home/dev/ros2_ws/install/ldlidar_component/share/ament_index/resource_index/rclcpp_components/ldlidar_component
[1.152s] -- Up-to-date symlink: /home/dev/ros2_ws/install/ldlidar_component/share/ldlidar_component/cmake/ament_cmake_export_include_directories-extras.cmake
[1.152s] -- Up-to-date symlink: /home/dev/ros2_ws/install/ldlidar_component/share/ldlidar_component/cmake/ament_cmake_export_libraries-extras.cmake
[1.152s] -- Up-to-date symlink: /home/dev/ros2_ws/install/ldlidar_component/share/ldlidar_component/cmake/ament_cmake_export_dependencies-extras.cmake
[1.152s] -- Up-to-date symlink: /home/dev/ros2_ws/install/ldlidar_component/share/ldlidar_component/cmake/ldlidar_componentConfig.cmake
[1.153s] -- Up-to-date symlink: /home/dev/ros2_ws/install/ldlidar_component/share/ldlidar_component/cmake/ldlidar_componentConfig-version.cmake
[1.153s] -- Up-to-date symlink: /home/dev/ros2_ws/install/ldlidar_component/share/ldlidar_component/package.xml
[1.169s] Invoked command in '/home/dev/ros2_ws/build/ldlidar_component' returned '0': CMAKE_PREFIX_PATH=${CMAKE_PREFIX_PATH}:/home/dev/ros2_ws/install/turtlebot3_teleop:/home/dev/ros2_ws/install/turtlebot3_example:/opt/ros/humble /usr/bin/cmake --install /home/dev/ros2_ws/build/ldlidar_component
