[0.014s] Invoking command in '/home/dev/ros2_ws/build/wit_msgs': CMAKE_PREFIX_PATH=${CMAKE_PREFIX_PATH}:/home/dev/ros2_ws/install/turtlebot3_teleop:/home/dev/ros2_ws/install/turtlebot3_example:/home/dev/ros2_ws/install/f7_udp:/opt/ros/humble /usr/bin/cmake /home/dev/ros2_ws/src/wit_node/wit_msgs -DAMENT_CMAKE_SYMLINK_INSTALL=1 -DCMAKE_INSTALL_PREFIX=/home/dev/ros2_ws/install/wit_msgs
[0.112s] -- The C compiler identification is GNU 11.4.0
[0.194s] -- The CXX compiler identification is GNU 11.4.0
[0.202s] -- Detecting C compiler ABI info
[0.264s] -- Detecting C compiler ABI info - done
[0.271s] -- Check for working C compiler: /usr/bin/cc - skipped
[0.272s] -- Detecting C compile features
[0.272s] -- Detecting C compile features - done
[0.275s] -- Detecting CXX compiler ABI info
[0.337s] -- Detecting CXX compiler ABI info - done
[0.345s] -- Check for working CXX compiler: /usr/bin/c++ - skipped
[0.345s] -- Detecting CXX compile features
[0.346s] -- Detecting CXX compile features - done
[0.350s] -- Found ament_cmake: 1.3.10 (/opt/ros/humble/share/ament_cmake/cmake)
[0.482s] -- Found Python3: /usr/bin/python3 (found version "3.10.12") found components: Interpreter 
[0.529s] -- Override CMake install command with custom implementation using symlinks instead of copying resources
[0.565s] -- Found builtin_interfaces: 1.2.1 (/opt/ros/humble/share/builtin_interfaces/cmake)
[0.589s] -- Found rosidl_generator_c: 3.1.5 (/opt/ros/humble/share/rosidl_generator_c/cmake)
[0.593s] -- Found rosidl_adapter: 3.1.5 (/opt/ros/humble/share/rosidl_adapter/cmake)
[0.599s] -- Found rosidl_generator_cpp: 3.1.5 (/opt/ros/humble/share/rosidl_generator_cpp/cmake)
[0.608s] -- Using all available rosidl_typesupport_c: rosidl_typesupport_fastrtps_c;rosidl_typesupport_introspection_c
[0.628s] -- Using all available rosidl_typesupport_cpp: rosidl_typesupport_fastrtps_cpp;rosidl_typesupport_introspection_cpp
[0.646s] -- Found std_msgs: 4.2.4 (/opt/ros/humble/share/std_msgs/cmake)
[0.659s] -- Found rosidl_default_generators: 1.2.0 (/opt/ros/humble/share/rosidl_default_generators/cmake)
[0.892s] -- Found ament_cmake_ros: 0.10.0 (/opt/ros/humble/share/ament_cmake_ros/cmake)
[1.222s] -- Using all available rosidl_typesupport_c: rosidl_typesupport_fastrtps_c;rosidl_typesupport_introspection_c
[1.367s] -- Using all available rosidl_typesupport_cpp: rosidl_typesupport_fastrtps_cpp;rosidl_typesupport_introspection_cpp
[1.389s] -- Found PythonInterp: /usr/bin/python3 (found suitable version "3.10.12", minimum required is "3.6") 
[1.392s] -- Found python_cmake_module: 0.10.0 (/opt/ros/humble/share/python_cmake_module/cmake)
[1.416s] -- Found PythonLibs: /usr/lib/x86_64-linux-gnu/libpython3.10.so (found suitable version "3.10.12", minimum required is "3.5") 
[1.416s] -- Using PYTHON_EXECUTABLE: /usr/bin/python3
[1.416s] -- Using PYTHON_INCLUDE_DIRS: /usr/include/python3.10
[1.416s] -- Using PYTHON_LIBRARIES: /usr/lib/x86_64-linux-gnu/libpython3.10.so
[1.433s] -- Found PythonExtra: .so  
[1.500s] -- Configuring done
[1.532s] -- Generating done
[1.534s] -- Build files have been written to: /home/dev/ros2_ws/build/wit_msgs
[1.541s] Invoked command in '/home/dev/ros2_ws/build/wit_msgs' returned '0': CMAKE_PREFIX_PATH=${CMAKE_PREFIX_PATH}:/home/dev/ros2_ws/install/turtlebot3_teleop:/home/dev/ros2_ws/install/turtlebot3_example:/home/dev/ros2_ws/install/f7_udp:/opt/ros/humble /usr/bin/cmake /home/dev/ros2_ws/src/wit_node/wit_msgs -DAMENT_CMAKE_SYMLINK_INSTALL=1 -DCMAKE_INSTALL_PREFIX=/home/dev/ros2_ws/install/wit_msgs
[1.543s] Invoking command in '/home/dev/ros2_ws/build/wit_msgs': CMAKE_PREFIX_PATH=${CMAKE_PREFIX_PATH}:/home/dev/ros2_ws/install/turtlebot3_teleop:/home/dev/ros2_ws/install/turtlebot3_example:/home/dev/ros2_ws/install/f7_udp:/opt/ros/humble /usr/bin/cmake --build /home/dev/ros2_ws/build/wit_msgs -- -j12 -l12
[1.578s] [  3%] [34m[1mGenerating C code for ROS interfaces[0m
[1.586s] [  6%] [34m[1mGenerating C++ code for ROS interfaces[0m
[1.594s] [  6%] Built target ament_cmake_python_symlink_wit_msgs
[1.765s] running egg_info
[1.766s] creating wit_msgs.egg-info
[1.766s] writing wit_msgs.egg-info/PKG-INFO
[1.766s] writing dependency_links to wit_msgs.egg-info/dependency_links.txt
[1.766s] writing top-level names to wit_msgs.egg-info/top_level.txt
[1.766s] writing manifest file 'wit_msgs.egg-info/SOURCES.txt'
[1.767s] reading manifest file 'wit_msgs.egg-info/SOURCES.txt'
[1.768s] writing manifest file 'wit_msgs.egg-info/SOURCES.txt'
[1.789s] [  6%] Built target ament_cmake_python_build_wit_msgs_egg
[1.849s] [  6%] Built target wit_msgs__cpp
[1.856s] [  9%] [34m[1mGenerating C++ introspection for ROS interfaces[0m
[1.856s] [ 12%] [34m[1mGenerating C++ type support for eProsima Fast-RTPS[0m
[1.858s] [ 16%] [34m[1mGenerating C++ type support dispatch for ROS interfaces[0m
[1.935s] [ 19%] [32mBuilding C object CMakeFiles/wit_msgs__rosidl_generator_c.dir/rosidl_generator_c/wit_msgs/msg/detail/imu_gps_raw__functions.c.o[0m
[1.990s] [ 22%] [32m[1mLinking C shared library libwit_msgs__rosidl_generator_c.so[0m
[2.027s] [ 22%] Built target wit_msgs__rosidl_generator_c
[2.035s] [ 25%] [34m[1mGenerating C type support for eProsima Fast-RTPS[0m
[2.038s] [ 32%] [34m[1mGenerating C type support dispatch for ROS interfaces[0m
[2.038s] [ 32%] [34m[1mGenerating C introspection for ROS interfaces[0m
[2.178s] [ 35%] [32mBuilding CXX object CMakeFiles/wit_msgs__rosidl_typesupport_cpp.dir/rosidl_typesupport_cpp/wit_msgs/msg/imu_gps_raw__type_support.cpp.o[0m
[2.187s] [ 38%] [32mBuilding CXX object CMakeFiles/wit_msgs__rosidl_typesupport_fastrtps_cpp.dir/rosidl_typesupport_fastrtps_cpp/wit_msgs/msg/detail/dds_fastrtps/imu_gps_raw__type_support.cpp.o[0m
[2.194s] [ 41%] [32mBuilding CXX object CMakeFiles/wit_msgs__rosidl_typesupport_introspection_cpp.dir/rosidl_typesupport_introspection_cpp/wit_msgs/msg/detail/imu_gps_raw__type_support.cpp.o[0m
[2.292s] [ 45%] [32mBuilding C object CMakeFiles/wit_msgs__rosidl_typesupport_introspection_c.dir/rosidl_typesupport_introspection_c/wit_msgs/msg/detail/imu_gps_raw__type_support.c.o[0m
[2.351s] [ 48%] [32m[1mLinking C shared library libwit_msgs__rosidl_typesupport_introspection_c.so[0m
[2.372s] [ 51%] [32mBuilding CXX object CMakeFiles/wit_msgs__rosidl_typesupport_c.dir/rosidl_typesupport_c/wit_msgs/msg/imu_gps_raw__type_support.cpp.o[0m
[2.388s] [ 51%] Built target wit_msgs__rosidl_typesupport_introspection_c
[2.398s] [ 54%] [32mBuilding CXX object CMakeFiles/wit_msgs__rosidl_typesupport_fastrtps_c.dir/rosidl_typesupport_fastrtps_c/wit_msgs/msg/detail/imu_gps_raw__type_support_c.cpp.o[0m
[2.404s] [ 58%] [32m[1mLinking CXX shared library libwit_msgs__rosidl_typesupport_c.so[0m
[2.449s] [ 58%] Built target wit_msgs__rosidl_typesupport_c
[2.470s] [ 61%] [32m[1mLinking CXX shared library libwit_msgs__rosidl_typesupport_cpp.so[0m
[2.508s] [ 61%] Built target wit_msgs__rosidl_typesupport_cpp
[2.609s] [ 64%] [32m[1mLinking CXX shared library libwit_msgs__rosidl_typesupport_fastrtps_cpp.so[0m
[2.612s] [ 67%] [32m[1mLinking CXX shared library libwit_msgs__rosidl_typesupport_fastrtps_c.so[0m
[2.674s] [ 70%] [32m[1mLinking CXX shared library libwit_msgs__rosidl_typesupport_introspection_cpp.so[0m
[2.675s] [ 70%] Built target wit_msgs__rosidl_typesupport_fastrtps_cpp
[2.687s] [ 70%] Built target wit_msgs__rosidl_typesupport_fastrtps_c
[2.733s] [ 70%] Built target wit_msgs__rosidl_typesupport_introspection_cpp
[2.749s] [ 70%] Built target wit_msgs
[2.767s] [ 74%] [34m[1mGenerating Python code for ROS interfaces[0m
[3.060s] [ 74%] Built target wit_msgs__py
[3.076s] [ 77%] [32mBuilding C object CMakeFiles/wit_msgs__rosidl_generator_py.dir/rosidl_generator_py/wit_msgs/msg/_imu_gps_raw_s.c.o[0m
[3.187s] [ 80%] [32m[1mLinking C shared library rosidl_generator_py/wit_msgs/libwit_msgs__rosidl_generator_py.so[0m
[3.222s] [ 80%] Built target wit_msgs__rosidl_generator_py
[3.238s] [ 83%] [32mBuilding C object CMakeFiles/wit_msgs__rosidl_typesupport_c__pyext.dir/rosidl_generator_py/wit_msgs/_wit_msgs_s.ep.rosidl_typesupport_c.c.o[0m
[3.238s] [ 87%] [32mBuilding C object CMakeFiles/wit_msgs__rosidl_typesupport_fastrtps_c__pyext.dir/rosidl_generator_py/wit_msgs/_wit_msgs_s.ep.rosidl_typesupport_fastrtps_c.c.o[0m
[3.239s] [ 90%] [32mBuilding C object CMakeFiles/wit_msgs__rosidl_typesupport_introspection_c__pyext.dir/rosidl_generator_py/wit_msgs/_wit_msgs_s.ep.rosidl_typesupport_introspection_c.c.o[0m
[3.306s] [ 93%] [32m[1mLinking C shared library rosidl_generator_py/wit_msgs/wit_msgs_s__rosidl_typesupport_fastrtps_c.cpython-310-x86_64-linux-gnu.so[0m
[3.317s] [ 96%] [32m[1mLinking C shared library rosidl_generator_py/wit_msgs/wit_msgs_s__rosidl_typesupport_introspection_c.cpython-310-x86_64-linux-gnu.so[0m
[3.331s] [100%] [32m[1mLinking C shared library rosidl_generator_py/wit_msgs/wit_msgs_s__rosidl_typesupport_c.cpython-310-x86_64-linux-gnu.so[0m
[3.344s] [100%] Built target wit_msgs__rosidl_typesupport_fastrtps_c__pyext
[3.353s] [100%] Built target wit_msgs__rosidl_typesupport_introspection_c__pyext
[3.366s] [100%] Built target wit_msgs__rosidl_typesupport_c__pyext
[3.374s] Invoked command in '/home/dev/ros2_ws/build/wit_msgs' returned '0': CMAKE_PREFIX_PATH=${CMAKE_PREFIX_PATH}:/home/dev/ros2_ws/install/turtlebot3_teleop:/home/dev/ros2_ws/install/turtlebot3_example:/home/dev/ros2_ws/install/f7_udp:/opt/ros/humble /usr/bin/cmake --build /home/dev/ros2_ws/build/wit_msgs -- -j12 -l12
[3.424s] Invoking command in '/home/dev/ros2_ws/build/wit_msgs': CMAKE_PREFIX_PATH=${CMAKE_PREFIX_PATH}:/home/dev/ros2_ws/install/turtlebot3_teleop:/home/dev/ros2_ws/install/turtlebot3_example:/home/dev/ros2_ws/install/f7_udp:/opt/ros/humble /usr/bin/cmake --install /home/dev/ros2_ws/build/wit_msgs
[3.430s] -- Install configuration: ""
[3.431s] -- Execute custom install script
[3.431s] -- Symlinking: /home/dev/ros2_ws/install/wit_msgs/share/ament_index/resource_index/rosidl_interfaces/wit_msgs
[3.438s] -- Symlinking: /home/dev/ros2_ws/install/wit_msgs/include/wit_msgs/wit_msgs/msg/detail/imu_gps_raw__functions.h
[3.444s] -- Symlinking: /home/dev/ros2_ws/install/wit_msgs/include/wit_msgs/wit_msgs/msg/detail/imu_gps_raw__struct.h
[3.452s] -- Symlinking: /home/dev/ros2_ws/install/wit_msgs/include/wit_msgs/wit_msgs/msg/detail/imu_gps_raw__type_support.h
[3.459s] -- Symlinking: /home/dev/ros2_ws/install/wit_msgs/include/wit_msgs/wit_msgs/msg/imu_gps_raw.h
[3.465s] -- Symlinking: /home/dev/ros2_ws/install/wit_msgs/include/wit_msgs/wit_msgs/msg/rosidl_generator_c__visibility_control.h
[3.472s] -- Symlinking: /home/dev/ros2_ws/install/wit_msgs/share/wit_msgs/environment/library_path.sh
[3.479s] -- Symlinking: /home/dev/ros2_ws/install/wit_msgs/share/wit_msgs/environment/library_path.dsv
[3.486s] -- Symlinking: /home/dev/ros2_ws/install/wit_msgs/include/wit_msgs/wit_msgs/msg/detail/imu_gps_raw__rosidl_typesupport_fastrtps_c.h
[3.493s] -- Symlinking: /home/dev/ros2_ws/install/wit_msgs/include/wit_msgs/wit_msgs/msg/rosidl_typesupport_fastrtps_c__visibility_control.h
[3.501s] -- Symlinking: /home/dev/ros2_ws/install/wit_msgs/include/wit_msgs/wit_msgs/msg/detail/imu_gps_raw__builder.hpp
[3.508s] -- Symlinking: /home/dev/ros2_ws/install/wit_msgs/include/wit_msgs/wit_msgs/msg/detail/imu_gps_raw__struct.hpp
[3.516s] -- Symlinking: /home/dev/ros2_ws/install/wit_msgs/include/wit_msgs/wit_msgs/msg/detail/imu_gps_raw__traits.hpp
[3.523s] -- Symlinking: /home/dev/ros2_ws/install/wit_msgs/include/wit_msgs/wit_msgs/msg/imu_gps_raw.hpp
[3.532s] -- Symlinking: /home/dev/ros2_ws/install/wit_msgs/include/wit_msgs/wit_msgs/msg/detail/imu_gps_raw__rosidl_typesupport_fastrtps_cpp.hpp
[3.538s] -- Symlinking: /home/dev/ros2_ws/install/wit_msgs/include/wit_msgs/wit_msgs/msg/rosidl_typesupport_fastrtps_cpp__visibility_control.h
[3.547s] -- Symlinking: /home/dev/ros2_ws/install/wit_msgs/include/wit_msgs/wit_msgs/msg/detail/imu_gps_raw__rosidl_typesupport_introspection_c.h
[3.553s] -- Symlinking: /home/dev/ros2_ws/install/wit_msgs/include/wit_msgs/wit_msgs/msg/rosidl_typesupport_introspection_c__visibility_control.h
[3.560s] -- Symlinking: /home/dev/ros2_ws/install/wit_msgs/include/wit_msgs/wit_msgs/msg/detail/imu_gps_raw__rosidl_typesupport_introspection_cpp.hpp
[3.566s] -- Symlinking: /home/dev/ros2_ws/install/wit_msgs/share/wit_msgs/environment/pythonpath.sh
[3.574s] -- Symlinking: /home/dev/ros2_ws/install/wit_msgs/share/wit_msgs/environment/pythonpath.dsv
[3.581s] -- Symlinking: /home/dev/ros2_ws/install/wit_msgs/local/lib/python3.10/dist-packages/wit_msgs-0.1.0-py3.10.egg-info/PKG-INFO
[3.590s] -- Symlinking: /home/dev/ros2_ws/install/wit_msgs/local/lib/python3.10/dist-packages/wit_msgs-0.1.0-py3.10.egg-info/SOURCES.txt
[3.595s] -- Symlinking: /home/dev/ros2_ws/install/wit_msgs/local/lib/python3.10/dist-packages/wit_msgs-0.1.0-py3.10.egg-info/dependency_links.txt
[3.603s] -- Symlinking: /home/dev/ros2_ws/install/wit_msgs/local/lib/python3.10/dist-packages/wit_msgs-0.1.0-py3.10.egg-info/top_level.txt
[3.611s] -- Symlinking: /home/dev/ros2_ws/install/wit_msgs/local/lib/python3.10/dist-packages/wit_msgs/__init__.py
[3.616s] -- Symlinking: /home/dev/ros2_ws/install/wit_msgs/local/lib/python3.10/dist-packages/wit_msgs/_wit_msgs_s.ep.rosidl_typesupport_c.c
[3.623s] -- Symlinking: /home/dev/ros2_ws/install/wit_msgs/local/lib/python3.10/dist-packages/wit_msgs/_wit_msgs_s.ep.rosidl_typesupport_fastrtps_c.c
[3.629s] -- Symlinking: /home/dev/ros2_ws/install/wit_msgs/local/lib/python3.10/dist-packages/wit_msgs/_wit_msgs_s.ep.rosidl_typesupport_introspection_c.c
[3.637s] -- Symlinking: /home/dev/ros2_ws/install/wit_msgs/local/lib/python3.10/dist-packages/wit_msgs/libwit_msgs__rosidl_generator_py.so
[3.644s] -- Symlinking: /home/dev/ros2_ws/install/wit_msgs/local/lib/python3.10/dist-packages/wit_msgs/msg/__init__.py
[3.651s] -- Symlinking: /home/dev/ros2_ws/install/wit_msgs/local/lib/python3.10/dist-packages/wit_msgs/msg/_imu_gps_raw.py
[3.657s] -- Symlinking: /home/dev/ros2_ws/install/wit_msgs/local/lib/python3.10/dist-packages/wit_msgs/msg/_imu_gps_raw_s.c
[3.663s] -- Symlinking: /home/dev/ros2_ws/install/wit_msgs/local/lib/python3.10/dist-packages/wit_msgs/wit_msgs_s__rosidl_typesupport_c.cpython-310-x86_64-linux-gnu.so
[3.669s] -- Symlinking: /home/dev/ros2_ws/install/wit_msgs/local/lib/python3.10/dist-packages/wit_msgs/wit_msgs_s__rosidl_typesupport_fastrtps_c.cpython-310-x86_64-linux-gnu.so
[3.676s] -- Symlinking: /home/dev/ros2_ws/install/wit_msgs/local/lib/python3.10/dist-packages/wit_msgs/wit_msgs_s__rosidl_typesupport_introspection_c.cpython-310-x86_64-linux-gnu.so
[3.682s] -- Up-to-date symlink: /home/dev/ros2_ws/install/wit_msgs/local/lib/python3.10/dist-packages/wit_msgs/wit_msgs_s__rosidl_typesupport_fastrtps_c.cpython-310-x86_64-linux-gnu.so
[3.682s] -- Up-to-date symlink: /home/dev/ros2_ws/install/wit_msgs/local/lib/python3.10/dist-packages/wit_msgs/wit_msgs_s__rosidl_typesupport_introspection_c.cpython-310-x86_64-linux-gnu.so
[3.682s] -- Up-to-date symlink: /home/dev/ros2_ws/install/wit_msgs/local/lib/python3.10/dist-packages/wit_msgs/wit_msgs_s__rosidl_typesupport_c.cpython-310-x86_64-linux-gnu.so
[3.683s] -- Symlinking: /home/dev/ros2_ws/install/wit_msgs/share/wit_msgs/msg/ImuGpsRaw.idl
[3.689s] -- Symlinking: /home/dev/ros2_ws/install/wit_msgs/share/wit_msgs/msg/ImuGpsRaw.msg
[3.696s] -- Symlinking: /home/dev/ros2_ws/install/wit_msgs/share/ament_index/resource_index/package_run_dependencies/wit_msgs
[3.702s] -- Symlinking: /home/dev/ros2_ws/install/wit_msgs/share/ament_index/resource_index/parent_prefix_path/wit_msgs
[3.710s] -- Symlinking: /home/dev/ros2_ws/install/wit_msgs/share/wit_msgs/environment/ament_prefix_path.sh
[3.716s] -- Symlinking: /home/dev/ros2_ws/install/wit_msgs/share/wit_msgs/environment/ament_prefix_path.dsv
[3.722s] -- Symlinking: /home/dev/ros2_ws/install/wit_msgs/share/wit_msgs/environment/path.sh
[3.729s] -- Symlinking: /home/dev/ros2_ws/install/wit_msgs/share/wit_msgs/environment/path.dsv
[3.734s] -- Symlinking: /home/dev/ros2_ws/install/wit_msgs/share/wit_msgs/local_setup.bash
[3.743s] -- Symlinking: /home/dev/ros2_ws/install/wit_msgs/share/wit_msgs/local_setup.sh
[3.750s] -- Symlinking: /home/dev/ros2_ws/install/wit_msgs/share/wit_msgs/local_setup.zsh
[3.755s] -- Symlinking: /home/dev/ros2_ws/install/wit_msgs/share/wit_msgs/local_setup.dsv
[3.761s] -- Symlinking: /home/dev/ros2_ws/install/wit_msgs/share/wit_msgs/package.dsv
[3.766s] -- Symlinking: /home/dev/ros2_ws/install/wit_msgs/share/ament_index/resource_index/packages/wit_msgs
[3.772s] -- Symlinking: /home/dev/ros2_ws/install/wit_msgs/share/wit_msgs/cmake/rosidl_cmake-extras.cmake
[3.778s] -- Symlinking: /home/dev/ros2_ws/install/wit_msgs/share/wit_msgs/cmake/ament_cmake_export_dependencies-extras.cmake
[3.783s] -- Symlinking: /home/dev/ros2_ws/install/wit_msgs/share/wit_msgs/cmake/ament_cmake_export_include_directories-extras.cmake
[3.789s] -- Symlinking: /home/dev/ros2_ws/install/wit_msgs/share/wit_msgs/cmake/ament_cmake_export_libraries-extras.cmake
[3.794s] -- Symlinking: /home/dev/ros2_ws/install/wit_msgs/share/wit_msgs/cmake/ament_cmake_export_targets-extras.cmake
[3.802s] -- Symlinking: /home/dev/ros2_ws/install/wit_msgs/share/wit_msgs/cmake/rosidl_cmake_export_typesupport_targets-extras.cmake
[3.807s] -- Symlinking: /home/dev/ros2_ws/install/wit_msgs/share/wit_msgs/cmake/rosidl_cmake_export_typesupport_libraries-extras.cmake
[3.815s] -- Symlinking: /home/dev/ros2_ws/install/wit_msgs/share/wit_msgs/cmake/wit_msgsConfig.cmake
[3.821s] -- Symlinking: /home/dev/ros2_ws/install/wit_msgs/share/wit_msgs/cmake/wit_msgsConfig-version.cmake
[3.827s] -- Symlinking: /home/dev/ros2_ws/install/wit_msgs/share/wit_msgs/package.xml
[3.832s] -- Installing: /home/dev/ros2_ws/install/wit_msgs/lib/libwit_msgs__rosidl_generator_c.so
[3.833s] -- Set runtime path of "/home/dev/ros2_ws/install/wit_msgs/lib/libwit_msgs__rosidl_generator_c.so" to ""
[3.833s] -- Installing: /home/dev/ros2_ws/install/wit_msgs/lib/libwit_msgs__rosidl_typesupport_fastrtps_c.so
[3.833s] -- Set runtime path of "/home/dev/ros2_ws/install/wit_msgs/lib/libwit_msgs__rosidl_typesupport_fastrtps_c.so" to ""
[3.833s] -- Installing: /home/dev/ros2_ws/install/wit_msgs/lib/libwit_msgs__rosidl_typesupport_fastrtps_cpp.so
[3.833s] -- Set runtime path of "/home/dev/ros2_ws/install/wit_msgs/lib/libwit_msgs__rosidl_typesupport_fastrtps_cpp.so" to ""
[3.833s] -- Installing: /home/dev/ros2_ws/install/wit_msgs/lib/libwit_msgs__rosidl_typesupport_introspection_c.so
[3.833s] -- Set runtime path of "/home/dev/ros2_ws/install/wit_msgs/lib/libwit_msgs__rosidl_typesupport_introspection_c.so" to ""
[3.833s] -- Installing: /home/dev/ros2_ws/install/wit_msgs/lib/libwit_msgs__rosidl_typesupport_c.so
[3.833s] -- Set runtime path of "/home/dev/ros2_ws/install/wit_msgs/lib/libwit_msgs__rosidl_typesupport_c.so" to ""
[3.833s] -- Installing: /home/dev/ros2_ws/install/wit_msgs/lib/libwit_msgs__rosidl_typesupport_introspection_cpp.so
[3.833s] -- Set runtime path of "/home/dev/ros2_ws/install/wit_msgs/lib/libwit_msgs__rosidl_typesupport_introspection_cpp.so" to ""
[3.833s] -- Installing: /home/dev/ros2_ws/install/wit_msgs/lib/libwit_msgs__rosidl_typesupport_cpp.so
[3.833s] -- Set runtime path of "/home/dev/ros2_ws/install/wit_msgs/lib/libwit_msgs__rosidl_typesupport_cpp.so" to ""
[3.857s] Listing '/home/dev/ros2_ws/install/wit_msgs/local/lib/python3.10/dist-packages/wit_msgs'...
[3.857s] Compiling '/home/dev/ros2_ws/install/wit_msgs/local/lib/python3.10/dist-packages/wit_msgs/__init__.py'...
[3.857s] Listing '/home/dev/ros2_ws/install/wit_msgs/local/lib/python3.10/dist-packages/wit_msgs/msg'...
[3.857s] Compiling '/home/dev/ros2_ws/install/wit_msgs/local/lib/python3.10/dist-packages/wit_msgs/msg/__init__.py'...
[3.857s] Compiling '/home/dev/ros2_ws/install/wit_msgs/local/lib/python3.10/dist-packages/wit_msgs/msg/_imu_gps_raw.py'...
[3.860s] -- Installing: /home/dev/ros2_ws/install/wit_msgs/lib/libwit_msgs__rosidl_generator_py.so
[3.860s] -- Set runtime path of "/home/dev/ros2_ws/install/wit_msgs/lib/libwit_msgs__rosidl_generator_py.so" to ""
[3.860s] -- Installing: /home/dev/ros2_ws/install/wit_msgs/share/wit_msgs/cmake/export_wit_msgs__rosidl_generator_cExport.cmake
[3.860s] -- Installing: /home/dev/ros2_ws/install/wit_msgs/share/wit_msgs/cmake/export_wit_msgs__rosidl_generator_cExport-noconfig.cmake
[3.860s] -- Installing: /home/dev/ros2_ws/install/wit_msgs/share/wit_msgs/cmake/export_wit_msgs__rosidl_typesupport_fastrtps_cExport.cmake
[3.860s] -- Installing: /home/dev/ros2_ws/install/wit_msgs/share/wit_msgs/cmake/export_wit_msgs__rosidl_typesupport_fastrtps_cExport-noconfig.cmake
[3.860s] -- Installing: /home/dev/ros2_ws/install/wit_msgs/share/wit_msgs/cmake/export_wit_msgs__rosidl_generator_cppExport.cmake
[3.860s] -- Installing: /home/dev/ros2_ws/install/wit_msgs/share/wit_msgs/cmake/export_wit_msgs__rosidl_typesupport_fastrtps_cppExport.cmake
[3.860s] -- Installing: /home/dev/ros2_ws/install/wit_msgs/share/wit_msgs/cmake/export_wit_msgs__rosidl_typesupport_fastrtps_cppExport-noconfig.cmake
[3.860s] -- Installing: /home/dev/ros2_ws/install/wit_msgs/share/wit_msgs/cmake/wit_msgs__rosidl_typesupport_introspection_cExport.cmake
[3.860s] -- Installing: /home/dev/ros2_ws/install/wit_msgs/share/wit_msgs/cmake/wit_msgs__rosidl_typesupport_introspection_cExport-noconfig.cmake
[3.860s] -- Installing: /home/dev/ros2_ws/install/wit_msgs/share/wit_msgs/cmake/wit_msgs__rosidl_typesupport_cExport.cmake
[3.860s] -- Installing: /home/dev/ros2_ws/install/wit_msgs/share/wit_msgs/cmake/wit_msgs__rosidl_typesupport_cExport-noconfig.cmake
[3.861s] -- Installing: /home/dev/ros2_ws/install/wit_msgs/share/wit_msgs/cmake/wit_msgs__rosidl_typesupport_introspection_cppExport.cmake
[3.861s] -- Installing: /home/dev/ros2_ws/install/wit_msgs/share/wit_msgs/cmake/wit_msgs__rosidl_typesupport_introspection_cppExport-noconfig.cmake
[3.861s] -- Installing: /home/dev/ros2_ws/install/wit_msgs/share/wit_msgs/cmake/wit_msgs__rosidl_typesupport_cppExport.cmake
[3.861s] -- Installing: /home/dev/ros2_ws/install/wit_msgs/share/wit_msgs/cmake/wit_msgs__rosidl_typesupport_cppExport-noconfig.cmake
[3.861s] -- Installing: /home/dev/ros2_ws/install/wit_msgs/share/wit_msgs/cmake/export_wit_msgs__rosidl_generator_pyExport.cmake
[3.861s] -- Installing: /home/dev/ros2_ws/install/wit_msgs/share/wit_msgs/cmake/export_wit_msgs__rosidl_generator_pyExport-noconfig.cmake
[3.862s] Invoked command in '/home/dev/ros2_ws/build/wit_msgs' returned '0': CMAKE_PREFIX_PATH=${CMAKE_PREFIX_PATH}:/home/dev/ros2_ws/install/turtlebot3_teleop:/home/dev/ros2_ws/install/turtlebot3_example:/home/dev/ros2_ws/install/f7_udp:/opt/ros/humble /usr/bin/cmake --install /home/dev/ros2_ws/build/wit_msgs
