[0.014s] Invoking command in '/home/dev/ros2_ws/build/wit_driver': CMAKE_PREFIX_PATH=${CMAKE_PREFIX_PATH}:/home/dev/ros2_ws/install/turtlebot3_teleop:/home/dev/ros2_ws/install/turtlebot3_example:/home/dev/ros2_ws/install/f7_udp:/opt/ros/humble /usr/bin/cmake /home/dev/ros2_ws/src/wit_node/wit_driver -DCMAKE_INSTALL_PREFIX=/home/dev/ros2_ws/install/wit_driver
[0.022s] -- Found ament_cmake_auto: 1.3.10 (/opt/ros/humble/share/ament_cmake_auto/cmake)
[0.136s] -- Override CMake install command with custom implementation using symlinks instead of copying resources
[0.218s] -- Found ecl_build: 1.0.3 (/opt/ros/humble/share/ecl_build/cmake)
[0.240s] -- Found ament_lint_auto: 0.12.11 (/opt/ros/humble/share/ament_lint_auto/cmake)
[0.246s] -- Added test 'copyright' to check source files copyright and LICENSE
[0.247s] -- Added test 'cppcheck' to perform static code analysis on C / C++ code
[0.247s] -- Configured cppcheck include dirs: /home/dev/ros2_ws/src/wit_node/wit_driver/include;$<BUILD_INTERFACE:/home/dev/ros2_ws/src/wit_node/wit_driver/include>
[0.247s] -- Configured cppcheck exclude dirs and/or files: 
[0.247s] -- Added test 'cpplint' to check C / C++ code against the Google style
[0.248s] -- Configured cpplint exclude dirs and/or files: 
[0.248s] -- Added test 'lint_cmake' to check CMake code style
[0.248s] -- Added test 'uncrustify' to check C / C++ code style
[0.248s] -- Configured uncrustify additional arguments: 
[0.248s] -- Added test 'xmllint' to check XML markup files
[0.250s] -- Configuring done
[0.253s] -- Generating done
[0.254s] -- Build files have been written to: /home/dev/ros2_ws/build/wit_driver
[0.257s] Invoked command in '/home/dev/ros2_ws/build/wit_driver' returned '0': CMAKE_PREFIX_PATH=${CMAKE_PREFIX_PATH}:/home/dev/ros2_ws/install/turtlebot3_teleop:/home/dev/ros2_ws/install/turtlebot3_example:/home/dev/ros2_ws/install/f7_udp:/opt/ros/humble /usr/bin/cmake /home/dev/ros2_ws/src/wit_node/wit_driver -DCMAKE_INSTALL_PREFIX=/home/dev/ros2_ws/install/wit_driver
[0.259s] Invoking command in '/home/dev/ros2_ws/build/wit_driver': CMAKE_PREFIX_PATH=${CMAKE_PREFIX_PATH}:/home/dev/ros2_ws/install/turtlebot3_teleop:/home/dev/ros2_ws/install/turtlebot3_example:/home/dev/ros2_ws/install/f7_udp:/opt/ros/humble /usr/bin/cmake --build /home/dev/ros2_ws/build/wit_driver -- -j12 -l12
[0.293s] [35m[1mConsolidate compiler generated dependencies of target wit_driver[0m
[0.311s] [100%] Built target wit_driver
[0.322s] Invoked command in '/home/dev/ros2_ws/build/wit_driver' returned '0': CMAKE_PREFIX_PATH=${CMAKE_PREFIX_PATH}:/home/dev/ros2_ws/install/turtlebot3_teleop:/home/dev/ros2_ws/install/turtlebot3_example:/home/dev/ros2_ws/install/f7_udp:/opt/ros/humble /usr/bin/cmake --build /home/dev/ros2_ws/build/wit_driver -- -j12 -l12
[0.357s] Invoking command in '/home/dev/ros2_ws/build/wit_driver': CMAKE_PREFIX_PATH=${CMAKE_PREFIX_PATH}:/home/dev/ros2_ws/install/turtlebot3_teleop:/home/dev/ros2_ws/install/turtlebot3_example:/home/dev/ros2_ws/install/f7_udp:/opt/ros/humble /usr/bin/cmake --install /home/dev/ros2_ws/build/wit_driver
[0.364s] -- Install configuration: ""
[0.364s] -- Execute custom install script
[0.364s] -- Up-to-date symlink: /home/dev/ros2_ws/install/wit_driver/include/wit_driver/data.hpp
[0.365s] -- Up-to-date symlink: /home/dev/ros2_ws/install/wit_driver/include/wit_driver/packet_handler/packet_finder.hpp
[0.365s] -- Up-to-date symlink: /home/dev/ros2_ws/install/wit_driver/include/wit_driver/packet_handler/payload_base.hpp
[0.365s] -- Up-to-date symlink: /home/dev/ros2_ws/install/wit_driver/include/wit_driver/packet_handler/payload_headers.hpp
[0.365s] -- Up-to-date symlink: /home/dev/ros2_ws/install/wit_driver/include/wit_driver/parameter.hpp
[0.365s] -- Up-to-date symlink: /home/dev/ros2_ws/install/wit_driver/include/wit_driver/wit_driver.hpp
[0.365s] -- Up-to-date symlink: /home/dev/ros2_ws/install/wit_driver/share/wit_driver/environment/library_path.sh
[0.365s] -- Up-to-date symlink: /home/dev/ros2_ws/install/wit_driver/share/wit_driver/environment/library_path.dsv
[0.365s] -- Up-to-date symlink: /home/dev/ros2_ws/install/wit_driver/lib/libwit_driver.so
[0.365s] -- Up-to-date symlink: /home/dev/ros2_ws/install/wit_driver/share/ament_index/resource_index/package_run_dependencies/wit_driver
[0.366s] -- Up-to-date symlink: /home/dev/ros2_ws/install/wit_driver/share/ament_index/resource_index/parent_prefix_path/wit_driver
[0.366s] -- Up-to-date symlink: /home/dev/ros2_ws/install/wit_driver/share/wit_driver/environment/ament_prefix_path.sh
[0.366s] -- Up-to-date symlink: /home/dev/ros2_ws/install/wit_driver/share/wit_driver/environment/ament_prefix_path.dsv
[0.366s] -- Up-to-date symlink: /home/dev/ros2_ws/install/wit_driver/share/wit_driver/environment/path.sh
[0.366s] -- Up-to-date symlink: /home/dev/ros2_ws/install/wit_driver/share/wit_driver/environment/path.dsv
[0.366s] -- Up-to-date symlink: /home/dev/ros2_ws/install/wit_driver/share/wit_driver/local_setup.bash
[0.366s] -- Up-to-date symlink: /home/dev/ros2_ws/install/wit_driver/share/wit_driver/local_setup.sh
[0.367s] -- Up-to-date symlink: /home/dev/ros2_ws/install/wit_driver/share/wit_driver/local_setup.zsh
[0.367s] -- Up-to-date symlink: /home/dev/ros2_ws/install/wit_driver/share/wit_driver/local_setup.dsv
[0.367s] -- Symlinking: /home/dev/ros2_ws/install/wit_driver/share/wit_driver/package.dsv
[0.376s] -- Up-to-date symlink: /home/dev/ros2_ws/install/wit_driver/share/ament_index/resource_index/packages/wit_driver
[0.376s] -- Up-to-date symlink: /home/dev/ros2_ws/install/wit_driver/share/wit_driver/cmake/ament_cmake_export_dependencies-extras.cmake
[0.376s] -- Up-to-date symlink: /home/dev/ros2_ws/install/wit_driver/share/wit_driver/cmake/ament_cmake_export_include_directories-extras.cmake
[0.376s] -- Up-to-date symlink: /home/dev/ros2_ws/install/wit_driver/share/wit_driver/cmake/ament_cmake_export_libraries-extras.cmake
[0.376s] -- Up-to-date symlink: /home/dev/ros2_ws/install/wit_driver/share/wit_driver/cmake/wit_driverConfig.cmake
[0.376s] -- Up-to-date symlink: /home/dev/ros2_ws/install/wit_driver/share/wit_driver/cmake/wit_driverConfig-version.cmake
[0.376s] -- Up-to-date symlink: /home/dev/ros2_ws/install/wit_driver/share/wit_driver/package.xml
[0.378s] Invoked command in '/home/dev/ros2_ws/build/wit_driver' returned '0': CMAKE_PREFIX_PATH=${CMAKE_PREFIX_PATH}:/home/dev/ros2_ws/install/turtlebot3_teleop:/home/dev/ros2_ws/install/turtlebot3_example:/home/dev/ros2_ws/install/f7_udp:/opt/ros/humble /usr/bin/cmake --install /home/dev/ros2_ws/build/wit_driver
