[1.014s] Invoking command in '/home/dev/ros2_ws/build/f7_udp': PYTHONPATH=/home/dev/ros2_ws/build/f7_udp/prefix_override:/usr/lib/python3/dist-packages/colcon_core/task/python/colcon_distutils_commands:/home/dev/ros2_ws/install/f7_udp/lib/python3.10/site-packages:${PYTHONPATH} /usr/bin/python3 -W ignore:setup.py install is deprecated setup.py develop --editable --build-directory /home/dev/ros2_ws/build/f7_udp/build --no-deps symlink_data
[1.290s] running develop
[1.390s] running egg_info
[1.390s] writing f7_udp.egg-info/PKG-INFO
[1.390s] writing dependency_links to f7_udp.egg-info/dependency_links.txt
[1.390s] writing entry points to f7_udp.egg-info/entry_points.txt
[1.390s] writing requirements to f7_udp.egg-info/requires.txt
[1.390s] writing top-level names to f7_udp.egg-info/top_level.txt
[1.392s] reading manifest file 'f7_udp.egg-info/SOURCES.txt'
[1.392s] writing manifest file 'f7_udp.egg-info/SOURCES.txt'
[1.393s] running build_ext
[1.393s] Creating /home/dev/ros2_ws/install/f7_udp/lib/python3.10/site-packages/f7-udp.egg-link (link to .)
[1.394s] Installing 4_omni script to /home/dev/ros2_ws/install/f7_udp/lib/f7_udp
[1.394s] Installing cr24_gui script to /home/dev/ros2_ws/install/f7_udp/lib/f7_udp
[1.394s] Installing cr24_main script to /home/dev/ros2_ws/install/f7_udp/lib/f7_udp
[1.394s] Installing cr24_main_apk script to /home/dev/ros2_ws/install/f7_udp/lib/f7_udp
[1.394s] Installing cr24_main_manual script to /home/dev/ros2_ws/install/f7_udp/lib/f7_udp
[1.394s] Installing cr24_main_manual2 script to /home/dev/ros2_ws/install/f7_udp/lib/f7_udp
[1.394s] Installing cr24_manual2_apk script to /home/dev/ros2_ws/install/f7_udp/lib/f7_udp
[1.395s] Installing cr24_pos script to /home/dev/ros2_ws/install/f7_udp/lib/f7_udp
[1.395s] Installing cr24_test script to /home/dev/ros2_ws/install/f7_udp/lib/f7_udp
[1.395s] Installing cr24_wlcam script to /home/dev/ros2_ws/install/f7_udp/lib/f7_udp
[1.395s] Installing listener script to /home/dev/ros2_ws/install/f7_udp/lib/f7_udp
[1.395s] Installing nr25_omni script to /home/dev/ros2_ws/install/f7_udp/lib/f7_udp
[1.395s] Installing setoshio script to /home/dev/ros2_ws/install/f7_udp/lib/f7_udp
[1.395s] Installing setoshio_gui script to /home/dev/ros2_ws/install/f7_udp/lib/f7_udp
[1.396s] 
[1.396s] Installed /home/dev/ros2_ws/build/f7_udp
[1.396s] running symlink_data
[1.420s] Invoked command in '/home/dev/ros2_ws/build/f7_udp' returned '0': PYTHONPATH=/home/dev/ros2_ws/build/f7_udp/prefix_override:/usr/lib/python3/dist-packages/colcon_core/task/python/colcon_distutils_commands:/home/dev/ros2_ws/install/f7_udp/lib/python3.10/site-packages:${PYTHONPATH} /usr/bin/python3 -W ignore:setup.py install is deprecated setup.py develop --editable --build-directory /home/dev/ros2_ws/build/f7_udp/build --no-deps symlink_data
