[0.059s] Invoking command in '/home/dev/ros2_ws/build/turtlebot3_node': CMAKE_PREFIX_PATH=${CMAKE_PREFIX_PATH}:/home/dev/ros2_ws/install/turtlebot3_teleop:/home/dev/ros2_ws/install/turtlebot3_example:/home/dev/ros2_ws/install/f7_udp:/opt/ros/humble /usr/bin/cmake /home/dev/ros2_ws/src/turtlebot3/turtlebot3_node -DCMAKE_INSTALL_PREFIX=/home/dev/ros2_ws/install/turtlebot3_node
[0.924s] -- Found ament_cmake: 1.3.10 (/opt/ros/humble/share/ament_cmake/cmake)
[0.924s] -- Override CMake install command with custom implementation using symlinks instead of copying resources
[0.925s] -- Found dynamixel_sdk: 3.7.60 (/opt/ros/humble/share/dynamixel_sdk/cmake)
[0.926s] -- Found geometry_msgs: 4.2.4 (/opt/ros/humble/share/geometry_msgs/cmake)
[0.927s] -- Found rosidl_generator_c: 3.1.5 (/opt/ros/humble/share/rosidl_generator_c/cmake)
[0.929s] -- Found rosidl_adapter: 3.1.5 (/opt/ros/humble/share/rosidl_adapter/cmake)
[0.929s] -- Found rosidl_generator_cpp: 3.1.5 (/opt/ros/humble/share/rosidl_generator_cpp/cmake)
[0.930s] -- Using all available rosidl_typesupport_c: rosidl_typesupport_fastrtps_c;rosidl_typesupport_introspection_c
[0.931s] -- Using all available rosidl_typesupport_cpp: rosidl_typesupport_fastrtps_cpp;rosidl_typesupport_introspection_cpp
[0.931s] -- Found message_filters: 4.3.5 (/opt/ros/humble/share/message_filters/cmake)
[0.931s] -- Found rmw_implementation_cmake: 6.1.2 (/opt/ros/humble/share/rmw_implementation_cmake/cmake)
[0.931s] -- Found rmw_fastrtps_cpp: 6.2.7 (/opt/ros/humble/share/rmw_fastrtps_cpp/cmake)
[0.931s] -- Using RMW implementation 'rmw_fastrtps_cpp' as default
[0.932s] -- Found nav_msgs: 4.2.4 (/opt/ros/humble/share/nav_msgs/cmake)
[0.932s] -- Found sensor_msgs: 4.2.4 (/opt/ros/humble/share/sensor_msgs/cmake)
[0.932s] -- Found std_srvs: 4.2.4 (/opt/ros/humble/share/std_srvs/cmake)
[0.932s] -- Found tf2: 0.25.8 (/opt/ros/humble/share/tf2/cmake)
[0.932s] -- Found tf2_ros: 0.25.8 (/opt/ros/humble/share/tf2_ros/cmake)
[0.932s] -- Found turtlebot3_msgs: 2.2.3 (/opt/ros/humble/share/turtlebot3_msgs/cmake)
[0.932s] -- Configuring done
[0.932s] -- Generating done
[0.932s] -- Build files have been written to: /home/dev/ros2_ws/build/turtlebot3_node
[0.962s] Invoked command in '/home/dev/ros2_ws/build/turtlebot3_node' returned '0': CMAKE_PREFIX_PATH=${CMAKE_PREFIX_PATH}:/home/dev/ros2_ws/install/turtlebot3_teleop:/home/dev/ros2_ws/install/turtlebot3_example:/home/dev/ros2_ws/install/f7_udp:/opt/ros/humble /usr/bin/cmake /home/dev/ros2_ws/src/turtlebot3/turtlebot3_node -DCMAKE_INSTALL_PREFIX=/home/dev/ros2_ws/install/turtlebot3_node
[0.963s] Invoking command in '/home/dev/ros2_ws/build/turtlebot3_node': CMAKE_PREFIX_PATH=${CMAKE_PREFIX_PATH}:/home/dev/ros2_ws/install/turtlebot3_teleop:/home/dev/ros2_ws/install/turtlebot3_example:/home/dev/ros2_ws/install/f7_udp:/opt/ros/humble /usr/bin/cmake --build /home/dev/ros2_ws/build/turtlebot3_node -- -j12 -l12
[0.993s] [35m[1mConsolidate compiler generated dependencies of target turtlebot3_node_lib[0m
[1.037s] [ 85%] Built target turtlebot3_node_lib
[1.053s] [35m[1mConsolidate compiler generated dependencies of target turtlebot3_ros[0m
[1.083s] [100%] Built target turtlebot3_ros
[1.129s] Invoked command in '/home/dev/ros2_ws/build/turtlebot3_node' returned '0': CMAKE_PREFIX_PATH=${CMAKE_PREFIX_PATH}:/home/dev/ros2_ws/install/turtlebot3_teleop:/home/dev/ros2_ws/install/turtlebot3_example:/home/dev/ros2_ws/install/f7_udp:/opt/ros/humble /usr/bin/cmake --build /home/dev/ros2_ws/build/turtlebot3_node -- -j12 -l12
[1.206s] Invoking command in '/home/dev/ros2_ws/build/turtlebot3_node': CMAKE_PREFIX_PATH=${CMAKE_PREFIX_PATH}:/home/dev/ros2_ws/install/turtlebot3_teleop:/home/dev/ros2_ws/install/turtlebot3_example:/home/dev/ros2_ws/install/f7_udp:/opt/ros/humble /usr/bin/cmake --install /home/dev/ros2_ws/build/turtlebot3_node
[1.211s] -- Install configuration: "Release"
[1.212s] -- Execute custom install script
[1.214s] -- Up-to-date symlink: /home/dev/ros2_ws/install/turtlebot3_node/share/turtlebot3_node/param/burger.yaml
[1.214s] -- Up-to-date symlink: /home/dev/ros2_ws/install/turtlebot3_node/share/turtlebot3_node/param/waffle.yaml
[1.214s] -- Up-to-date symlink: /home/dev/ros2_ws/install/turtlebot3_node/share/turtlebot3_node/param/waffle_pi.yaml
[1.214s] -- Up-to-date symlink: /home/dev/ros2_ws/install/turtlebot3_node/lib/turtlebot3_node/turtlebot3_ros
[1.215s] -- Up-to-date symlink: /home/dev/ros2_ws/install/turtlebot3_node/share/ament_index/resource_index/package_run_dependencies/turtlebot3_node
[1.215s] -- Up-to-date symlink: /home/dev/ros2_ws/install/turtlebot3_node/share/ament_index/resource_index/parent_prefix_path/turtlebot3_node
[1.215s] -- Up-to-date symlink: /home/dev/ros2_ws/install/turtlebot3_node/share/turtlebot3_node/environment/ament_prefix_path.sh
[1.215s] -- Up-to-date symlink: /home/dev/ros2_ws/install/turtlebot3_node/share/turtlebot3_node/environment/ament_prefix_path.dsv
[1.215s] -- Up-to-date symlink: /home/dev/ros2_ws/install/turtlebot3_node/share/turtlebot3_node/environment/path.sh
[1.215s] -- Up-to-date symlink: /home/dev/ros2_ws/install/turtlebot3_node/share/turtlebot3_node/environment/path.dsv
[1.215s] -- Up-to-date symlink: /home/dev/ros2_ws/install/turtlebot3_node/share/turtlebot3_node/local_setup.bash
[1.215s] -- Up-to-date symlink: /home/dev/ros2_ws/install/turtlebot3_node/share/turtlebot3_node/local_setup.sh
[1.216s] -- Up-to-date symlink: /home/dev/ros2_ws/install/turtlebot3_node/share/turtlebot3_node/local_setup.zsh
[1.216s] -- Up-to-date symlink: /home/dev/ros2_ws/install/turtlebot3_node/share/turtlebot3_node/local_setup.dsv
[1.216s] -- Symlinking: /home/dev/ros2_ws/install/turtlebot3_node/share/turtlebot3_node/package.dsv
[1.226s] -- Up-to-date symlink: /home/dev/ros2_ws/install/turtlebot3_node/share/ament_index/resource_index/packages/turtlebot3_node
[1.227s] -- Up-to-date symlink: /home/dev/ros2_ws/install/turtlebot3_node/share/turtlebot3_node/cmake/ament_cmake_export_include_directories-extras.cmake
[1.227s] -- Up-to-date symlink: /home/dev/ros2_ws/install/turtlebot3_node/share/turtlebot3_node/cmake/turtlebot3_nodeConfig.cmake
[1.227s] -- Up-to-date symlink: /home/dev/ros2_ws/install/turtlebot3_node/share/turtlebot3_node/cmake/turtlebot3_nodeConfig-version.cmake
[1.227s] -- Up-to-date symlink: /home/dev/ros2_ws/install/turtlebot3_node/share/turtlebot3_node/package.xml
[1.231s] Invoked command in '/home/dev/ros2_ws/build/turtlebot3_node' returned '0': CMAKE_PREFIX_PATH=${CMAKE_PREFIX_PATH}:/home/dev/ros2_ws/install/turtlebot3_teleop:/home/dev/ros2_ws/install/turtlebot3_example:/home/dev/ros2_ws/install/f7_udp:/opt/ros/humble /usr/bin/cmake --install /home/dev/ros2_ws/build/turtlebot3_node
