[0.459s] Invoking command in '/home/dev/ros2_ws/build/f7_udp': PYTHONPATH=/home/dev/ros2_ws/build/f7_udp/prefix_override:/usr/lib/python3/dist-packages/colcon_core/task/python/colcon_distutils_commands:/home/dev/ros2_ws/install/f7_udp/lib/python3.10/site-packages:${PYTHONPATH} /usr/bin/python3 -W ignore:setup.py install is deprecated setup.py develop --editable --build-directory /home/dev/ros2_ws/build/f7_udp/build --no-deps symlink_data --force
[0.618s] running develop
[0.699s] running egg_info
[0.699s] writing f7_udp.egg-info/PKG-INFO
[0.699s] writing dependency_links to f7_udp.egg-info/dependency_links.txt
[0.699s] writing entry points to f7_udp.egg-info/entry_points.txt
[0.699s] writing requirements to f7_udp.egg-info/requires.txt
[0.699s] writing top-level names to f7_udp.egg-info/top_level.txt
[0.701s] reading manifest file 'f7_udp.egg-info/SOURCES.txt'
[0.701s] writing manifest file 'f7_udp.egg-info/SOURCES.txt'
[0.702s] running build_ext
[0.702s] Creating /home/dev/ros2_ws/install/f7_udp/lib/python3.10/site-packages/f7-udp.egg-link (link to .)
[0.703s] Installing 4_omni script to /home/dev/ros2_ws/install/f7_udp/lib/f7_udp
[0.703s] Installing cr24_gui script to /home/dev/ros2_ws/install/f7_udp/lib/f7_udp
[0.703s] Installing cr24_main script to /home/dev/ros2_ws/install/f7_udp/lib/f7_udp
[0.703s] Installing cr24_main_apk script to /home/dev/ros2_ws/install/f7_udp/lib/f7_udp
[0.704s] Installing cr24_main_manual script to /home/dev/ros2_ws/install/f7_udp/lib/f7_udp
[0.704s] Installing cr24_main_manual2 script to /home/dev/ros2_ws/install/f7_udp/lib/f7_udp
[0.704s] Installing cr24_manual2_apk script to /home/dev/ros2_ws/install/f7_udp/lib/f7_udp
[0.704s] Installing cr24_pos script to /home/dev/ros2_ws/install/f7_udp/lib/f7_udp
[0.704s] Installing cr24_test script to /home/dev/ros2_ws/install/f7_udp/lib/f7_udp
[0.704s] Installing cr24_wlcam script to /home/dev/ros2_ws/install/f7_udp/lib/f7_udp
[0.704s] Installing listener script to /home/dev/ros2_ws/install/f7_udp/lib/f7_udp
[0.704s] Installing setoshio script to /home/dev/ros2_ws/install/f7_udp/lib/f7_udp
[0.704s] Installing setoshio_gui script to /home/dev/ros2_ws/install/f7_udp/lib/f7_udp
[0.704s] 
[0.704s] Installed /home/dev/ros2_ws/build/f7_udp
[0.704s] running symlink_data
[0.705s] symbolically linking /home/dev/ros2_ws/build/f7_udp/resource/f7_udp -> /home/dev/ros2_ws/install/f7_udp/share/ament_index/resource_index/packages
[0.705s] symbolically linking /home/dev/ros2_ws/build/f7_udp/package.xml -> /home/dev/ros2_ws/install/f7_udp/share/f7_udp
[0.731s] Invoked command in '/home/dev/ros2_ws/build/f7_udp' returned '0': PYTHONPATH=/home/dev/ros2_ws/build/f7_udp/prefix_override:/usr/lib/python3/dist-packages/colcon_core/task/python/colcon_distutils_commands:/home/dev/ros2_ws/install/f7_udp/lib/python3.10/site-packages:${PYTHONPATH} /usr/bin/python3 -W ignore:setup.py install is deprecated setup.py develop --editable --build-directory /home/dev/ros2_ws/build/f7_udp/build --no-deps symlink_data --force
