[0.056s] Invoking command in '/home/dev/ros2_ws/build/turtlebot3_description': CMAKE_PREFIX_PATH=${CMAKE_PREFIX_PATH}:/home/dev/ros2_ws/install/turtlebot3_teleop:/home/dev/ros2_ws/install/turtlebot3_example:/home/dev/ros2_ws/install/f7_udp:/opt/ros/humble /usr/bin/cmake --build /home/dev/ros2_ws/build/turtlebot3_description -- -j12 -l12
[0.766s] Invoked command in '/home/dev/ros2_ws/build/turtlebot3_description' returned '0': CMAKE_PREFIX_PATH=${CMAKE_PREFIX_PATH}:/home/dev/ros2_ws/install/turtlebot3_teleop:/home/dev/ros2_ws/install/turtlebot3_example:/home/dev/ros2_ws/install/f7_udp:/opt/ros/humble /usr/bin/cmake --build /home/dev/ros2_ws/build/turtlebot3_description -- -j12 -l12
[0.803s] Invoking command in '/home/dev/ros2_ws/build/turtlebot3_description': CMAKE_PREFIX_PATH=${CMAKE_PREFIX_PATH}:/home/dev/ros2_ws/install/turtlebot3_teleop:/home/dev/ros2_ws/install/turtlebot3_example:/home/dev/ros2_ws/install/f7_udp:/opt/ros/humble /usr/bin/cmake --install /home/dev/ros2_ws/build/turtlebot3_description
[0.821s] -- Install configuration: "Release"
[0.821s] -- Execute custom install script
[0.831s] -- Up-to-date symlink: /home/dev/ros2_ws/install/turtlebot3_description/share/turtlebot3_description/meshes/bases/burger_base.stl
[0.832s] -- Up-to-date symlink: /home/dev/ros2_ws/install/turtlebot3_description/share/turtlebot3_description/meshes/bases/waffle_base.stl
[0.832s] -- Up-to-date symlink: /home/dev/ros2_ws/install/turtlebot3_description/share/turtlebot3_description/meshes/bases/waffle_pi_base.stl
[0.832s] -- Up-to-date symlink: /home/dev/ros2_ws/install/turtlebot3_description/share/turtlebot3_description/meshes/sensors/astra.dae
[0.833s] -- Up-to-date symlink: /home/dev/ros2_ws/install/turtlebot3_description/share/turtlebot3_description/meshes/sensors/astra.jpg
[0.833s] -- Up-to-date symlink: /home/dev/ros2_ws/install/turtlebot3_description/share/turtlebot3_description/meshes/sensors/lds.stl
[0.833s] -- Up-to-date symlink: /home/dev/ros2_ws/install/turtlebot3_description/share/turtlebot3_description/meshes/sensors/r200.dae
[0.833s] -- Up-to-date symlink: /home/dev/ros2_ws/install/turtlebot3_description/share/turtlebot3_description/meshes/sensors/r200.jpg
[0.833s] -- Up-to-date symlink: /home/dev/ros2_ws/install/turtlebot3_description/share/turtlebot3_description/meshes/wheels/left_tire.stl
[0.833s] -- Up-to-date symlink: /home/dev/ros2_ws/install/turtlebot3_description/share/turtlebot3_description/meshes/wheels/right_tire.stl
[0.834s] -- Up-to-date symlink: /home/dev/ros2_ws/install/turtlebot3_description/share/turtlebot3_description/rviz/model.rviz
[0.835s] -- Up-to-date symlink: /home/dev/ros2_ws/install/turtlebot3_description/share/turtlebot3_description/urdf/common_properties.urdf
[0.835s] -- Up-to-date symlink: /home/dev/ros2_ws/install/turtlebot3_description/share/turtlebot3_description/urdf/turtlebot3_burger.urdf
[0.837s] -- Up-to-date symlink: /home/dev/ros2_ws/install/turtlebot3_description/share/turtlebot3_description/urdf/turtlebot3_waffle.urdf
[0.839s] -- Up-to-date symlink: /home/dev/ros2_ws/install/turtlebot3_description/share/turtlebot3_description/urdf/turtlebot3_waffle_pi.urdf
[0.839s] -- Up-to-date symlink: /home/dev/ros2_ws/install/turtlebot3_description/share/ament_index/resource_index/package_run_dependencies/turtlebot3_description
[0.839s] -- Up-to-date symlink: /home/dev/ros2_ws/install/turtlebot3_description/share/ament_index/resource_index/parent_prefix_path/turtlebot3_description
[0.841s] -- Up-to-date symlink: /home/dev/ros2_ws/install/turtlebot3_description/share/turtlebot3_description/environment/ament_prefix_path.sh
[0.842s] -- Up-to-date symlink: /home/dev/ros2_ws/install/turtlebot3_description/share/turtlebot3_description/environment/ament_prefix_path.dsv
[0.842s] -- Up-to-date symlink: /home/dev/ros2_ws/install/turtlebot3_description/share/turtlebot3_description/environment/path.sh
[0.842s] -- Up-to-date symlink: /home/dev/ros2_ws/install/turtlebot3_description/share/turtlebot3_description/environment/path.dsv
[0.842s] -- Up-to-date symlink: /home/dev/ros2_ws/install/turtlebot3_description/share/turtlebot3_description/local_setup.bash
[0.843s] -- Up-to-date symlink: /home/dev/ros2_ws/install/turtlebot3_description/share/turtlebot3_description/local_setup.sh
[0.843s] -- Up-to-date symlink: /home/dev/ros2_ws/install/turtlebot3_description/share/turtlebot3_description/local_setup.zsh
[0.844s] -- Up-to-date symlink: /home/dev/ros2_ws/install/turtlebot3_description/share/turtlebot3_description/local_setup.dsv
[0.844s] -- Symlinking: /home/dev/ros2_ws/install/turtlebot3_description/share/turtlebot3_description/package.dsv
[0.850s] -- Up-to-date symlink: /home/dev/ros2_ws/install/turtlebot3_description/share/ament_index/resource_index/packages/turtlebot3_description
[0.850s] -- Up-to-date symlink: /home/dev/ros2_ws/install/turtlebot3_description/share/turtlebot3_description/cmake/turtlebot3_descriptionConfig.cmake
[0.850s] -- Up-to-date symlink: /home/dev/ros2_ws/install/turtlebot3_description/share/turtlebot3_description/cmake/turtlebot3_descriptionConfig-version.cmake
[0.850s] -- Up-to-date symlink: /home/dev/ros2_ws/install/turtlebot3_description/share/turtlebot3_description/package.xml
[0.867s] Invoked command in '/home/dev/ros2_ws/build/turtlebot3_description' returned '0': CMAKE_PREFIX_PATH=${CMAKE_PREFIX_PATH}:/home/dev/ros2_ws/install/turtlebot3_teleop:/home/dev/ros2_ws/install/turtlebot3_example:/home/dev/ros2_ws/install/f7_udp:/opt/ros/humble /usr/bin/cmake --install /home/dev/ros2_ws/build/turtlebot3_description
