[0.008s] Invoking command in '/home/dev/ros2_ws/build/turtlebot3_simulations': AMENT_PREFIX_PATH=/home/dev/ros2_ws/install/turtlebot3_gazebo:/home/dev/ros2_ws/install/turtlebot3_fake_node:${AMENT_PREFIX_PATH} CMAKE_PREFIX_PATH=/home/dev/ros2_ws/install/turtlebot3_gazebo:/home/dev/ros2_ws/install/turtlebot3_fake_node:/home/dev/ros2_ws/install/wit_node:/home/dev/ros2_ws/install/wit_msgs:/home/dev/ros2_ws/install/wit_imu_driver:/home/dev/ros2_ws/install/wit_driver:/home/dev/ros2_ws/install/turtlebot3:/home/dev/ros2_ws/install/turtlebot3_bringup:/home/dev/ros2_ws/install/turtlebot3_node:/home/dev/ros2_ws/install/turtlebot3_navigation2:/home/dev/ros2_ws/install/turtlebot3_description:/home/dev/ros2_ws/install/turtlebot3_cartographer:/home/dev/ros2_ws/install/ldlidar:/home/dev/ros2_ws/install/ldlidar_node:/home/dev/ros2_ws/install/ldlidar_component:/home/dev/ros2_ws/install/turtlebot3_teleop:/home/dev/ros2_ws/install/turtlebot3_example:/home/dev/ros2_ws/install/f7_udp:/opt/ros/humble /usr/bin/cmake /home/dev/ros2_ws/src/turtlebot3_simulations/turtlebot3_simulations -DAMENT_CMAKE_SYMLINK_INSTALL=1 -DCMAKE_INSTALL_PREFIX=/home/dev/ros2_ws/install/turtlebot3_simulations
[0.050s] -- The C compiler identification is GNU 11.4.0
[0.091s] -- The CXX compiler identification is GNU 11.4.0
[0.096s] -- Detecting C compiler ABI info
[0.149s] -- Detecting C compiler ABI info - done
[0.153s] -- Check for working C compiler: /usr/bin/cc - skipped
[0.154s] -- Detecting C compile features
[0.154s] -- Detecting C compile features - done
[0.156s] -- Detecting CXX compiler ABI info
[0.217s] -- Detecting CXX compiler ABI info - done
[0.223s] -- Check for working CXX compiler: /usr/bin/c++ - skipped
[0.223s] -- Detecting CXX compile features
[0.223s] -- Detecting CXX compile features - done
[0.225s] -- Found ament_cmake: 1.3.10 (/opt/ros/humble/share/ament_cmake/cmake)
[0.343s] -- Found Python3: /usr/bin/python3 (found version "3.10.12") found components: Interpreter 
[0.389s] -- Override CMake install command with custom implementation using symlinks instead of copying resources
[0.459s] -- Configuring done
[0.460s] -- Generating done
[0.461s] -- Build files have been written to: /home/dev/ros2_ws/build/turtlebot3_simulations
[0.465s] Invoked command in '/home/dev/ros2_ws/build/turtlebot3_simulations' returned '0': AMENT_PREFIX_PATH=/home/dev/ros2_ws/install/turtlebot3_gazebo:/home/dev/ros2_ws/install/turtlebot3_fake_node:${AMENT_PREFIX_PATH} CMAKE_PREFIX_PATH=/home/dev/ros2_ws/install/turtlebot3_gazebo:/home/dev/ros2_ws/install/turtlebot3_fake_node:/home/dev/ros2_ws/install/wit_node:/home/dev/ros2_ws/install/wit_msgs:/home/dev/ros2_ws/install/wit_imu_driver:/home/dev/ros2_ws/install/wit_driver:/home/dev/ros2_ws/install/turtlebot3:/home/dev/ros2_ws/install/turtlebot3_bringup:/home/dev/ros2_ws/install/turtlebot3_node:/home/dev/ros2_ws/install/turtlebot3_navigation2:/home/dev/ros2_ws/install/turtlebot3_description:/home/dev/ros2_ws/install/turtlebot3_cartographer:/home/dev/ros2_ws/install/ldlidar:/home/dev/ros2_ws/install/ldlidar_node:/home/dev/ros2_ws/install/ldlidar_component:/home/dev/ros2_ws/install/turtlebot3_teleop:/home/dev/ros2_ws/install/turtlebot3_example:/home/dev/ros2_ws/install/f7_udp:/opt/ros/humble /usr/bin/cmake /home/dev/ros2_ws/src/turtlebot3_simulations/turtlebot3_simulations -DAMENT_CMAKE_SYMLINK_INSTALL=1 -DCMAKE_INSTALL_PREFIX=/home/dev/ros2_ws/install/turtlebot3_simulations
[0.466s] Invoking command in '/home/dev/ros2_ws/build/turtlebot3_simulations': AMENT_PREFIX_PATH=/home/dev/ros2_ws/install/turtlebot3_gazebo:/home/dev/ros2_ws/install/turtlebot3_fake_node:${AMENT_PREFIX_PATH} CMAKE_PREFIX_PATH=/home/dev/ros2_ws/install/turtlebot3_gazebo:/home/dev/ros2_ws/install/turtlebot3_fake_node:/home/dev/ros2_ws/install/wit_node:/home/dev/ros2_ws/install/wit_msgs:/home/dev/ros2_ws/install/wit_imu_driver:/home/dev/ros2_ws/install/wit_driver:/home/dev/ros2_ws/install/turtlebot3:/home/dev/ros2_ws/install/turtlebot3_bringup:/home/dev/ros2_ws/install/turtlebot3_node:/home/dev/ros2_ws/install/turtlebot3_navigation2:/home/dev/ros2_ws/install/turtlebot3_description:/home/dev/ros2_ws/install/turtlebot3_cartographer:/home/dev/ros2_ws/install/ldlidar:/home/dev/ros2_ws/install/ldlidar_node:/home/dev/ros2_ws/install/ldlidar_component:/home/dev/ros2_ws/install/turtlebot3_teleop:/home/dev/ros2_ws/install/turtlebot3_example:/home/dev/ros2_ws/install/f7_udp:/opt/ros/humble /usr/bin/cmake --build /home/dev/ros2_ws/build/turtlebot3_simulations -- -j12 -l12
[0.502s] Invoked command in '/home/dev/ros2_ws/build/turtlebot3_simulations' returned '0': AMENT_PREFIX_PATH=/home/dev/ros2_ws/install/turtlebot3_gazebo:/home/dev/ros2_ws/install/turtlebot3_fake_node:${AMENT_PREFIX_PATH} CMAKE_PREFIX_PATH=/home/dev/ros2_ws/install/turtlebot3_gazebo:/home/dev/ros2_ws/install/turtlebot3_fake_node:/home/dev/ros2_ws/install/wit_node:/home/dev/ros2_ws/install/wit_msgs:/home/dev/ros2_ws/install/wit_imu_driver:/home/dev/ros2_ws/install/wit_driver:/home/dev/ros2_ws/install/turtlebot3:/home/dev/ros2_ws/install/turtlebot3_bringup:/home/dev/ros2_ws/install/turtlebot3_node:/home/dev/ros2_ws/install/turtlebot3_navigation2:/home/dev/ros2_ws/install/turtlebot3_description:/home/dev/ros2_ws/install/turtlebot3_cartographer:/home/dev/ros2_ws/install/ldlidar:/home/dev/ros2_ws/install/ldlidar_node:/home/dev/ros2_ws/install/ldlidar_component:/home/dev/ros2_ws/install/turtlebot3_teleop:/home/dev/ros2_ws/install/turtlebot3_example:/home/dev/ros2_ws/install/f7_udp:/opt/ros/humble /usr/bin/cmake --build /home/dev/ros2_ws/build/turtlebot3_simulations -- -j12 -l12
[0.520s] Invoking command in '/home/dev/ros2_ws/build/turtlebot3_simulations': AMENT_PREFIX_PATH=/home/dev/ros2_ws/install/turtlebot3_gazebo:/home/dev/ros2_ws/install/turtlebot3_fake_node:${AMENT_PREFIX_PATH} CMAKE_PREFIX_PATH=/home/dev/ros2_ws/install/turtlebot3_gazebo:/home/dev/ros2_ws/install/turtlebot3_fake_node:/home/dev/ros2_ws/install/wit_node:/home/dev/ros2_ws/install/wit_msgs:/home/dev/ros2_ws/install/wit_imu_driver:/home/dev/ros2_ws/install/wit_driver:/home/dev/ros2_ws/install/turtlebot3:/home/dev/ros2_ws/install/turtlebot3_bringup:/home/dev/ros2_ws/install/turtlebot3_node:/home/dev/ros2_ws/install/turtlebot3_navigation2:/home/dev/ros2_ws/install/turtlebot3_description:/home/dev/ros2_ws/install/turtlebot3_cartographer:/home/dev/ros2_ws/install/ldlidar:/home/dev/ros2_ws/install/ldlidar_node:/home/dev/ros2_ws/install/ldlidar_component:/home/dev/ros2_ws/install/turtlebot3_teleop:/home/dev/ros2_ws/install/turtlebot3_example:/home/dev/ros2_ws/install/f7_udp:/opt/ros/humble /usr/bin/cmake --install /home/dev/ros2_ws/build/turtlebot3_simulations
[0.525s] -- Install configuration: ""
[0.526s] -- Execute custom install script
[0.526s] -- Symlinking: /home/dev/ros2_ws/install/turtlebot3_simulations/share/ament_index/resource_index/package_run_dependencies/turtlebot3_simulations
[0.534s] -- Symlinking: /home/dev/ros2_ws/install/turtlebot3_simulations/share/ament_index/resource_index/parent_prefix_path/turtlebot3_simulations
[0.540s] -- Symlinking: /home/dev/ros2_ws/install/turtlebot3_simulations/share/turtlebot3_simulations/environment/ament_prefix_path.sh
[0.548s] -- Symlinking: /home/dev/ros2_ws/install/turtlebot3_simulations/share/turtlebot3_simulations/environment/ament_prefix_path.dsv
[0.553s] -- Symlinking: /home/dev/ros2_ws/install/turtlebot3_simulations/share/turtlebot3_simulations/environment/path.sh
[0.561s] -- Symlinking: /home/dev/ros2_ws/install/turtlebot3_simulations/share/turtlebot3_simulations/environment/path.dsv
[0.567s] -- Symlinking: /home/dev/ros2_ws/install/turtlebot3_simulations/share/turtlebot3_simulations/local_setup.bash
[0.574s] -- Symlinking: /home/dev/ros2_ws/install/turtlebot3_simulations/share/turtlebot3_simulations/local_setup.sh
[0.580s] -- Symlinking: /home/dev/ros2_ws/install/turtlebot3_simulations/share/turtlebot3_simulations/local_setup.zsh
[0.586s] -- Symlinking: /home/dev/ros2_ws/install/turtlebot3_simulations/share/turtlebot3_simulations/local_setup.dsv
[0.594s] -- Symlinking: /home/dev/ros2_ws/install/turtlebot3_simulations/share/turtlebot3_simulations/package.dsv
[0.600s] -- Symlinking: /home/dev/ros2_ws/install/turtlebot3_simulations/share/ament_index/resource_index/packages/turtlebot3_simulations
[0.605s] -- Symlinking: /home/dev/ros2_ws/install/turtlebot3_simulations/share/turtlebot3_simulations/cmake/turtlebot3_simulationsConfig.cmake
[0.612s] -- Symlinking: /home/dev/ros2_ws/install/turtlebot3_simulations/share/turtlebot3_simulations/cmake/turtlebot3_simulationsConfig-version.cmake
[0.621s] -- Symlinking: /home/dev/ros2_ws/install/turtlebot3_simulations/share/turtlebot3_simulations/package.xml
[0.630s] Invoked command in '/home/dev/ros2_ws/build/turtlebot3_simulations' returned '0': AMENT_PREFIX_PATH=/home/dev/ros2_ws/install/turtlebot3_gazebo:/home/dev/ros2_ws/install/turtlebot3_fake_node:${AMENT_PREFIX_PATH} CMAKE_PREFIX_PATH=/home/dev/ros2_ws/install/turtlebot3_gazebo:/home/dev/ros2_ws/install/turtlebot3_fake_node:/home/dev/ros2_ws/install/wit_node:/home/dev/ros2_ws/install/wit_msgs:/home/dev/ros2_ws/install/wit_imu_driver:/home/dev/ros2_ws/install/wit_driver:/home/dev/ros2_ws/install/turtlebot3:/home/dev/ros2_ws/install/turtlebot3_bringup:/home/dev/ros2_ws/install/turtlebot3_node:/home/dev/ros2_ws/install/turtlebot3_navigation2:/home/dev/ros2_ws/install/turtlebot3_description:/home/dev/ros2_ws/install/turtlebot3_cartographer:/home/dev/ros2_ws/install/ldlidar:/home/dev/ros2_ws/install/ldlidar_node:/home/dev/ros2_ws/install/ldlidar_component:/home/dev/ros2_ws/install/turtlebot3_teleop:/home/dev/ros2_ws/install/turtlebot3_example:/home/dev/ros2_ws/install/f7_udp:/opt/ros/humble /usr/bin/cmake --install /home/dev/ros2_ws/build/turtlebot3_simulations
