[0.469s] Invoking command in '/home/dev/ros2_ws/build/wit_driver': CMAKE_PREFIX_PATH=${CMAKE_PREFIX_PATH}:/home/dev/ros2_ws/install/turtlebot3_teleop:/home/dev/ros2_ws/install/turtlebot3_example:/home/dev/ros2_ws/install/f7_udp:/opt/ros/humble /usr/bin/cmake --build /home/dev/ros2_ws/build/wit_driver -- -j12 -l12
[0.766s] [100%] Built target wit_driver
[0.784s] Invoked command in '/home/dev/ros2_ws/build/wit_driver' returned '0': CMAKE_PREFIX_PATH=${CMAKE_PREFIX_PATH}:/home/dev/ros2_ws/install/turtlebot3_teleop:/home/dev/ros2_ws/install/turtlebot3_example:/home/dev/ros2_ws/install/f7_udp:/opt/ros/humble /usr/bin/cmake --build /home/dev/ros2_ws/build/wit_driver -- -j12 -l12
[0.842s] Invoking command in '/home/dev/ros2_ws/build/wit_driver': CMAKE_PREFIX_PATH=${CMAKE_PREFIX_PATH}:/home/dev/ros2_ws/install/turtlebot3_teleop:/home/dev/ros2_ws/install/turtlebot3_example:/home/dev/ros2_ws/install/f7_udp:/opt/ros/humble /usr/bin/cmake --install /home/dev/ros2_ws/build/wit_driver
[0.867s] -- Install configuration: ""
[0.867s] -- Execute custom install script
[0.867s] -- Up-to-date symlink: /home/dev/ros2_ws/install/wit_driver/include/wit_driver/data.hpp
[0.867s] -- Up-to-date symlink: /home/dev/ros2_ws/install/wit_driver/include/wit_driver/packet_handler/packet_finder.hpp
[0.868s] -- Up-to-date symlink: /home/dev/ros2_ws/install/wit_driver/include/wit_driver/packet_handler/payload_base.hpp
[0.868s] -- Up-to-date symlink: /home/dev/ros2_ws/install/wit_driver/include/wit_driver/packet_handler/payload_headers.hpp
[0.868s] -- Up-to-date symlink: /home/dev/ros2_ws/install/wit_driver/include/wit_driver/parameter.hpp
[0.868s] -- Up-to-date symlink: /home/dev/ros2_ws/install/wit_driver/include/wit_driver/wit_driver.hpp
[0.868s] -- Up-to-date symlink: /home/dev/ros2_ws/install/wit_driver/share/wit_driver/environment/library_path.sh
[0.868s] -- Up-to-date symlink: /home/dev/ros2_ws/install/wit_driver/share/wit_driver/environment/library_path.dsv
[0.868s] -- Up-to-date symlink: /home/dev/ros2_ws/install/wit_driver/lib/libwit_driver.so
[0.868s] -- Up-to-date symlink: /home/dev/ros2_ws/install/wit_driver/share/ament_index/resource_index/package_run_dependencies/wit_driver
[0.868s] -- Up-to-date symlink: /home/dev/ros2_ws/install/wit_driver/share/ament_index/resource_index/parent_prefix_path/wit_driver
[0.868s] -- Up-to-date symlink: /home/dev/ros2_ws/install/wit_driver/share/wit_driver/environment/ament_prefix_path.sh
[0.868s] -- Up-to-date symlink: /home/dev/ros2_ws/install/wit_driver/share/wit_driver/environment/ament_prefix_path.dsv
[0.868s] -- Up-to-date symlink: /home/dev/ros2_ws/install/wit_driver/share/wit_driver/environment/path.sh
[0.868s] -- Up-to-date symlink: /home/dev/ros2_ws/install/wit_driver/share/wit_driver/environment/path.dsv
[0.868s] -- Up-to-date symlink: /home/dev/ros2_ws/install/wit_driver/share/wit_driver/local_setup.bash
[0.868s] -- Up-to-date symlink: /home/dev/ros2_ws/install/wit_driver/share/wit_driver/local_setup.sh
[0.868s] -- Up-to-date symlink: /home/dev/ros2_ws/install/wit_driver/share/wit_driver/local_setup.zsh
[0.868s] -- Up-to-date symlink: /home/dev/ros2_ws/install/wit_driver/share/wit_driver/local_setup.dsv
[0.869s] -- Symlinking: /home/dev/ros2_ws/install/wit_driver/share/wit_driver/package.dsv
[0.878s] -- Up-to-date symlink: /home/dev/ros2_ws/install/wit_driver/share/ament_index/resource_index/packages/wit_driver
[0.878s] -- Up-to-date symlink: /home/dev/ros2_ws/install/wit_driver/share/wit_driver/cmake/ament_cmake_export_dependencies-extras.cmake
[0.878s] -- Up-to-date symlink: /home/dev/ros2_ws/install/wit_driver/share/wit_driver/cmake/ament_cmake_export_include_directories-extras.cmake
[0.878s] -- Up-to-date symlink: /home/dev/ros2_ws/install/wit_driver/share/wit_driver/cmake/ament_cmake_export_libraries-extras.cmake
[0.878s] -- Up-to-date symlink: /home/dev/ros2_ws/install/wit_driver/share/wit_driver/cmake/wit_driverConfig.cmake
[0.878s] -- Up-to-date symlink: /home/dev/ros2_ws/install/wit_driver/share/wit_driver/cmake/wit_driverConfig-version.cmake
[0.878s] -- Up-to-date symlink: /home/dev/ros2_ws/install/wit_driver/share/wit_driver/package.xml
[0.915s] Invoked command in '/home/dev/ros2_ws/build/wit_driver' returned '0': CMAKE_PREFIX_PATH=${CMAKE_PREFIX_PATH}:/home/dev/ros2_ws/install/turtlebot3_teleop:/home/dev/ros2_ws/install/turtlebot3_example:/home/dev/ros2_ws/install/f7_udp:/opt/ros/humble /usr/bin/cmake --install /home/dev/ros2_ws/build/wit_driver
