[0.399s] Invoking command in '/home/dev/ros2_ws/build/wit_msgs': CMAKE_PREFIX_PATH=${CMAKE_PREFIX_PATH}:/home/dev/ros2_ws/install/turtlebot3_teleop:/home/dev/ros2_ws/install/turtlebot3_example:/home/dev/ros2_ws/install/f7_udp:/opt/ros/humble /usr/bin/cmake /home/dev/ros2_ws/src/wit_node/wit_msgs -DAMENT_CMAKE_SYMLINK_INSTALL=1 -DCMAKE_INSTALL_PREFIX=/home/dev/ros2_ws/install/wit_msgs
[0.410s] -- Found ament_cmake: 1.3.10 (/opt/ros/humble/share/ament_cmake/cmake)
[0.503s] -- Override CMake install command with custom implementation using symlinks instead of copying resources
[0.510s] -- Found builtin_interfaces: 1.2.1 (/opt/ros/humble/share/builtin_interfaces/cmake)
[0.531s] -- Found rosidl_generator_c: 3.1.5 (/opt/ros/humble/share/rosidl_generator_c/cmake)
[0.533s] -- Found rosidl_adapter: 3.1.5 (/opt/ros/humble/share/rosidl_adapter/cmake)
[0.536s] -- Found rosidl_generator_cpp: 3.1.5 (/opt/ros/humble/share/rosidl_generator_cpp/cmake)
[0.542s] -- Using all available rosidl_typesupport_c: rosidl_typesupport_fastrtps_c;rosidl_typesupport_introspection_c
[0.550s] -- Using all available rosidl_typesupport_cpp: rosidl_typesupport_fastrtps_cpp;rosidl_typesupport_introspection_cpp
[0.557s] -- Found std_msgs: 4.2.4 (/opt/ros/humble/share/std_msgs/cmake)
[0.564s] -- Found rosidl_default_generators: 1.2.0 (/opt/ros/humble/share/rosidl_default_generators/cmake)
[0.806s] -- Found ament_cmake_ros: 0.10.0 (/opt/ros/humble/share/ament_cmake_ros/cmake)
[1.513s] -- Using all available rosidl_typesupport_c: rosidl_typesupport_fastrtps_c;rosidl_typesupport_introspection_c
[1.747s] -- Using all available rosidl_typesupport_cpp: rosidl_typesupport_fastrtps_cpp;rosidl_typesupport_introspection_cpp
[1.780s] -- Found python_cmake_module: 0.10.0 (/opt/ros/humble/share/python_cmake_module/cmake)
[1.816s] -- Using PYTHON_EXECUTABLE: /usr/bin/python3
[1.820s] -- Using PYTHON_INCLUDE_DIRS: /usr/include/python3.10
[1.820s] -- Using PYTHON_LIBRARIES: /usr/lib/x86_64-linux-gnu/libpython3.10.so
[1.881s] -- Configuring done
[1.937s] -- Generating done
[1.938s] -- Build files have been written to: /home/dev/ros2_ws/build/wit_msgs
[1.963s] Invoked command in '/home/dev/ros2_ws/build/wit_msgs' returned '0': CMAKE_PREFIX_PATH=${CMAKE_PREFIX_PATH}:/home/dev/ros2_ws/install/turtlebot3_teleop:/home/dev/ros2_ws/install/turtlebot3_example:/home/dev/ros2_ws/install/f7_udp:/opt/ros/humble /usr/bin/cmake /home/dev/ros2_ws/src/wit_node/wit_msgs -DAMENT_CMAKE_SYMLINK_INSTALL=1 -DCMAKE_INSTALL_PREFIX=/home/dev/ros2_ws/install/wit_msgs
[1.964s] Invoking command in '/home/dev/ros2_ws/build/wit_msgs': CMAKE_PREFIX_PATH=${CMAKE_PREFIX_PATH}:/home/dev/ros2_ws/install/turtlebot3_teleop:/home/dev/ros2_ws/install/turtlebot3_example:/home/dev/ros2_ws/install/f7_udp:/opt/ros/humble /usr/bin/cmake --build /home/dev/ros2_ws/build/wit_msgs -- -j12 -l12
[2.072s] [35m[1mConsolidate compiler generated dependencies of target wit_msgs__rosidl_generator_c[0m
[2.115s] [  9%] Built target wit_msgs__rosidl_generator_c
[2.121s] [ 12%] Built target wit_msgs__cpp
[2.136s] [ 12%] Built target ament_cmake_python_symlink_wit_msgs
[2.146s] [35m[1mConsolidate compiler generated dependencies of target wit_msgs__rosidl_typesupport_cpp[0m
[2.151s] [35m[1mConsolidate compiler generated dependencies of target wit_msgs__rosidl_typesupport_introspection_c[0m
[2.156s] [35m[1mConsolidate compiler generated dependencies of target wit_msgs__rosidl_typesupport_fastrtps_cpp[0m
[2.156s] [35m[1mConsolidate compiler generated dependencies of target wit_msgs__rosidl_typesupport_c[0m
[2.164s] [35m[1mConsolidate compiler generated dependencies of target wit_msgs__rosidl_typesupport_fastrtps_c[0m
[2.168s] [35m[1mConsolidate compiler generated dependencies of target wit_msgs__rosidl_typesupport_introspection_cpp[0m
[2.182s] [ 22%] Built target wit_msgs__rosidl_typesupport_cpp
[2.201s] [ 32%] Built target wit_msgs__rosidl_typesupport_fastrtps_cpp
[2.209s] [ 41%] Built target wit_msgs__rosidl_typesupport_introspection_c
[2.211s] [ 51%] Built target wit_msgs__rosidl_typesupport_c
[2.212s] [ 61%] Built target wit_msgs__rosidl_typesupport_introspection_cpp
[2.218s] [ 70%] Built target wit_msgs__rosidl_typesupport_fastrtps_c
[2.271s] [ 70%] Built target wit_msgs
[2.303s] [ 74%] Built target wit_msgs__py
[2.329s] [35m[1mConsolidate compiler generated dependencies of target wit_msgs__rosidl_generator_py[0m
[2.366s] [ 80%] Built target wit_msgs__rosidl_generator_py
[2.392s] [35m[1mConsolidate compiler generated dependencies of target wit_msgs__rosidl_typesupport_fastrtps_c__pyext[0m
[2.392s] [35m[1mConsolidate compiler generated dependencies of target wit_msgs__rosidl_typesupport_introspection_c__pyext[0m
[2.397s] [35m[1mConsolidate compiler generated dependencies of target wit_msgs__rosidl_typesupport_c__pyext[0m
[2.411s] [ 87%] Built target wit_msgs__rosidl_typesupport_introspection_c__pyext
[2.419s] [ 93%] Built target wit_msgs__rosidl_typesupport_fastrtps_c__pyext
[2.422s] [100%] Built target wit_msgs__rosidl_typesupport_c__pyext
[2.668s] running egg_info
[2.669s] writing wit_msgs.egg-info/PKG-INFO
[2.669s] writing dependency_links to wit_msgs.egg-info/dependency_links.txt
[2.670s] writing top-level names to wit_msgs.egg-info/top_level.txt
[2.674s] reading manifest file 'wit_msgs.egg-info/SOURCES.txt'
[2.675s] writing manifest file 'wit_msgs.egg-info/SOURCES.txt'
[2.717s] [100%] Built target ament_cmake_python_build_wit_msgs_egg
[2.740s] Invoked command in '/home/dev/ros2_ws/build/wit_msgs' returned '0': CMAKE_PREFIX_PATH=${CMAKE_PREFIX_PATH}:/home/dev/ros2_ws/install/turtlebot3_teleop:/home/dev/ros2_ws/install/turtlebot3_example:/home/dev/ros2_ws/install/f7_udp:/opt/ros/humble /usr/bin/cmake --build /home/dev/ros2_ws/build/wit_msgs -- -j12 -l12
[2.854s] Invoking command in '/home/dev/ros2_ws/build/wit_msgs': CMAKE_PREFIX_PATH=${CMAKE_PREFIX_PATH}:/home/dev/ros2_ws/install/turtlebot3_teleop:/home/dev/ros2_ws/install/turtlebot3_example:/home/dev/ros2_ws/install/f7_udp:/opt/ros/humble /usr/bin/cmake --install /home/dev/ros2_ws/build/wit_msgs
[2.860s] -- Install configuration: ""
[2.860s] -- Execute custom install script
[2.860s] -- Up-to-date symlink: /home/dev/ros2_ws/install/wit_msgs/share/ament_index/resource_index/rosidl_interfaces/wit_msgs
[2.861s] -- Up-to-date symlink: /home/dev/ros2_ws/install/wit_msgs/include/wit_msgs/wit_msgs/msg/detail/imu_gps_raw__functions.h
[2.862s] -- Up-to-date symlink: /home/dev/ros2_ws/install/wit_msgs/include/wit_msgs/wit_msgs/msg/detail/imu_gps_raw__struct.h
[2.865s] -- Up-to-date symlink: /home/dev/ros2_ws/install/wit_msgs/include/wit_msgs/wit_msgs/msg/detail/imu_gps_raw__type_support.h
[2.866s] -- Up-to-date symlink: /home/dev/ros2_ws/install/wit_msgs/include/wit_msgs/wit_msgs/msg/imu_gps_raw.h
[2.866s] -- Up-to-date symlink: /home/dev/ros2_ws/install/wit_msgs/include/wit_msgs/wit_msgs/msg/rosidl_generator_c__visibility_control.h
[2.866s] -- Up-to-date symlink: /home/dev/ros2_ws/install/wit_msgs/share/wit_msgs/environment/library_path.sh
[2.866s] -- Up-to-date symlink: /home/dev/ros2_ws/install/wit_msgs/share/wit_msgs/environment/library_path.dsv
[2.866s] -- Up-to-date symlink: /home/dev/ros2_ws/install/wit_msgs/include/wit_msgs/wit_msgs/msg/detail/imu_gps_raw__rosidl_typesupport_fastrtps_c.h
[2.866s] -- Up-to-date symlink: /home/dev/ros2_ws/install/wit_msgs/include/wit_msgs/wit_msgs/msg/rosidl_typesupport_fastrtps_c__visibility_control.h
[2.866s] -- Up-to-date symlink: /home/dev/ros2_ws/install/wit_msgs/include/wit_msgs/wit_msgs/msg/detail/imu_gps_raw__builder.hpp
[2.870s] -- Up-to-date symlink: /home/dev/ros2_ws/install/wit_msgs/include/wit_msgs/wit_msgs/msg/detail/imu_gps_raw__struct.hpp
[2.870s] -- Up-to-date symlink: /home/dev/ros2_ws/install/wit_msgs/include/wit_msgs/wit_msgs/msg/detail/imu_gps_raw__traits.hpp
[2.871s] -- Up-to-date symlink: /home/dev/ros2_ws/install/wit_msgs/include/wit_msgs/wit_msgs/msg/imu_gps_raw.hpp
[2.871s] -- Up-to-date symlink: /home/dev/ros2_ws/install/wit_msgs/include/wit_msgs/wit_msgs/msg/detail/imu_gps_raw__rosidl_typesupport_fastrtps_cpp.hpp
[2.871s] -- Up-to-date symlink: /home/dev/ros2_ws/install/wit_msgs/include/wit_msgs/wit_msgs/msg/rosidl_typesupport_fastrtps_cpp__visibility_control.h
[2.871s] -- Up-to-date symlink: /home/dev/ros2_ws/install/wit_msgs/include/wit_msgs/wit_msgs/msg/detail/imu_gps_raw__rosidl_typesupport_introspection_c.h
[2.871s] -- Up-to-date symlink: /home/dev/ros2_ws/install/wit_msgs/include/wit_msgs/wit_msgs/msg/rosidl_typesupport_introspection_c__visibility_control.h
[2.871s] -- Up-to-date symlink: /home/dev/ros2_ws/install/wit_msgs/include/wit_msgs/wit_msgs/msg/detail/imu_gps_raw__rosidl_typesupport_introspection_cpp.hpp
[2.871s] -- Up-to-date symlink: /home/dev/ros2_ws/install/wit_msgs/share/wit_msgs/environment/pythonpath.sh
[2.871s] -- Up-to-date symlink: /home/dev/ros2_ws/install/wit_msgs/share/wit_msgs/environment/pythonpath.dsv
[2.871s] -- Up-to-date symlink: /home/dev/ros2_ws/install/wit_msgs/local/lib/python3.10/dist-packages/wit_msgs-0.1.0-py3.10.egg-info/PKG-INFO
[2.871s] -- Up-to-date symlink: /home/dev/ros2_ws/install/wit_msgs/local/lib/python3.10/dist-packages/wit_msgs-0.1.0-py3.10.egg-info/SOURCES.txt
[2.871s] -- Up-to-date symlink: /home/dev/ros2_ws/install/wit_msgs/local/lib/python3.10/dist-packages/wit_msgs-0.1.0-py3.10.egg-info/dependency_links.txt
[2.871s] -- Up-to-date symlink: /home/dev/ros2_ws/install/wit_msgs/local/lib/python3.10/dist-packages/wit_msgs-0.1.0-py3.10.egg-info/top_level.txt
[2.871s] -- Up-to-date symlink: /home/dev/ros2_ws/install/wit_msgs/local/lib/python3.10/dist-packages/wit_msgs/__init__.py
[2.871s] -- Up-to-date symlink: /home/dev/ros2_ws/install/wit_msgs/local/lib/python3.10/dist-packages/wit_msgs/_wit_msgs_s.ep.rosidl_typesupport_c.c
[2.871s] -- Up-to-date symlink: /home/dev/ros2_ws/install/wit_msgs/local/lib/python3.10/dist-packages/wit_msgs/_wit_msgs_s.ep.rosidl_typesupport_fastrtps_c.c
[2.871s] -- Up-to-date symlink: /home/dev/ros2_ws/install/wit_msgs/local/lib/python3.10/dist-packages/wit_msgs/_wit_msgs_s.ep.rosidl_typesupport_introspection_c.c
[2.872s] -- Up-to-date symlink: /home/dev/ros2_ws/install/wit_msgs/local/lib/python3.10/dist-packages/wit_msgs/libwit_msgs__rosidl_generator_py.so
[2.872s] -- Up-to-date symlink: /home/dev/ros2_ws/install/wit_msgs/local/lib/python3.10/dist-packages/wit_msgs/msg/__init__.py
[2.872s] -- Up-to-date symlink: /home/dev/ros2_ws/install/wit_msgs/local/lib/python3.10/dist-packages/wit_msgs/msg/_imu_gps_raw.py
[2.872s] -- Up-to-date symlink: /home/dev/ros2_ws/install/wit_msgs/local/lib/python3.10/dist-packages/wit_msgs/msg/_imu_gps_raw_s.c
[2.872s] -- Up-to-date symlink: /home/dev/ros2_ws/install/wit_msgs/local/lib/python3.10/dist-packages/wit_msgs/wit_msgs_s__rosidl_typesupport_c.cpython-310-x86_64-linux-gnu.so
[2.872s] -- Up-to-date symlink: /home/dev/ros2_ws/install/wit_msgs/local/lib/python3.10/dist-packages/wit_msgs/wit_msgs_s__rosidl_typesupport_fastrtps_c.cpython-310-x86_64-linux-gnu.so
[2.872s] -- Up-to-date symlink: /home/dev/ros2_ws/install/wit_msgs/local/lib/python3.10/dist-packages/wit_msgs/wit_msgs_s__rosidl_typesupport_introspection_c.cpython-310-x86_64-linux-gnu.so
[2.872s] -- Up-to-date symlink: /home/dev/ros2_ws/install/wit_msgs/local/lib/python3.10/dist-packages/wit_msgs/wit_msgs_s__rosidl_typesupport_fastrtps_c.cpython-310-x86_64-linux-gnu.so
[2.872s] -- Up-to-date symlink: /home/dev/ros2_ws/install/wit_msgs/local/lib/python3.10/dist-packages/wit_msgs/wit_msgs_s__rosidl_typesupport_introspection_c.cpython-310-x86_64-linux-gnu.so
[2.872s] -- Up-to-date symlink: /home/dev/ros2_ws/install/wit_msgs/local/lib/python3.10/dist-packages/wit_msgs/wit_msgs_s__rosidl_typesupport_c.cpython-310-x86_64-linux-gnu.so
[2.872s] -- Up-to-date symlink: /home/dev/ros2_ws/install/wit_msgs/share/wit_msgs/msg/ImuGpsRaw.idl
[2.872s] -- Up-to-date symlink: /home/dev/ros2_ws/install/wit_msgs/share/wit_msgs/msg/ImuGpsRaw.msg
[2.872s] -- Up-to-date symlink: /home/dev/ros2_ws/install/wit_msgs/share/ament_index/resource_index/package_run_dependencies/wit_msgs
[2.873s] -- Up-to-date symlink: /home/dev/ros2_ws/install/wit_msgs/share/ament_index/resource_index/parent_prefix_path/wit_msgs
[2.873s] -- Up-to-date symlink: /home/dev/ros2_ws/install/wit_msgs/share/wit_msgs/environment/ament_prefix_path.sh
[2.873s] -- Up-to-date symlink: /home/dev/ros2_ws/install/wit_msgs/share/wit_msgs/environment/ament_prefix_path.dsv
[2.873s] -- Up-to-date symlink: /home/dev/ros2_ws/install/wit_msgs/share/wit_msgs/environment/path.sh
[2.873s] -- Up-to-date symlink: /home/dev/ros2_ws/install/wit_msgs/share/wit_msgs/environment/path.dsv
[2.873s] -- Up-to-date symlink: /home/dev/ros2_ws/install/wit_msgs/share/wit_msgs/local_setup.bash
[2.873s] -- Up-to-date symlink: /home/dev/ros2_ws/install/wit_msgs/share/wit_msgs/local_setup.sh
[2.873s] -- Up-to-date symlink: /home/dev/ros2_ws/install/wit_msgs/share/wit_msgs/local_setup.zsh
[2.873s] -- Up-to-date symlink: /home/dev/ros2_ws/install/wit_msgs/share/wit_msgs/local_setup.dsv
[2.873s] -- Symlinking: /home/dev/ros2_ws/install/wit_msgs/share/wit_msgs/package.dsv
[2.882s] -- Up-to-date symlink: /home/dev/ros2_ws/install/wit_msgs/share/ament_index/resource_index/packages/wit_msgs
[2.882s] -- Up-to-date symlink: /home/dev/ros2_ws/install/wit_msgs/share/wit_msgs/cmake/rosidl_cmake-extras.cmake
[2.882s] -- Up-to-date symlink: /home/dev/ros2_ws/install/wit_msgs/share/wit_msgs/cmake/ament_cmake_export_dependencies-extras.cmake
[2.882s] -- Up-to-date symlink: /home/dev/ros2_ws/install/wit_msgs/share/wit_msgs/cmake/ament_cmake_export_include_directories-extras.cmake
[2.882s] -- Up-to-date symlink: /home/dev/ros2_ws/install/wit_msgs/share/wit_msgs/cmake/ament_cmake_export_libraries-extras.cmake
[2.884s] -- Up-to-date symlink: /home/dev/ros2_ws/install/wit_msgs/share/wit_msgs/cmake/ament_cmake_export_targets-extras.cmake
[2.885s] -- Up-to-date symlink: /home/dev/ros2_ws/install/wit_msgs/share/wit_msgs/cmake/rosidl_cmake_export_typesupport_targets-extras.cmake
[2.885s] -- Up-to-date symlink: /home/dev/ros2_ws/install/wit_msgs/share/wit_msgs/cmake/rosidl_cmake_export_typesupport_libraries-extras.cmake
[2.885s] -- Up-to-date symlink: /home/dev/ros2_ws/install/wit_msgs/share/wit_msgs/cmake/wit_msgsConfig.cmake
[2.885s] -- Up-to-date symlink: /home/dev/ros2_ws/install/wit_msgs/share/wit_msgs/cmake/wit_msgsConfig-version.cmake
[2.885s] -- Up-to-date symlink: /home/dev/ros2_ws/install/wit_msgs/share/wit_msgs/package.xml
[2.885s] -- Up-to-date: /home/dev/ros2_ws/install/wit_msgs/lib/libwit_msgs__rosidl_generator_c.so
[2.885s] -- Up-to-date: /home/dev/ros2_ws/install/wit_msgs/lib/libwit_msgs__rosidl_typesupport_fastrtps_c.so
[2.885s] -- Up-to-date: /home/dev/ros2_ws/install/wit_msgs/lib/libwit_msgs__rosidl_typesupport_fastrtps_cpp.so
[2.885s] -- Up-to-date: /home/dev/ros2_ws/install/wit_msgs/lib/libwit_msgs__rosidl_typesupport_introspection_c.so
[2.885s] -- Up-to-date: /home/dev/ros2_ws/install/wit_msgs/lib/libwit_msgs__rosidl_typesupport_c.so
[2.885s] -- Up-to-date: /home/dev/ros2_ws/install/wit_msgs/lib/libwit_msgs__rosidl_typesupport_introspection_cpp.so
[2.885s] -- Up-to-date: /home/dev/ros2_ws/install/wit_msgs/lib/libwit_msgs__rosidl_typesupport_cpp.so
[2.935s] Listing '/home/dev/ros2_ws/install/wit_msgs/local/lib/python3.10/dist-packages/wit_msgs'...
[2.935s] Compiling '/home/dev/ros2_ws/install/wit_msgs/local/lib/python3.10/dist-packages/wit_msgs/__init__.py'...
[2.935s] Listing '/home/dev/ros2_ws/install/wit_msgs/local/lib/python3.10/dist-packages/wit_msgs/msg'...
[2.942s] -- Up-to-date: /home/dev/ros2_ws/install/wit_msgs/lib/libwit_msgs__rosidl_generator_py.so
[2.943s] -- Up-to-date: /home/dev/ros2_ws/install/wit_msgs/share/wit_msgs/cmake/export_wit_msgs__rosidl_generator_cExport.cmake
[2.943s] -- Up-to-date: /home/dev/ros2_ws/install/wit_msgs/share/wit_msgs/cmake/export_wit_msgs__rosidl_generator_cExport-noconfig.cmake
[2.944s] -- Up-to-date: /home/dev/ros2_ws/install/wit_msgs/share/wit_msgs/cmake/export_wit_msgs__rosidl_typesupport_fastrtps_cExport.cmake
[2.944s] -- Up-to-date: /home/dev/ros2_ws/install/wit_msgs/share/wit_msgs/cmake/export_wit_msgs__rosidl_typesupport_fastrtps_cExport-noconfig.cmake
[2.944s] -- Up-to-date: /home/dev/ros2_ws/install/wit_msgs/share/wit_msgs/cmake/export_wit_msgs__rosidl_generator_cppExport.cmake
[2.944s] -- Up-to-date: /home/dev/ros2_ws/install/wit_msgs/share/wit_msgs/cmake/export_wit_msgs__rosidl_typesupport_fastrtps_cppExport.cmake
[2.945s] -- Up-to-date: /home/dev/ros2_ws/install/wit_msgs/share/wit_msgs/cmake/export_wit_msgs__rosidl_typesupport_fastrtps_cppExport-noconfig.cmake
[2.945s] -- Up-to-date: /home/dev/ros2_ws/install/wit_msgs/share/wit_msgs/cmake/wit_msgs__rosidl_typesupport_introspection_cExport.cmake
[2.945s] -- Up-to-date: /home/dev/ros2_ws/install/wit_msgs/share/wit_msgs/cmake/wit_msgs__rosidl_typesupport_introspection_cExport-noconfig.cmake
[2.945s] -- Up-to-date: /home/dev/ros2_ws/install/wit_msgs/share/wit_msgs/cmake/wit_msgs__rosidl_typesupport_cExport.cmake
[2.946s] -- Up-to-date: /home/dev/ros2_ws/install/wit_msgs/share/wit_msgs/cmake/wit_msgs__rosidl_typesupport_cExport-noconfig.cmake
[2.946s] -- Up-to-date: /home/dev/ros2_ws/install/wit_msgs/share/wit_msgs/cmake/wit_msgs__rosidl_typesupport_introspection_cppExport.cmake
[2.946s] -- Up-to-date: /home/dev/ros2_ws/install/wit_msgs/share/wit_msgs/cmake/wit_msgs__rosidl_typesupport_introspection_cppExport-noconfig.cmake
[2.946s] -- Up-to-date: /home/dev/ros2_ws/install/wit_msgs/share/wit_msgs/cmake/wit_msgs__rosidl_typesupport_cppExport.cmake
[2.947s] -- Up-to-date: /home/dev/ros2_ws/install/wit_msgs/share/wit_msgs/cmake/wit_msgs__rosidl_typesupport_cppExport-noconfig.cmake
[2.947s] -- Up-to-date: /home/dev/ros2_ws/install/wit_msgs/share/wit_msgs/cmake/export_wit_msgs__rosidl_generator_pyExport.cmake
[2.947s] -- Up-to-date: /home/dev/ros2_ws/install/wit_msgs/share/wit_msgs/cmake/export_wit_msgs__rosidl_generator_pyExport-noconfig.cmake
[2.953s] Invoked command in '/home/dev/ros2_ws/build/wit_msgs' returned '0': CMAKE_PREFIX_PATH=${CMAKE_PREFIX_PATH}:/home/dev/ros2_ws/install/turtlebot3_teleop:/home/dev/ros2_ws/install/turtlebot3_example:/home/dev/ros2_ws/install/f7_udp:/opt/ros/humble /usr/bin/cmake --install /home/dev/ros2_ws/build/wit_msgs
