[1.411s] Invoking command in '/home/dev/ros2_ws/build/f7_udp': PYTHONPATH=/home/dev/ros2_ws/build/f7_udp/prefix_override:/usr/lib/python3/dist-packages/colcon_core/task/python/colcon_distutils_commands:/home/dev/ros2_ws/install/f7_udp/lib/python3.10/site-packages:${PYTHONPATH} /usr/bin/python3 -W ignore:setup.py install is deprecated setup.py develop --uninstall --editable --build-directory /home/dev/ros2_ws/build/f7_udp/build
[1.656s] running develop
[1.804s] Removing /home/dev/ros2_ws/install/f7_udp/lib/python3.10/site-packages/f7-udp.egg-link (link to .)
[1.843s] Invoked command in '/home/dev/ros2_ws/build/f7_udp' returned '0': PYTHONPATH=/home/dev/ros2_ws/build/f7_udp/prefix_override:/usr/lib/python3/dist-packages/colcon_core/task/python/colcon_distutils_commands:/home/dev/ros2_ws/install/f7_udp/lib/python3.10/site-packages:${PYTHONPATH} /usr/bin/python3 -W ignore:setup.py install is deprecated setup.py develop --uninstall --editable --build-directory /home/dev/ros2_ws/build/f7_udp/build
[1.846s] Invoking command in '/home/dev/ros2_ws/src/f7_udp': PYTHONPATH=/home/dev/ros2_ws/build/f7_udp/prefix_override:/usr/lib/python3/dist-packages/colcon_core/task/python/colcon_distutils_commands:/home/dev/ros2_ws/install/f7_udp/lib/python3.10/site-packages:${PYTHONPATH} /usr/bin/python3 -W ignore:setup.py install is deprecated setup.py egg_info --egg-base ../../build/f7_udp build --build-base /home/dev/ros2_ws/build/f7_udp/build install --record /home/dev/ros2_ws/build/f7_udp/install.log --single-version-externally-managed install_data --force
[2.207s] running egg_info
[2.207s] writing ../../build/f7_udp/f7_udp.egg-info/PKG-INFO
[2.207s] writing dependency_links to ../../build/f7_udp/f7_udp.egg-info/dependency_links.txt
[2.207s] writing entry points to ../../build/f7_udp/f7_udp.egg-info/entry_points.txt
[2.207s] writing requirements to ../../build/f7_udp/f7_udp.egg-info/requires.txt
[2.208s] writing top-level names to ../../build/f7_udp/f7_udp.egg-info/top_level.txt
[2.212s] reading manifest file '../../build/f7_udp/f7_udp.egg-info/SOURCES.txt'
[2.212s] adding license file 'LICENSE'
[2.212s] writing manifest file '../../build/f7_udp/f7_udp.egg-info/SOURCES.txt'
[2.212s] running build
[2.212s] running build_py
[2.215s] running install
[2.215s] running install_lib
[2.217s] creating /home/dev/ros2_ws/install/f7_udp/lib/python3.10/site-packages/f7_udp
[2.217s] copying /home/dev/ros2_ws/build/f7_udp/build/lib/f7_udp/cr24_gui.py -> /home/dev/ros2_ws/install/f7_udp/lib/python3.10/site-packages/f7_udp
[2.221s] copying /home/dev/ros2_ws/build/f7_udp/build/lib/f7_udp/W4_Omni_Driver.py -> /home/dev/ros2_ws/install/f7_udp/lib/python3.10/site-packages/f7_udp
[2.221s] copying /home/dev/ros2_ws/build/f7_udp/build/lib/f7_udp/cr24_test.py -> /home/dev/ros2_ws/install/f7_udp/lib/python3.10/site-packages/f7_udp
[2.221s] copying /home/dev/ros2_ws/build/f7_udp/build/lib/f7_udp/cr24_manual.py -> /home/dev/ros2_ws/install/f7_udp/lib/python3.10/site-packages/f7_udp
[2.221s] copying /home/dev/ros2_ws/build/f7_udp/build/lib/f7_udp/cr24_manual2_unity.py -> /home/dev/ros2_ws/install/f7_udp/lib/python3.10/site-packages/f7_udp
[2.222s] copying /home/dev/ros2_ws/build/f7_udp/build/lib/f7_udp/f7_eth.py -> /home/dev/ros2_ws/install/f7_udp/lib/python3.10/site-packages/f7_udp
[2.222s] copying /home/dev/ros2_ws/build/f7_udp/build/lib/f7_udp/__init__.py -> /home/dev/ros2_ws/install/f7_udp/lib/python3.10/site-packages/f7_udp
[2.222s] copying /home/dev/ros2_ws/build/f7_udp/build/lib/f7_udp/cr24_pos.py -> /home/dev/ros2_ws/install/f7_udp/lib/python3.10/site-packages/f7_udp
[2.222s] copying /home/dev/ros2_ws/build/f7_udp/build/lib/f7_udp/PS4_listener.py -> /home/dev/ros2_ws/install/f7_udp/lib/python3.10/site-packages/f7_udp
[2.222s] copying /home/dev/ros2_ws/build/f7_udp/build/lib/f7_udp/cr24_main_unity.py -> /home/dev/ros2_ws/install/f7_udp/lib/python3.10/site-packages/f7_udp
[2.222s] copying /home/dev/ros2_ws/build/f7_udp/build/lib/f7_udp/cr24_yolo_wireless.py -> /home/dev/ros2_ws/install/f7_udp/lib/python3.10/site-packages/f7_udp
[2.222s] copying /home/dev/ros2_ws/build/f7_udp/build/lib/f7_udp/NHK2025_Omni_Driver.py -> /home/dev/ros2_ws/install/f7_udp/lib/python3.10/site-packages/f7_udp
[2.222s] copying /home/dev/ros2_ws/build/f7_udp/build/lib/f7_udp/setoshio_gui_standalone.py -> /home/dev/ros2_ws/install/f7_udp/lib/python3.10/site-packages/f7_udp
[2.222s] copying /home/dev/ros2_ws/build/f7_udp/build/lib/f7_udp/cr24_manual2.py -> /home/dev/ros2_ws/install/f7_udp/lib/python3.10/site-packages/f7_udp
[2.222s] copying /home/dev/ros2_ws/build/f7_udp/build/lib/f7_udp/yolov8_setoshio_pub.py -> /home/dev/ros2_ws/install/f7_udp/lib/python3.10/site-packages/f7_udp
[2.222s] copying /home/dev/ros2_ws/build/f7_udp/build/lib/f7_udp/Omni_Driver.py -> /home/dev/ros2_ws/install/f7_udp/lib/python3.10/site-packages/f7_udp
[2.223s] copying /home/dev/ros2_ws/build/f7_udp/build/lib/f7_udp/cr24_main.py -> /home/dev/ros2_ws/install/f7_udp/lib/python3.10/site-packages/f7_udp
[2.223s] copying /home/dev/ros2_ws/build/f7_udp/build/lib/f7_udp/yolo_setoshio_gui.py -> /home/dev/ros2_ws/install/f7_udp/lib/python3.10/site-packages/f7_udp
[2.223s] byte-compiling /home/dev/ros2_ws/install/f7_udp/lib/python3.10/site-packages/f7_udp/cr24_gui.py to cr24_gui.cpython-310.pyc
[2.223s] byte-compiling /home/dev/ros2_ws/install/f7_udp/lib/python3.10/site-packages/f7_udp/W4_Omni_Driver.py to W4_Omni_Driver.cpython-310.pyc
[2.224s] byte-compiling /home/dev/ros2_ws/install/f7_udp/lib/python3.10/site-packages/f7_udp/cr24_test.py to cr24_test.cpython-310.pyc
[2.226s] byte-compiling /home/dev/ros2_ws/install/f7_udp/lib/python3.10/site-packages/f7_udp/cr24_manual.py to cr24_manual.cpython-310.pyc
[2.226s] byte-compiling /home/dev/ros2_ws/install/f7_udp/lib/python3.10/site-packages/f7_udp/cr24_manual2_unity.py to cr24_manual2_unity.cpython-310.pyc
[2.227s] byte-compiling /home/dev/ros2_ws/install/f7_udp/lib/python3.10/site-packages/f7_udp/f7_eth.py to f7_eth.cpython-310.pyc
[2.227s] byte-compiling /home/dev/ros2_ws/install/f7_udp/lib/python3.10/site-packages/f7_udp/__init__.py to __init__.cpython-310.pyc
[2.228s] byte-compiling /home/dev/ros2_ws/install/f7_udp/lib/python3.10/site-packages/f7_udp/cr24_pos.py to cr24_pos.cpython-310.pyc
[2.228s] byte-compiling /home/dev/ros2_ws/install/f7_udp/lib/python3.10/site-packages/f7_udp/PS4_listener.py to PS4_listener.cpython-310.pyc
[2.231s] byte-compiling /home/dev/ros2_ws/install/f7_udp/lib/python3.10/site-packages/f7_udp/cr24_main_unity.py to cr24_main_unity.cpython-310.pyc
[2.231s] byte-compiling /home/dev/ros2_ws/install/f7_udp/lib/python3.10/site-packages/f7_udp/cr24_yolo_wireless.py to cr24_yolo_wireless.cpython-310.pyc
[2.232s] byte-compiling /home/dev/ros2_ws/install/f7_udp/lib/python3.10/site-packages/f7_udp/NHK2025_Omni_Driver.py to NHK2025_Omni_Driver.cpython-310.pyc
[2.234s] byte-compiling /home/dev/ros2_ws/install/f7_udp/lib/python3.10/site-packages/f7_udp/setoshio_gui_standalone.py to setoshio_gui_standalone.cpython-310.pyc
[2.234s] byte-compiling /home/dev/ros2_ws/install/f7_udp/lib/python3.10/site-packages/f7_udp/cr24_manual2.py to cr24_manual2.cpython-310.pyc
[2.236s] byte-compiling /home/dev/ros2_ws/install/f7_udp/lib/python3.10/site-packages/f7_udp/yolov8_setoshio_pub.py to yolov8_setoshio_pub.cpython-310.pyc
[2.236s] byte-compiling /home/dev/ros2_ws/install/f7_udp/lib/python3.10/site-packages/f7_udp/Omni_Driver.py to Omni_Driver.cpython-310.pyc
[2.238s] byte-compiling /home/dev/ros2_ws/install/f7_udp/lib/python3.10/site-packages/f7_udp/cr24_main.py to cr24_main.cpython-310.pyc
[2.239s] byte-compiling /home/dev/ros2_ws/install/f7_udp/lib/python3.10/site-packages/f7_udp/yolo_setoshio_gui.py to yolo_setoshio_gui.cpython-310.pyc
[2.240s] running install_data
[2.240s] copying resource/f7_udp -> /home/dev/ros2_ws/install/f7_udp/share/ament_index/resource_index/packages
[2.240s] copying package.xml -> /home/dev/ros2_ws/install/f7_udp/share/f7_udp
[2.240s] running install_egg_info
[2.242s] Copying ../../build/f7_udp/f7_udp.egg-info to /home/dev/ros2_ws/install/f7_udp/lib/python3.10/site-packages/f7_udp-0.0.0-py3.10.egg-info
[2.244s] running install_scripts
[2.264s] Installing 4_omni script to /home/dev/ros2_ws/install/f7_udp/lib/f7_udp
[2.265s] Installing cr24_gui script to /home/dev/ros2_ws/install/f7_udp/lib/f7_udp
[2.265s] Installing cr24_main script to /home/dev/ros2_ws/install/f7_udp/lib/f7_udp
[2.265s] Installing cr24_main_apk script to /home/dev/ros2_ws/install/f7_udp/lib/f7_udp
[2.265s] Installing cr24_main_manual script to /home/dev/ros2_ws/install/f7_udp/lib/f7_udp
[2.265s] Installing cr24_main_manual2 script to /home/dev/ros2_ws/install/f7_udp/lib/f7_udp
[2.266s] Installing cr24_manual2_apk script to /home/dev/ros2_ws/install/f7_udp/lib/f7_udp
[2.266s] Installing cr24_pos script to /home/dev/ros2_ws/install/f7_udp/lib/f7_udp
[2.266s] Installing cr24_test script to /home/dev/ros2_ws/install/f7_udp/lib/f7_udp
[2.266s] Installing cr24_wlcam script to /home/dev/ros2_ws/install/f7_udp/lib/f7_udp
[2.266s] Installing listener script to /home/dev/ros2_ws/install/f7_udp/lib/f7_udp
[2.267s] Installing nr25_omni script to /home/dev/ros2_ws/install/f7_udp/lib/f7_udp
[2.267s] Installing setoshio script to /home/dev/ros2_ws/install/f7_udp/lib/f7_udp
[2.267s] Installing setoshio_gui script to /home/dev/ros2_ws/install/f7_udp/lib/f7_udp
[2.268s] writing list of installed files to '/home/dev/ros2_ws/build/f7_udp/install.log'
[2.301s] Invoked command in '/home/dev/ros2_ws/src/f7_udp' returned '0': PYTHONPATH=/home/dev/ros2_ws/build/f7_udp/prefix_override:/usr/lib/python3/dist-packages/colcon_core/task/python/colcon_distutils_commands:/home/dev/ros2_ws/install/f7_udp/lib/python3.10/site-packages:${PYTHONPATH} /usr/bin/python3 -W ignore:setup.py install is deprecated setup.py egg_info --egg-base ../../build/f7_udp build --build-base /home/dev/ros2_ws/build/f7_udp/build install --record /home/dev/ros2_ws/build/f7_udp/install.log --single-version-externally-managed install_data --force
