[0.206s] Invoking command in '/home/dev/ros2_ws/build/turtlebot3_gazebo': CMAKE_PREFIX_PATH=${CMAKE_PREFIX_PATH}:/home/dev/ros2_ws/install/turtlebot3_teleop:/home/dev/ros2_ws/install/turtlebot3_example:/home/dev/ros2_ws/install/f7_udp:/opt/ros/humble /usr/bin/cmake /home/dev/ros2_ws/src/turtlebot3_simulations/turtlebot3_gazebo -DAMENT_CMAKE_SYMLINK_INSTALL=1 -DCMAKE_INSTALL_PREFIX=/home/dev/ros2_ws/install/turtlebot3_gazebo
[0.389s] -- Found ament_cmake: 1.3.10 (/opt/ros/humble/share/ament_cmake/cmake)
[0.389s] -- Override CMake install command with custom implementation using symlinks instead of copying resources
[0.389s] -- Found DART: /usr/include (Required is at least version "6.6") found components: dart 
[0.389s] -- Found Protobuf: /usr/lib/x86_64-linux-gnu/libprotobuf.so (found version "3.12.4") 
[0.389s] -- Looking for ignition-math6 -- found version 6.15.1
[0.389s] -- Searching for dependencies of ignition-math6
[0.389s] -- Looking for OGRE...
[0.389s] [33mCMake Warning (dev) at /usr/share/cmake-3.22/Modules/FindPackageHandleStandardArgs.cmake:438 (message):
[0.389s]   The package name passed to `find_package_handle_standard_args` (PkgConfig)
[0.390s]   does not match the name of the calling package (gazebo).  This can lead to
[0.390s]   problems in calling code that expects `find_package` result variables
[0.390s]   (e.g., `_FOUND`) to follow a certain pattern.
[0.390s] Call Stack (most recent call first):
[0.390s]   /usr/share/cmake-3.22/Modules/FindPkgConfig.cmake:99 (find_package_handle_standard_args)
[0.390s]   /usr/lib/x86_64-linux-gnu/cmake/gazebo/gazebo-config.cmake:72 (include)
[0.390s]   CMakeLists.txt:23 (find_package)
[0.390s] This warning is for project developers.  Use -Wno-dev to suppress it.
[0.390s] [0m
[0.391s] -- Found Ogre Ghadamon (1.9.0)
[0.391s] -- Found OGRE: optimized;/usr/lib/x86_64-linux-gnu/libOgreMain.so;debug;/usr/lib/x86_64-linux-gnu/libOgreMain.so
[0.402s] -- Looking for OGRE_Paging...
[0.402s] -- Found OGRE_Paging: optimized;/usr/lib/x86_64-linux-gnu/libOgrePaging.so;debug;/usr/lib/x86_64-linux-gnu/libOgrePaging.so
[0.402s] -- Looking for OGRE_Terrain...
[0.402s] -- Found OGRE_Terrain: optimized;/usr/lib/x86_64-linux-gnu/libOgreTerrain.so;debug;/usr/lib/x86_64-linux-gnu/libOgreTerrain.so
[0.402s] -- Looking for OGRE_Property...
[0.402s] -- Found OGRE_Property: optimized;/usr/lib/x86_64-linux-gnu/libOgreProperty.so;debug;/usr/lib/x86_64-linux-gnu/libOgreProperty.so
[0.402s] -- Looking for OGRE_RTShaderSystem...
[0.402s] -- Found OGRE_RTShaderSystem: optimized;/usr/lib/x86_64-linux-gnu/libOgreRTShaderSystem.so;debug;/usr/lib/x86_64-linux-gnu/libOgreRTShaderSystem.so
[0.402s] -- Looking for OGRE_Volume...
[0.403s] -- Found OGRE_Volume: optimized;/usr/lib/x86_64-linux-gnu/libOgreVolume.so;debug;/usr/lib/x86_64-linux-gnu/libOgreVolume.so
[0.403s] -- Looking for OGRE_Overlay...
[0.403s] -- Found OGRE_Overlay: optimized;/usr/lib/x86_64-linux-gnu/libOgreOverlay.so;debug;/usr/lib/x86_64-linux-gnu/libOgreOverlay.so
[0.576s] -- Looking for ignition-math6 -- found version 6.15.1
[0.576s] -- Looking for ignition-transport8 -- found version 8.2.1
[0.576s] -- Searching for dependencies of ignition-transport8
[0.603s] -- Found Protobuf: /usr/lib/x86_64-linux-gnu/libprotobuf.so (found suitable version "3.12.4", minimum required is "3") 
[0.609s] -- Config-file not installed for ZeroMQ -- checking for pkg-config
[0.615s] -- Checking for module 'libzmq >= 4'
[0.649s] --   Found libzmq , version 4.3.4
[0.674s] -- Checking for module 'uuid'
[0.689s] --   Found uuid, version 2.37.2
[0.723s] -- Looking for ignition-msgs5 -- found version 5.8.1
[0.724s] -- Searching for dependencies of ignition-msgs5
[0.746s] -- Looking for ignition-math6 -- found version 6.15.1
[0.751s] -- Checking for module 'tinyxml2'
[0.767s] --   Found tinyxml2, version 9.0.0
[0.803s] -- Looking for ignition-msgs5 -- found version 5.8.1
[0.804s] -- Looking for ignition-common3 -- found version 3.14.0
[0.805s] -- Searching for dependencies of ignition-common3
[0.806s] -- Looking for dlfcn.h - found
[0.806s] -- Looking for libdl - found
[0.819s] -- Searching for <ignition-common3> component [graphics]
[0.820s] -- Looking for ignition-common3-graphics -- found version 3.14.0
[0.821s] -- Searching for dependencies of ignition-common3-graphics
[0.821s] -- Looking for ignition-math6 -- found version 6.15.1
[0.823s] -- Looking for ignition-fuel_tools4 -- found version 4.4.0
[0.824s] -- Searching for dependencies of ignition-fuel_tools4
[0.861s] -- Checking for module 'jsoncpp'
[0.873s] --   Found jsoncpp, version 1.9.5
[0.915s] -- Checking for module 'libzip'
[0.931s] --   Found libzip, version 1.7.3
[0.968s] -- Looking for ignition-common3 -- found version 3.14.0
[0.968s] -- Looking for ignition-math6 -- found version 6.15.1
[0.969s] -- Looking for ignition-msgs5 -- found version 5.8.1
[0.973s] -- Found gazebo_ros_pkgs: 3.7.0 (/opt/ros/humble/share/gazebo_ros_pkgs/cmake)
[0.973s] -- Found geometry_msgs: 4.2.4 (/opt/ros/humble/share/geometry_msgs/cmake)
[0.996s] -- Found rosidl_generator_c: 3.1.5 (/opt/ros/humble/share/rosidl_generator_c/cmake)
[0.999s] -- Found rosidl_adapter: 3.1.5 (/opt/ros/humble/share/rosidl_adapter/cmake)
[1.007s] -- Found rosidl_generator_cpp: 3.1.5 (/opt/ros/humble/share/rosidl_generator_cpp/cmake)
[1.021s] -- Using all available rosidl_typesupport_c: rosidl_typesupport_fastrtps_c;rosidl_typesupport_introspection_c
[1.034s] -- Using all available rosidl_typesupport_cpp: rosidl_typesupport_fastrtps_cpp;rosidl_typesupport_introspection_cpp
[1.079s] -- Found nav_msgs: 4.2.4 (/opt/ros/humble/share/nav_msgs/cmake)
[1.098s] -- Found rclcpp: 16.0.10 (/opt/ros/humble/share/rclcpp/cmake)
[1.126s] -- Found rmw_implementation_cmake: 6.1.2 (/opt/ros/humble/share/rmw_implementation_cmake/cmake)
[1.128s] -- Found rmw_fastrtps_cpp: 6.2.7 (/opt/ros/humble/share/rmw_fastrtps_cpp/cmake)
[1.238s] -- Using RMW implementation 'rmw_fastrtps_cpp' as default
[1.279s] -- Found sensor_msgs: 4.2.4 (/opt/ros/humble/share/sensor_msgs/cmake)
[1.297s] -- Found tf2: 0.25.8 (/opt/ros/humble/share/tf2/cmake)
[1.360s] -- Configuring done
[1.389s] -- Generating done
[1.392s] -- Build files have been written to: /home/dev/ros2_ws/build/turtlebot3_gazebo
[1.403s] Invoked command in '/home/dev/ros2_ws/build/turtlebot3_gazebo' returned '0': CMAKE_PREFIX_PATH=${CMAKE_PREFIX_PATH}:/home/dev/ros2_ws/install/turtlebot3_teleop:/home/dev/ros2_ws/install/turtlebot3_example:/home/dev/ros2_ws/install/f7_udp:/opt/ros/humble /usr/bin/cmake /home/dev/ros2_ws/src/turtlebot3_simulations/turtlebot3_gazebo -DAMENT_CMAKE_SYMLINK_INSTALL=1 -DCMAKE_INSTALL_PREFIX=/home/dev/ros2_ws/install/turtlebot3_gazebo
[1.405s] Invoking command in '/home/dev/ros2_ws/build/turtlebot3_gazebo': CMAKE_PREFIX_PATH=${CMAKE_PREFIX_PATH}:/home/dev/ros2_ws/install/turtlebot3_teleop:/home/dev/ros2_ws/install/turtlebot3_example:/home/dev/ros2_ws/install/f7_udp:/opt/ros/humble /usr/bin/cmake --build /home/dev/ros2_ws/build/turtlebot3_gazebo -- -j12 -l12
[1.452s] [35m[1mConsolidate compiler generated dependencies of target turtlebot3_drive[0m
[1.454s] [35m[1mConsolidate compiler generated dependencies of target obstacle1[0m
[1.454s] [35m[1mConsolidate compiler generated dependencies of target obstacle2[0m
[1.454s] [35m[1mConsolidate compiler generated dependencies of target obstacles[0m
[1.468s] [ 12%] [32mBuilding CXX object CMakeFiles/turtlebot3_drive.dir/src/turtlebot3_drive.cpp.o[0m
[1.495s] [ 25%] [32mBuilding CXX object CMakeFiles/obstacle1.dir/models/turtlebot3_dqn_world/obstacle_plugin/obstacle1.cc.o[0m
[1.498s] [ 50%] [32mBuilding CXX object CMakeFiles/obstacle2.dir/models/turtlebot3_dqn_world/obstacle_plugin/obstacle2.cc.o[0m
[1.498s] [ 50%] [32mBuilding CXX object CMakeFiles/obstacles.dir/models/turtlebot3_dqn_world/obstacle_plugin/obstacles.cc.o[0m
[10.317s] [ 62%] [32m[1mLinking CXX executable turtlebot3_drive[0m
[10.930s] [ 62%] Built target turtlebot3_drive
[11.295s] [ 75%] [32m[1mLinking CXX shared library libobstacles.so[0m
[11.463s] [ 75%] Built target obstacles
[12.694s] [ 87%] [32m[1mLinking CXX shared library libobstacle1.so[0m
[12.855s] [ 87%] Built target obstacle1
[13.402s] [100%] [32m[1mLinking CXX shared library libobstacle2.so[0m
[13.550s] [100%] Built target obstacle2
[13.558s] Invoked command in '/home/dev/ros2_ws/build/turtlebot3_gazebo' returned '0': CMAKE_PREFIX_PATH=${CMAKE_PREFIX_PATH}:/home/dev/ros2_ws/install/turtlebot3_teleop:/home/dev/ros2_ws/install/turtlebot3_example:/home/dev/ros2_ws/install/f7_udp:/opt/ros/humble /usr/bin/cmake --build /home/dev/ros2_ws/build/turtlebot3_gazebo -- -j12 -l12
[13.590s] Invoking command in '/home/dev/ros2_ws/build/turtlebot3_gazebo': CMAKE_PREFIX_PATH=${CMAKE_PREFIX_PATH}:/home/dev/ros2_ws/install/turtlebot3_teleop:/home/dev/ros2_ws/install/turtlebot3_example:/home/dev/ros2_ws/install/f7_udp:/opt/ros/humble /usr/bin/cmake --install /home/dev/ros2_ws/build/turtlebot3_gazebo
[13.596s] -- Install configuration: ""
[13.596s] -- Execute custom install script
[13.596s] -- Up-to-date symlink: /home/dev/ros2_ws/install/turtlebot3_gazebo/lib/turtlebot3_gazebo/turtlebot3_drive
[13.596s] -- Up-to-date symlink: /home/dev/ros2_ws/install/turtlebot3_gazebo/share/turtlebot3_gazebo//launch/empty_world.launch.py
[13.596s] -- Up-to-date symlink: /home/dev/ros2_ws/install/turtlebot3_gazebo/share/turtlebot3_gazebo//launch/robot_state_publisher.launch.py
[13.596s] -- Up-to-date symlink: /home/dev/ros2_ws/install/turtlebot3_gazebo/share/turtlebot3_gazebo//launch/spawn_turtlebot3.launch.py
[13.597s] -- Up-to-date symlink: /home/dev/ros2_ws/install/turtlebot3_gazebo/share/turtlebot3_gazebo//launch/turtlebot3_dqn_stage1.launch.py
[13.597s] -- Up-to-date symlink: /home/dev/ros2_ws/install/turtlebot3_gazebo/share/turtlebot3_gazebo//launch/turtlebot3_dqn_stage2.launch.py
[13.597s] -- Up-to-date symlink: /home/dev/ros2_ws/install/turtlebot3_gazebo/share/turtlebot3_gazebo//launch/turtlebot3_dqn_stage3.launch.py
[13.597s] -- Up-to-date symlink: /home/dev/ros2_ws/install/turtlebot3_gazebo/share/turtlebot3_gazebo//launch/turtlebot3_dqn_stage4.launch.py
[13.597s] -- Up-to-date symlink: /home/dev/ros2_ws/install/turtlebot3_gazebo/share/turtlebot3_gazebo//launch/turtlebot3_house.launch.py
[13.597s] -- Up-to-date symlink: /home/dev/ros2_ws/install/turtlebot3_gazebo/share/turtlebot3_gazebo//launch/turtlebot3_world.launch.py
[13.597s] -- Up-to-date symlink: /home/dev/ros2_ws/install/turtlebot3_gazebo/share/turtlebot3_gazebo//models/turtlebot3_burger/model-1_4.sdf
[13.597s] -- Up-to-date symlink: /home/dev/ros2_ws/install/turtlebot3_gazebo/share/turtlebot3_gazebo//models/turtlebot3_burger/model.config
[13.597s] -- Up-to-date symlink: /home/dev/ros2_ws/install/turtlebot3_gazebo/share/turtlebot3_gazebo//models/turtlebot3_burger/model.sdf
[13.597s] -- Up-to-date symlink: /home/dev/ros2_ws/install/turtlebot3_gazebo/share/turtlebot3_gazebo//models/turtlebot3_common/meshes/burger_base.dae
[13.597s] -- Up-to-date symlink: /home/dev/ros2_ws/install/turtlebot3_gazebo/share/turtlebot3_gazebo//models/turtlebot3_common/meshes/lds.dae
[13.597s] -- Up-to-date symlink: /home/dev/ros2_ws/install/turtlebot3_gazebo/share/turtlebot3_gazebo//models/turtlebot3_common/meshes/r200.dae
[13.597s] -- Up-to-date symlink: /home/dev/ros2_ws/install/turtlebot3_gazebo/share/turtlebot3_gazebo//models/turtlebot3_common/meshes/tire.dae
[13.597s] -- Up-to-date symlink: /home/dev/ros2_ws/install/turtlebot3_gazebo/share/turtlebot3_gazebo//models/turtlebot3_common/meshes/waffle_base.dae
[13.597s] -- Up-to-date symlink: /home/dev/ros2_ws/install/turtlebot3_gazebo/share/turtlebot3_gazebo//models/turtlebot3_common/meshes/waffle_pi_base.dae
[13.597s] -- Up-to-date symlink: /home/dev/ros2_ws/install/turtlebot3_gazebo/share/turtlebot3_gazebo//models/turtlebot3_common/model.config
[13.597s] -- Up-to-date symlink: /home/dev/ros2_ws/install/turtlebot3_gazebo/share/turtlebot3_gazebo//models/turtlebot3_dqn_world/goal_box/model.config
[13.597s] -- Up-to-date symlink: /home/dev/ros2_ws/install/turtlebot3_gazebo/share/turtlebot3_gazebo//models/turtlebot3_dqn_world/goal_box/model.sdf
[13.598s] -- Up-to-date symlink: /home/dev/ros2_ws/install/turtlebot3_gazebo/share/turtlebot3_gazebo//models/turtlebot3_dqn_world/inner_walls/model.config
[13.598s] -- Up-to-date symlink: /home/dev/ros2_ws/install/turtlebot3_gazebo/share/turtlebot3_gazebo//models/turtlebot3_dqn_world/inner_walls/model.sdf
[13.598s] -- Up-to-date symlink: /home/dev/ros2_ws/install/turtlebot3_gazebo/share/turtlebot3_gazebo//models/turtlebot3_dqn_world/model.config
[13.598s] -- Up-to-date symlink: /home/dev/ros2_ws/install/turtlebot3_gazebo/share/turtlebot3_gazebo//models/turtlebot3_dqn_world/model.sdf
[13.598s] -- Up-to-date symlink: /home/dev/ros2_ws/install/turtlebot3_gazebo/share/turtlebot3_gazebo//models/turtlebot3_dqn_world/obstacle1/model.config
[13.598s] -- Up-to-date symlink: /home/dev/ros2_ws/install/turtlebot3_gazebo/share/turtlebot3_gazebo//models/turtlebot3_dqn_world/obstacle1/model.sdf
[13.598s] -- Up-to-date symlink: /home/dev/ros2_ws/install/turtlebot3_gazebo/share/turtlebot3_gazebo//models/turtlebot3_dqn_world/obstacle2/model.config
[13.598s] -- Up-to-date symlink: /home/dev/ros2_ws/install/turtlebot3_gazebo/share/turtlebot3_gazebo//models/turtlebot3_dqn_world/obstacle2/model.sdf
[13.598s] -- Up-to-date symlink: /home/dev/ros2_ws/install/turtlebot3_gazebo/share/turtlebot3_gazebo//models/turtlebot3_dqn_world/obstacle_plugin/CMakeLists.txt
[13.598s] -- Up-to-date symlink: /home/dev/ros2_ws/install/turtlebot3_gazebo/share/turtlebot3_gazebo//models/turtlebot3_dqn_world/obstacle_plugin/obstacle1.cc
[13.598s] -- Up-to-date symlink: /home/dev/ros2_ws/install/turtlebot3_gazebo/share/turtlebot3_gazebo//models/turtlebot3_dqn_world/obstacle_plugin/obstacle2.cc
[13.598s] -- Up-to-date symlink: /home/dev/ros2_ws/install/turtlebot3_gazebo/share/turtlebot3_gazebo//models/turtlebot3_dqn_world/obstacle_plugin/obstacles.cc
[13.598s] -- Up-to-date symlink: /home/dev/ros2_ws/install/turtlebot3_gazebo/share/turtlebot3_gazebo//models/turtlebot3_dqn_world/obstacles/model.config
[13.598s] -- Up-to-date symlink: /home/dev/ros2_ws/install/turtlebot3_gazebo/share/turtlebot3_gazebo//models/turtlebot3_dqn_world/obstacles/model.sdf
[13.598s] -- Up-to-date symlink: /home/dev/ros2_ws/install/turtlebot3_gazebo/share/turtlebot3_gazebo//models/turtlebot3_house/model.config
[13.598s] -- Up-to-date symlink: /home/dev/ros2_ws/install/turtlebot3_gazebo/share/turtlebot3_gazebo//models/turtlebot3_house/model.sdf
[13.598s] -- Up-to-date symlink: /home/dev/ros2_ws/install/turtlebot3_gazebo/share/turtlebot3_gazebo//models/turtlebot3_waffle/model-1_4.sdf
[13.598s] -- Up-to-date symlink: /home/dev/ros2_ws/install/turtlebot3_gazebo/share/turtlebot3_gazebo//models/turtlebot3_waffle/model.config
[13.598s] -- Up-to-date symlink: /home/dev/ros2_ws/install/turtlebot3_gazebo/share/turtlebot3_gazebo//models/turtlebot3_waffle/model.sdf
[13.598s] -- Up-to-date symlink: /home/dev/ros2_ws/install/turtlebot3_gazebo/share/turtlebot3_gazebo//models/turtlebot3_waffle_pi/model-1_4_.sdf
[13.598s] -- Up-to-date symlink: /home/dev/ros2_ws/install/turtlebot3_gazebo/share/turtlebot3_gazebo//models/turtlebot3_waffle_pi/model.config
[13.598s] -- Up-to-date symlink: /home/dev/ros2_ws/install/turtlebot3_gazebo/share/turtlebot3_gazebo//models/turtlebot3_waffle_pi/model.sdf
[13.599s] -- Up-to-date symlink: /home/dev/ros2_ws/install/turtlebot3_gazebo/share/turtlebot3_gazebo//models/turtlebot3_world/meshes/hexagon.dae
[13.599s] -- Up-to-date symlink: /home/dev/ros2_ws/install/turtlebot3_gazebo/share/turtlebot3_gazebo//models/turtlebot3_world/meshes/wall.dae
[13.599s] -- Up-to-date symlink: /home/dev/ros2_ws/install/turtlebot3_gazebo/share/turtlebot3_gazebo//models/turtlebot3_world/model-1_4.sdf
[13.599s] -- Up-to-date symlink: /home/dev/ros2_ws/install/turtlebot3_gazebo/share/turtlebot3_gazebo//models/turtlebot3_world/model.config
[13.599s] -- Up-to-date symlink: /home/dev/ros2_ws/install/turtlebot3_gazebo/share/turtlebot3_gazebo//models/turtlebot3_world/model.sdf
[13.599s] -- Up-to-date symlink: /home/dev/ros2_ws/install/turtlebot3_gazebo/share/turtlebot3_gazebo//rviz/tb3_gazebo.rviz
[13.599s] -- Up-to-date symlink: /home/dev/ros2_ws/install/turtlebot3_gazebo/share/turtlebot3_gazebo//urdf/common_properties.urdf
[13.599s] -- Up-to-date symlink: /home/dev/ros2_ws/install/turtlebot3_gazebo/share/turtlebot3_gazebo//urdf/turtlebot3_burger.urdf
[13.599s] -- Up-to-date symlink: /home/dev/ros2_ws/install/turtlebot3_gazebo/share/turtlebot3_gazebo//urdf/turtlebot3_waffle.urdf
[13.599s] -- Up-to-date symlink: /home/dev/ros2_ws/install/turtlebot3_gazebo/share/turtlebot3_gazebo//urdf/turtlebot3_waffle_pi.urdf
[13.599s] -- Up-to-date symlink: /home/dev/ros2_ws/install/turtlebot3_gazebo/share/turtlebot3_gazebo//worlds/empty_world.world
[13.599s] -- Up-to-date symlink: /home/dev/ros2_ws/install/turtlebot3_gazebo/share/turtlebot3_gazebo//worlds/turtlebot3_dqn_stage1.world
[13.599s] -- Up-to-date symlink: /home/dev/ros2_ws/install/turtlebot3_gazebo/share/turtlebot3_gazebo//worlds/turtlebot3_dqn_stage2.world
[13.599s] -- Up-to-date symlink: /home/dev/ros2_ws/install/turtlebot3_gazebo/share/turtlebot3_gazebo//worlds/turtlebot3_dqn_stage3.world
[13.599s] -- Up-to-date symlink: /home/dev/ros2_ws/install/turtlebot3_gazebo/share/turtlebot3_gazebo//worlds/turtlebot3_dqn_stage4.world
[13.599s] -- Up-to-date symlink: /home/dev/ros2_ws/install/turtlebot3_gazebo/share/turtlebot3_gazebo//worlds/turtlebot3_house.world
[13.599s] -- Up-to-date symlink: /home/dev/ros2_ws/install/turtlebot3_gazebo/share/turtlebot3_gazebo//worlds/turtlebot3_world.world
[13.599s] -- Up-to-date symlink: /home/dev/ros2_ws/install/turtlebot3_gazebo/include//turtlebot3_gazebo/turtlebot3_drive.hpp
[13.600s] -- Up-to-date symlink: /home/dev/ros2_ws/install/turtlebot3_gazebo/share/ament_index/resource_index/package_run_dependencies/turtlebot3_gazebo
[13.600s] -- Up-to-date symlink: /home/dev/ros2_ws/install/turtlebot3_gazebo/share/ament_index/resource_index/parent_prefix_path/turtlebot3_gazebo
[13.600s] -- Up-to-date symlink: /home/dev/ros2_ws/install/turtlebot3_gazebo/share/turtlebot3_gazebo/environment/ament_prefix_path.sh
[13.600s] -- Up-to-date symlink: /home/dev/ros2_ws/install/turtlebot3_gazebo/share/turtlebot3_gazebo/environment/ament_prefix_path.dsv
[13.600s] -- Up-to-date symlink: /home/dev/ros2_ws/install/turtlebot3_gazebo/share/turtlebot3_gazebo/environment/path.sh
[13.600s] -- Up-to-date symlink: /home/dev/ros2_ws/install/turtlebot3_gazebo/share/turtlebot3_gazebo/environment/path.dsv
[13.600s] -- Up-to-date symlink: /home/dev/ros2_ws/install/turtlebot3_gazebo/share/turtlebot3_gazebo/local_setup.bash
[13.600s] -- Up-to-date symlink: /home/dev/ros2_ws/install/turtlebot3_gazebo/share/turtlebot3_gazebo/local_setup.sh
[13.600s] -- Up-to-date symlink: /home/dev/ros2_ws/install/turtlebot3_gazebo/share/turtlebot3_gazebo/local_setup.zsh
[13.600s] -- Up-to-date symlink: /home/dev/ros2_ws/install/turtlebot3_gazebo/share/turtlebot3_gazebo/local_setup.dsv
[13.600s] -- Symlinking: /home/dev/ros2_ws/install/turtlebot3_gazebo/share/turtlebot3_gazebo/package.dsv
[13.606s] -- Up-to-date symlink: /home/dev/ros2_ws/install/turtlebot3_gazebo/share/ament_index/resource_index/packages/turtlebot3_gazebo
[13.606s] -- Up-to-date symlink: /home/dev/ros2_ws/install/turtlebot3_gazebo/share/turtlebot3_gazebo/cmake/ament_cmake_export_include_directories-extras.cmake
[13.606s] -- Up-to-date symlink: /home/dev/ros2_ws/install/turtlebot3_gazebo/share/turtlebot3_gazebo/cmake/ament_cmake_export_dependencies-extras.cmake
[13.606s] -- Up-to-date symlink: /home/dev/ros2_ws/install/turtlebot3_gazebo/share/turtlebot3_gazebo/cmake/turtlebot3_gazeboConfig.cmake
[13.606s] -- Up-to-date symlink: /home/dev/ros2_ws/install/turtlebot3_gazebo/share/turtlebot3_gazebo/cmake/turtlebot3_gazeboConfig-version.cmake
[13.606s] -- Up-to-date symlink: /home/dev/ros2_ws/install/turtlebot3_gazebo/share/turtlebot3_gazebo/package.xml
[13.608s] Invoked command in '/home/dev/ros2_ws/build/turtlebot3_gazebo' returned '0': CMAKE_PREFIX_PATH=${CMAKE_PREFIX_PATH}:/home/dev/ros2_ws/install/turtlebot3_teleop:/home/dev/ros2_ws/install/turtlebot3_example:/home/dev/ros2_ws/install/f7_udp:/opt/ros/humble /usr/bin/cmake --install /home/dev/ros2_ws/build/turtlebot3_gazebo
