[1.037s] Invoking command in '/home/dev/ros2_ws/src/turtlebot3/turtlebot3_example': PYTHONPATH=/home/dev/ros2_ws/build/turtlebot3_example/prefix_override:/usr/lib/python3/dist-packages/colcon_core/task/python/colcon_distutils_commands:/home/dev/ros2_ws/install/turtlebot3_example/lib/python3.10/site-packages:${PYTHONPATH} /usr/bin/python3 -W ignore:setup.py install is deprecated setup.py egg_info --egg-base ../../../build/turtlebot3_example build --build-base /home/dev/ros2_ws/build/turtlebot3_example/build install --record /home/dev/ros2_ws/build/turtlebot3_example/install.log --single-version-externally-managed install_data
[1.249s] running egg_info
[1.249s] writing ../../../build/turtlebot3_example/turtlebot3_example.egg-info/PKG-INFO
[1.249s] writing dependency_links to ../../../build/turtlebot3_example/turtlebot3_example.egg-info/dependency_links.txt
[1.249s] writing entry points to ../../../build/turtlebot3_example/turtlebot3_example.egg-info/entry_points.txt
[1.249s] writing requirements to ../../../build/turtlebot3_example/turtlebot3_example.egg-info/requires.txt
[1.250s] writing top-level names to ../../../build/turtlebot3_example/turtlebot3_example.egg-info/top_level.txt
[1.251s] reading manifest file '../../../build/turtlebot3_example/turtlebot3_example.egg-info/SOURCES.txt'
[1.251s] writing manifest file '../../../build/turtlebot3_example/turtlebot3_example.egg-info/SOURCES.txt'
[1.251s] running build
[1.251s] running build_py
[1.252s] running install
[1.252s] running install_lib
[1.253s] running install_data
[1.254s] running install_egg_info
[1.255s] removing '/home/dev/ros2_ws/install/turtlebot3_example/lib/python3.10/site-packages/turtlebot3_example-2.1.5-py3.10.egg-info' (and everything under it)
[1.255s] Copying ../../../build/turtlebot3_example/turtlebot3_example.egg-info to /home/dev/ros2_ws/install/turtlebot3_example/lib/python3.10/site-packages/turtlebot3_example-2.1.5-py3.10.egg-info
[1.255s] running install_scripts
[1.270s] Installing turtlebot3_obstacle_detection script to /home/dev/ros2_ws/install/turtlebot3_example/lib/turtlebot3_example
[1.270s] Installing turtlebot3_patrol_client script to /home/dev/ros2_ws/install/turtlebot3_example/lib/turtlebot3_example
[1.270s] Installing turtlebot3_patrol_server script to /home/dev/ros2_ws/install/turtlebot3_example/lib/turtlebot3_example
[1.270s] Installing turtlebot3_position_control script to /home/dev/ros2_ws/install/turtlebot3_example/lib/turtlebot3_example
[1.271s] writing list of installed files to '/home/dev/ros2_ws/build/turtlebot3_example/install.log'
[1.293s] Invoked command in '/home/dev/ros2_ws/src/turtlebot3/turtlebot3_example' returned '0': PYTHONPATH=/home/dev/ros2_ws/build/turtlebot3_example/prefix_override:/usr/lib/python3/dist-packages/colcon_core/task/python/colcon_distutils_commands:/home/dev/ros2_ws/install/turtlebot3_example/lib/python3.10/site-packages:${PYTHONPATH} /usr/bin/python3 -W ignore:setup.py install is deprecated setup.py egg_info --egg-base ../../../build/turtlebot3_example build --build-base /home/dev/ros2_ws/build/turtlebot3_example/build install --record /home/dev/ros2_ws/build/turtlebot3_example/install.log --single-version-externally-managed install_data
