[0.009s] Invoking command in '/home/dev/ros2_ws/build/ldlidar_node': CMAKE_PREFIX_PATH=/home/dev/ros2_ws/install/ldlidar_component:/home/dev/ros2_ws/install/wit_node:/home/dev/ros2_ws/install/wit_msgs:/home/dev/ros2_ws/install/wit_imu_driver:/home/dev/ros2_ws/install/wit_driver:/home/dev/ros2_ws/install/turtlebot3:/home/dev/ros2_ws/install/turtlebot3_bringup:/home/dev/ros2_ws/install/turtlebot3_node:/home/dev/ros2_ws/install/turtlebot3_navigation2:/home/dev/ros2_ws/install/turtlebot3_description:/home/dev/ros2_ws/install/turtlebot3_cartographer:/home/dev/ros2_ws/install/ldlidar:/home/dev/ros2_ws/install/ldlidar_node:/home/dev/ros2_ws/install/turtlebot3_teleop:/home/dev/ros2_ws/install/turtlebot3_example:/home/dev/ros2_ws/install/f7_udp:/opt/ros/humble LD_LIBRARY_PATH=/home/dev/ros2_ws/install/ldlidar_component/lib:/home/dev/ros2_ws/install/wit_node/lib:/home/dev/ros2_ws/install/wit_msgs/lib:/home/dev/ros2_ws/install/wit_driver/lib:/usr/lib/x86_64-linux-gnu/gazebo-11/plugins:/opt/ros/humble/opt/rviz_ogre_vendor/lib:/opt/ros/humble/lib/x86_64-linux-gnu:/opt/ros/humble/lib /usr/bin/cmake /home/dev/ros2_ws/src/ldrobot-lidar-ros2/ldlidar_node -DCMAKE_INSTALL_PREFIX=/home/dev/ros2_ws/install/ldlidar_node
[0.023s] --  * Release Mode
[0.023s] -- * Found ROS2 humble
[0.023s] -- * ROS2 humble is officially supported by this package.
[0.023s] -- Found ament_cmake: 1.3.10 (/opt/ros/humble/share/ament_cmake/cmake)
[0.117s] -- Override CMake install command with custom implementation using symlinks instead of copying resources
[0.123s] -- Found rclcpp: 16.0.10 (/opt/ros/humble/share/rclcpp/cmake)
[0.147s] -- Found rosidl_generator_c: 3.1.5 (/opt/ros/humble/share/rosidl_generator_c/cmake)
[0.149s] -- Found rosidl_adapter: 3.1.5 (/opt/ros/humble/share/rosidl_adapter/cmake)
[0.152s] -- Found rosidl_generator_cpp: 3.1.5 (/opt/ros/humble/share/rosidl_generator_cpp/cmake)
[0.158s] -- Using all available rosidl_typesupport_c: rosidl_typesupport_fastrtps_c;rosidl_typesupport_introspection_c
[0.166s] -- Using all available rosidl_typesupport_cpp: rosidl_typesupport_fastrtps_cpp;rosidl_typesupport_introspection_cpp
[0.186s] -- Found rmw_implementation_cmake: 6.1.2 (/opt/ros/humble/share/rmw_implementation_cmake/cmake)
[0.186s] -- Found rmw_fastrtps_cpp: 6.2.7 (/opt/ros/humble/share/rmw_fastrtps_cpp/cmake)
[0.272s] -- Using RMW implementation 'rmw_fastrtps_cpp' as default
[0.303s] -- Found rclcpp_components: 16.0.10 (/opt/ros/humble/share/rclcpp_components/cmake)
[0.313s] -- Found rclcpp_lifecycle: 16.0.10 (/opt/ros/humble/share/rclcpp_lifecycle/cmake)
[0.322s] -- Found ldlidar_component: 0.2.0 (/home/dev/ros2_ws/install/ldlidar_component/share/ldlidar_component/cmake)
[0.422s] -- Found eigen3_cmake_module: 0.1.1 (/opt/ros/humble/share/eigen3_cmake_module/cmake)
[0.422s] -- Ensuring Eigen3 include directory is part of orocos-kdl CMake target
[0.454s] -- Found ament_lint_auto: 0.12.11 (/opt/ros/humble/share/ament_lint_auto/cmake)
[0.532s] -- Found python_cmake_module: 0.10.0 (/opt/ros/humble/share/python_cmake_module/cmake)
[0.554s] -- Using PYTHON_EXECUTABLE: /usr/bin/python3
[0.554s] -- Using PYTHON_INCLUDE_DIRS: /usr/include/python3.10
[0.555s] -- Using PYTHON_LIBRARIES: /usr/lib/x86_64-linux-gnu/libpython3.10.so
[0.559s] -- Added test 'copyright' to check source files copyright and LICENSE
[0.560s] -- Added test 'cppcheck' to perform static code analysis on C / C++ code
[0.560s] -- Configured cppcheck include dirs: 
[0.560s] -- Configured cppcheck exclude dirs and/or files: 
[0.561s] -- Added test 'cpplint' to check C / C++ code against the Google style
[0.561s] -- Configured cpplint exclude dirs and/or files: 
[0.561s] -- Added test 'flake8' to check Python code syntax and style conventions
[0.561s] -- Added test 'lint_cmake' to check CMake code style
[0.562s] -- Added test 'pep257' to check Python code against some of the docstring style conventions in PEP 257
[0.562s] -- Added test 'uncrustify' to check C / C++ code style
[0.562s] -- Configured uncrustify additional arguments: 
[0.563s] -- Added test 'xmllint' to check XML markup files
[0.563s] -- Configuring done
[0.587s] -- Generating done
[0.588s] -- Build files have been written to: /home/dev/ros2_ws/build/ldlidar_node
[0.595s] Invoked command in '/home/dev/ros2_ws/build/ldlidar_node' returned '0': CMAKE_PREFIX_PATH=/home/dev/ros2_ws/install/ldlidar_component:/home/dev/ros2_ws/install/wit_node:/home/dev/ros2_ws/install/wit_msgs:/home/dev/ros2_ws/install/wit_imu_driver:/home/dev/ros2_ws/install/wit_driver:/home/dev/ros2_ws/install/turtlebot3:/home/dev/ros2_ws/install/turtlebot3_bringup:/home/dev/ros2_ws/install/turtlebot3_node:/home/dev/ros2_ws/install/turtlebot3_navigation2:/home/dev/ros2_ws/install/turtlebot3_description:/home/dev/ros2_ws/install/turtlebot3_cartographer:/home/dev/ros2_ws/install/ldlidar:/home/dev/ros2_ws/install/ldlidar_node:/home/dev/ros2_ws/install/turtlebot3_teleop:/home/dev/ros2_ws/install/turtlebot3_example:/home/dev/ros2_ws/install/f7_udp:/opt/ros/humble LD_LIBRARY_PATH=/home/dev/ros2_ws/install/ldlidar_component/lib:/home/dev/ros2_ws/install/wit_node/lib:/home/dev/ros2_ws/install/wit_msgs/lib:/home/dev/ros2_ws/install/wit_driver/lib:/usr/lib/x86_64-linux-gnu/gazebo-11/plugins:/opt/ros/humble/opt/rviz_ogre_vendor/lib:/opt/ros/humble/lib/x86_64-linux-gnu:/opt/ros/humble/lib /usr/bin/cmake /home/dev/ros2_ws/src/ldrobot-lidar-ros2/ldlidar_node -DCMAKE_INSTALL_PREFIX=/home/dev/ros2_ws/install/ldlidar_node
[0.596s] Invoking command in '/home/dev/ros2_ws/build/ldlidar_node': CMAKE_PREFIX_PATH=/home/dev/ros2_ws/install/ldlidar_component:/home/dev/ros2_ws/install/wit_node:/home/dev/ros2_ws/install/wit_msgs:/home/dev/ros2_ws/install/wit_imu_driver:/home/dev/ros2_ws/install/wit_driver:/home/dev/ros2_ws/install/turtlebot3:/home/dev/ros2_ws/install/turtlebot3_bringup:/home/dev/ros2_ws/install/turtlebot3_node:/home/dev/ros2_ws/install/turtlebot3_navigation2:/home/dev/ros2_ws/install/turtlebot3_description:/home/dev/ros2_ws/install/turtlebot3_cartographer:/home/dev/ros2_ws/install/ldlidar:/home/dev/ros2_ws/install/ldlidar_node:/home/dev/ros2_ws/install/turtlebot3_teleop:/home/dev/ros2_ws/install/turtlebot3_example:/home/dev/ros2_ws/install/f7_udp:/opt/ros/humble LD_LIBRARY_PATH=/home/dev/ros2_ws/install/ldlidar_component/lib:/home/dev/ros2_ws/install/wit_node/lib:/home/dev/ros2_ws/install/wit_msgs/lib:/home/dev/ros2_ws/install/wit_driver/lib:/usr/lib/x86_64-linux-gnu/gazebo-11/plugins:/opt/ros/humble/opt/rviz_ogre_vendor/lib:/opt/ros/humble/lib/x86_64-linux-gnu:/opt/ros/humble/lib /usr/bin/cmake --build /home/dev/ros2_ws/build/ldlidar_node -- -j12 -l12
[0.639s] [35m[1mConsolidate compiler generated dependencies of target ldlidar_node[0m
[0.656s] [100%] Built target ldlidar_node
[0.667s] Invoked command in '/home/dev/ros2_ws/build/ldlidar_node' returned '0': CMAKE_PREFIX_PATH=/home/dev/ros2_ws/install/ldlidar_component:/home/dev/ros2_ws/install/wit_node:/home/dev/ros2_ws/install/wit_msgs:/home/dev/ros2_ws/install/wit_imu_driver:/home/dev/ros2_ws/install/wit_driver:/home/dev/ros2_ws/install/turtlebot3:/home/dev/ros2_ws/install/turtlebot3_bringup:/home/dev/ros2_ws/install/turtlebot3_node:/home/dev/ros2_ws/install/turtlebot3_navigation2:/home/dev/ros2_ws/install/turtlebot3_description:/home/dev/ros2_ws/install/turtlebot3_cartographer:/home/dev/ros2_ws/install/ldlidar:/home/dev/ros2_ws/install/ldlidar_node:/home/dev/ros2_ws/install/turtlebot3_teleop:/home/dev/ros2_ws/install/turtlebot3_example:/home/dev/ros2_ws/install/f7_udp:/opt/ros/humble LD_LIBRARY_PATH=/home/dev/ros2_ws/install/ldlidar_component/lib:/home/dev/ros2_ws/install/wit_node/lib:/home/dev/ros2_ws/install/wit_msgs/lib:/home/dev/ros2_ws/install/wit_driver/lib:/usr/lib/x86_64-linux-gnu/gazebo-11/plugins:/opt/ros/humble/opt/rviz_ogre_vendor/lib:/opt/ros/humble/lib/x86_64-linux-gnu:/opt/ros/humble/lib /usr/bin/cmake --build /home/dev/ros2_ws/build/ldlidar_node -- -j12 -l12
[0.693s] Invoking command in '/home/dev/ros2_ws/build/ldlidar_node': CMAKE_PREFIX_PATH=/home/dev/ros2_ws/install/ldlidar_component:/home/dev/ros2_ws/install/wit_node:/home/dev/ros2_ws/install/wit_msgs:/home/dev/ros2_ws/install/wit_imu_driver:/home/dev/ros2_ws/install/wit_driver:/home/dev/ros2_ws/install/turtlebot3:/home/dev/ros2_ws/install/turtlebot3_bringup:/home/dev/ros2_ws/install/turtlebot3_node:/home/dev/ros2_ws/install/turtlebot3_navigation2:/home/dev/ros2_ws/install/turtlebot3_description:/home/dev/ros2_ws/install/turtlebot3_cartographer:/home/dev/ros2_ws/install/ldlidar:/home/dev/ros2_ws/install/ldlidar_node:/home/dev/ros2_ws/install/turtlebot3_teleop:/home/dev/ros2_ws/install/turtlebot3_example:/home/dev/ros2_ws/install/f7_udp:/opt/ros/humble LD_LIBRARY_PATH=/home/dev/ros2_ws/install/ldlidar_component/lib:/home/dev/ros2_ws/install/wit_node/lib:/home/dev/ros2_ws/install/wit_msgs/lib:/home/dev/ros2_ws/install/wit_driver/lib:/usr/lib/x86_64-linux-gnu/gazebo-11/plugins:/opt/ros/humble/opt/rviz_ogre_vendor/lib:/opt/ros/humble/lib/x86_64-linux-gnu:/opt/ros/humble/lib /usr/bin/cmake --install /home/dev/ros2_ws/build/ldlidar_node
[0.699s] -- Install configuration: "Release"
[0.699s] -- Execute custom install script
[0.699s] -- Up-to-date symlink: /home/dev/ros2_ws/install/ldlidar_node/lib/ldlidar_node/ldlidar_node
[0.700s] -- Up-to-date symlink: /home/dev/ros2_ws/install/ldlidar_node/share/ldlidar_node/params/ldlidar.yaml
[0.700s] -- Up-to-date symlink: /home/dev/ros2_ws/install/ldlidar_node/share/ldlidar_node/params/lifecycle_mgr.yaml
[0.700s] -- Up-to-date symlink: /home/dev/ros2_ws/install/ldlidar_node/share/ldlidar_node/params/lifecycle_mgr_slam.yaml
[0.700s] -- Up-to-date symlink: /home/dev/ros2_ws/install/ldlidar_node/share/ldlidar_node/params/slam_toolbox.yaml
[0.700s] -- Up-to-date symlink: /home/dev/ros2_ws/install/ldlidar_node/share/ldlidar_node/config/ldlidar.rviz
[0.700s] -- Up-to-date symlink: /home/dev/ros2_ws/install/ldlidar_node/share/ldlidar_node/config/ldlidar_slam.rviz
[0.700s] -- Up-to-date symlink: /home/dev/ros2_ws/install/ldlidar_node/share/ldlidar_node/urdf/ldlidar_descr.urdf.xml
[0.700s] -- Up-to-date symlink: /home/dev/ros2_ws/install/ldlidar_node/share/ldlidar_node/urdf/model/LD19.stl
[0.700s] -- Up-to-date symlink: /home/dev/ros2_ws/install/ldlidar_node/share/ldlidar_node/launch/ldlidar.launch.py
[0.700s] -- Up-to-date symlink: /home/dev/ros2_ws/install/ldlidar_node/share/ldlidar_node/launch/ldlidar_rviz2.launch.py
[0.701s] -- Up-to-date symlink: /home/dev/ros2_ws/install/ldlidar_node/share/ldlidar_node/launch/ldlidar_slam.launch.py
[0.701s] -- Up-to-date symlink: /home/dev/ros2_ws/install/ldlidar_node/share/ldlidar_node/launch/ldlidar_with_mgr.launch.py
[0.701s] -- Up-to-date symlink: /home/dev/ros2_ws/install/ldlidar_node/share/ament_index/resource_index/package_run_dependencies/ldlidar_node
[0.701s] -- Up-to-date symlink: /home/dev/ros2_ws/install/ldlidar_node/share/ament_index/resource_index/parent_prefix_path/ldlidar_node
[0.701s] -- Up-to-date symlink: /home/dev/ros2_ws/install/ldlidar_node/share/ldlidar_node/environment/ament_prefix_path.sh
[0.701s] -- Up-to-date symlink: /home/dev/ros2_ws/install/ldlidar_node/share/ldlidar_node/environment/ament_prefix_path.dsv
[0.701s] -- Up-to-date symlink: /home/dev/ros2_ws/install/ldlidar_node/share/ldlidar_node/environment/path.sh
[0.701s] -- Up-to-date symlink: /home/dev/ros2_ws/install/ldlidar_node/share/ldlidar_node/environment/path.dsv
[0.701s] -- Up-to-date symlink: /home/dev/ros2_ws/install/ldlidar_node/share/ldlidar_node/local_setup.bash
[0.701s] -- Up-to-date symlink: /home/dev/ros2_ws/install/ldlidar_node/share/ldlidar_node/local_setup.sh
[0.701s] -- Up-to-date symlink: /home/dev/ros2_ws/install/ldlidar_node/share/ldlidar_node/local_setup.zsh
[0.701s] -- Up-to-date symlink: /home/dev/ros2_ws/install/ldlidar_node/share/ldlidar_node/local_setup.dsv
[0.702s] -- Symlinking: /home/dev/ros2_ws/install/ldlidar_node/share/ldlidar_node/package.dsv
[0.707s] -- Up-to-date symlink: /home/dev/ros2_ws/install/ldlidar_node/share/ament_index/resource_index/packages/ldlidar_node
[0.707s] -- Up-to-date symlink: /home/dev/ros2_ws/install/ldlidar_node/share/ldlidar_node/cmake/ldlidar_nodeConfig.cmake
[0.707s] -- Up-to-date symlink: /home/dev/ros2_ws/install/ldlidar_node/share/ldlidar_node/cmake/ldlidar_nodeConfig-version.cmake
[0.707s] -- Up-to-date symlink: /home/dev/ros2_ws/install/ldlidar_node/share/ldlidar_node/package.xml
[0.709s] Invoked command in '/home/dev/ros2_ws/build/ldlidar_node' returned '0': CMAKE_PREFIX_PATH=/home/dev/ros2_ws/install/ldlidar_component:/home/dev/ros2_ws/install/wit_node:/home/dev/ros2_ws/install/wit_msgs:/home/dev/ros2_ws/install/wit_imu_driver:/home/dev/ros2_ws/install/wit_driver:/home/dev/ros2_ws/install/turtlebot3:/home/dev/ros2_ws/install/turtlebot3_bringup:/home/dev/ros2_ws/install/turtlebot3_node:/home/dev/ros2_ws/install/turtlebot3_navigation2:/home/dev/ros2_ws/install/turtlebot3_description:/home/dev/ros2_ws/install/turtlebot3_cartographer:/home/dev/ros2_ws/install/ldlidar:/home/dev/ros2_ws/install/ldlidar_node:/home/dev/ros2_ws/install/turtlebot3_teleop:/home/dev/ros2_ws/install/turtlebot3_example:/home/dev/ros2_ws/install/f7_udp:/opt/ros/humble LD_LIBRARY_PATH=/home/dev/ros2_ws/install/ldlidar_component/lib:/home/dev/ros2_ws/install/wit_node/lib:/home/dev/ros2_ws/install/wit_msgs/lib:/home/dev/ros2_ws/install/wit_driver/lib:/usr/lib/x86_64-linux-gnu/gazebo-11/plugins:/opt/ros/humble/opt/rviz_ogre_vendor/lib:/opt/ros/humble/lib/x86_64-linux-gnu:/opt/ros/humble/lib /usr/bin/cmake --install /home/dev/ros2_ws/build/ldlidar_node
